[2022-04-04 01:14:49,112] {taskinstance.py:876} INFO - Dependencies all met for <TaskInstance: parallel_dag.task_1 2022-04-04T01:14:48.285608+00:00 [queued]>
[2022-04-04 01:14:49,124] {taskinstance.py:876} INFO - Dependencies all met for <TaskInstance: parallel_dag.task_1 2022-04-04T01:14:48.285608+00:00 [queued]>
[2022-04-04 01:14:49,125] {taskinstance.py:1067} INFO - 
--------------------------------------------------------------------------------
[2022-04-04 01:14:49,125] {taskinstance.py:1068} INFO - Starting attempt 1 of 1
[2022-04-04 01:14:49,125] {taskinstance.py:1069} INFO - 
--------------------------------------------------------------------------------
[2022-04-04 01:14:49,148] {taskinstance.py:1087} INFO - Executing <Task(BashOperator): task_1> on 2022-04-04T01:14:48.285608+00:00
[2022-04-04 01:14:49,149] {standard_task_runner.py:52} INFO - Started process 17320 to run task
[2022-04-04 01:14:49,157] {standard_task_runner.py:76} INFO - Running: ['airflow', 'tasks', 'run', 'parallel_dag', 'task_1', '2022-04-04T01:14:48.285608+00:00', '--job-id', '106', '--pool', 'default_pool', '--raw', '--subdir', 'DAGS_FOLDER/parallel_dag.py', '--cfg-path', '/tmp/tmpzqr3ll1p', '--error-file', '/tmp/tmpy63okkq5']
[2022-04-04 01:14:49,157] {standard_task_runner.py:77} INFO - Job 106: Subtask task_1
[2022-04-04 01:14:49,226] {logging_mixin.py:104} INFO - Running <TaskInstance: parallel_dag.task_1 2022-04-04T01:14:48.285608+00:00 [running]> on host airflowvm
[2022-04-04 01:14:49,309] {taskinstance.py:1280} INFO - Exporting the following env vars:
AIRFLOW_CTX_DAG_OWNER=airflow
AIRFLOW_CTX_DAG_ID=parallel_dag
AIRFLOW_CTX_TASK_ID=task_1
AIRFLOW_CTX_EXECUTION_DATE=2022-04-04T01:14:48.285608+00:00
AIRFLOW_CTX_DAG_RUN_ID=manual__2022-04-04T01:14:48.285608+00:00
[2022-04-04 01:14:49,310] {subprocess.py:52} INFO - Tmp dir root location: 
 /tmp
[2022-04-04 01:14:49,310] {subprocess.py:63} INFO - Running command: ['bash', '-c', 'sleep 3']
[2022-04-04 01:14:49,316] {subprocess.py:75} INFO - Output:
[2022-04-04 01:14:52,320] {subprocess.py:83} INFO - Command exited with return code 0
[2022-04-04 01:14:52,381] {taskinstance.py:1184} INFO - Marking task as SUCCESS. dag_id=parallel_dag, task_id=task_1, execution_date=20220404T011448, start_date=20220404T011449, end_date=20220404T011452
[2022-04-04 01:14:52,426] {taskinstance.py:1245} INFO - 2 downstream tasks scheduled from follow-on schedule check
[2022-04-04 01:14:52,459] {local_task_job.py:151} INFO - Task exited with return code 0
