[2022-04-01 23:28:35,605] {scheduler_job.py:182} INFO - Started process (PID=4436) to work on /home/airflow/sandbox/lib/python3.8/site-packages/airflow/example_dags/example_branch_labels.py
[2022-04-01 23:28:35,606] {scheduler_job.py:633} INFO - Processing file /home/airflow/sandbox/lib/python3.8/site-packages/airflow/example_dags/example_branch_labels.py for tasks to queue
[2022-04-01 23:28:35,606] {logging_mixin.py:104} INFO - [2022-04-01 23:28:35,606] {dagbag.py:487} INFO - Filling up the DagBag from /home/airflow/sandbox/lib/python3.8/site-packages/airflow/example_dags/example_branch_labels.py
[2022-04-01 23:28:35,614] {scheduler_job.py:643} INFO - DAG(s) dict_keys(['example_branch_labels']) retrieved from /home/airflow/sandbox/lib/python3.8/site-packages/airflow/example_dags/example_branch_labels.py
[2022-04-01 23:28:35,624] {logging_mixin.py:104} INFO - [2022-04-01 23:28:35,624] {dag.py:1832} INFO - Sync 1 DAGs
[2022-04-01 23:28:35,633] {logging_mixin.py:104} INFO - [2022-04-01 23:28:35,633] {dag.py:2305} INFO - Setting next_dagrun for example_branch_labels to 2022-03-30 00:00:00+00:00
[2022-04-01 23:28:35,717] {scheduler_job.py:190} INFO - Processing /home/airflow/sandbox/lib/python3.8/site-packages/airflow/example_dags/example_branch_labels.py took 0.114 seconds
[2022-04-01 23:29:08,276] {scheduler_job.py:182} INFO - Started process (PID=4581) to work on /home/airflow/sandbox/lib/python3.8/site-packages/airflow/example_dags/example_branch_labels.py
[2022-04-01 23:29:08,277] {scheduler_job.py:633} INFO - Processing file /home/airflow/sandbox/lib/python3.8/site-packages/airflow/example_dags/example_branch_labels.py for tasks to queue
[2022-04-01 23:29:08,277] {logging_mixin.py:104} INFO - [2022-04-01 23:29:08,277] {dagbag.py:487} INFO - Filling up the DagBag from /home/airflow/sandbox/lib/python3.8/site-packages/airflow/example_dags/example_branch_labels.py
[2022-04-01 23:29:08,284] {scheduler_job.py:643} INFO - DAG(s) dict_keys(['example_branch_labels']) retrieved from /home/airflow/sandbox/lib/python3.8/site-packages/airflow/example_dags/example_branch_labels.py
[2022-04-01 23:29:08,292] {logging_mixin.py:104} INFO - [2022-04-01 23:29:08,292] {dag.py:1832} INFO - Sync 1 DAGs
[2022-04-01 23:29:08,302] {logging_mixin.py:104} INFO - [2022-04-01 23:29:08,302] {dag.py:2305} INFO - Setting next_dagrun for example_branch_labels to 2022-03-30 00:00:00+00:00
[2022-04-01 23:29:08,329] {scheduler_job.py:190} INFO - Processing /home/airflow/sandbox/lib/python3.8/site-packages/airflow/example_dags/example_branch_labels.py took 0.056 seconds
[2022-04-01 23:29:40,735] {scheduler_job.py:182} INFO - Started process (PID=4691) to work on /home/airflow/sandbox/lib/python3.8/site-packages/airflow/example_dags/example_branch_labels.py
[2022-04-01 23:29:40,736] {scheduler_job.py:633} INFO - Processing file /home/airflow/sandbox/lib/python3.8/site-packages/airflow/example_dags/example_branch_labels.py for tasks to queue
[2022-04-01 23:29:40,737] {logging_mixin.py:104} INFO - [2022-04-01 23:29:40,737] {dagbag.py:487} INFO - Filling up the DagBag from /home/airflow/sandbox/lib/python3.8/site-packages/airflow/example_dags/example_branch_labels.py
[2022-04-01 23:29:40,743] {scheduler_job.py:643} INFO - DAG(s) dict_keys(['example_branch_labels']) retrieved from /home/airflow/sandbox/lib/python3.8/site-packages/airflow/example_dags/example_branch_labels.py
[2022-04-01 23:29:40,753] {logging_mixin.py:104} INFO - [2022-04-01 23:29:40,753] {dag.py:1832} INFO - Sync 1 DAGs
[2022-04-01 23:29:40,761] {logging_mixin.py:104} INFO - [2022-04-01 23:29:40,761] {dag.py:2305} INFO - Setting next_dagrun for example_branch_labels to 2022-03-30 00:00:00+00:00
[2022-04-01 23:29:40,848] {scheduler_job.py:190} INFO - Processing /home/airflow/sandbox/lib/python3.8/site-packages/airflow/example_dags/example_branch_labels.py took 0.121 seconds
[2022-04-01 23:30:13,486] {scheduler_job.py:182} INFO - Started process (PID=4824) to work on /home/airflow/sandbox/lib/python3.8/site-packages/airflow/example_dags/example_branch_labels.py
[2022-04-01 23:30:13,487] {scheduler_job.py:633} INFO - Processing file /home/airflow/sandbox/lib/python3.8/site-packages/airflow/example_dags/example_branch_labels.py for tasks to queue
[2022-04-01 23:30:13,488] {logging_mixin.py:104} INFO - [2022-04-01 23:30:13,488] {dagbag.py:487} INFO - Filling up the DagBag from /home/airflow/sandbox/lib/python3.8/site-packages/airflow/example_dags/example_branch_labels.py
[2022-04-01 23:30:13,496] {scheduler_job.py:643} INFO - DAG(s) dict_keys(['example_branch_labels']) retrieved from /home/airflow/sandbox/lib/python3.8/site-packages/airflow/example_dags/example_branch_labels.py
[2022-04-01 23:30:13,509] {logging_mixin.py:104} INFO - [2022-04-01 23:30:13,509] {dag.py:1832} INFO - Sync 1 DAGs
[2022-04-01 23:30:13,518] {logging_mixin.py:104} INFO - [2022-04-01 23:30:13,518] {dag.py:2305} INFO - Setting next_dagrun for example_branch_labels to 2022-03-30 00:00:00+00:00
[2022-04-01 23:30:13,560] {scheduler_job.py:190} INFO - Processing /home/airflow/sandbox/lib/python3.8/site-packages/airflow/example_dags/example_branch_labels.py took 0.076 seconds
[2022-04-01 23:30:46,626] {scheduler_job.py:182} INFO - Started process (PID=4879) to work on /home/airflow/sandbox/lib/python3.8/site-packages/airflow/example_dags/example_branch_labels.py
[2022-04-01 23:30:46,626] {scheduler_job.py:633} INFO - Processing file /home/airflow/sandbox/lib/python3.8/site-packages/airflow/example_dags/example_branch_labels.py for tasks to queue
[2022-04-01 23:30:46,627] {logging_mixin.py:104} INFO - [2022-04-01 23:30:46,627] {dagbag.py:487} INFO - Filling up the DagBag from /home/airflow/sandbox/lib/python3.8/site-packages/airflow/example_dags/example_branch_labels.py
[2022-04-01 23:30:46,634] {scheduler_job.py:643} INFO - DAG(s) dict_keys(['example_branch_labels']) retrieved from /home/airflow/sandbox/lib/python3.8/site-packages/airflow/example_dags/example_branch_labels.py
[2022-04-01 23:30:46,644] {logging_mixin.py:104} INFO - [2022-04-01 23:30:46,644] {dag.py:1832} INFO - Sync 1 DAGs
[2022-04-01 23:30:46,656] {logging_mixin.py:104} INFO - [2022-04-01 23:30:46,655] {dag.py:2305} INFO - Setting next_dagrun for example_branch_labels to 2022-03-30 00:00:00+00:00
[2022-04-01 23:30:46,682] {scheduler_job.py:190} INFO - Processing /home/airflow/sandbox/lib/python3.8/site-packages/airflow/example_dags/example_branch_labels.py took 0.059 seconds
[2022-04-01 23:56:49,915] {scheduler_job.py:182} INFO - Started process (PID=6831) to work on /home/airflow/sandbox/lib/python3.8/site-packages/airflow/example_dags/example_branch_labels.py
[2022-04-01 23:56:49,916] {scheduler_job.py:633} INFO - Processing file /home/airflow/sandbox/lib/python3.8/site-packages/airflow/example_dags/example_branch_labels.py for tasks to queue
[2022-04-01 23:56:49,916] {logging_mixin.py:104} INFO - [2022-04-01 23:56:49,916] {dagbag.py:487} INFO - Filling up the DagBag from /home/airflow/sandbox/lib/python3.8/site-packages/airflow/example_dags/example_branch_labels.py
[2022-04-01 23:56:49,923] {scheduler_job.py:643} INFO - DAG(s) dict_keys(['example_branch_labels']) retrieved from /home/airflow/sandbox/lib/python3.8/site-packages/airflow/example_dags/example_branch_labels.py
[2022-04-01 23:56:49,933] {logging_mixin.py:104} INFO - [2022-04-01 23:56:49,933] {dag.py:1832} INFO - Sync 1 DAGs
[2022-04-01 23:56:49,941] {logging_mixin.py:104} INFO - [2022-04-01 23:56:49,941] {dag.py:2305} INFO - Setting next_dagrun for example_branch_labels to 2022-03-30 00:00:00+00:00
[2022-04-01 23:56:49,968] {scheduler_job.py:190} INFO - Processing /home/airflow/sandbox/lib/python3.8/site-packages/airflow/example_dags/example_branch_labels.py took 0.055 seconds
[2022-04-01 23:57:23,942] {scheduler_job.py:182} INFO - Started process (PID=6863) to work on /home/airflow/sandbox/lib/python3.8/site-packages/airflow/example_dags/example_branch_labels.py
[2022-04-01 23:57:23,943] {scheduler_job.py:633} INFO - Processing file /home/airflow/sandbox/lib/python3.8/site-packages/airflow/example_dags/example_branch_labels.py for tasks to queue
[2022-04-01 23:57:23,943] {logging_mixin.py:104} INFO - [2022-04-01 23:57:23,943] {dagbag.py:487} INFO - Filling up the DagBag from /home/airflow/sandbox/lib/python3.8/site-packages/airflow/example_dags/example_branch_labels.py
[2022-04-01 23:57:23,966] {scheduler_job.py:643} INFO - DAG(s) dict_keys(['example_branch_labels']) retrieved from /home/airflow/sandbox/lib/python3.8/site-packages/airflow/example_dags/example_branch_labels.py
[2022-04-01 23:57:23,976] {logging_mixin.py:104} INFO - [2022-04-01 23:57:23,975] {dag.py:1832} INFO - Sync 1 DAGs
[2022-04-01 23:57:23,987] {logging_mixin.py:104} INFO - [2022-04-01 23:57:23,987] {dag.py:2305} INFO - Setting next_dagrun for example_branch_labels to 2022-03-30 00:00:00+00:00
[2022-04-01 23:57:24,045] {scheduler_job.py:190} INFO - Processing /home/airflow/sandbox/lib/python3.8/site-packages/airflow/example_dags/example_branch_labels.py took 0.105 seconds
[2022-04-01 23:57:57,901] {scheduler_job.py:182} INFO - Started process (PID=6895) to work on /home/airflow/sandbox/lib/python3.8/site-packages/airflow/example_dags/example_branch_labels.py
[2022-04-01 23:57:57,902] {scheduler_job.py:633} INFO - Processing file /home/airflow/sandbox/lib/python3.8/site-packages/airflow/example_dags/example_branch_labels.py for tasks to queue
[2022-04-01 23:57:57,902] {logging_mixin.py:104} INFO - [2022-04-01 23:57:57,902] {dagbag.py:487} INFO - Filling up the DagBag from /home/airflow/sandbox/lib/python3.8/site-packages/airflow/example_dags/example_branch_labels.py
[2022-04-01 23:57:57,909] {scheduler_job.py:643} INFO - DAG(s) dict_keys(['example_branch_labels']) retrieved from /home/airflow/sandbox/lib/python3.8/site-packages/airflow/example_dags/example_branch_labels.py
[2022-04-01 23:57:57,919] {logging_mixin.py:104} INFO - [2022-04-01 23:57:57,919] {dag.py:1832} INFO - Sync 1 DAGs
[2022-04-01 23:57:57,927] {logging_mixin.py:104} INFO - [2022-04-01 23:57:57,927] {dag.py:2305} INFO - Setting next_dagrun for example_branch_labels to 2022-03-30 00:00:00+00:00
[2022-04-01 23:57:58,000] {scheduler_job.py:190} INFO - Processing /home/airflow/sandbox/lib/python3.8/site-packages/airflow/example_dags/example_branch_labels.py took 0.101 seconds
[2022-04-01 23:58:31,835] {scheduler_job.py:182} INFO - Started process (PID=6928) to work on /home/airflow/sandbox/lib/python3.8/site-packages/airflow/example_dags/example_branch_labels.py
[2022-04-01 23:58:31,838] {scheduler_job.py:633} INFO - Processing file /home/airflow/sandbox/lib/python3.8/site-packages/airflow/example_dags/example_branch_labels.py for tasks to queue
[2022-04-01 23:58:31,838] {logging_mixin.py:104} INFO - [2022-04-01 23:58:31,838] {dagbag.py:487} INFO - Filling up the DagBag from /home/airflow/sandbox/lib/python3.8/site-packages/airflow/example_dags/example_branch_labels.py
[2022-04-01 23:58:31,845] {scheduler_job.py:643} INFO - DAG(s) dict_keys(['example_branch_labels']) retrieved from /home/airflow/sandbox/lib/python3.8/site-packages/airflow/example_dags/example_branch_labels.py
[2022-04-01 23:58:31,858] {logging_mixin.py:104} INFO - [2022-04-01 23:58:31,858] {dag.py:1832} INFO - Sync 1 DAGs
[2022-04-01 23:58:31,870] {logging_mixin.py:104} INFO - [2022-04-01 23:58:31,870] {dag.py:2305} INFO - Setting next_dagrun for example_branch_labels to 2022-03-30 00:00:00+00:00
[2022-04-01 23:58:31,922] {scheduler_job.py:190} INFO - Processing /home/airflow/sandbox/lib/python3.8/site-packages/airflow/example_dags/example_branch_labels.py took 0.090 seconds
[2022-04-01 23:59:03,983] {scheduler_job.py:182} INFO - Started process (PID=7001) to work on /home/airflow/sandbox/lib/python3.8/site-packages/airflow/example_dags/example_branch_labels.py
[2022-04-01 23:59:03,984] {scheduler_job.py:633} INFO - Processing file /home/airflow/sandbox/lib/python3.8/site-packages/airflow/example_dags/example_branch_labels.py for tasks to queue
[2022-04-01 23:59:03,984] {logging_mixin.py:104} INFO - [2022-04-01 23:59:03,984] {dagbag.py:487} INFO - Filling up the DagBag from /home/airflow/sandbox/lib/python3.8/site-packages/airflow/example_dags/example_branch_labels.py
[2022-04-01 23:59:03,993] {scheduler_job.py:643} INFO - DAG(s) dict_keys(['example_branch_labels']) retrieved from /home/airflow/sandbox/lib/python3.8/site-packages/airflow/example_dags/example_branch_labels.py
[2022-04-01 23:59:04,005] {logging_mixin.py:104} INFO - [2022-04-01 23:59:04,005] {dag.py:1832} INFO - Sync 1 DAGs
[2022-04-01 23:59:04,015] {logging_mixin.py:104} INFO - [2022-04-01 23:59:04,015] {dag.py:2305} INFO - Setting next_dagrun for example_branch_labels to 2022-03-30 00:00:00+00:00
[2022-04-01 23:59:04,084] {scheduler_job.py:190} INFO - Processing /home/airflow/sandbox/lib/python3.8/site-packages/airflow/example_dags/example_branch_labels.py took 0.103 seconds
[2022-04-01 23:59:38,301] {scheduler_job.py:182} INFO - Started process (PID=7099) to work on /home/airflow/sandbox/lib/python3.8/site-packages/airflow/example_dags/example_branch_labels.py
[2022-04-01 23:59:38,302] {scheduler_job.py:633} INFO - Processing file /home/airflow/sandbox/lib/python3.8/site-packages/airflow/example_dags/example_branch_labels.py for tasks to queue
[2022-04-01 23:59:38,302] {logging_mixin.py:104} INFO - [2022-04-01 23:59:38,302] {dagbag.py:487} INFO - Filling up the DagBag from /home/airflow/sandbox/lib/python3.8/site-packages/airflow/example_dags/example_branch_labels.py
[2022-04-01 23:59:38,311] {scheduler_job.py:643} INFO - DAG(s) dict_keys(['example_branch_labels']) retrieved from /home/airflow/sandbox/lib/python3.8/site-packages/airflow/example_dags/example_branch_labels.py
[2022-04-01 23:59:38,382] {logging_mixin.py:104} INFO - [2022-04-01 23:59:38,381] {dag.py:1832} INFO - Sync 1 DAGs
[2022-04-01 23:59:38,426] {logging_mixin.py:104} INFO - [2022-04-01 23:59:38,426] {dag.py:2305} INFO - Setting next_dagrun for example_branch_labels to 2022-03-30 00:00:00+00:00
[2022-04-01 23:59:38,671] {scheduler_job.py:190} INFO - Processing /home/airflow/sandbox/lib/python3.8/site-packages/airflow/example_dags/example_branch_labels.py took 0.372 seconds
