[2022-04-01 23:28:39,119] {scheduler_job.py:182} INFO - Started process (PID=4451) to work on /home/airflow/sandbox/lib/python3.8/site-packages/airflow/example_dags/example_trigger_controller_dag.py
[2022-04-01 23:28:39,120] {scheduler_job.py:633} INFO - Processing file /home/airflow/sandbox/lib/python3.8/site-packages/airflow/example_dags/example_trigger_controller_dag.py for tasks to queue
[2022-04-01 23:28:39,120] {logging_mixin.py:104} INFO - [2022-04-01 23:28:39,120] {dagbag.py:487} INFO - Filling up the DagBag from /home/airflow/sandbox/lib/python3.8/site-packages/airflow/example_dags/example_trigger_controller_dag.py
[2022-04-01 23:28:39,130] {scheduler_job.py:643} INFO - DAG(s) dict_keys(['example_trigger_controller_dag']) retrieved from /home/airflow/sandbox/lib/python3.8/site-packages/airflow/example_dags/example_trigger_controller_dag.py
[2022-04-01 23:28:39,144] {logging_mixin.py:104} INFO - [2022-04-01 23:28:39,144] {dag.py:1832} INFO - Sync 1 DAGs
[2022-04-01 23:28:39,152] {logging_mixin.py:104} INFO - [2022-04-01 23:28:39,152] {dag.py:2305} INFO - Setting next_dagrun for example_trigger_controller_dag to 2022-03-30 00:00:00+00:00
[2022-04-01 23:28:39,219] {scheduler_job.py:190} INFO - Processing /home/airflow/sandbox/lib/python3.8/site-packages/airflow/example_dags/example_trigger_controller_dag.py took 0.102 seconds
[2022-04-01 23:29:11,758] {scheduler_job.py:182} INFO - Started process (PID=4618) to work on /home/airflow/sandbox/lib/python3.8/site-packages/airflow/example_dags/example_trigger_controller_dag.py
[2022-04-01 23:29:11,760] {scheduler_job.py:633} INFO - Processing file /home/airflow/sandbox/lib/python3.8/site-packages/airflow/example_dags/example_trigger_controller_dag.py for tasks to queue
[2022-04-01 23:29:11,760] {logging_mixin.py:104} INFO - [2022-04-01 23:29:11,760] {dagbag.py:487} INFO - Filling up the DagBag from /home/airflow/sandbox/lib/python3.8/site-packages/airflow/example_dags/example_trigger_controller_dag.py
[2022-04-01 23:29:11,766] {scheduler_job.py:643} INFO - DAG(s) dict_keys(['example_trigger_controller_dag']) retrieved from /home/airflow/sandbox/lib/python3.8/site-packages/airflow/example_dags/example_trigger_controller_dag.py
[2022-04-01 23:29:11,775] {logging_mixin.py:104} INFO - [2022-04-01 23:29:11,775] {dag.py:1832} INFO - Sync 1 DAGs
[2022-04-01 23:29:11,783] {logging_mixin.py:104} INFO - [2022-04-01 23:29:11,782] {dag.py:2305} INFO - Setting next_dagrun for example_trigger_controller_dag to 2022-03-30 00:00:00+00:00
[2022-04-01 23:29:11,888] {scheduler_job.py:190} INFO - Processing /home/airflow/sandbox/lib/python3.8/site-packages/airflow/example_dags/example_trigger_controller_dag.py took 0.132 seconds
[2022-04-01 23:29:43,594] {scheduler_job.py:182} INFO - Started process (PID=4704) to work on /home/airflow/sandbox/lib/python3.8/site-packages/airflow/example_dags/example_trigger_controller_dag.py
[2022-04-01 23:29:43,596] {scheduler_job.py:633} INFO - Processing file /home/airflow/sandbox/lib/python3.8/site-packages/airflow/example_dags/example_trigger_controller_dag.py for tasks to queue
[2022-04-01 23:29:43,596] {logging_mixin.py:104} INFO - [2022-04-01 23:29:43,596] {dagbag.py:487} INFO - Filling up the DagBag from /home/airflow/sandbox/lib/python3.8/site-packages/airflow/example_dags/example_trigger_controller_dag.py
[2022-04-01 23:29:43,602] {scheduler_job.py:643} INFO - DAG(s) dict_keys(['example_trigger_controller_dag']) retrieved from /home/airflow/sandbox/lib/python3.8/site-packages/airflow/example_dags/example_trigger_controller_dag.py
[2022-04-01 23:29:43,611] {logging_mixin.py:104} INFO - [2022-04-01 23:29:43,610] {dag.py:1832} INFO - Sync 1 DAGs
[2022-04-01 23:29:43,617] {logging_mixin.py:104} INFO - [2022-04-01 23:29:43,617] {dag.py:2305} INFO - Setting next_dagrun for example_trigger_controller_dag to 2022-03-30 00:00:00+00:00
[2022-04-01 23:29:43,680] {scheduler_job.py:190} INFO - Processing /home/airflow/sandbox/lib/python3.8/site-packages/airflow/example_dags/example_trigger_controller_dag.py took 0.088 seconds
[2022-04-01 23:30:16,382] {scheduler_job.py:182} INFO - Started process (PID=4836) to work on /home/airflow/sandbox/lib/python3.8/site-packages/airflow/example_dags/example_trigger_controller_dag.py
[2022-04-01 23:30:16,384] {scheduler_job.py:633} INFO - Processing file /home/airflow/sandbox/lib/python3.8/site-packages/airflow/example_dags/example_trigger_controller_dag.py for tasks to queue
[2022-04-01 23:30:16,384] {logging_mixin.py:104} INFO - [2022-04-01 23:30:16,384] {dagbag.py:487} INFO - Filling up the DagBag from /home/airflow/sandbox/lib/python3.8/site-packages/airflow/example_dags/example_trigger_controller_dag.py
[2022-04-01 23:30:16,393] {scheduler_job.py:643} INFO - DAG(s) dict_keys(['example_trigger_controller_dag']) retrieved from /home/airflow/sandbox/lib/python3.8/site-packages/airflow/example_dags/example_trigger_controller_dag.py
[2022-04-01 23:30:16,402] {logging_mixin.py:104} INFO - [2022-04-01 23:30:16,402] {dag.py:1832} INFO - Sync 1 DAGs
[2022-04-01 23:30:16,409] {logging_mixin.py:104} INFO - [2022-04-01 23:30:16,409] {dag.py:2305} INFO - Setting next_dagrun for example_trigger_controller_dag to 2022-03-30 00:00:00+00:00
[2022-04-01 23:30:16,439] {scheduler_job.py:190} INFO - Processing /home/airflow/sandbox/lib/python3.8/site-packages/airflow/example_dags/example_trigger_controller_dag.py took 0.060 seconds
[2022-04-01 23:30:50,029] {scheduler_job.py:182} INFO - Started process (PID=4883) to work on /home/airflow/sandbox/lib/python3.8/site-packages/airflow/example_dags/example_trigger_controller_dag.py
[2022-04-01 23:30:50,030] {scheduler_job.py:633} INFO - Processing file /home/airflow/sandbox/lib/python3.8/site-packages/airflow/example_dags/example_trigger_controller_dag.py for tasks to queue
[2022-04-01 23:30:50,030] {logging_mixin.py:104} INFO - [2022-04-01 23:30:50,030] {dagbag.py:487} INFO - Filling up the DagBag from /home/airflow/sandbox/lib/python3.8/site-packages/airflow/example_dags/example_trigger_controller_dag.py
[2022-04-01 23:30:50,037] {scheduler_job.py:643} INFO - DAG(s) dict_keys(['example_trigger_controller_dag']) retrieved from /home/airflow/sandbox/lib/python3.8/site-packages/airflow/example_dags/example_trigger_controller_dag.py
[2022-04-01 23:30:50,047] {logging_mixin.py:104} INFO - [2022-04-01 23:30:50,047] {dag.py:1832} INFO - Sync 1 DAGs
[2022-04-01 23:30:50,057] {logging_mixin.py:104} INFO - [2022-04-01 23:30:50,057] {dag.py:2305} INFO - Setting next_dagrun for example_trigger_controller_dag to 2022-03-30 00:00:00+00:00
[2022-04-01 23:30:50,089] {scheduler_job.py:190} INFO - Processing /home/airflow/sandbox/lib/python3.8/site-packages/airflow/example_dags/example_trigger_controller_dag.py took 0.061 seconds
[2022-04-01 23:56:52,789] {scheduler_job.py:182} INFO - Started process (PID=6834) to work on /home/airflow/sandbox/lib/python3.8/site-packages/airflow/example_dags/example_trigger_controller_dag.py
[2022-04-01 23:56:52,790] {scheduler_job.py:633} INFO - Processing file /home/airflow/sandbox/lib/python3.8/site-packages/airflow/example_dags/example_trigger_controller_dag.py for tasks to queue
[2022-04-01 23:56:52,791] {logging_mixin.py:104} INFO - [2022-04-01 23:56:52,791] {dagbag.py:487} INFO - Filling up the DagBag from /home/airflow/sandbox/lib/python3.8/site-packages/airflow/example_dags/example_trigger_controller_dag.py
[2022-04-01 23:56:52,797] {scheduler_job.py:643} INFO - DAG(s) dict_keys(['example_trigger_controller_dag']) retrieved from /home/airflow/sandbox/lib/python3.8/site-packages/airflow/example_dags/example_trigger_controller_dag.py
[2022-04-01 23:56:52,806] {logging_mixin.py:104} INFO - [2022-04-01 23:56:52,806] {dag.py:1832} INFO - Sync 1 DAGs
[2022-04-01 23:56:52,813] {logging_mixin.py:104} INFO - [2022-04-01 23:56:52,813] {dag.py:2305} INFO - Setting next_dagrun for example_trigger_controller_dag to 2022-03-30 00:00:00+00:00
[2022-04-01 23:56:52,870] {scheduler_job.py:190} INFO - Processing /home/airflow/sandbox/lib/python3.8/site-packages/airflow/example_dags/example_trigger_controller_dag.py took 0.082 seconds
[2022-04-01 23:57:26,519] {scheduler_job.py:182} INFO - Started process (PID=6866) to work on /home/airflow/sandbox/lib/python3.8/site-packages/airflow/example_dags/example_trigger_controller_dag.py
[2022-04-01 23:57:26,520] {scheduler_job.py:633} INFO - Processing file /home/airflow/sandbox/lib/python3.8/site-packages/airflow/example_dags/example_trigger_controller_dag.py for tasks to queue
[2022-04-01 23:57:26,520] {logging_mixin.py:104} INFO - [2022-04-01 23:57:26,520] {dagbag.py:487} INFO - Filling up the DagBag from /home/airflow/sandbox/lib/python3.8/site-packages/airflow/example_dags/example_trigger_controller_dag.py
[2022-04-01 23:57:26,527] {scheduler_job.py:643} INFO - DAG(s) dict_keys(['example_trigger_controller_dag']) retrieved from /home/airflow/sandbox/lib/python3.8/site-packages/airflow/example_dags/example_trigger_controller_dag.py
[2022-04-01 23:57:26,537] {logging_mixin.py:104} INFO - [2022-04-01 23:57:26,537] {dag.py:1832} INFO - Sync 1 DAGs
[2022-04-01 23:57:26,546] {logging_mixin.py:104} INFO - [2022-04-01 23:57:26,546] {dag.py:2305} INFO - Setting next_dagrun for example_trigger_controller_dag to 2022-03-30 00:00:00+00:00
[2022-04-01 23:57:26,602] {scheduler_job.py:190} INFO - Processing /home/airflow/sandbox/lib/python3.8/site-packages/airflow/example_dags/example_trigger_controller_dag.py took 0.085 seconds
[2022-04-01 23:58:00,676] {scheduler_job.py:182} INFO - Started process (PID=6898) to work on /home/airflow/sandbox/lib/python3.8/site-packages/airflow/example_dags/example_trigger_controller_dag.py
[2022-04-01 23:58:00,677] {scheduler_job.py:633} INFO - Processing file /home/airflow/sandbox/lib/python3.8/site-packages/airflow/example_dags/example_trigger_controller_dag.py for tasks to queue
[2022-04-01 23:58:00,677] {logging_mixin.py:104} INFO - [2022-04-01 23:58:00,677] {dagbag.py:487} INFO - Filling up the DagBag from /home/airflow/sandbox/lib/python3.8/site-packages/airflow/example_dags/example_trigger_controller_dag.py
[2022-04-01 23:58:00,685] {scheduler_job.py:643} INFO - DAG(s) dict_keys(['example_trigger_controller_dag']) retrieved from /home/airflow/sandbox/lib/python3.8/site-packages/airflow/example_dags/example_trigger_controller_dag.py
[2022-04-01 23:58:00,693] {logging_mixin.py:104} INFO - [2022-04-01 23:58:00,693] {dag.py:1832} INFO - Sync 1 DAGs
[2022-04-01 23:58:00,701] {logging_mixin.py:104} INFO - [2022-04-01 23:58:00,700] {dag.py:2305} INFO - Setting next_dagrun for example_trigger_controller_dag to 2022-03-30 00:00:00+00:00
[2022-04-01 23:58:00,781] {scheduler_job.py:190} INFO - Processing /home/airflow/sandbox/lib/python3.8/site-packages/airflow/example_dags/example_trigger_controller_dag.py took 0.107 seconds
[2022-04-01 23:58:34,856] {scheduler_job.py:182} INFO - Started process (PID=6943) to work on /home/airflow/sandbox/lib/python3.8/site-packages/airflow/example_dags/example_trigger_controller_dag.py
[2022-04-01 23:58:34,857] {scheduler_job.py:633} INFO - Processing file /home/airflow/sandbox/lib/python3.8/site-packages/airflow/example_dags/example_trigger_controller_dag.py for tasks to queue
[2022-04-01 23:58:34,858] {logging_mixin.py:104} INFO - [2022-04-01 23:58:34,858] {dagbag.py:487} INFO - Filling up the DagBag from /home/airflow/sandbox/lib/python3.8/site-packages/airflow/example_dags/example_trigger_controller_dag.py
[2022-04-01 23:58:34,866] {scheduler_job.py:643} INFO - DAG(s) dict_keys(['example_trigger_controller_dag']) retrieved from /home/airflow/sandbox/lib/python3.8/site-packages/airflow/example_dags/example_trigger_controller_dag.py
[2022-04-01 23:58:34,877] {logging_mixin.py:104} INFO - [2022-04-01 23:58:34,877] {dag.py:1832} INFO - Sync 1 DAGs
[2022-04-01 23:58:34,888] {logging_mixin.py:104} INFO - [2022-04-01 23:58:34,888] {dag.py:2305} INFO - Setting next_dagrun for example_trigger_controller_dag to 2022-03-30 00:00:00+00:00
[2022-04-01 23:58:34,958] {scheduler_job.py:190} INFO - Processing /home/airflow/sandbox/lib/python3.8/site-packages/airflow/example_dags/example_trigger_controller_dag.py took 0.107 seconds
[2022-04-01 23:59:07,476] {scheduler_job.py:182} INFO - Started process (PID=7004) to work on /home/airflow/sandbox/lib/python3.8/site-packages/airflow/example_dags/example_trigger_controller_dag.py
[2022-04-01 23:59:07,477] {scheduler_job.py:633} INFO - Processing file /home/airflow/sandbox/lib/python3.8/site-packages/airflow/example_dags/example_trigger_controller_dag.py for tasks to queue
[2022-04-01 23:59:07,478] {logging_mixin.py:104} INFO - [2022-04-01 23:59:07,478] {dagbag.py:487} INFO - Filling up the DagBag from /home/airflow/sandbox/lib/python3.8/site-packages/airflow/example_dags/example_trigger_controller_dag.py
[2022-04-01 23:59:07,486] {scheduler_job.py:643} INFO - DAG(s) dict_keys(['example_trigger_controller_dag']) retrieved from /home/airflow/sandbox/lib/python3.8/site-packages/airflow/example_dags/example_trigger_controller_dag.py
[2022-04-01 23:59:07,496] {logging_mixin.py:104} INFO - [2022-04-01 23:59:07,496] {dag.py:1832} INFO - Sync 1 DAGs
[2022-04-01 23:59:07,505] {logging_mixin.py:104} INFO - [2022-04-01 23:59:07,505] {dag.py:2305} INFO - Setting next_dagrun for example_trigger_controller_dag to 2022-03-30 00:00:00+00:00
[2022-04-01 23:59:07,535] {scheduler_job.py:190} INFO - Processing /home/airflow/sandbox/lib/python3.8/site-packages/airflow/example_dags/example_trigger_controller_dag.py took 0.061 seconds
[2022-04-01 23:59:42,949] {scheduler_job.py:182} INFO - Started process (PID=7117) to work on /home/airflow/sandbox/lib/python3.8/site-packages/airflow/example_dags/example_trigger_controller_dag.py
[2022-04-01 23:59:42,950] {scheduler_job.py:633} INFO - Processing file /home/airflow/sandbox/lib/python3.8/site-packages/airflow/example_dags/example_trigger_controller_dag.py for tasks to queue
[2022-04-01 23:59:42,951] {logging_mixin.py:104} INFO - [2022-04-01 23:59:42,951] {dagbag.py:487} INFO - Filling up the DagBag from /home/airflow/sandbox/lib/python3.8/site-packages/airflow/example_dags/example_trigger_controller_dag.py
[2022-04-01 23:59:42,957] {scheduler_job.py:643} INFO - DAG(s) dict_keys(['example_trigger_controller_dag']) retrieved from /home/airflow/sandbox/lib/python3.8/site-packages/airflow/example_dags/example_trigger_controller_dag.py
[2022-04-01 23:59:42,966] {logging_mixin.py:104} INFO - [2022-04-01 23:59:42,966] {dag.py:1832} INFO - Sync 1 DAGs
[2022-04-01 23:59:42,973] {logging_mixin.py:104} INFO - [2022-04-01 23:59:42,973] {dag.py:2305} INFO - Setting next_dagrun for example_trigger_controller_dag to 2022-03-30 00:00:00+00:00
[2022-04-01 23:59:43,055] {scheduler_job.py:190} INFO - Processing /home/airflow/sandbox/lib/python3.8/site-packages/airflow/example_dags/example_trigger_controller_dag.py took 0.108 seconds
