[2022-04-01 23:28:27,537] {scheduler_job.py:182} INFO - Started process (PID=4379) to work on /home/airflow/sandbox/lib/python3.8/site-packages/airflow/example_dags/example_branch_datetime_operator.py
[2022-04-01 23:28:27,538] {scheduler_job.py:633} INFO - Processing file /home/airflow/sandbox/lib/python3.8/site-packages/airflow/example_dags/example_branch_datetime_operator.py for tasks to queue
[2022-04-01 23:28:27,538] {logging_mixin.py:104} INFO - [2022-04-01 23:28:27,538] {dagbag.py:487} INFO - Filling up the DagBag from /home/airflow/sandbox/lib/python3.8/site-packages/airflow/example_dags/example_branch_datetime_operator.py
[2022-04-01 23:28:27,550] {scheduler_job.py:643} INFO - DAG(s) dict_keys(['example_branch_datetime_operator_2']) retrieved from /home/airflow/sandbox/lib/python3.8/site-packages/airflow/example_dags/example_branch_datetime_operator.py
[2022-04-01 23:28:27,560] {logging_mixin.py:104} INFO - [2022-04-01 23:28:27,560] {dag.py:1832} INFO - Sync 1 DAGs
[2022-04-01 23:28:27,572] {logging_mixin.py:104} INFO - [2022-04-01 23:28:27,572] {dag.py:2305} INFO - Setting next_dagrun for example_branch_datetime_operator_2 to 2022-03-30 00:00:00+00:00
[2022-04-01 23:28:27,648] {scheduler_job.py:190} INFO - Processing /home/airflow/sandbox/lib/python3.8/site-packages/airflow/example_dags/example_branch_datetime_operator.py took 0.113 seconds
[2022-04-01 23:29:00,208] {scheduler_job.py:182} INFO - Started process (PID=4548) to work on /home/airflow/sandbox/lib/python3.8/site-packages/airflow/example_dags/example_branch_datetime_operator.py
[2022-04-01 23:29:00,209] {scheduler_job.py:633} INFO - Processing file /home/airflow/sandbox/lib/python3.8/site-packages/airflow/example_dags/example_branch_datetime_operator.py for tasks to queue
[2022-04-01 23:29:00,209] {logging_mixin.py:104} INFO - [2022-04-01 23:29:00,209] {dagbag.py:487} INFO - Filling up the DagBag from /home/airflow/sandbox/lib/python3.8/site-packages/airflow/example_dags/example_branch_datetime_operator.py
[2022-04-01 23:29:00,218] {scheduler_job.py:643} INFO - DAG(s) dict_keys(['example_branch_datetime_operator_2']) retrieved from /home/airflow/sandbox/lib/python3.8/site-packages/airflow/example_dags/example_branch_datetime_operator.py
[2022-04-01 23:29:00,227] {logging_mixin.py:104} INFO - [2022-04-01 23:29:00,227] {dag.py:1832} INFO - Sync 1 DAGs
[2022-04-01 23:29:00,236] {logging_mixin.py:104} INFO - [2022-04-01 23:29:00,236] {dag.py:2305} INFO - Setting next_dagrun for example_branch_datetime_operator_2 to 2022-03-30 00:00:00+00:00
[2022-04-01 23:29:00,265] {scheduler_job.py:190} INFO - Processing /home/airflow/sandbox/lib/python3.8/site-packages/airflow/example_dags/example_branch_datetime_operator.py took 0.060 seconds
[2022-04-01 23:29:32,561] {scheduler_job.py:182} INFO - Started process (PID=4660) to work on /home/airflow/sandbox/lib/python3.8/site-packages/airflow/example_dags/example_branch_datetime_operator.py
[2022-04-01 23:29:32,562] {scheduler_job.py:633} INFO - Processing file /home/airflow/sandbox/lib/python3.8/site-packages/airflow/example_dags/example_branch_datetime_operator.py for tasks to queue
[2022-04-01 23:29:32,562] {logging_mixin.py:104} INFO - [2022-04-01 23:29:32,562] {dagbag.py:487} INFO - Filling up the DagBag from /home/airflow/sandbox/lib/python3.8/site-packages/airflow/example_dags/example_branch_datetime_operator.py
[2022-04-01 23:29:32,570] {scheduler_job.py:643} INFO - DAG(s) dict_keys(['example_branch_datetime_operator_2']) retrieved from /home/airflow/sandbox/lib/python3.8/site-packages/airflow/example_dags/example_branch_datetime_operator.py
[2022-04-01 23:29:32,578] {logging_mixin.py:104} INFO - [2022-04-01 23:29:32,578] {dag.py:1832} INFO - Sync 1 DAGs
[2022-04-01 23:29:32,586] {logging_mixin.py:104} INFO - [2022-04-01 23:29:32,586] {dag.py:2305} INFO - Setting next_dagrun for example_branch_datetime_operator_2 to 2022-03-30 00:00:00+00:00
[2022-04-01 23:29:32,624] {scheduler_job.py:190} INFO - Processing /home/airflow/sandbox/lib/python3.8/site-packages/airflow/example_dags/example_branch_datetime_operator.py took 0.065 seconds
[2022-04-01 23:30:04,560] {scheduler_job.py:182} INFO - Started process (PID=4802) to work on /home/airflow/sandbox/lib/python3.8/site-packages/airflow/example_dags/example_branch_datetime_operator.py
[2022-04-01 23:30:04,560] {scheduler_job.py:633} INFO - Processing file /home/airflow/sandbox/lib/python3.8/site-packages/airflow/example_dags/example_branch_datetime_operator.py for tasks to queue
[2022-04-01 23:30:04,561] {logging_mixin.py:104} INFO - [2022-04-01 23:30:04,561] {dagbag.py:487} INFO - Filling up the DagBag from /home/airflow/sandbox/lib/python3.8/site-packages/airflow/example_dags/example_branch_datetime_operator.py
[2022-04-01 23:30:04,568] {scheduler_job.py:643} INFO - DAG(s) dict_keys(['example_branch_datetime_operator_2']) retrieved from /home/airflow/sandbox/lib/python3.8/site-packages/airflow/example_dags/example_branch_datetime_operator.py
[2022-04-01 23:30:04,576] {logging_mixin.py:104} INFO - [2022-04-01 23:30:04,576] {dag.py:1832} INFO - Sync 1 DAGs
[2022-04-01 23:30:04,585] {logging_mixin.py:104} INFO - [2022-04-01 23:30:04,585] {dag.py:2305} INFO - Setting next_dagrun for example_branch_datetime_operator_2 to 2022-03-30 00:00:00+00:00
[2022-04-01 23:30:04,612] {scheduler_job.py:190} INFO - Processing /home/airflow/sandbox/lib/python3.8/site-packages/airflow/example_dags/example_branch_datetime_operator.py took 0.054 seconds
[2022-04-01 23:30:37,088] {scheduler_job.py:182} INFO - Started process (PID=4871) to work on /home/airflow/sandbox/lib/python3.8/site-packages/airflow/example_dags/example_branch_datetime_operator.py
[2022-04-01 23:30:37,089] {scheduler_job.py:633} INFO - Processing file /home/airflow/sandbox/lib/python3.8/site-packages/airflow/example_dags/example_branch_datetime_operator.py for tasks to queue
[2022-04-01 23:30:37,089] {logging_mixin.py:104} INFO - [2022-04-01 23:30:37,089] {dagbag.py:487} INFO - Filling up the DagBag from /home/airflow/sandbox/lib/python3.8/site-packages/airflow/example_dags/example_branch_datetime_operator.py
[2022-04-01 23:30:37,096] {scheduler_job.py:643} INFO - DAG(s) dict_keys(['example_branch_datetime_operator_2']) retrieved from /home/airflow/sandbox/lib/python3.8/site-packages/airflow/example_dags/example_branch_datetime_operator.py
[2022-04-01 23:30:37,105] {logging_mixin.py:104} INFO - [2022-04-01 23:30:37,105] {dag.py:1832} INFO - Sync 1 DAGs
[2022-04-01 23:30:37,114] {logging_mixin.py:104} INFO - [2022-04-01 23:30:37,114] {dag.py:2305} INFO - Setting next_dagrun for example_branch_datetime_operator_2 to 2022-03-30 00:00:00+00:00
[2022-04-01 23:30:37,141] {scheduler_job.py:190} INFO - Processing /home/airflow/sandbox/lib/python3.8/site-packages/airflow/example_dags/example_branch_datetime_operator.py took 0.055 seconds
[2022-04-01 23:56:41,107] {scheduler_job.py:182} INFO - Started process (PID=6823) to work on /home/airflow/sandbox/lib/python3.8/site-packages/airflow/example_dags/example_branch_datetime_operator.py
[2022-04-01 23:56:41,108] {scheduler_job.py:633} INFO - Processing file /home/airflow/sandbox/lib/python3.8/site-packages/airflow/example_dags/example_branch_datetime_operator.py for tasks to queue
[2022-04-01 23:56:41,108] {logging_mixin.py:104} INFO - [2022-04-01 23:56:41,108] {dagbag.py:487} INFO - Filling up the DagBag from /home/airflow/sandbox/lib/python3.8/site-packages/airflow/example_dags/example_branch_datetime_operator.py
[2022-04-01 23:56:41,117] {scheduler_job.py:643} INFO - DAG(s) dict_keys(['example_branch_datetime_operator_2']) retrieved from /home/airflow/sandbox/lib/python3.8/site-packages/airflow/example_dags/example_branch_datetime_operator.py
[2022-04-01 23:56:41,126] {logging_mixin.py:104} INFO - [2022-04-01 23:56:41,126] {dag.py:1832} INFO - Sync 1 DAGs
[2022-04-01 23:56:41,135] {logging_mixin.py:104} INFO - [2022-04-01 23:56:41,135] {dag.py:2305} INFO - Setting next_dagrun for example_branch_datetime_operator_2 to 2022-03-30 00:00:00+00:00
[2022-04-01 23:56:41,164] {scheduler_job.py:190} INFO - Processing /home/airflow/sandbox/lib/python3.8/site-packages/airflow/example_dags/example_branch_datetime_operator.py took 0.059 seconds
[2022-04-01 23:57:15,046] {scheduler_job.py:182} INFO - Started process (PID=6855) to work on /home/airflow/sandbox/lib/python3.8/site-packages/airflow/example_dags/example_branch_datetime_operator.py
[2022-04-01 23:57:15,047] {scheduler_job.py:633} INFO - Processing file /home/airflow/sandbox/lib/python3.8/site-packages/airflow/example_dags/example_branch_datetime_operator.py for tasks to queue
[2022-04-01 23:57:15,048] {logging_mixin.py:104} INFO - [2022-04-01 23:57:15,048] {dagbag.py:487} INFO - Filling up the DagBag from /home/airflow/sandbox/lib/python3.8/site-packages/airflow/example_dags/example_branch_datetime_operator.py
[2022-04-01 23:57:15,056] {scheduler_job.py:643} INFO - DAG(s) dict_keys(['example_branch_datetime_operator_2']) retrieved from /home/airflow/sandbox/lib/python3.8/site-packages/airflow/example_dags/example_branch_datetime_operator.py
[2022-04-01 23:57:15,065] {logging_mixin.py:104} INFO - [2022-04-01 23:57:15,065] {dag.py:1832} INFO - Sync 1 DAGs
[2022-04-01 23:57:15,073] {logging_mixin.py:104} INFO - [2022-04-01 23:57:15,073] {dag.py:2305} INFO - Setting next_dagrun for example_branch_datetime_operator_2 to 2022-03-30 00:00:00+00:00
[2022-04-01 23:57:15,129] {scheduler_job.py:190} INFO - Processing /home/airflow/sandbox/lib/python3.8/site-packages/airflow/example_dags/example_branch_datetime_operator.py took 0.085 seconds
[2022-04-01 23:57:49,461] {scheduler_job.py:182} INFO - Started process (PID=6887) to work on /home/airflow/sandbox/lib/python3.8/site-packages/airflow/example_dags/example_branch_datetime_operator.py
[2022-04-01 23:57:49,462] {scheduler_job.py:633} INFO - Processing file /home/airflow/sandbox/lib/python3.8/site-packages/airflow/example_dags/example_branch_datetime_operator.py for tasks to queue
[2022-04-01 23:57:49,462] {logging_mixin.py:104} INFO - [2022-04-01 23:57:49,462] {dagbag.py:487} INFO - Filling up the DagBag from /home/airflow/sandbox/lib/python3.8/site-packages/airflow/example_dags/example_branch_datetime_operator.py
[2022-04-01 23:57:49,470] {scheduler_job.py:643} INFO - DAG(s) dict_keys(['example_branch_datetime_operator_2']) retrieved from /home/airflow/sandbox/lib/python3.8/site-packages/airflow/example_dags/example_branch_datetime_operator.py
[2022-04-01 23:57:49,478] {logging_mixin.py:104} INFO - [2022-04-01 23:57:49,478] {dag.py:1832} INFO - Sync 1 DAGs
[2022-04-01 23:57:49,486] {logging_mixin.py:104} INFO - [2022-04-01 23:57:49,486] {dag.py:2305} INFO - Setting next_dagrun for example_branch_datetime_operator_2 to 2022-03-30 00:00:00+00:00
[2022-04-01 23:57:49,558] {scheduler_job.py:190} INFO - Processing /home/airflow/sandbox/lib/python3.8/site-packages/airflow/example_dags/example_branch_datetime_operator.py took 0.100 seconds
[2022-04-01 23:58:23,798] {scheduler_job.py:182} INFO - Started process (PID=6920) to work on /home/airflow/sandbox/lib/python3.8/site-packages/airflow/example_dags/example_branch_datetime_operator.py
[2022-04-01 23:58:23,799] {scheduler_job.py:633} INFO - Processing file /home/airflow/sandbox/lib/python3.8/site-packages/airflow/example_dags/example_branch_datetime_operator.py for tasks to queue
[2022-04-01 23:58:23,800] {logging_mixin.py:104} INFO - [2022-04-01 23:58:23,800] {dagbag.py:487} INFO - Filling up the DagBag from /home/airflow/sandbox/lib/python3.8/site-packages/airflow/example_dags/example_branch_datetime_operator.py
[2022-04-01 23:58:23,810] {scheduler_job.py:643} INFO - DAG(s) dict_keys(['example_branch_datetime_operator_2']) retrieved from /home/airflow/sandbox/lib/python3.8/site-packages/airflow/example_dags/example_branch_datetime_operator.py
[2022-04-01 23:58:23,821] {logging_mixin.py:104} INFO - [2022-04-01 23:58:23,821] {dag.py:1832} INFO - Sync 1 DAGs
[2022-04-01 23:58:23,832] {logging_mixin.py:104} INFO - [2022-04-01 23:58:23,832] {dag.py:2305} INFO - Setting next_dagrun for example_branch_datetime_operator_2 to 2022-03-30 00:00:00+00:00
[2022-04-01 23:58:23,900] {scheduler_job.py:190} INFO - Processing /home/airflow/sandbox/lib/python3.8/site-packages/airflow/example_dags/example_branch_datetime_operator.py took 0.104 seconds
[2022-04-01 23:58:56,103] {scheduler_job.py:182} INFO - Started process (PID=6980) to work on /home/airflow/sandbox/lib/python3.8/site-packages/airflow/example_dags/example_branch_datetime_operator.py
[2022-04-01 23:58:56,104] {scheduler_job.py:633} INFO - Processing file /home/airflow/sandbox/lib/python3.8/site-packages/airflow/example_dags/example_branch_datetime_operator.py for tasks to queue
[2022-04-01 23:58:56,105] {logging_mixin.py:104} INFO - [2022-04-01 23:58:56,104] {dagbag.py:487} INFO - Filling up the DagBag from /home/airflow/sandbox/lib/python3.8/site-packages/airflow/example_dags/example_branch_datetime_operator.py
[2022-04-01 23:58:56,114] {scheduler_job.py:643} INFO - DAG(s) dict_keys(['example_branch_datetime_operator_2']) retrieved from /home/airflow/sandbox/lib/python3.8/site-packages/airflow/example_dags/example_branch_datetime_operator.py
[2022-04-01 23:58:56,126] {logging_mixin.py:104} INFO - [2022-04-01 23:58:56,125] {dag.py:1832} INFO - Sync 1 DAGs
[2022-04-01 23:58:56,137] {logging_mixin.py:104} INFO - [2022-04-01 23:58:56,136] {dag.py:2305} INFO - Setting next_dagrun for example_branch_datetime_operator_2 to 2022-03-30 00:00:00+00:00
[2022-04-01 23:58:56,212] {scheduler_job.py:190} INFO - Processing /home/airflow/sandbox/lib/python3.8/site-packages/airflow/example_dags/example_branch_datetime_operator.py took 0.111 seconds
[2022-04-01 23:59:29,403] {scheduler_job.py:182} INFO - Started process (PID=7056) to work on /home/airflow/sandbox/lib/python3.8/site-packages/airflow/example_dags/example_branch_datetime_operator.py
[2022-04-01 23:59:29,403] {scheduler_job.py:633} INFO - Processing file /home/airflow/sandbox/lib/python3.8/site-packages/airflow/example_dags/example_branch_datetime_operator.py for tasks to queue
[2022-04-01 23:59:29,404] {logging_mixin.py:104} INFO - [2022-04-01 23:59:29,404] {dagbag.py:487} INFO - Filling up the DagBag from /home/airflow/sandbox/lib/python3.8/site-packages/airflow/example_dags/example_branch_datetime_operator.py
[2022-04-01 23:59:29,411] {scheduler_job.py:643} INFO - DAG(s) dict_keys(['example_branch_datetime_operator_2']) retrieved from /home/airflow/sandbox/lib/python3.8/site-packages/airflow/example_dags/example_branch_datetime_operator.py
[2022-04-01 23:59:29,420] {logging_mixin.py:104} INFO - [2022-04-01 23:59:29,420] {dag.py:1832} INFO - Sync 1 DAGs
[2022-04-01 23:59:29,428] {logging_mixin.py:104} INFO - [2022-04-01 23:59:29,428] {dag.py:2305} INFO - Setting next_dagrun for example_branch_datetime_operator_2 to 2022-03-30 00:00:00+00:00
[2022-04-01 23:59:29,497] {scheduler_job.py:190} INFO - Processing /home/airflow/sandbox/lib/python3.8/site-packages/airflow/example_dags/example_branch_datetime_operator.py took 0.096 seconds
