[2022-04-01 23:28:25,268] {scheduler_job.py:182} INFO - Started process (PID=4347) to work on /home/airflow/sandbox/lib/python3.8/site-packages/airflow/example_dags/example_latest_only.py
[2022-04-01 23:28:25,269] {scheduler_job.py:633} INFO - Processing file /home/airflow/sandbox/lib/python3.8/site-packages/airflow/example_dags/example_latest_only.py for tasks to queue
[2022-04-01 23:28:25,270] {logging_mixin.py:104} INFO - [2022-04-01 23:28:25,269] {dagbag.py:487} INFO - Filling up the DagBag from /home/airflow/sandbox/lib/python3.8/site-packages/airflow/example_dags/example_latest_only.py
[2022-04-01 23:28:25,276] {scheduler_job.py:643} INFO - DAG(s) dict_keys(['latest_only']) retrieved from /home/airflow/sandbox/lib/python3.8/site-packages/airflow/example_dags/example_latest_only.py
[2022-04-01 23:28:25,291] {logging_mixin.py:104} INFO - [2022-04-01 23:28:25,290] {dag.py:1832} INFO - Sync 1 DAGs
[2022-04-01 23:28:25,307] {logging_mixin.py:104} INFO - [2022-04-01 23:28:25,306] {dag.py:2305} INFO - Setting next_dagrun for latest_only to 2022-03-30 00:00:00+00:00
[2022-04-01 23:28:25,343] {scheduler_job.py:190} INFO - Processing /home/airflow/sandbox/lib/python3.8/site-packages/airflow/example_dags/example_latest_only.py took 0.076 seconds
[2022-04-01 23:28:57,850] {scheduler_job.py:182} INFO - Started process (PID=4533) to work on /home/airflow/sandbox/lib/python3.8/site-packages/airflow/example_dags/example_latest_only.py
[2022-04-01 23:28:57,851] {scheduler_job.py:633} INFO - Processing file /home/airflow/sandbox/lib/python3.8/site-packages/airflow/example_dags/example_latest_only.py for tasks to queue
[2022-04-01 23:28:57,851] {logging_mixin.py:104} INFO - [2022-04-01 23:28:57,851] {dagbag.py:487} INFO - Filling up the DagBag from /home/airflow/sandbox/lib/python3.8/site-packages/airflow/example_dags/example_latest_only.py
[2022-04-01 23:28:57,858] {scheduler_job.py:643} INFO - DAG(s) dict_keys(['latest_only']) retrieved from /home/airflow/sandbox/lib/python3.8/site-packages/airflow/example_dags/example_latest_only.py
[2022-04-01 23:28:57,870] {logging_mixin.py:104} INFO - [2022-04-01 23:28:57,870] {dag.py:1832} INFO - Sync 1 DAGs
[2022-04-01 23:28:57,878] {logging_mixin.py:104} INFO - [2022-04-01 23:28:57,878] {dag.py:2305} INFO - Setting next_dagrun for latest_only to 2022-03-30 00:00:00+00:00
[2022-04-01 23:28:57,952] {scheduler_job.py:190} INFO - Processing /home/airflow/sandbox/lib/python3.8/site-packages/airflow/example_dags/example_latest_only.py took 0.105 seconds
[2022-04-01 23:29:30,200] {scheduler_job.py:182} INFO - Started process (PID=4658) to work on /home/airflow/sandbox/lib/python3.8/site-packages/airflow/example_dags/example_latest_only.py
[2022-04-01 23:29:30,201] {scheduler_job.py:633} INFO - Processing file /home/airflow/sandbox/lib/python3.8/site-packages/airflow/example_dags/example_latest_only.py for tasks to queue
[2022-04-01 23:29:30,202] {logging_mixin.py:104} INFO - [2022-04-01 23:29:30,202] {dagbag.py:487} INFO - Filling up the DagBag from /home/airflow/sandbox/lib/python3.8/site-packages/airflow/example_dags/example_latest_only.py
[2022-04-01 23:29:30,208] {scheduler_job.py:643} INFO - DAG(s) dict_keys(['latest_only']) retrieved from /home/airflow/sandbox/lib/python3.8/site-packages/airflow/example_dags/example_latest_only.py
[2022-04-01 23:29:30,220] {logging_mixin.py:104} INFO - [2022-04-01 23:29:30,220] {dag.py:1832} INFO - Sync 1 DAGs
[2022-04-01 23:29:30,227] {logging_mixin.py:104} INFO - [2022-04-01 23:29:30,227] {dag.py:2305} INFO - Setting next_dagrun for latest_only to 2022-03-30 00:00:00+00:00
[2022-04-01 23:29:30,305] {scheduler_job.py:190} INFO - Processing /home/airflow/sandbox/lib/python3.8/site-packages/airflow/example_dags/example_latest_only.py took 0.108 seconds
[2022-04-01 23:30:02,813] {scheduler_job.py:182} INFO - Started process (PID=4788) to work on /home/airflow/sandbox/lib/python3.8/site-packages/airflow/example_dags/example_latest_only.py
[2022-04-01 23:30:02,814] {scheduler_job.py:633} INFO - Processing file /home/airflow/sandbox/lib/python3.8/site-packages/airflow/example_dags/example_latest_only.py for tasks to queue
[2022-04-01 23:30:02,814] {logging_mixin.py:104} INFO - [2022-04-01 23:30:02,814] {dagbag.py:487} INFO - Filling up the DagBag from /home/airflow/sandbox/lib/python3.8/site-packages/airflow/example_dags/example_latest_only.py
[2022-04-01 23:30:02,821] {scheduler_job.py:643} INFO - DAG(s) dict_keys(['latest_only']) retrieved from /home/airflow/sandbox/lib/python3.8/site-packages/airflow/example_dags/example_latest_only.py
[2022-04-01 23:30:02,832] {logging_mixin.py:104} INFO - [2022-04-01 23:30:02,832] {dag.py:1832} INFO - Sync 1 DAGs
[2022-04-01 23:30:02,839] {logging_mixin.py:104} INFO - [2022-04-01 23:30:02,839] {dag.py:2305} INFO - Setting next_dagrun for latest_only to 2022-03-30 00:00:00+00:00
[2022-04-01 23:30:02,868] {scheduler_job.py:190} INFO - Processing /home/airflow/sandbox/lib/python3.8/site-packages/airflow/example_dags/example_latest_only.py took 0.056 seconds
[2022-04-01 23:30:35,665] {scheduler_job.py:182} INFO - Started process (PID=4869) to work on /home/airflow/sandbox/lib/python3.8/site-packages/airflow/example_dags/example_latest_only.py
[2022-04-01 23:30:35,666] {scheduler_job.py:633} INFO - Processing file /home/airflow/sandbox/lib/python3.8/site-packages/airflow/example_dags/example_latest_only.py for tasks to queue
[2022-04-01 23:30:35,666] {logging_mixin.py:104} INFO - [2022-04-01 23:30:35,666] {dagbag.py:487} INFO - Filling up the DagBag from /home/airflow/sandbox/lib/python3.8/site-packages/airflow/example_dags/example_latest_only.py
[2022-04-01 23:30:35,673] {scheduler_job.py:643} INFO - DAG(s) dict_keys(['latest_only']) retrieved from /home/airflow/sandbox/lib/python3.8/site-packages/airflow/example_dags/example_latest_only.py
[2022-04-01 23:30:35,682] {logging_mixin.py:104} INFO - [2022-04-01 23:30:35,682] {dag.py:1832} INFO - Sync 1 DAGs
[2022-04-01 23:30:35,689] {logging_mixin.py:104} INFO - [2022-04-01 23:30:35,688] {dag.py:2305} INFO - Setting next_dagrun for latest_only to 2022-03-30 00:00:00+00:00
[2022-04-01 23:30:35,778] {scheduler_job.py:190} INFO - Processing /home/airflow/sandbox/lib/python3.8/site-packages/airflow/example_dags/example_latest_only.py took 0.115 seconds
[2022-04-01 23:56:38,648] {scheduler_job.py:182} INFO - Started process (PID=6821) to work on /home/airflow/sandbox/lib/python3.8/site-packages/airflow/example_dags/example_latest_only.py
[2022-04-01 23:56:38,650] {scheduler_job.py:633} INFO - Processing file /home/airflow/sandbox/lib/python3.8/site-packages/airflow/example_dags/example_latest_only.py for tasks to queue
[2022-04-01 23:56:38,650] {logging_mixin.py:104} INFO - [2022-04-01 23:56:38,650] {dagbag.py:487} INFO - Filling up the DagBag from /home/airflow/sandbox/lib/python3.8/site-packages/airflow/example_dags/example_latest_only.py
[2022-04-01 23:56:38,658] {scheduler_job.py:643} INFO - DAG(s) dict_keys(['latest_only']) retrieved from /home/airflow/sandbox/lib/python3.8/site-packages/airflow/example_dags/example_latest_only.py
[2022-04-01 23:56:38,669] {logging_mixin.py:104} INFO - [2022-04-01 23:56:38,669] {dag.py:1832} INFO - Sync 1 DAGs
[2022-04-01 23:56:38,678] {logging_mixin.py:104} INFO - [2022-04-01 23:56:38,678] {dag.py:2305} INFO - Setting next_dagrun for latest_only to 2022-03-30 00:00:00+00:00
[2022-04-01 23:56:38,757] {scheduler_job.py:190} INFO - Processing /home/airflow/sandbox/lib/python3.8/site-packages/airflow/example_dags/example_latest_only.py took 0.111 seconds
[2022-04-01 23:57:13,501] {scheduler_job.py:182} INFO - Started process (PID=6853) to work on /home/airflow/sandbox/lib/python3.8/site-packages/airflow/example_dags/example_latest_only.py
[2022-04-01 23:57:13,502] {scheduler_job.py:633} INFO - Processing file /home/airflow/sandbox/lib/python3.8/site-packages/airflow/example_dags/example_latest_only.py for tasks to queue
[2022-04-01 23:57:13,503] {logging_mixin.py:104} INFO - [2022-04-01 23:57:13,503] {dagbag.py:487} INFO - Filling up the DagBag from /home/airflow/sandbox/lib/python3.8/site-packages/airflow/example_dags/example_latest_only.py
[2022-04-01 23:57:13,512] {scheduler_job.py:643} INFO - DAG(s) dict_keys(['latest_only']) retrieved from /home/airflow/sandbox/lib/python3.8/site-packages/airflow/example_dags/example_latest_only.py
[2022-04-01 23:57:13,525] {logging_mixin.py:104} INFO - [2022-04-01 23:57:13,525] {dag.py:1832} INFO - Sync 1 DAGs
[2022-04-01 23:57:13,533] {logging_mixin.py:104} INFO - [2022-04-01 23:57:13,533] {dag.py:2305} INFO - Setting next_dagrun for latest_only to 2022-03-30 00:00:00+00:00
[2022-04-01 23:57:13,599] {scheduler_job.py:190} INFO - Processing /home/airflow/sandbox/lib/python3.8/site-packages/airflow/example_dags/example_latest_only.py took 0.100 seconds
[2022-04-01 23:57:47,180] {scheduler_job.py:182} INFO - Started process (PID=6885) to work on /home/airflow/sandbox/lib/python3.8/site-packages/airflow/example_dags/example_latest_only.py
[2022-04-01 23:57:47,181] {scheduler_job.py:633} INFO - Processing file /home/airflow/sandbox/lib/python3.8/site-packages/airflow/example_dags/example_latest_only.py for tasks to queue
[2022-04-01 23:57:47,182] {logging_mixin.py:104} INFO - [2022-04-01 23:57:47,181] {dagbag.py:487} INFO - Filling up the DagBag from /home/airflow/sandbox/lib/python3.8/site-packages/airflow/example_dags/example_latest_only.py
[2022-04-01 23:57:47,189] {scheduler_job.py:643} INFO - DAG(s) dict_keys(['latest_only']) retrieved from /home/airflow/sandbox/lib/python3.8/site-packages/airflow/example_dags/example_latest_only.py
[2022-04-01 23:57:47,198] {logging_mixin.py:104} INFO - [2022-04-01 23:57:47,197] {dag.py:1832} INFO - Sync 1 DAGs
[2022-04-01 23:57:47,206] {logging_mixin.py:104} INFO - [2022-04-01 23:57:47,206] {dag.py:2305} INFO - Setting next_dagrun for latest_only to 2022-03-30 00:00:00+00:00
[2022-04-01 23:57:47,273] {scheduler_job.py:190} INFO - Processing /home/airflow/sandbox/lib/python3.8/site-packages/airflow/example_dags/example_latest_only.py took 0.095 seconds
[2022-04-01 23:58:21,504] {scheduler_job.py:182} INFO - Started process (PID=6918) to work on /home/airflow/sandbox/lib/python3.8/site-packages/airflow/example_dags/example_latest_only.py
[2022-04-01 23:58:21,505] {scheduler_job.py:633} INFO - Processing file /home/airflow/sandbox/lib/python3.8/site-packages/airflow/example_dags/example_latest_only.py for tasks to queue
[2022-04-01 23:58:21,506] {logging_mixin.py:104} INFO - [2022-04-01 23:58:21,506] {dagbag.py:487} INFO - Filling up the DagBag from /home/airflow/sandbox/lib/python3.8/site-packages/airflow/example_dags/example_latest_only.py
[2022-04-01 23:58:21,514] {scheduler_job.py:643} INFO - DAG(s) dict_keys(['latest_only']) retrieved from /home/airflow/sandbox/lib/python3.8/site-packages/airflow/example_dags/example_latest_only.py
[2022-04-01 23:58:21,526] {logging_mixin.py:104} INFO - [2022-04-01 23:58:21,526] {dag.py:1832} INFO - Sync 1 DAGs
[2022-04-01 23:58:21,535] {logging_mixin.py:104} INFO - [2022-04-01 23:58:21,535] {dag.py:2305} INFO - Setting next_dagrun for latest_only to 2022-03-30 00:00:00+00:00
[2022-04-01 23:58:21,599] {scheduler_job.py:190} INFO - Processing /home/airflow/sandbox/lib/python3.8/site-packages/airflow/example_dags/example_latest_only.py took 0.098 seconds
[2022-04-01 23:58:53,848] {scheduler_job.py:182} INFO - Started process (PID=6978) to work on /home/airflow/sandbox/lib/python3.8/site-packages/airflow/example_dags/example_latest_only.py
[2022-04-01 23:58:53,849] {scheduler_job.py:633} INFO - Processing file /home/airflow/sandbox/lib/python3.8/site-packages/airflow/example_dags/example_latest_only.py for tasks to queue
[2022-04-01 23:58:53,849] {logging_mixin.py:104} INFO - [2022-04-01 23:58:53,849] {dagbag.py:487} INFO - Filling up the DagBag from /home/airflow/sandbox/lib/python3.8/site-packages/airflow/example_dags/example_latest_only.py
[2022-04-01 23:58:53,856] {scheduler_job.py:643} INFO - DAG(s) dict_keys(['latest_only']) retrieved from /home/airflow/sandbox/lib/python3.8/site-packages/airflow/example_dags/example_latest_only.py
[2022-04-01 23:58:53,867] {logging_mixin.py:104} INFO - [2022-04-01 23:58:53,867] {dag.py:1832} INFO - Sync 1 DAGs
[2022-04-01 23:58:53,877] {logging_mixin.py:104} INFO - [2022-04-01 23:58:53,877] {dag.py:2305} INFO - Setting next_dagrun for latest_only to 2022-03-30 00:00:00+00:00
[2022-04-01 23:58:53,937] {scheduler_job.py:190} INFO - Processing /home/airflow/sandbox/lib/python3.8/site-packages/airflow/example_dags/example_latest_only.py took 0.090 seconds
[2022-04-01 23:59:27,660] {scheduler_job.py:182} INFO - Started process (PID=7054) to work on /home/airflow/sandbox/lib/python3.8/site-packages/airflow/example_dags/example_latest_only.py
[2022-04-01 23:59:27,661] {scheduler_job.py:633} INFO - Processing file /home/airflow/sandbox/lib/python3.8/site-packages/airflow/example_dags/example_latest_only.py for tasks to queue
[2022-04-01 23:59:27,661] {logging_mixin.py:104} INFO - [2022-04-01 23:59:27,661] {dagbag.py:487} INFO - Filling up the DagBag from /home/airflow/sandbox/lib/python3.8/site-packages/airflow/example_dags/example_latest_only.py
[2022-04-01 23:59:27,667] {scheduler_job.py:643} INFO - DAG(s) dict_keys(['latest_only']) retrieved from /home/airflow/sandbox/lib/python3.8/site-packages/airflow/example_dags/example_latest_only.py
[2022-04-01 23:59:27,677] {logging_mixin.py:104} INFO - [2022-04-01 23:59:27,677] {dag.py:1832} INFO - Sync 1 DAGs
[2022-04-01 23:59:27,683] {logging_mixin.py:104} INFO - [2022-04-01 23:59:27,683] {dag.py:2305} INFO - Setting next_dagrun for latest_only to 2022-03-30 00:00:00+00:00
[2022-04-01 23:59:27,760] {scheduler_job.py:190} INFO - Processing /home/airflow/sandbox/lib/python3.8/site-packages/airflow/example_dags/example_latest_only.py took 0.102 seconds
