[2022-04-01 23:28:46,024] {scheduler_job.py:182} INFO - Started process (PID=4471) to work on /home/airflow/sandbox/lib/python3.8/site-packages/airflow/example_dags/example_dag_decorator.py
[2022-04-01 23:28:46,024] {scheduler_job.py:633} INFO - Processing file /home/airflow/sandbox/lib/python3.8/site-packages/airflow/example_dags/example_dag_decorator.py for tasks to queue
[2022-04-01 23:28:46,025] {logging_mixin.py:104} INFO - [2022-04-01 23:28:46,025] {dagbag.py:487} INFO - Filling up the DagBag from /home/airflow/sandbox/lib/python3.8/site-packages/airflow/example_dags/example_dag_decorator.py
[2022-04-01 23:28:46,035] {scheduler_job.py:643} INFO - DAG(s) dict_keys(['example_dag_decorator']) retrieved from /home/airflow/sandbox/lib/python3.8/site-packages/airflow/example_dags/example_dag_decorator.py
[2022-04-01 23:28:46,213] {logging_mixin.py:104} INFO - [2022-04-01 23:28:46,213] {dag.py:1832} INFO - Sync 1 DAGs
[2022-04-01 23:28:46,217] {logging_mixin.py:104} INFO - [2022-04-01 23:28:46,217] {dag.py:2305} INFO - Setting next_dagrun for example_dag_decorator to None
[2022-04-01 23:28:46,279] {scheduler_job.py:190} INFO - Processing /home/airflow/sandbox/lib/python3.8/site-packages/airflow/example_dags/example_dag_decorator.py took 0.257 seconds
[2022-04-01 23:29:18,633] {scheduler_job.py:182} INFO - Started process (PID=4628) to work on /home/airflow/sandbox/lib/python3.8/site-packages/airflow/example_dags/example_dag_decorator.py
[2022-04-01 23:29:18,634] {scheduler_job.py:633} INFO - Processing file /home/airflow/sandbox/lib/python3.8/site-packages/airflow/example_dags/example_dag_decorator.py for tasks to queue
[2022-04-01 23:29:18,634] {logging_mixin.py:104} INFO - [2022-04-01 23:29:18,634] {dagbag.py:487} INFO - Filling up the DagBag from /home/airflow/sandbox/lib/python3.8/site-packages/airflow/example_dags/example_dag_decorator.py
[2022-04-01 23:29:18,645] {scheduler_job.py:643} INFO - DAG(s) dict_keys(['example_dag_decorator']) retrieved from /home/airflow/sandbox/lib/python3.8/site-packages/airflow/example_dags/example_dag_decorator.py
[2022-04-01 23:29:18,824] {logging_mixin.py:104} INFO - [2022-04-01 23:29:18,824] {dag.py:1832} INFO - Sync 1 DAGs
[2022-04-01 23:29:18,829] {logging_mixin.py:104} INFO - [2022-04-01 23:29:18,829] {dag.py:2305} INFO - Setting next_dagrun for example_dag_decorator to None
[2022-04-01 23:29:18,861] {scheduler_job.py:190} INFO - Processing /home/airflow/sandbox/lib/python3.8/site-packages/airflow/example_dags/example_dag_decorator.py took 0.230 seconds
[2022-04-01 23:29:51,076] {scheduler_job.py:182} INFO - Started process (PID=4738) to work on /home/airflow/sandbox/lib/python3.8/site-packages/airflow/example_dags/example_dag_decorator.py
[2022-04-01 23:29:51,077] {scheduler_job.py:633} INFO - Processing file /home/airflow/sandbox/lib/python3.8/site-packages/airflow/example_dags/example_dag_decorator.py for tasks to queue
[2022-04-01 23:29:51,077] {logging_mixin.py:104} INFO - [2022-04-01 23:29:51,077] {dagbag.py:487} INFO - Filling up the DagBag from /home/airflow/sandbox/lib/python3.8/site-packages/airflow/example_dags/example_dag_decorator.py
[2022-04-01 23:29:51,088] {scheduler_job.py:643} INFO - DAG(s) dict_keys(['example_dag_decorator']) retrieved from /home/airflow/sandbox/lib/python3.8/site-packages/airflow/example_dags/example_dag_decorator.py
[2022-04-01 23:29:51,250] {logging_mixin.py:104} INFO - [2022-04-01 23:29:51,250] {dag.py:1832} INFO - Sync 1 DAGs
[2022-04-01 23:29:51,255] {logging_mixin.py:104} INFO - [2022-04-01 23:29:51,255] {dag.py:2305} INFO - Setting next_dagrun for example_dag_decorator to None
[2022-04-01 23:29:51,324] {scheduler_job.py:190} INFO - Processing /home/airflow/sandbox/lib/python3.8/site-packages/airflow/example_dags/example_dag_decorator.py took 0.251 seconds
[2022-04-01 23:30:24,220] {scheduler_job.py:182} INFO - Started process (PID=4858) to work on /home/airflow/sandbox/lib/python3.8/site-packages/airflow/example_dags/example_dag_decorator.py
[2022-04-01 23:30:24,221] {scheduler_job.py:633} INFO - Processing file /home/airflow/sandbox/lib/python3.8/site-packages/airflow/example_dags/example_dag_decorator.py for tasks to queue
[2022-04-01 23:30:24,221] {logging_mixin.py:104} INFO - [2022-04-01 23:30:24,221] {dagbag.py:487} INFO - Filling up the DagBag from /home/airflow/sandbox/lib/python3.8/site-packages/airflow/example_dags/example_dag_decorator.py
[2022-04-01 23:30:24,236] {scheduler_job.py:643} INFO - DAG(s) dict_keys(['example_dag_decorator']) retrieved from /home/airflow/sandbox/lib/python3.8/site-packages/airflow/example_dags/example_dag_decorator.py
[2022-04-01 23:30:24,422] {logging_mixin.py:104} INFO - [2022-04-01 23:30:24,422] {dag.py:1832} INFO - Sync 1 DAGs
[2022-04-01 23:30:24,433] {logging_mixin.py:104} INFO - [2022-04-01 23:30:24,433] {dag.py:2305} INFO - Setting next_dagrun for example_dag_decorator to None
[2022-04-01 23:30:24,518] {scheduler_job.py:190} INFO - Processing /home/airflow/sandbox/lib/python3.8/site-packages/airflow/example_dags/example_dag_decorator.py took 0.300 seconds
[2022-04-01 23:30:57,048] {scheduler_job.py:182} INFO - Started process (PID=4890) to work on /home/airflow/sandbox/lib/python3.8/site-packages/airflow/example_dags/example_dag_decorator.py
[2022-04-01 23:30:57,049] {scheduler_job.py:633} INFO - Processing file /home/airflow/sandbox/lib/python3.8/site-packages/airflow/example_dags/example_dag_decorator.py for tasks to queue
[2022-04-01 23:30:57,049] {logging_mixin.py:104} INFO - [2022-04-01 23:30:57,049] {dagbag.py:487} INFO - Filling up the DagBag from /home/airflow/sandbox/lib/python3.8/site-packages/airflow/example_dags/example_dag_decorator.py
[2022-04-01 23:30:57,060] {scheduler_job.py:643} INFO - DAG(s) dict_keys(['example_dag_decorator']) retrieved from /home/airflow/sandbox/lib/python3.8/site-packages/airflow/example_dags/example_dag_decorator.py
[2022-04-01 23:30:57,231] {logging_mixin.py:104} INFO - [2022-04-01 23:30:57,231] {dag.py:1832} INFO - Sync 1 DAGs
[2022-04-01 23:30:57,240] {logging_mixin.py:104} INFO - [2022-04-01 23:30:57,240] {dag.py:2305} INFO - Setting next_dagrun for example_dag_decorator to None
[2022-04-01 23:30:57,329] {scheduler_job.py:190} INFO - Processing /home/airflow/sandbox/lib/python3.8/site-packages/airflow/example_dags/example_dag_decorator.py took 0.283 seconds
[2022-04-01 23:57:00,546] {scheduler_job.py:182} INFO - Started process (PID=6841) to work on /home/airflow/sandbox/lib/python3.8/site-packages/airflow/example_dags/example_dag_decorator.py
[2022-04-01 23:57:00,547] {scheduler_job.py:633} INFO - Processing file /home/airflow/sandbox/lib/python3.8/site-packages/airflow/example_dags/example_dag_decorator.py for tasks to queue
[2022-04-01 23:57:00,547] {logging_mixin.py:104} INFO - [2022-04-01 23:57:00,547] {dagbag.py:487} INFO - Filling up the DagBag from /home/airflow/sandbox/lib/python3.8/site-packages/airflow/example_dags/example_dag_decorator.py
[2022-04-01 23:57:00,565] {scheduler_job.py:643} INFO - DAG(s) dict_keys(['example_dag_decorator']) retrieved from /home/airflow/sandbox/lib/python3.8/site-packages/airflow/example_dags/example_dag_decorator.py
[2022-04-01 23:57:00,797] {logging_mixin.py:104} INFO - [2022-04-01 23:57:00,797] {dag.py:1832} INFO - Sync 1 DAGs
[2022-04-01 23:57:00,802] {logging_mixin.py:104} INFO - [2022-04-01 23:57:00,802] {dag.py:2305} INFO - Setting next_dagrun for example_dag_decorator to None
[2022-04-01 23:57:00,877] {scheduler_job.py:190} INFO - Processing /home/airflow/sandbox/lib/python3.8/site-packages/airflow/example_dags/example_dag_decorator.py took 0.333 seconds
[2022-04-01 23:57:34,230] {scheduler_job.py:182} INFO - Started process (PID=6873) to work on /home/airflow/sandbox/lib/python3.8/site-packages/airflow/example_dags/example_dag_decorator.py
[2022-04-01 23:57:34,231] {scheduler_job.py:633} INFO - Processing file /home/airflow/sandbox/lib/python3.8/site-packages/airflow/example_dags/example_dag_decorator.py for tasks to queue
[2022-04-01 23:57:34,232] {logging_mixin.py:104} INFO - [2022-04-01 23:57:34,231] {dagbag.py:487} INFO - Filling up the DagBag from /home/airflow/sandbox/lib/python3.8/site-packages/airflow/example_dags/example_dag_decorator.py
[2022-04-01 23:57:34,242] {scheduler_job.py:643} INFO - DAG(s) dict_keys(['example_dag_decorator']) retrieved from /home/airflow/sandbox/lib/python3.8/site-packages/airflow/example_dags/example_dag_decorator.py
[2022-04-01 23:57:34,414] {logging_mixin.py:104} INFO - [2022-04-01 23:57:34,414] {dag.py:1832} INFO - Sync 1 DAGs
[2022-04-01 23:57:34,419] {logging_mixin.py:104} INFO - [2022-04-01 23:57:34,419] {dag.py:2305} INFO - Setting next_dagrun for example_dag_decorator to None
[2022-04-01 23:57:34,466] {scheduler_job.py:190} INFO - Processing /home/airflow/sandbox/lib/python3.8/site-packages/airflow/example_dags/example_dag_decorator.py took 0.238 seconds
[2022-04-01 23:58:08,423] {scheduler_job.py:182} INFO - Started process (PID=6905) to work on /home/airflow/sandbox/lib/python3.8/site-packages/airflow/example_dags/example_dag_decorator.py
[2022-04-01 23:58:08,424] {scheduler_job.py:633} INFO - Processing file /home/airflow/sandbox/lib/python3.8/site-packages/airflow/example_dags/example_dag_decorator.py for tasks to queue
[2022-04-01 23:58:08,424] {logging_mixin.py:104} INFO - [2022-04-01 23:58:08,424] {dagbag.py:487} INFO - Filling up the DagBag from /home/airflow/sandbox/lib/python3.8/site-packages/airflow/example_dags/example_dag_decorator.py
[2022-04-01 23:58:08,435] {scheduler_job.py:643} INFO - DAG(s) dict_keys(['example_dag_decorator']) retrieved from /home/airflow/sandbox/lib/python3.8/site-packages/airflow/example_dags/example_dag_decorator.py
[2022-04-01 23:58:08,605] {logging_mixin.py:104} INFO - [2022-04-01 23:58:08,605] {dag.py:1832} INFO - Sync 1 DAGs
[2022-04-01 23:58:08,611] {logging_mixin.py:104} INFO - [2022-04-01 23:58:08,610] {dag.py:2305} INFO - Setting next_dagrun for example_dag_decorator to None
[2022-04-01 23:58:08,680] {scheduler_job.py:190} INFO - Processing /home/airflow/sandbox/lib/python3.8/site-packages/airflow/example_dags/example_dag_decorator.py took 0.259 seconds
[2022-04-01 23:58:43,320] {scheduler_job.py:182} INFO - Started process (PID=6965) to work on /home/airflow/sandbox/lib/python3.8/site-packages/airflow/example_dags/example_dag_decorator.py
[2022-04-01 23:58:43,321] {scheduler_job.py:633} INFO - Processing file /home/airflow/sandbox/lib/python3.8/site-packages/airflow/example_dags/example_dag_decorator.py for tasks to queue
[2022-04-01 23:58:43,321] {logging_mixin.py:104} INFO - [2022-04-01 23:58:43,321] {dagbag.py:487} INFO - Filling up the DagBag from /home/airflow/sandbox/lib/python3.8/site-packages/airflow/example_dags/example_dag_decorator.py
[2022-04-01 23:58:43,333] {scheduler_job.py:643} INFO - DAG(s) dict_keys(['example_dag_decorator']) retrieved from /home/airflow/sandbox/lib/python3.8/site-packages/airflow/example_dags/example_dag_decorator.py
[2022-04-01 23:58:43,501] {logging_mixin.py:104} INFO - [2022-04-01 23:58:43,501] {dag.py:1832} INFO - Sync 1 DAGs
[2022-04-01 23:58:43,507] {logging_mixin.py:104} INFO - [2022-04-01 23:58:43,507] {dag.py:2305} INFO - Setting next_dagrun for example_dag_decorator to None
[2022-04-01 23:58:43,576] {scheduler_job.py:190} INFO - Processing /home/airflow/sandbox/lib/python3.8/site-packages/airflow/example_dags/example_dag_decorator.py took 0.257 seconds
[2022-04-01 23:59:17,143] {scheduler_job.py:182} INFO - Started process (PID=7013) to work on /home/airflow/sandbox/lib/python3.8/site-packages/airflow/example_dags/example_dag_decorator.py
[2022-04-01 23:59:17,143] {scheduler_job.py:633} INFO - Processing file /home/airflow/sandbox/lib/python3.8/site-packages/airflow/example_dags/example_dag_decorator.py for tasks to queue
[2022-04-01 23:59:17,144] {logging_mixin.py:104} INFO - [2022-04-01 23:59:17,144] {dagbag.py:487} INFO - Filling up the DagBag from /home/airflow/sandbox/lib/python3.8/site-packages/airflow/example_dags/example_dag_decorator.py
[2022-04-01 23:59:17,158] {scheduler_job.py:643} INFO - DAG(s) dict_keys(['example_dag_decorator']) retrieved from /home/airflow/sandbox/lib/python3.8/site-packages/airflow/example_dags/example_dag_decorator.py
[2022-04-01 23:59:17,333] {logging_mixin.py:104} INFO - [2022-04-01 23:59:17,333] {dag.py:1832} INFO - Sync 1 DAGs
[2022-04-01 23:59:17,339] {logging_mixin.py:104} INFO - [2022-04-01 23:59:17,339] {dag.py:2305} INFO - Setting next_dagrun for example_dag_decorator to None
[2022-04-01 23:59:17,387] {scheduler_job.py:190} INFO - Processing /home/airflow/sandbox/lib/python3.8/site-packages/airflow/example_dags/example_dag_decorator.py took 0.246 seconds
