[2022-04-01 23:28:30,409] {scheduler_job.py:182} INFO - Started process (PID=4382) to work on /home/airflow/sandbox/lib/python3.8/site-packages/airflow/example_dags/example_kubernetes_executor.py
[2022-04-01 23:28:30,411] {scheduler_job.py:633} INFO - Processing file /home/airflow/sandbox/lib/python3.8/site-packages/airflow/example_dags/example_kubernetes_executor.py for tasks to queue
[2022-04-01 23:28:30,412] {logging_mixin.py:104} INFO - [2022-04-01 23:28:30,412] {dagbag.py:487} INFO - Filling up the DagBag from /home/airflow/sandbox/lib/python3.8/site-packages/airflow/example_dags/example_kubernetes_executor.py
[2022-04-01 23:28:30,424] {scheduler_job.py:643} INFO - DAG(s) dict_keys(['example_kubernetes_executor']) retrieved from /home/airflow/sandbox/lib/python3.8/site-packages/airflow/example_dags/example_kubernetes_executor.py
[2022-04-01 23:28:30,448] {logging_mixin.py:104} INFO - [2022-04-01 23:28:30,447] {dag.py:1832} INFO - Sync 1 DAGs
[2022-04-01 23:28:30,461] {logging_mixin.py:104} INFO - [2022-04-01 23:28:30,461] {dag.py:2305} INFO - Setting next_dagrun for example_kubernetes_executor to None
[2022-04-01 23:28:30,499] {scheduler_job.py:190} INFO - Processing /home/airflow/sandbox/lib/python3.8/site-packages/airflow/example_dags/example_kubernetes_executor.py took 0.092 seconds
[2022-04-01 23:29:03,120] {scheduler_job.py:182} INFO - Started process (PID=4563) to work on /home/airflow/sandbox/lib/python3.8/site-packages/airflow/example_dags/example_kubernetes_executor.py
[2022-04-01 23:29:03,120] {scheduler_job.py:633} INFO - Processing file /home/airflow/sandbox/lib/python3.8/site-packages/airflow/example_dags/example_kubernetes_executor.py for tasks to queue
[2022-04-01 23:29:03,121] {logging_mixin.py:104} INFO - [2022-04-01 23:29:03,121] {dagbag.py:487} INFO - Filling up the DagBag from /home/airflow/sandbox/lib/python3.8/site-packages/airflow/example_dags/example_kubernetes_executor.py
[2022-04-01 23:29:03,129] {scheduler_job.py:643} INFO - DAG(s) dict_keys(['example_kubernetes_executor']) retrieved from /home/airflow/sandbox/lib/python3.8/site-packages/airflow/example_dags/example_kubernetes_executor.py
[2022-04-01 23:29:03,139] {logging_mixin.py:104} INFO - [2022-04-01 23:29:03,139] {dag.py:1832} INFO - Sync 1 DAGs
[2022-04-01 23:29:03,146] {logging_mixin.py:104} INFO - [2022-04-01 23:29:03,146] {dag.py:2305} INFO - Setting next_dagrun for example_kubernetes_executor to None
[2022-04-01 23:29:03,178] {scheduler_job.py:190} INFO - Processing /home/airflow/sandbox/lib/python3.8/site-packages/airflow/example_dags/example_kubernetes_executor.py took 0.060 seconds
[2022-04-01 23:29:35,581] {scheduler_job.py:182} INFO - Started process (PID=4663) to work on /home/airflow/sandbox/lib/python3.8/site-packages/airflow/example_dags/example_kubernetes_executor.py
[2022-04-01 23:29:35,582] {scheduler_job.py:633} INFO - Processing file /home/airflow/sandbox/lib/python3.8/site-packages/airflow/example_dags/example_kubernetes_executor.py for tasks to queue
[2022-04-01 23:29:35,583] {logging_mixin.py:104} INFO - [2022-04-01 23:29:35,582] {dagbag.py:487} INFO - Filling up the DagBag from /home/airflow/sandbox/lib/python3.8/site-packages/airflow/example_dags/example_kubernetes_executor.py
[2022-04-01 23:29:35,589] {scheduler_job.py:643} INFO - DAG(s) dict_keys(['example_kubernetes_executor']) retrieved from /home/airflow/sandbox/lib/python3.8/site-packages/airflow/example_dags/example_kubernetes_executor.py
[2022-04-01 23:29:35,598] {logging_mixin.py:104} INFO - [2022-04-01 23:29:35,598] {dag.py:1832} INFO - Sync 1 DAGs
[2022-04-01 23:29:35,605] {logging_mixin.py:104} INFO - [2022-04-01 23:29:35,605] {dag.py:2305} INFO - Setting next_dagrun for example_kubernetes_executor to None
[2022-04-01 23:29:35,697] {scheduler_job.py:190} INFO - Processing /home/airflow/sandbox/lib/python3.8/site-packages/airflow/example_dags/example_kubernetes_executor.py took 0.118 seconds
[2022-04-01 23:30:07,642] {scheduler_job.py:182} INFO - Started process (PID=4814) to work on /home/airflow/sandbox/lib/python3.8/site-packages/airflow/example_dags/example_kubernetes_executor.py
[2022-04-01 23:30:07,643] {scheduler_job.py:633} INFO - Processing file /home/airflow/sandbox/lib/python3.8/site-packages/airflow/example_dags/example_kubernetes_executor.py for tasks to queue
[2022-04-01 23:30:07,643] {logging_mixin.py:104} INFO - [2022-04-01 23:30:07,643] {dagbag.py:487} INFO - Filling up the DagBag from /home/airflow/sandbox/lib/python3.8/site-packages/airflow/example_dags/example_kubernetes_executor.py
[2022-04-01 23:30:07,651] {scheduler_job.py:643} INFO - DAG(s) dict_keys(['example_kubernetes_executor']) retrieved from /home/airflow/sandbox/lib/python3.8/site-packages/airflow/example_dags/example_kubernetes_executor.py
[2022-04-01 23:30:07,659] {logging_mixin.py:104} INFO - [2022-04-01 23:30:07,659] {dag.py:1832} INFO - Sync 1 DAGs
[2022-04-01 23:30:07,666] {logging_mixin.py:104} INFO - [2022-04-01 23:30:07,666] {dag.py:2305} INFO - Setting next_dagrun for example_kubernetes_executor to None
[2022-04-01 23:30:07,775] {scheduler_job.py:190} INFO - Processing /home/airflow/sandbox/lib/python3.8/site-packages/airflow/example_dags/example_kubernetes_executor.py took 0.134 seconds
[2022-04-01 23:30:40,821] {scheduler_job.py:182} INFO - Started process (PID=4874) to work on /home/airflow/sandbox/lib/python3.8/site-packages/airflow/example_dags/example_kubernetes_executor.py
[2022-04-01 23:30:40,821] {scheduler_job.py:633} INFO - Processing file /home/airflow/sandbox/lib/python3.8/site-packages/airflow/example_dags/example_kubernetes_executor.py for tasks to queue
[2022-04-01 23:30:40,824] {logging_mixin.py:104} INFO - [2022-04-01 23:30:40,823] {dagbag.py:487} INFO - Filling up the DagBag from /home/airflow/sandbox/lib/python3.8/site-packages/airflow/example_dags/example_kubernetes_executor.py
[2022-04-01 23:30:40,833] {scheduler_job.py:643} INFO - DAG(s) dict_keys(['example_kubernetes_executor']) retrieved from /home/airflow/sandbox/lib/python3.8/site-packages/airflow/example_dags/example_kubernetes_executor.py
[2022-04-01 23:30:40,848] {logging_mixin.py:104} INFO - [2022-04-01 23:30:40,848] {dag.py:1832} INFO - Sync 1 DAGs
[2022-04-01 23:30:40,855] {logging_mixin.py:104} INFO - [2022-04-01 23:30:40,855] {dag.py:2305} INFO - Setting next_dagrun for example_kubernetes_executor to None
[2022-04-01 23:30:40,915] {scheduler_job.py:190} INFO - Processing /home/airflow/sandbox/lib/python3.8/site-packages/airflow/example_dags/example_kubernetes_executor.py took 0.097 seconds
[2022-04-01 23:56:43,779] {scheduler_job.py:182} INFO - Started process (PID=6826) to work on /home/airflow/sandbox/lib/python3.8/site-packages/airflow/example_dags/example_kubernetes_executor.py
[2022-04-01 23:56:43,782] {scheduler_job.py:633} INFO - Processing file /home/airflow/sandbox/lib/python3.8/site-packages/airflow/example_dags/example_kubernetes_executor.py for tasks to queue
[2022-04-01 23:56:43,783] {logging_mixin.py:104} INFO - [2022-04-01 23:56:43,783] {dagbag.py:487} INFO - Filling up the DagBag from /home/airflow/sandbox/lib/python3.8/site-packages/airflow/example_dags/example_kubernetes_executor.py
[2022-04-01 23:56:43,791] {scheduler_job.py:643} INFO - DAG(s) dict_keys(['example_kubernetes_executor']) retrieved from /home/airflow/sandbox/lib/python3.8/site-packages/airflow/example_dags/example_kubernetes_executor.py
[2022-04-01 23:56:43,805] {logging_mixin.py:104} INFO - [2022-04-01 23:56:43,804] {dag.py:1832} INFO - Sync 1 DAGs
[2022-04-01 23:56:43,813] {logging_mixin.py:104} INFO - [2022-04-01 23:56:43,813] {dag.py:2305} INFO - Setting next_dagrun for example_kubernetes_executor to None
[2022-04-01 23:56:43,881] {scheduler_job.py:190} INFO - Processing /home/airflow/sandbox/lib/python3.8/site-packages/airflow/example_dags/example_kubernetes_executor.py took 0.104 seconds
[2022-04-01 23:57:18,060] {scheduler_job.py:182} INFO - Started process (PID=6858) to work on /home/airflow/sandbox/lib/python3.8/site-packages/airflow/example_dags/example_kubernetes_executor.py
[2022-04-01 23:57:18,061] {scheduler_job.py:633} INFO - Processing file /home/airflow/sandbox/lib/python3.8/site-packages/airflow/example_dags/example_kubernetes_executor.py for tasks to queue
[2022-04-01 23:57:18,062] {logging_mixin.py:104} INFO - [2022-04-01 23:57:18,061] {dagbag.py:487} INFO - Filling up the DagBag from /home/airflow/sandbox/lib/python3.8/site-packages/airflow/example_dags/example_kubernetes_executor.py
[2022-04-01 23:57:18,071] {scheduler_job.py:643} INFO - DAG(s) dict_keys(['example_kubernetes_executor']) retrieved from /home/airflow/sandbox/lib/python3.8/site-packages/airflow/example_dags/example_kubernetes_executor.py
[2022-04-01 23:57:18,084] {logging_mixin.py:104} INFO - [2022-04-01 23:57:18,083] {dag.py:1832} INFO - Sync 1 DAGs
[2022-04-01 23:57:18,092] {logging_mixin.py:104} INFO - [2022-04-01 23:57:18,092] {dag.py:2305} INFO - Setting next_dagrun for example_kubernetes_executor to None
[2022-04-01 23:57:18,147] {scheduler_job.py:190} INFO - Processing /home/airflow/sandbox/lib/python3.8/site-packages/airflow/example_dags/example_kubernetes_executor.py took 0.091 seconds
[2022-04-01 23:57:52,647] {scheduler_job.py:182} INFO - Started process (PID=6890) to work on /home/airflow/sandbox/lib/python3.8/site-packages/airflow/example_dags/example_kubernetes_executor.py
[2022-04-01 23:57:52,647] {scheduler_job.py:633} INFO - Processing file /home/airflow/sandbox/lib/python3.8/site-packages/airflow/example_dags/example_kubernetes_executor.py for tasks to queue
[2022-04-01 23:57:52,648] {logging_mixin.py:104} INFO - [2022-04-01 23:57:52,648] {dagbag.py:487} INFO - Filling up the DagBag from /home/airflow/sandbox/lib/python3.8/site-packages/airflow/example_dags/example_kubernetes_executor.py
[2022-04-01 23:57:52,655] {scheduler_job.py:643} INFO - DAG(s) dict_keys(['example_kubernetes_executor']) retrieved from /home/airflow/sandbox/lib/python3.8/site-packages/airflow/example_dags/example_kubernetes_executor.py
[2022-04-01 23:57:52,665] {logging_mixin.py:104} INFO - [2022-04-01 23:57:52,665] {dag.py:1832} INFO - Sync 1 DAGs
[2022-04-01 23:57:52,673] {logging_mixin.py:104} INFO - [2022-04-01 23:57:52,673] {dag.py:2305} INFO - Setting next_dagrun for example_kubernetes_executor to None
[2022-04-01 23:57:52,703] {scheduler_job.py:190} INFO - Processing /home/airflow/sandbox/lib/python3.8/site-packages/airflow/example_dags/example_kubernetes_executor.py took 0.058 seconds
[2022-04-01 23:58:26,669] {scheduler_job.py:182} INFO - Started process (PID=6923) to work on /home/airflow/sandbox/lib/python3.8/site-packages/airflow/example_dags/example_kubernetes_executor.py
[2022-04-01 23:58:26,670] {scheduler_job.py:633} INFO - Processing file /home/airflow/sandbox/lib/python3.8/site-packages/airflow/example_dags/example_kubernetes_executor.py for tasks to queue
[2022-04-01 23:58:26,671] {logging_mixin.py:104} INFO - [2022-04-01 23:58:26,671] {dagbag.py:487} INFO - Filling up the DagBag from /home/airflow/sandbox/lib/python3.8/site-packages/airflow/example_dags/example_kubernetes_executor.py
[2022-04-01 23:58:26,678] {scheduler_job.py:643} INFO - DAG(s) dict_keys(['example_kubernetes_executor']) retrieved from /home/airflow/sandbox/lib/python3.8/site-packages/airflow/example_dags/example_kubernetes_executor.py
[2022-04-01 23:58:26,688] {logging_mixin.py:104} INFO - [2022-04-01 23:58:26,688] {dag.py:1832} INFO - Sync 1 DAGs
[2022-04-01 23:58:26,695] {logging_mixin.py:104} INFO - [2022-04-01 23:58:26,695] {dag.py:2305} INFO - Setting next_dagrun for example_kubernetes_executor to None
[2022-04-01 23:58:26,754] {scheduler_job.py:190} INFO - Processing /home/airflow/sandbox/lib/python3.8/site-packages/airflow/example_dags/example_kubernetes_executor.py took 0.088 seconds
[2022-04-01 23:58:59,103] {scheduler_job.py:182} INFO - Started process (PID=6996) to work on /home/airflow/sandbox/lib/python3.8/site-packages/airflow/example_dags/example_kubernetes_executor.py
[2022-04-01 23:58:59,104] {scheduler_job.py:633} INFO - Processing file /home/airflow/sandbox/lib/python3.8/site-packages/airflow/example_dags/example_kubernetes_executor.py for tasks to queue
[2022-04-01 23:58:59,105] {logging_mixin.py:104} INFO - [2022-04-01 23:58:59,105] {dagbag.py:487} INFO - Filling up the DagBag from /home/airflow/sandbox/lib/python3.8/site-packages/airflow/example_dags/example_kubernetes_executor.py
[2022-04-01 23:58:59,113] {scheduler_job.py:643} INFO - DAG(s) dict_keys(['example_kubernetes_executor']) retrieved from /home/airflow/sandbox/lib/python3.8/site-packages/airflow/example_dags/example_kubernetes_executor.py
[2022-04-01 23:58:59,124] {logging_mixin.py:104} INFO - [2022-04-01 23:58:59,124] {dag.py:1832} INFO - Sync 1 DAGs
[2022-04-01 23:58:59,132] {logging_mixin.py:104} INFO - [2022-04-01 23:58:59,132] {dag.py:2305} INFO - Setting next_dagrun for example_kubernetes_executor to None
[2022-04-01 23:58:59,199] {scheduler_job.py:190} INFO - Processing /home/airflow/sandbox/lib/python3.8/site-packages/airflow/example_dags/example_kubernetes_executor.py took 0.098 seconds
[2022-04-01 23:59:33,142] {scheduler_job.py:182} INFO - Started process (PID=7080) to work on /home/airflow/sandbox/lib/python3.8/site-packages/airflow/example_dags/example_kubernetes_executor.py
[2022-04-01 23:59:33,142] {scheduler_job.py:633} INFO - Processing file /home/airflow/sandbox/lib/python3.8/site-packages/airflow/example_dags/example_kubernetes_executor.py for tasks to queue
[2022-04-01 23:59:33,143] {logging_mixin.py:104} INFO - [2022-04-01 23:59:33,143] {dagbag.py:487} INFO - Filling up the DagBag from /home/airflow/sandbox/lib/python3.8/site-packages/airflow/example_dags/example_kubernetes_executor.py
[2022-04-01 23:59:33,150] {scheduler_job.py:643} INFO - DAG(s) dict_keys(['example_kubernetes_executor']) retrieved from /home/airflow/sandbox/lib/python3.8/site-packages/airflow/example_dags/example_kubernetes_executor.py
[2022-04-01 23:59:33,159] {logging_mixin.py:104} INFO - [2022-04-01 23:59:33,159] {dag.py:1832} INFO - Sync 1 DAGs
[2022-04-01 23:59:33,166] {logging_mixin.py:104} INFO - [2022-04-01 23:59:33,166] {dag.py:2305} INFO - Setting next_dagrun for example_kubernetes_executor to None
[2022-04-01 23:59:33,237] {scheduler_job.py:190} INFO - Processing /home/airflow/sandbox/lib/python3.8/site-packages/airflow/example_dags/example_kubernetes_executor.py took 0.098 seconds
