[2022-04-01 23:28:47,388] {scheduler_job.py:182} INFO - Started process (PID=4482) to work on /home/airflow/sandbox/lib/python3.8/site-packages/airflow/example_dags/example_nested_branch_dag.py
[2022-04-01 23:28:47,389] {scheduler_job.py:633} INFO - Processing file /home/airflow/sandbox/lib/python3.8/site-packages/airflow/example_dags/example_nested_branch_dag.py for tasks to queue
[2022-04-01 23:28:47,390] {logging_mixin.py:104} INFO - [2022-04-01 23:28:47,390] {dagbag.py:487} INFO - Filling up the DagBag from /home/airflow/sandbox/lib/python3.8/site-packages/airflow/example_dags/example_nested_branch_dag.py
[2022-04-01 23:28:47,399] {scheduler_job.py:643} INFO - DAG(s) dict_keys(['example_nested_branch_dag']) retrieved from /home/airflow/sandbox/lib/python3.8/site-packages/airflow/example_dags/example_nested_branch_dag.py
[2022-04-01 23:28:47,413] {logging_mixin.py:104} INFO - [2022-04-01 23:28:47,412] {dag.py:1832} INFO - Sync 1 DAGs
[2022-04-01 23:28:47,430] {logging_mixin.py:104} INFO - [2022-04-01 23:28:47,430] {dag.py:2305} INFO - Setting next_dagrun for example_nested_branch_dag to 2022-03-30 00:00:00+00:00
[2022-04-01 23:28:47,763] {scheduler_job.py:190} INFO - Processing /home/airflow/sandbox/lib/python3.8/site-packages/airflow/example_dags/example_nested_branch_dag.py took 0.378 seconds
[2022-04-01 23:29:19,967] {scheduler_job.py:182} INFO - Started process (PID=4629) to work on /home/airflow/sandbox/lib/python3.8/site-packages/airflow/example_dags/example_nested_branch_dag.py
[2022-04-01 23:29:19,968] {scheduler_job.py:633} INFO - Processing file /home/airflow/sandbox/lib/python3.8/site-packages/airflow/example_dags/example_nested_branch_dag.py for tasks to queue
[2022-04-01 23:29:19,968] {logging_mixin.py:104} INFO - [2022-04-01 23:29:19,968] {dagbag.py:487} INFO - Filling up the DagBag from /home/airflow/sandbox/lib/python3.8/site-packages/airflow/example_dags/example_nested_branch_dag.py
[2022-04-01 23:29:19,977] {scheduler_job.py:643} INFO - DAG(s) dict_keys(['example_nested_branch_dag']) retrieved from /home/airflow/sandbox/lib/python3.8/site-packages/airflow/example_dags/example_nested_branch_dag.py
[2022-04-01 23:29:19,986] {logging_mixin.py:104} INFO - [2022-04-01 23:29:19,986] {dag.py:1832} INFO - Sync 1 DAGs
[2022-04-01 23:29:19,995] {logging_mixin.py:104} INFO - [2022-04-01 23:29:19,995] {dag.py:2305} INFO - Setting next_dagrun for example_nested_branch_dag to 2022-03-30 00:00:00+00:00
[2022-04-01 23:29:20,022] {scheduler_job.py:190} INFO - Processing /home/airflow/sandbox/lib/python3.8/site-packages/airflow/example_dags/example_nested_branch_dag.py took 0.056 seconds
[2022-04-01 23:29:52,418] {scheduler_job.py:182} INFO - Started process (PID=4740) to work on /home/airflow/sandbox/lib/python3.8/site-packages/airflow/example_dags/example_nested_branch_dag.py
[2022-04-01 23:29:52,419] {scheduler_job.py:633} INFO - Processing file /home/airflow/sandbox/lib/python3.8/site-packages/airflow/example_dags/example_nested_branch_dag.py for tasks to queue
[2022-04-01 23:29:52,420] {logging_mixin.py:104} INFO - [2022-04-01 23:29:52,420] {dagbag.py:487} INFO - Filling up the DagBag from /home/airflow/sandbox/lib/python3.8/site-packages/airflow/example_dags/example_nested_branch_dag.py
[2022-04-01 23:29:52,428] {scheduler_job.py:643} INFO - DAG(s) dict_keys(['example_nested_branch_dag']) retrieved from /home/airflow/sandbox/lib/python3.8/site-packages/airflow/example_dags/example_nested_branch_dag.py
[2022-04-01 23:29:52,437] {logging_mixin.py:104} INFO - [2022-04-01 23:29:52,437] {dag.py:1832} INFO - Sync 1 DAGs
[2022-04-01 23:29:52,445] {logging_mixin.py:104} INFO - [2022-04-01 23:29:52,445] {dag.py:2305} INFO - Setting next_dagrun for example_nested_branch_dag to 2022-03-30 00:00:00+00:00
[2022-04-01 23:29:52,523] {scheduler_job.py:190} INFO - Processing /home/airflow/sandbox/lib/python3.8/site-packages/airflow/example_dags/example_nested_branch_dag.py took 0.107 seconds
[2022-04-01 23:30:25,563] {scheduler_job.py:182} INFO - Started process (PID=4859) to work on /home/airflow/sandbox/lib/python3.8/site-packages/airflow/example_dags/example_nested_branch_dag.py
[2022-04-01 23:30:25,564] {scheduler_job.py:633} INFO - Processing file /home/airflow/sandbox/lib/python3.8/site-packages/airflow/example_dags/example_nested_branch_dag.py for tasks to queue
[2022-04-01 23:30:25,564] {logging_mixin.py:104} INFO - [2022-04-01 23:30:25,564] {dagbag.py:487} INFO - Filling up the DagBag from /home/airflow/sandbox/lib/python3.8/site-packages/airflow/example_dags/example_nested_branch_dag.py
[2022-04-01 23:30:25,579] {scheduler_job.py:643} INFO - DAG(s) dict_keys(['example_nested_branch_dag']) retrieved from /home/airflow/sandbox/lib/python3.8/site-packages/airflow/example_dags/example_nested_branch_dag.py
[2022-04-01 23:30:25,588] {logging_mixin.py:104} INFO - [2022-04-01 23:30:25,588] {dag.py:1832} INFO - Sync 1 DAGs
[2022-04-01 23:30:25,598] {logging_mixin.py:104} INFO - [2022-04-01 23:30:25,597] {dag.py:2305} INFO - Setting next_dagrun for example_nested_branch_dag to 2022-03-30 00:00:00+00:00
[2022-04-01 23:30:25,652] {scheduler_job.py:190} INFO - Processing /home/airflow/sandbox/lib/python3.8/site-packages/airflow/example_dags/example_nested_branch_dag.py took 0.091 seconds
[2022-04-01 23:30:58,419] {scheduler_job.py:182} INFO - Started process (PID=4891) to work on /home/airflow/sandbox/lib/python3.8/site-packages/airflow/example_dags/example_nested_branch_dag.py
[2022-04-01 23:30:58,420] {scheduler_job.py:633} INFO - Processing file /home/airflow/sandbox/lib/python3.8/site-packages/airflow/example_dags/example_nested_branch_dag.py for tasks to queue
[2022-04-01 23:30:58,421] {logging_mixin.py:104} INFO - [2022-04-01 23:30:58,421] {dagbag.py:487} INFO - Filling up the DagBag from /home/airflow/sandbox/lib/python3.8/site-packages/airflow/example_dags/example_nested_branch_dag.py
[2022-04-01 23:30:58,432] {scheduler_job.py:643} INFO - DAG(s) dict_keys(['example_nested_branch_dag']) retrieved from /home/airflow/sandbox/lib/python3.8/site-packages/airflow/example_dags/example_nested_branch_dag.py
[2022-04-01 23:30:58,442] {logging_mixin.py:104} INFO - [2022-04-01 23:30:58,442] {dag.py:1832} INFO - Sync 1 DAGs
[2022-04-01 23:30:58,452] {logging_mixin.py:104} INFO - [2022-04-01 23:30:58,452] {dag.py:2305} INFO - Setting next_dagrun for example_nested_branch_dag to 2022-03-30 00:00:00+00:00
[2022-04-01 23:30:58,519] {scheduler_job.py:190} INFO - Processing /home/airflow/sandbox/lib/python3.8/site-packages/airflow/example_dags/example_nested_branch_dag.py took 0.102 seconds
[2022-04-01 23:57:02,019] {scheduler_job.py:182} INFO - Started process (PID=6842) to work on /home/airflow/sandbox/lib/python3.8/site-packages/airflow/example_dags/example_nested_branch_dag.py
[2022-04-01 23:57:02,037] {scheduler_job.py:633} INFO - Processing file /home/airflow/sandbox/lib/python3.8/site-packages/airflow/example_dags/example_nested_branch_dag.py for tasks to queue
[2022-04-01 23:57:02,038] {logging_mixin.py:104} INFO - [2022-04-01 23:57:02,037] {dagbag.py:487} INFO - Filling up the DagBag from /home/airflow/sandbox/lib/python3.8/site-packages/airflow/example_dags/example_nested_branch_dag.py
[2022-04-01 23:57:02,049] {scheduler_job.py:643} INFO - DAG(s) dict_keys(['example_nested_branch_dag']) retrieved from /home/airflow/sandbox/lib/python3.8/site-packages/airflow/example_dags/example_nested_branch_dag.py
[2022-04-01 23:57:02,072] {logging_mixin.py:104} INFO - [2022-04-01 23:57:02,072] {dag.py:1832} INFO - Sync 1 DAGs
[2022-04-01 23:57:02,104] {logging_mixin.py:104} INFO - [2022-04-01 23:57:02,104] {dag.py:2305} INFO - Setting next_dagrun for example_nested_branch_dag to 2022-03-30 00:00:00+00:00
[2022-04-01 23:57:02,194] {scheduler_job.py:190} INFO - Processing /home/airflow/sandbox/lib/python3.8/site-packages/airflow/example_dags/example_nested_branch_dag.py took 0.177 seconds
[2022-04-01 23:57:35,633] {scheduler_job.py:182} INFO - Started process (PID=6874) to work on /home/airflow/sandbox/lib/python3.8/site-packages/airflow/example_dags/example_nested_branch_dag.py
[2022-04-01 23:57:35,634] {scheduler_job.py:633} INFO - Processing file /home/airflow/sandbox/lib/python3.8/site-packages/airflow/example_dags/example_nested_branch_dag.py for tasks to queue
[2022-04-01 23:57:35,635] {logging_mixin.py:104} INFO - [2022-04-01 23:57:35,635] {dagbag.py:487} INFO - Filling up the DagBag from /home/airflow/sandbox/lib/python3.8/site-packages/airflow/example_dags/example_nested_branch_dag.py
[2022-04-01 23:57:35,643] {scheduler_job.py:643} INFO - DAG(s) dict_keys(['example_nested_branch_dag']) retrieved from /home/airflow/sandbox/lib/python3.8/site-packages/airflow/example_dags/example_nested_branch_dag.py
[2022-04-01 23:57:35,651] {logging_mixin.py:104} INFO - [2022-04-01 23:57:35,651] {dag.py:1832} INFO - Sync 1 DAGs
[2022-04-01 23:57:35,660] {logging_mixin.py:104} INFO - [2022-04-01 23:57:35,660] {dag.py:2305} INFO - Setting next_dagrun for example_nested_branch_dag to 2022-03-30 00:00:00+00:00
[2022-04-01 23:57:35,688] {scheduler_job.py:190} INFO - Processing /home/airflow/sandbox/lib/python3.8/site-packages/airflow/example_dags/example_nested_branch_dag.py took 0.056 seconds
[2022-04-01 23:58:12,348] {scheduler_job.py:182} INFO - Started process (PID=6908) to work on /home/airflow/sandbox/lib/python3.8/site-packages/airflow/example_dags/example_nested_branch_dag.py
[2022-04-01 23:58:12,349] {scheduler_job.py:633} INFO - Processing file /home/airflow/sandbox/lib/python3.8/site-packages/airflow/example_dags/example_nested_branch_dag.py for tasks to queue
[2022-04-01 23:58:12,349] {logging_mixin.py:104} INFO - [2022-04-01 23:58:12,349] {dagbag.py:487} INFO - Filling up the DagBag from /home/airflow/sandbox/lib/python3.8/site-packages/airflow/example_dags/example_nested_branch_dag.py
[2022-04-01 23:58:12,359] {scheduler_job.py:643} INFO - DAG(s) dict_keys(['example_nested_branch_dag']) retrieved from /home/airflow/sandbox/lib/python3.8/site-packages/airflow/example_dags/example_nested_branch_dag.py
[2022-04-01 23:58:12,369] {logging_mixin.py:104} INFO - [2022-04-01 23:58:12,369] {dag.py:1832} INFO - Sync 1 DAGs
[2022-04-01 23:58:12,379] {logging_mixin.py:104} INFO - [2022-04-01 23:58:12,379] {dag.py:2305} INFO - Setting next_dagrun for example_nested_branch_dag to 2022-03-30 00:00:00+00:00
[2022-04-01 23:58:12,431] {scheduler_job.py:190} INFO - Processing /home/airflow/sandbox/lib/python3.8/site-packages/airflow/example_dags/example_nested_branch_dag.py took 0.085 seconds
[2022-04-01 23:58:45,889] {scheduler_job.py:182} INFO - Started process (PID=6968) to work on /home/airflow/sandbox/lib/python3.8/site-packages/airflow/example_dags/example_nested_branch_dag.py
[2022-04-01 23:58:45,889] {scheduler_job.py:633} INFO - Processing file /home/airflow/sandbox/lib/python3.8/site-packages/airflow/example_dags/example_nested_branch_dag.py for tasks to queue
[2022-04-01 23:58:45,890] {logging_mixin.py:104} INFO - [2022-04-01 23:58:45,890] {dagbag.py:487} INFO - Filling up the DagBag from /home/airflow/sandbox/lib/python3.8/site-packages/airflow/example_dags/example_nested_branch_dag.py
[2022-04-01 23:58:45,899] {scheduler_job.py:643} INFO - DAG(s) dict_keys(['example_nested_branch_dag']) retrieved from /home/airflow/sandbox/lib/python3.8/site-packages/airflow/example_dags/example_nested_branch_dag.py
[2022-04-01 23:58:45,908] {logging_mixin.py:104} INFO - [2022-04-01 23:58:45,908] {dag.py:1832} INFO - Sync 1 DAGs
[2022-04-01 23:58:45,917] {logging_mixin.py:104} INFO - [2022-04-01 23:58:45,917] {dag.py:2305} INFO - Setting next_dagrun for example_nested_branch_dag to 2022-03-30 00:00:00+00:00
[2022-04-01 23:58:45,944] {scheduler_job.py:190} INFO - Processing /home/airflow/sandbox/lib/python3.8/site-packages/airflow/example_dags/example_nested_branch_dag.py took 0.057 seconds
[2022-04-01 23:59:18,484] {scheduler_job.py:182} INFO - Started process (PID=7021) to work on /home/airflow/sandbox/lib/python3.8/site-packages/airflow/example_dags/example_nested_branch_dag.py
[2022-04-01 23:59:18,484] {scheduler_job.py:633} INFO - Processing file /home/airflow/sandbox/lib/python3.8/site-packages/airflow/example_dags/example_nested_branch_dag.py for tasks to queue
[2022-04-01 23:59:18,485] {logging_mixin.py:104} INFO - [2022-04-01 23:59:18,485] {dagbag.py:487} INFO - Filling up the DagBag from /home/airflow/sandbox/lib/python3.8/site-packages/airflow/example_dags/example_nested_branch_dag.py
[2022-04-01 23:59:18,494] {scheduler_job.py:643} INFO - DAG(s) dict_keys(['example_nested_branch_dag']) retrieved from /home/airflow/sandbox/lib/python3.8/site-packages/airflow/example_dags/example_nested_branch_dag.py
[2022-04-01 23:59:18,504] {logging_mixin.py:104} INFO - [2022-04-01 23:59:18,504] {dag.py:1832} INFO - Sync 1 DAGs
[2022-04-01 23:59:18,515] {logging_mixin.py:104} INFO - [2022-04-01 23:59:18,515] {dag.py:2305} INFO - Setting next_dagrun for example_nested_branch_dag to 2022-03-30 00:00:00+00:00
[2022-04-01 23:59:18,565] {scheduler_job.py:190} INFO - Processing /home/airflow/sandbox/lib/python3.8/site-packages/airflow/example_dags/example_nested_branch_dag.py took 0.083 seconds
