[2022-04-01 23:28:21,873] {scheduler_job.py:182} INFO - Started process (PID=4323) to work on /home/airflow/sandbox/lib/python3.8/site-packages/airflow/example_dags/example_task_group_decorator.py
[2022-04-01 23:28:21,873] {scheduler_job.py:633} INFO - Processing file /home/airflow/sandbox/lib/python3.8/site-packages/airflow/example_dags/example_task_group_decorator.py for tasks to queue
[2022-04-01 23:28:21,874] {logging_mixin.py:104} INFO - [2022-04-01 23:28:21,874] {dagbag.py:487} INFO - Filling up the DagBag from /home/airflow/sandbox/lib/python3.8/site-packages/airflow/example_dags/example_task_group_decorator.py
[2022-04-01 23:28:21,891] {scheduler_job.py:643} INFO - DAG(s) dict_keys(['example_task_group_decorator']) retrieved from /home/airflow/sandbox/lib/python3.8/site-packages/airflow/example_dags/example_task_group_decorator.py
[2022-04-01 23:28:22,109] {logging_mixin.py:104} INFO - [2022-04-01 23:28:22,109] {dag.py:1832} INFO - Sync 1 DAGs
[2022-04-01 23:28:22,126] {logging_mixin.py:104} INFO - [2022-04-01 23:28:22,126] {dag.py:2305} INFO - Setting next_dagrun for example_task_group_decorator to 2022-03-30 00:00:00+00:00
[2022-04-01 23:28:22,167] {scheduler_job.py:190} INFO - Processing /home/airflow/sandbox/lib/python3.8/site-packages/airflow/example_dags/example_task_group_decorator.py took 0.298 seconds
[2022-04-01 23:28:54,794] {scheduler_job.py:182} INFO - Started process (PID=4529) to work on /home/airflow/sandbox/lib/python3.8/site-packages/airflow/example_dags/example_task_group_decorator.py
[2022-04-01 23:28:54,794] {scheduler_job.py:633} INFO - Processing file /home/airflow/sandbox/lib/python3.8/site-packages/airflow/example_dags/example_task_group_decorator.py for tasks to queue
[2022-04-01 23:28:54,795] {logging_mixin.py:104} INFO - [2022-04-01 23:28:54,795] {dagbag.py:487} INFO - Filling up the DagBag from /home/airflow/sandbox/lib/python3.8/site-packages/airflow/example_dags/example_task_group_decorator.py
[2022-04-01 23:28:54,808] {scheduler_job.py:643} INFO - DAG(s) dict_keys(['example_task_group_decorator']) retrieved from /home/airflow/sandbox/lib/python3.8/site-packages/airflow/example_dags/example_task_group_decorator.py
[2022-04-01 23:28:54,985] {logging_mixin.py:104} INFO - [2022-04-01 23:28:54,985] {dag.py:1832} INFO - Sync 1 DAGs
[2022-04-01 23:28:54,993] {logging_mixin.py:104} INFO - [2022-04-01 23:28:54,993] {dag.py:2305} INFO - Setting next_dagrun for example_task_group_decorator to 2022-03-30 00:00:00+00:00
[2022-04-01 23:28:55,083] {scheduler_job.py:190} INFO - Processing /home/airflow/sandbox/lib/python3.8/site-packages/airflow/example_dags/example_task_group_decorator.py took 0.292 seconds
[2022-04-01 23:29:27,292] {scheduler_job.py:182} INFO - Started process (PID=4636) to work on /home/airflow/sandbox/lib/python3.8/site-packages/airflow/example_dags/example_task_group_decorator.py
[2022-04-01 23:29:27,293] {scheduler_job.py:633} INFO - Processing file /home/airflow/sandbox/lib/python3.8/site-packages/airflow/example_dags/example_task_group_decorator.py for tasks to queue
[2022-04-01 23:29:27,293] {logging_mixin.py:104} INFO - [2022-04-01 23:29:27,293] {dagbag.py:487} INFO - Filling up the DagBag from /home/airflow/sandbox/lib/python3.8/site-packages/airflow/example_dags/example_task_group_decorator.py
[2022-04-01 23:29:27,306] {scheduler_job.py:643} INFO - DAG(s) dict_keys(['example_task_group_decorator']) retrieved from /home/airflow/sandbox/lib/python3.8/site-packages/airflow/example_dags/example_task_group_decorator.py
[2022-04-01 23:29:27,550] {logging_mixin.py:104} INFO - [2022-04-01 23:29:27,550] {dag.py:1832} INFO - Sync 1 DAGs
[2022-04-01 23:29:27,559] {logging_mixin.py:104} INFO - [2022-04-01 23:29:27,559] {dag.py:2305} INFO - Setting next_dagrun for example_task_group_decorator to 2022-03-30 00:00:00+00:00
[2022-04-01 23:29:27,632] {scheduler_job.py:190} INFO - Processing /home/airflow/sandbox/lib/python3.8/site-packages/airflow/example_dags/example_task_group_decorator.py took 0.342 seconds
[2022-04-01 23:29:58,883] {scheduler_job.py:182} INFO - Started process (PID=4768) to work on /home/airflow/sandbox/lib/python3.8/site-packages/airflow/example_dags/example_task_group_decorator.py
[2022-04-01 23:29:58,883] {scheduler_job.py:633} INFO - Processing file /home/airflow/sandbox/lib/python3.8/site-packages/airflow/example_dags/example_task_group_decorator.py for tasks to queue
[2022-04-01 23:29:58,884] {logging_mixin.py:104} INFO - [2022-04-01 23:29:58,884] {dagbag.py:487} INFO - Filling up the DagBag from /home/airflow/sandbox/lib/python3.8/site-packages/airflow/example_dags/example_task_group_decorator.py
[2022-04-01 23:29:58,897] {scheduler_job.py:643} INFO - DAG(s) dict_keys(['example_task_group_decorator']) retrieved from /home/airflow/sandbox/lib/python3.8/site-packages/airflow/example_dags/example_task_group_decorator.py
[2022-04-01 23:29:59,090] {logging_mixin.py:104} INFO - [2022-04-01 23:29:59,090] {dag.py:1832} INFO - Sync 1 DAGs
[2022-04-01 23:29:59,097] {logging_mixin.py:104} INFO - [2022-04-01 23:29:59,097] {dag.py:2305} INFO - Setting next_dagrun for example_task_group_decorator to 2022-03-30 00:00:00+00:00
[2022-04-01 23:29:59,128] {scheduler_job.py:190} INFO - Processing /home/airflow/sandbox/lib/python3.8/site-packages/airflow/example_dags/example_task_group_decorator.py took 0.247 seconds
[2022-04-01 23:30:30,902] {scheduler_job.py:182} INFO - Started process (PID=4865) to work on /home/airflow/sandbox/lib/python3.8/site-packages/airflow/example_dags/example_task_group_decorator.py
[2022-04-01 23:30:30,903] {scheduler_job.py:633} INFO - Processing file /home/airflow/sandbox/lib/python3.8/site-packages/airflow/example_dags/example_task_group_decorator.py for tasks to queue
[2022-04-01 23:30:30,903] {logging_mixin.py:104} INFO - [2022-04-01 23:30:30,903] {dagbag.py:487} INFO - Filling up the DagBag from /home/airflow/sandbox/lib/python3.8/site-packages/airflow/example_dags/example_task_group_decorator.py
[2022-04-01 23:30:30,922] {scheduler_job.py:643} INFO - DAG(s) dict_keys(['example_task_group_decorator']) retrieved from /home/airflow/sandbox/lib/python3.8/site-packages/airflow/example_dags/example_task_group_decorator.py
[2022-04-01 23:30:31,099] {logging_mixin.py:104} INFO - [2022-04-01 23:30:31,099] {dag.py:1832} INFO - Sync 1 DAGs
[2022-04-01 23:30:31,105] {logging_mixin.py:104} INFO - [2022-04-01 23:30:31,105] {dag.py:2305} INFO - Setting next_dagrun for example_task_group_decorator to 2022-03-30 00:00:00+00:00
[2022-04-01 23:30:31,199] {scheduler_job.py:190} INFO - Processing /home/airflow/sandbox/lib/python3.8/site-packages/airflow/example_dags/example_task_group_decorator.py took 0.298 seconds
[2022-04-01 23:56:35,791] {scheduler_job.py:182} INFO - Started process (PID=6818) to work on /home/airflow/sandbox/lib/python3.8/site-packages/airflow/example_dags/example_task_group_decorator.py
[2022-04-01 23:56:35,792] {scheduler_job.py:633} INFO - Processing file /home/airflow/sandbox/lib/python3.8/site-packages/airflow/example_dags/example_task_group_decorator.py for tasks to queue
[2022-04-01 23:56:35,793] {logging_mixin.py:104} INFO - [2022-04-01 23:56:35,792] {dagbag.py:487} INFO - Filling up the DagBag from /home/airflow/sandbox/lib/python3.8/site-packages/airflow/example_dags/example_task_group_decorator.py
[2022-04-01 23:56:35,805] {scheduler_job.py:643} INFO - DAG(s) dict_keys(['example_task_group_decorator']) retrieved from /home/airflow/sandbox/lib/python3.8/site-packages/airflow/example_dags/example_task_group_decorator.py
[2022-04-01 23:56:35,989] {logging_mixin.py:104} INFO - [2022-04-01 23:56:35,989] {dag.py:1832} INFO - Sync 1 DAGs
[2022-04-01 23:56:35,994] {logging_mixin.py:104} INFO - [2022-04-01 23:56:35,994] {dag.py:2305} INFO - Setting next_dagrun for example_task_group_decorator to 2022-03-30 00:00:00+00:00
[2022-04-01 23:56:36,069] {scheduler_job.py:190} INFO - Processing /home/airflow/sandbox/lib/python3.8/site-packages/airflow/example_dags/example_task_group_decorator.py took 0.279 seconds
[2022-04-01 23:57:09,889] {scheduler_job.py:182} INFO - Started process (PID=6850) to work on /home/airflow/sandbox/lib/python3.8/site-packages/airflow/example_dags/example_task_group_decorator.py
[2022-04-01 23:57:09,889] {scheduler_job.py:633} INFO - Processing file /home/airflow/sandbox/lib/python3.8/site-packages/airflow/example_dags/example_task_group_decorator.py for tasks to queue
[2022-04-01 23:57:09,890] {logging_mixin.py:104} INFO - [2022-04-01 23:57:09,890] {dagbag.py:487} INFO - Filling up the DagBag from /home/airflow/sandbox/lib/python3.8/site-packages/airflow/example_dags/example_task_group_decorator.py
[2022-04-01 23:57:09,906] {scheduler_job.py:643} INFO - DAG(s) dict_keys(['example_task_group_decorator']) retrieved from /home/airflow/sandbox/lib/python3.8/site-packages/airflow/example_dags/example_task_group_decorator.py
[2022-04-01 23:57:10,112] {logging_mixin.py:104} INFO - [2022-04-01 23:57:10,112] {dag.py:1832} INFO - Sync 1 DAGs
[2022-04-01 23:57:10,117] {logging_mixin.py:104} INFO - [2022-04-01 23:57:10,117] {dag.py:2305} INFO - Setting next_dagrun for example_task_group_decorator to 2022-03-30 00:00:00+00:00
[2022-04-01 23:57:10,181] {scheduler_job.py:190} INFO - Processing /home/airflow/sandbox/lib/python3.8/site-packages/airflow/example_dags/example_task_group_decorator.py took 0.295 seconds
[2022-04-01 23:57:44,276] {scheduler_job.py:182} INFO - Started process (PID=6882) to work on /home/airflow/sandbox/lib/python3.8/site-packages/airflow/example_dags/example_task_group_decorator.py
[2022-04-01 23:57:44,277] {scheduler_job.py:633} INFO - Processing file /home/airflow/sandbox/lib/python3.8/site-packages/airflow/example_dags/example_task_group_decorator.py for tasks to queue
[2022-04-01 23:57:44,277] {logging_mixin.py:104} INFO - [2022-04-01 23:57:44,277] {dagbag.py:487} INFO - Filling up the DagBag from /home/airflow/sandbox/lib/python3.8/site-packages/airflow/example_dags/example_task_group_decorator.py
[2022-04-01 23:57:44,290] {scheduler_job.py:643} INFO - DAG(s) dict_keys(['example_task_group_decorator']) retrieved from /home/airflow/sandbox/lib/python3.8/site-packages/airflow/example_dags/example_task_group_decorator.py
[2022-04-01 23:57:44,480] {logging_mixin.py:104} INFO - [2022-04-01 23:57:44,480] {dag.py:1832} INFO - Sync 1 DAGs
[2022-04-01 23:57:44,491] {logging_mixin.py:104} INFO - [2022-04-01 23:57:44,491] {dag.py:2305} INFO - Setting next_dagrun for example_task_group_decorator to 2022-03-30 00:00:00+00:00
[2022-04-01 23:57:44,550] {scheduler_job.py:190} INFO - Processing /home/airflow/sandbox/lib/python3.8/site-packages/airflow/example_dags/example_task_group_decorator.py took 0.276 seconds
[2022-04-01 23:58:15,728] {scheduler_job.py:182} INFO - Started process (PID=6911) to work on /home/airflow/sandbox/lib/python3.8/site-packages/airflow/example_dags/example_task_group_decorator.py
[2022-04-01 23:58:15,728] {scheduler_job.py:633} INFO - Processing file /home/airflow/sandbox/lib/python3.8/site-packages/airflow/example_dags/example_task_group_decorator.py for tasks to queue
[2022-04-01 23:58:15,729] {logging_mixin.py:104} INFO - [2022-04-01 23:58:15,729] {dagbag.py:487} INFO - Filling up the DagBag from /home/airflow/sandbox/lib/python3.8/site-packages/airflow/example_dags/example_task_group_decorator.py
[2022-04-01 23:58:15,742] {scheduler_job.py:643} INFO - DAG(s) dict_keys(['example_task_group_decorator']) retrieved from /home/airflow/sandbox/lib/python3.8/site-packages/airflow/example_dags/example_task_group_decorator.py
[2022-04-01 23:58:15,917] {logging_mixin.py:104} INFO - [2022-04-01 23:58:15,917] {dag.py:1832} INFO - Sync 1 DAGs
[2022-04-01 23:58:15,924] {logging_mixin.py:104} INFO - [2022-04-01 23:58:15,924] {dag.py:2305} INFO - Setting next_dagrun for example_task_group_decorator to 2022-03-30 00:00:00+00:00
[2022-04-01 23:58:15,992] {scheduler_job.py:190} INFO - Processing /home/airflow/sandbox/lib/python3.8/site-packages/airflow/example_dags/example_task_group_decorator.py took 0.266 seconds
[2022-04-01 23:58:47,320] {scheduler_job.py:182} INFO - Started process (PID=6970) to work on /home/airflow/sandbox/lib/python3.8/site-packages/airflow/example_dags/example_task_group_decorator.py
[2022-04-01 23:58:47,321] {scheduler_job.py:633} INFO - Processing file /home/airflow/sandbox/lib/python3.8/site-packages/airflow/example_dags/example_task_group_decorator.py for tasks to queue
[2022-04-01 23:58:47,321] {logging_mixin.py:104} INFO - [2022-04-01 23:58:47,321] {dagbag.py:487} INFO - Filling up the DagBag from /home/airflow/sandbox/lib/python3.8/site-packages/airflow/example_dags/example_task_group_decorator.py
[2022-04-01 23:58:47,335] {scheduler_job.py:643} INFO - DAG(s) dict_keys(['example_task_group_decorator']) retrieved from /home/airflow/sandbox/lib/python3.8/site-packages/airflow/example_dags/example_task_group_decorator.py
[2022-04-01 23:58:47,534] {logging_mixin.py:104} INFO - [2022-04-01 23:58:47,534] {dag.py:1832} INFO - Sync 1 DAGs
[2022-04-01 23:58:47,540] {logging_mixin.py:104} INFO - [2022-04-01 23:58:47,540] {dag.py:2305} INFO - Setting next_dagrun for example_task_group_decorator to 2022-03-30 00:00:00+00:00
[2022-04-01 23:58:47,570] {scheduler_job.py:190} INFO - Processing /home/airflow/sandbox/lib/python3.8/site-packages/airflow/example_dags/example_task_group_decorator.py took 0.252 seconds
[2022-04-01 23:59:18,882] {scheduler_job.py:182} INFO - Started process (PID=7022) to work on /home/airflow/sandbox/lib/python3.8/site-packages/airflow/example_dags/example_task_group_decorator.py
[2022-04-01 23:59:18,883] {scheduler_job.py:633} INFO - Processing file /home/airflow/sandbox/lib/python3.8/site-packages/airflow/example_dags/example_task_group_decorator.py for tasks to queue
[2022-04-01 23:59:18,884] {logging_mixin.py:104} INFO - [2022-04-01 23:59:18,884] {dagbag.py:487} INFO - Filling up the DagBag from /home/airflow/sandbox/lib/python3.8/site-packages/airflow/example_dags/example_task_group_decorator.py
[2022-04-01 23:59:18,896] {scheduler_job.py:643} INFO - DAG(s) dict_keys(['example_task_group_decorator']) retrieved from /home/airflow/sandbox/lib/python3.8/site-packages/airflow/example_dags/example_task_group_decorator.py
[2022-04-01 23:59:19,063] {logging_mixin.py:104} INFO - [2022-04-01 23:59:19,063] {dag.py:1832} INFO - Sync 1 DAGs
[2022-04-01 23:59:19,069] {logging_mixin.py:104} INFO - [2022-04-01 23:59:19,068] {dag.py:2305} INFO - Setting next_dagrun for example_task_group_decorator to 2022-03-30 00:00:00+00:00
[2022-04-01 23:59:19,137] {scheduler_job.py:190} INFO - Processing /home/airflow/sandbox/lib/python3.8/site-packages/airflow/example_dags/example_task_group_decorator.py took 0.257 seconds
[2022-04-01 23:59:53,389] {scheduler_job.py:182} INFO - Started process (PID=7138) to work on /home/airflow/sandbox/lib/python3.8/site-packages/airflow/example_dags/example_task_group_decorator.py
[2022-04-01 23:59:53,390] {scheduler_job.py:633} INFO - Processing file /home/airflow/sandbox/lib/python3.8/site-packages/airflow/example_dags/example_task_group_decorator.py for tasks to queue
[2022-04-01 23:59:53,390] {logging_mixin.py:104} INFO - [2022-04-01 23:59:53,390] {dagbag.py:487} INFO - Filling up the DagBag from /home/airflow/sandbox/lib/python3.8/site-packages/airflow/example_dags/example_task_group_decorator.py
[2022-04-01 23:59:53,403] {scheduler_job.py:643} INFO - DAG(s) dict_keys(['example_task_group_decorator']) retrieved from /home/airflow/sandbox/lib/python3.8/site-packages/airflow/example_dags/example_task_group_decorator.py
[2022-04-01 23:59:53,562] {logging_mixin.py:104} INFO - [2022-04-01 23:59:53,562] {dag.py:1832} INFO - Sync 1 DAGs
[2022-04-01 23:59:53,567] {logging_mixin.py:104} INFO - [2022-04-01 23:59:53,567] {dag.py:2305} INFO - Setting next_dagrun for example_task_group_decorator to 2022-03-30 00:00:00+00:00
[2022-04-01 23:59:53,631] {scheduler_job.py:190} INFO - Processing /home/airflow/sandbox/lib/python3.8/site-packages/airflow/example_dags/example_task_group_decorator.py took 0.243 seconds
