[2022-04-01 23:28:30,205] {scheduler_job.py:182} INFO - Started process (PID=4381) to work on /home/airflow/sandbox/lib/python3.8/site-packages/airflow/example_dags/example_bash_operator.py
[2022-04-01 23:28:30,206] {scheduler_job.py:633} INFO - Processing file /home/airflow/sandbox/lib/python3.8/site-packages/airflow/example_dags/example_bash_operator.py for tasks to queue
[2022-04-01 23:28:30,206] {logging_mixin.py:104} INFO - [2022-04-01 23:28:30,206] {dagbag.py:487} INFO - Filling up the DagBag from /home/airflow/sandbox/lib/python3.8/site-packages/airflow/example_dags/example_bash_operator.py
[2022-04-01 23:28:30,215] {scheduler_job.py:643} INFO - DAG(s) dict_keys(['example_bash_operator']) retrieved from /home/airflow/sandbox/lib/python3.8/site-packages/airflow/example_dags/example_bash_operator.py
[2022-04-01 23:28:30,225] {logging_mixin.py:104} INFO - [2022-04-01 23:28:30,225] {dag.py:1832} INFO - Sync 1 DAGs
[2022-04-01 23:28:30,235] {logging_mixin.py:104} INFO - [2022-04-01 23:28:30,235] {dag.py:2305} INFO - Setting next_dagrun for example_bash_operator to 2022-03-30 00:00:00+00:00
[2022-04-01 23:28:30,266] {scheduler_job.py:190} INFO - Processing /home/airflow/sandbox/lib/python3.8/site-packages/airflow/example_dags/example_bash_operator.py took 0.063 seconds
[2022-04-01 23:29:01,854] {scheduler_job.py:182} INFO - Started process (PID=4559) to work on /home/airflow/sandbox/lib/python3.8/site-packages/airflow/example_dags/example_bash_operator.py
[2022-04-01 23:29:01,855] {scheduler_job.py:633} INFO - Processing file /home/airflow/sandbox/lib/python3.8/site-packages/airflow/example_dags/example_bash_operator.py for tasks to queue
[2022-04-01 23:29:01,855] {logging_mixin.py:104} INFO - [2022-04-01 23:29:01,855] {dagbag.py:487} INFO - Filling up the DagBag from /home/airflow/sandbox/lib/python3.8/site-packages/airflow/example_dags/example_bash_operator.py
[2022-04-01 23:29:01,864] {scheduler_job.py:643} INFO - DAG(s) dict_keys(['example_bash_operator']) retrieved from /home/airflow/sandbox/lib/python3.8/site-packages/airflow/example_dags/example_bash_operator.py
[2022-04-01 23:29:01,874] {logging_mixin.py:104} INFO - [2022-04-01 23:29:01,874] {dag.py:1832} INFO - Sync 1 DAGs
[2022-04-01 23:29:01,884] {logging_mixin.py:104} INFO - [2022-04-01 23:29:01,884] {dag.py:2305} INFO - Setting next_dagrun for example_bash_operator to 2022-03-30 00:00:00+00:00
[2022-04-01 23:29:01,954] {scheduler_job.py:190} INFO - Processing /home/airflow/sandbox/lib/python3.8/site-packages/airflow/example_dags/example_bash_operator.py took 0.102 seconds
[2022-04-01 23:29:34,447] {scheduler_job.py:182} INFO - Started process (PID=4662) to work on /home/airflow/sandbox/lib/python3.8/site-packages/airflow/example_dags/example_bash_operator.py
[2022-04-01 23:29:34,448] {scheduler_job.py:633} INFO - Processing file /home/airflow/sandbox/lib/python3.8/site-packages/airflow/example_dags/example_bash_operator.py for tasks to queue
[2022-04-01 23:29:34,448] {logging_mixin.py:104} INFO - [2022-04-01 23:29:34,448] {dagbag.py:487} INFO - Filling up the DagBag from /home/airflow/sandbox/lib/python3.8/site-packages/airflow/example_dags/example_bash_operator.py
[2022-04-01 23:29:34,458] {scheduler_job.py:643} INFO - DAG(s) dict_keys(['example_bash_operator']) retrieved from /home/airflow/sandbox/lib/python3.8/site-packages/airflow/example_dags/example_bash_operator.py
[2022-04-01 23:29:34,475] {logging_mixin.py:104} INFO - [2022-04-01 23:29:34,475] {dag.py:1832} INFO - Sync 1 DAGs
[2022-04-01 23:29:34,485] {logging_mixin.py:104} INFO - [2022-04-01 23:29:34,485] {dag.py:2305} INFO - Setting next_dagrun for example_bash_operator to 2022-03-30 00:00:00+00:00
[2022-04-01 23:29:34,534] {scheduler_job.py:190} INFO - Processing /home/airflow/sandbox/lib/python3.8/site-packages/airflow/example_dags/example_bash_operator.py took 0.090 seconds
[2022-04-01 23:30:06,412] {scheduler_job.py:182} INFO - Started process (PID=4804) to work on /home/airflow/sandbox/lib/python3.8/site-packages/airflow/example_dags/example_bash_operator.py
[2022-04-01 23:30:06,413] {scheduler_job.py:633} INFO - Processing file /home/airflow/sandbox/lib/python3.8/site-packages/airflow/example_dags/example_bash_operator.py for tasks to queue
[2022-04-01 23:30:06,413] {logging_mixin.py:104} INFO - [2022-04-01 23:30:06,413] {dagbag.py:487} INFO - Filling up the DagBag from /home/airflow/sandbox/lib/python3.8/site-packages/airflow/example_dags/example_bash_operator.py
[2022-04-01 23:30:06,423] {scheduler_job.py:643} INFO - DAG(s) dict_keys(['example_bash_operator']) retrieved from /home/airflow/sandbox/lib/python3.8/site-packages/airflow/example_dags/example_bash_operator.py
[2022-04-01 23:30:06,432] {logging_mixin.py:104} INFO - [2022-04-01 23:30:06,432] {dag.py:1832} INFO - Sync 1 DAGs
[2022-04-01 23:30:06,440] {logging_mixin.py:104} INFO - [2022-04-01 23:30:06,440] {dag.py:2305} INFO - Setting next_dagrun for example_bash_operator to 2022-03-30 00:00:00+00:00
[2022-04-01 23:30:06,515] {scheduler_job.py:190} INFO - Processing /home/airflow/sandbox/lib/python3.8/site-packages/airflow/example_dags/example_bash_operator.py took 0.105 seconds
[2022-04-01 23:30:39,586] {scheduler_job.py:182} INFO - Started process (PID=4873) to work on /home/airflow/sandbox/lib/python3.8/site-packages/airflow/example_dags/example_bash_operator.py
[2022-04-01 23:30:39,587] {scheduler_job.py:633} INFO - Processing file /home/airflow/sandbox/lib/python3.8/site-packages/airflow/example_dags/example_bash_operator.py for tasks to queue
[2022-04-01 23:30:39,588] {logging_mixin.py:104} INFO - [2022-04-01 23:30:39,588] {dagbag.py:487} INFO - Filling up the DagBag from /home/airflow/sandbox/lib/python3.8/site-packages/airflow/example_dags/example_bash_operator.py
[2022-04-01 23:30:39,600] {scheduler_job.py:643} INFO - DAG(s) dict_keys(['example_bash_operator']) retrieved from /home/airflow/sandbox/lib/python3.8/site-packages/airflow/example_dags/example_bash_operator.py
[2022-04-01 23:30:39,611] {logging_mixin.py:104} INFO - [2022-04-01 23:30:39,611] {dag.py:1832} INFO - Sync 1 DAGs
[2022-04-01 23:30:39,620] {logging_mixin.py:104} INFO - [2022-04-01 23:30:39,620] {dag.py:2305} INFO - Setting next_dagrun for example_bash_operator to 2022-03-30 00:00:00+00:00
[2022-04-01 23:30:39,732] {scheduler_job.py:190} INFO - Processing /home/airflow/sandbox/lib/python3.8/site-packages/airflow/example_dags/example_bash_operator.py took 0.148 seconds
[2022-04-01 23:56:42,654] {scheduler_job.py:182} INFO - Started process (PID=6825) to work on /home/airflow/sandbox/lib/python3.8/site-packages/airflow/example_dags/example_bash_operator.py
[2022-04-01 23:56:42,654] {scheduler_job.py:633} INFO - Processing file /home/airflow/sandbox/lib/python3.8/site-packages/airflow/example_dags/example_bash_operator.py for tasks to queue
[2022-04-01 23:56:42,655] {logging_mixin.py:104} INFO - [2022-04-01 23:56:42,655] {dagbag.py:487} INFO - Filling up the DagBag from /home/airflow/sandbox/lib/python3.8/site-packages/airflow/example_dags/example_bash_operator.py
[2022-04-01 23:56:42,669] {scheduler_job.py:643} INFO - DAG(s) dict_keys(['example_bash_operator']) retrieved from /home/airflow/sandbox/lib/python3.8/site-packages/airflow/example_dags/example_bash_operator.py
[2022-04-01 23:56:42,681] {logging_mixin.py:104} INFO - [2022-04-01 23:56:42,681] {dag.py:1832} INFO - Sync 1 DAGs
[2022-04-01 23:56:42,690] {logging_mixin.py:104} INFO - [2022-04-01 23:56:42,690] {dag.py:2305} INFO - Setting next_dagrun for example_bash_operator to 2022-03-30 00:00:00+00:00
[2022-04-01 23:56:42,733] {scheduler_job.py:190} INFO - Processing /home/airflow/sandbox/lib/python3.8/site-packages/airflow/example_dags/example_bash_operator.py took 0.081 seconds
[2022-04-01 23:57:17,526] {scheduler_job.py:182} INFO - Started process (PID=6857) to work on /home/airflow/sandbox/lib/python3.8/site-packages/airflow/example_dags/example_bash_operator.py
[2022-04-01 23:57:17,527] {scheduler_job.py:633} INFO - Processing file /home/airflow/sandbox/lib/python3.8/site-packages/airflow/example_dags/example_bash_operator.py for tasks to queue
[2022-04-01 23:57:17,527] {logging_mixin.py:104} INFO - [2022-04-01 23:57:17,527] {dagbag.py:487} INFO - Filling up the DagBag from /home/airflow/sandbox/lib/python3.8/site-packages/airflow/example_dags/example_bash_operator.py
[2022-04-01 23:57:17,537] {scheduler_job.py:643} INFO - DAG(s) dict_keys(['example_bash_operator']) retrieved from /home/airflow/sandbox/lib/python3.8/site-packages/airflow/example_dags/example_bash_operator.py
[2022-04-01 23:57:17,546] {logging_mixin.py:104} INFO - [2022-04-01 23:57:17,546] {dag.py:1832} INFO - Sync 1 DAGs
[2022-04-01 23:57:17,556] {logging_mixin.py:104} INFO - [2022-04-01 23:57:17,555] {dag.py:2305} INFO - Setting next_dagrun for example_bash_operator to 2022-03-30 00:00:00+00:00
[2022-04-01 23:57:17,584] {scheduler_job.py:190} INFO - Processing /home/airflow/sandbox/lib/python3.8/site-packages/airflow/example_dags/example_bash_operator.py took 0.060 seconds
[2022-04-01 23:57:51,420] {scheduler_job.py:182} INFO - Started process (PID=6889) to work on /home/airflow/sandbox/lib/python3.8/site-packages/airflow/example_dags/example_bash_operator.py
[2022-04-01 23:57:51,421] {scheduler_job.py:633} INFO - Processing file /home/airflow/sandbox/lib/python3.8/site-packages/airflow/example_dags/example_bash_operator.py for tasks to queue
[2022-04-01 23:57:51,421] {logging_mixin.py:104} INFO - [2022-04-01 23:57:51,421] {dagbag.py:487} INFO - Filling up the DagBag from /home/airflow/sandbox/lib/python3.8/site-packages/airflow/example_dags/example_bash_operator.py
[2022-04-01 23:57:51,430] {scheduler_job.py:643} INFO - DAG(s) dict_keys(['example_bash_operator']) retrieved from /home/airflow/sandbox/lib/python3.8/site-packages/airflow/example_dags/example_bash_operator.py
[2022-04-01 23:57:51,440] {logging_mixin.py:104} INFO - [2022-04-01 23:57:51,439] {dag.py:1832} INFO - Sync 1 DAGs
[2022-04-01 23:57:51,448] {logging_mixin.py:104} INFO - [2022-04-01 23:57:51,448] {dag.py:2305} INFO - Setting next_dagrun for example_bash_operator to 2022-03-30 00:00:00+00:00
[2022-04-01 23:57:51,526] {scheduler_job.py:190} INFO - Processing /home/airflow/sandbox/lib/python3.8/site-packages/airflow/example_dags/example_bash_operator.py took 0.108 seconds
[2022-04-01 23:58:26,366] {scheduler_job.py:182} INFO - Started process (PID=6922) to work on /home/airflow/sandbox/lib/python3.8/site-packages/airflow/example_dags/example_bash_operator.py
[2022-04-01 23:58:26,367] {scheduler_job.py:633} INFO - Processing file /home/airflow/sandbox/lib/python3.8/site-packages/airflow/example_dags/example_bash_operator.py for tasks to queue
[2022-04-01 23:58:26,367] {logging_mixin.py:104} INFO - [2022-04-01 23:58:26,367] {dagbag.py:487} INFO - Filling up the DagBag from /home/airflow/sandbox/lib/python3.8/site-packages/airflow/example_dags/example_bash_operator.py
[2022-04-01 23:58:26,380] {scheduler_job.py:643} INFO - DAG(s) dict_keys(['example_bash_operator']) retrieved from /home/airflow/sandbox/lib/python3.8/site-packages/airflow/example_dags/example_bash_operator.py
[2022-04-01 23:58:26,392] {logging_mixin.py:104} INFO - [2022-04-01 23:58:26,392] {dag.py:1832} INFO - Sync 1 DAGs
[2022-04-01 23:58:26,400] {logging_mixin.py:104} INFO - [2022-04-01 23:58:26,400] {dag.py:2305} INFO - Setting next_dagrun for example_bash_operator to 2022-03-30 00:00:00+00:00
[2022-04-01 23:58:26,467] {scheduler_job.py:190} INFO - Processing /home/airflow/sandbox/lib/python3.8/site-packages/airflow/example_dags/example_bash_operator.py took 0.103 seconds
[2022-04-01 23:58:57,848] {scheduler_job.py:182} INFO - Started process (PID=6992) to work on /home/airflow/sandbox/lib/python3.8/site-packages/airflow/example_dags/example_bash_operator.py
[2022-04-01 23:58:57,849] {scheduler_job.py:633} INFO - Processing file /home/airflow/sandbox/lib/python3.8/site-packages/airflow/example_dags/example_bash_operator.py for tasks to queue
[2022-04-01 23:58:57,850] {logging_mixin.py:104} INFO - [2022-04-01 23:58:57,850] {dagbag.py:487} INFO - Filling up the DagBag from /home/airflow/sandbox/lib/python3.8/site-packages/airflow/example_dags/example_bash_operator.py
[2022-04-01 23:58:57,862] {scheduler_job.py:643} INFO - DAG(s) dict_keys(['example_bash_operator']) retrieved from /home/airflow/sandbox/lib/python3.8/site-packages/airflow/example_dags/example_bash_operator.py
[2022-04-01 23:58:57,872] {logging_mixin.py:104} INFO - [2022-04-01 23:58:57,872] {dag.py:1832} INFO - Sync 1 DAGs
[2022-04-01 23:58:57,883] {logging_mixin.py:104} INFO - [2022-04-01 23:58:57,883] {dag.py:2305} INFO - Setting next_dagrun for example_bash_operator to 2022-03-30 00:00:00+00:00
[2022-04-01 23:58:57,954] {scheduler_job.py:190} INFO - Processing /home/airflow/sandbox/lib/python3.8/site-packages/airflow/example_dags/example_bash_operator.py took 0.108 seconds
[2022-04-01 23:59:31,913] {scheduler_job.py:182} INFO - Started process (PID=7070) to work on /home/airflow/sandbox/lib/python3.8/site-packages/airflow/example_dags/example_bash_operator.py
[2022-04-01 23:59:31,914] {scheduler_job.py:633} INFO - Processing file /home/airflow/sandbox/lib/python3.8/site-packages/airflow/example_dags/example_bash_operator.py for tasks to queue
[2022-04-01 23:59:31,915] {logging_mixin.py:104} INFO - [2022-04-01 23:59:31,915] {dagbag.py:487} INFO - Filling up the DagBag from /home/airflow/sandbox/lib/python3.8/site-packages/airflow/example_dags/example_bash_operator.py
[2022-04-01 23:59:31,924] {scheduler_job.py:643} INFO - DAG(s) dict_keys(['example_bash_operator']) retrieved from /home/airflow/sandbox/lib/python3.8/site-packages/airflow/example_dags/example_bash_operator.py
[2022-04-01 23:59:31,936] {logging_mixin.py:104} INFO - [2022-04-01 23:59:31,936] {dag.py:1832} INFO - Sync 1 DAGs
[2022-04-01 23:59:31,945] {logging_mixin.py:104} INFO - [2022-04-01 23:59:31,945] {dag.py:2305} INFO - Setting next_dagrun for example_bash_operator to 2022-03-30 00:00:00+00:00
[2022-04-01 23:59:32,017] {scheduler_job.py:190} INFO - Processing /home/airflow/sandbox/lib/python3.8/site-packages/airflow/example_dags/example_bash_operator.py took 0.105 seconds
