[2022-04-01 23:28:28,767] {scheduler_job.py:182} INFO - Started process (PID=4380) to work on /home/airflow/sandbox/lib/python3.8/site-packages/airflow/example_dags/example_xcomargs.py
[2022-04-01 23:28:28,768] {scheduler_job.py:633} INFO - Processing file /home/airflow/sandbox/lib/python3.8/site-packages/airflow/example_dags/example_xcomargs.py for tasks to queue
[2022-04-01 23:28:28,769] {logging_mixin.py:104} INFO - [2022-04-01 23:28:28,769] {dagbag.py:487} INFO - Filling up the DagBag from /home/airflow/sandbox/lib/python3.8/site-packages/airflow/example_dags/example_xcomargs.py
[2022-04-01 23:28:28,781] {scheduler_job.py:643} INFO - DAG(s) dict_keys(['example_xcom_args', 'example_xcom_args_with_operators']) retrieved from /home/airflow/sandbox/lib/python3.8/site-packages/airflow/example_dags/example_xcomargs.py
[2022-04-01 23:28:29,017] {logging_mixin.py:104} INFO - [2022-04-01 23:28:29,017] {dag.py:1832} INFO - Sync 2 DAGs
[2022-04-01 23:28:29,025] {logging_mixin.py:104} INFO - [2022-04-01 23:28:29,025] {dag.py:2305} INFO - Setting next_dagrun for example_xcom_args to None
[2022-04-01 23:28:29,027] {logging_mixin.py:104} INFO - [2022-04-01 23:28:29,026] {dag.py:2305} INFO - Setting next_dagrun for example_xcom_args_with_operators to None
[2022-04-01 23:28:29,098] {scheduler_job.py:190} INFO - Processing /home/airflow/sandbox/lib/python3.8/site-packages/airflow/example_dags/example_xcomargs.py took 0.333 seconds
[2022-04-01 23:29:01,337] {scheduler_job.py:182} INFO - Started process (PID=4549) to work on /home/airflow/sandbox/lib/python3.8/site-packages/airflow/example_dags/example_xcomargs.py
[2022-04-01 23:29:01,338] {scheduler_job.py:633} INFO - Processing file /home/airflow/sandbox/lib/python3.8/site-packages/airflow/example_dags/example_xcomargs.py for tasks to queue
[2022-04-01 23:29:01,338] {logging_mixin.py:104} INFO - [2022-04-01 23:29:01,338] {dagbag.py:487} INFO - Filling up the DagBag from /home/airflow/sandbox/lib/python3.8/site-packages/airflow/example_dags/example_xcomargs.py
[2022-04-01 23:29:01,350] {scheduler_job.py:643} INFO - DAG(s) dict_keys(['example_xcom_args', 'example_xcom_args_with_operators']) retrieved from /home/airflow/sandbox/lib/python3.8/site-packages/airflow/example_dags/example_xcomargs.py
[2022-04-01 23:29:01,542] {logging_mixin.py:104} INFO - [2022-04-01 23:29:01,542] {dag.py:1832} INFO - Sync 2 DAGs
[2022-04-01 23:29:01,549] {logging_mixin.py:104} INFO - [2022-04-01 23:29:01,549] {dag.py:2305} INFO - Setting next_dagrun for example_xcom_args to None
[2022-04-01 23:29:01,550] {logging_mixin.py:104} INFO - [2022-04-01 23:29:01,550] {dag.py:2305} INFO - Setting next_dagrun for example_xcom_args_with_operators to None
[2022-04-01 23:29:01,577] {scheduler_job.py:190} INFO - Processing /home/airflow/sandbox/lib/python3.8/site-packages/airflow/example_dags/example_xcomargs.py took 0.242 seconds
[2022-04-01 23:29:33,073] {scheduler_job.py:182} INFO - Started process (PID=4661) to work on /home/airflow/sandbox/lib/python3.8/site-packages/airflow/example_dags/example_xcomargs.py
[2022-04-01 23:29:33,074] {scheduler_job.py:633} INFO - Processing file /home/airflow/sandbox/lib/python3.8/site-packages/airflow/example_dags/example_xcomargs.py for tasks to queue
[2022-04-01 23:29:33,074] {logging_mixin.py:104} INFO - [2022-04-01 23:29:33,074] {dagbag.py:487} INFO - Filling up the DagBag from /home/airflow/sandbox/lib/python3.8/site-packages/airflow/example_dags/example_xcomargs.py
[2022-04-01 23:29:33,084] {scheduler_job.py:643} INFO - DAG(s) dict_keys(['example_xcom_args', 'example_xcom_args_with_operators']) retrieved from /home/airflow/sandbox/lib/python3.8/site-packages/airflow/example_dags/example_xcomargs.py
[2022-04-01 23:29:33,260] {logging_mixin.py:104} INFO - [2022-04-01 23:29:33,260] {dag.py:1832} INFO - Sync 2 DAGs
[2022-04-01 23:29:33,265] {logging_mixin.py:104} INFO - [2022-04-01 23:29:33,264] {dag.py:2305} INFO - Setting next_dagrun for example_xcom_args to None
[2022-04-01 23:29:33,265] {logging_mixin.py:104} INFO - [2022-04-01 23:29:33,265] {dag.py:2305} INFO - Setting next_dagrun for example_xcom_args_with_operators to None
[2022-04-01 23:29:33,357] {scheduler_job.py:190} INFO - Processing /home/airflow/sandbox/lib/python3.8/site-packages/airflow/example_dags/example_xcomargs.py took 0.286 seconds
[2022-04-01 23:30:05,712] {scheduler_job.py:182} INFO - Started process (PID=4803) to work on /home/airflow/sandbox/lib/python3.8/site-packages/airflow/example_dags/example_xcomargs.py
[2022-04-01 23:30:05,713] {scheduler_job.py:633} INFO - Processing file /home/airflow/sandbox/lib/python3.8/site-packages/airflow/example_dags/example_xcomargs.py for tasks to queue
[2022-04-01 23:30:05,713] {logging_mixin.py:104} INFO - [2022-04-01 23:30:05,713] {dagbag.py:487} INFO - Filling up the DagBag from /home/airflow/sandbox/lib/python3.8/site-packages/airflow/example_dags/example_xcomargs.py
[2022-04-01 23:30:05,724] {scheduler_job.py:643} INFO - DAG(s) dict_keys(['example_xcom_args', 'example_xcom_args_with_operators']) retrieved from /home/airflow/sandbox/lib/python3.8/site-packages/airflow/example_dags/example_xcomargs.py
[2022-04-01 23:30:05,890] {logging_mixin.py:104} INFO - [2022-04-01 23:30:05,890] {dag.py:1832} INFO - Sync 2 DAGs
[2022-04-01 23:30:05,895] {logging_mixin.py:104} INFO - [2022-04-01 23:30:05,895] {dag.py:2305} INFO - Setting next_dagrun for example_xcom_args to None
[2022-04-01 23:30:05,895] {logging_mixin.py:104} INFO - [2022-04-01 23:30:05,895] {dag.py:2305} INFO - Setting next_dagrun for example_xcom_args_with_operators to None
[2022-04-01 23:30:05,922] {scheduler_job.py:190} INFO - Processing /home/airflow/sandbox/lib/python3.8/site-packages/airflow/example_dags/example_xcomargs.py took 0.212 seconds
[2022-04-01 23:30:38,219] {scheduler_job.py:182} INFO - Started process (PID=4872) to work on /home/airflow/sandbox/lib/python3.8/site-packages/airflow/example_dags/example_xcomargs.py
[2022-04-01 23:30:38,220] {scheduler_job.py:633} INFO - Processing file /home/airflow/sandbox/lib/python3.8/site-packages/airflow/example_dags/example_xcomargs.py for tasks to queue
[2022-04-01 23:30:38,220] {logging_mixin.py:104} INFO - [2022-04-01 23:30:38,220] {dagbag.py:487} INFO - Filling up the DagBag from /home/airflow/sandbox/lib/python3.8/site-packages/airflow/example_dags/example_xcomargs.py
[2022-04-01 23:30:38,234] {scheduler_job.py:643} INFO - DAG(s) dict_keys(['example_xcom_args', 'example_xcom_args_with_operators']) retrieved from /home/airflow/sandbox/lib/python3.8/site-packages/airflow/example_dags/example_xcomargs.py
[2022-04-01 23:30:38,433] {logging_mixin.py:104} INFO - [2022-04-01 23:30:38,433] {dag.py:1832} INFO - Sync 2 DAGs
[2022-04-01 23:30:38,438] {logging_mixin.py:104} INFO - [2022-04-01 23:30:38,438] {dag.py:2305} INFO - Setting next_dagrun for example_xcom_args to None
[2022-04-01 23:30:38,439] {logging_mixin.py:104} INFO - [2022-04-01 23:30:38,439] {dag.py:2305} INFO - Setting next_dagrun for example_xcom_args_with_operators to None
[2022-04-01 23:30:38,503] {scheduler_job.py:190} INFO - Processing /home/airflow/sandbox/lib/python3.8/site-packages/airflow/example_dags/example_xcomargs.py took 0.286 seconds
[2022-04-01 23:56:42,236] {scheduler_job.py:182} INFO - Started process (PID=6824) to work on /home/airflow/sandbox/lib/python3.8/site-packages/airflow/example_dags/example_xcomargs.py
[2022-04-01 23:56:42,237] {scheduler_job.py:633} INFO - Processing file /home/airflow/sandbox/lib/python3.8/site-packages/airflow/example_dags/example_xcomargs.py for tasks to queue
[2022-04-01 23:56:42,237] {logging_mixin.py:104} INFO - [2022-04-01 23:56:42,237] {dagbag.py:487} INFO - Filling up the DagBag from /home/airflow/sandbox/lib/python3.8/site-packages/airflow/example_dags/example_xcomargs.py
[2022-04-01 23:56:42,249] {scheduler_job.py:643} INFO - DAG(s) dict_keys(['example_xcom_args', 'example_xcom_args_with_operators']) retrieved from /home/airflow/sandbox/lib/python3.8/site-packages/airflow/example_dags/example_xcomargs.py
[2022-04-01 23:56:42,424] {logging_mixin.py:104} INFO - [2022-04-01 23:56:42,424] {dag.py:1832} INFO - Sync 2 DAGs
[2022-04-01 23:56:42,429] {logging_mixin.py:104} INFO - [2022-04-01 23:56:42,429] {dag.py:2305} INFO - Setting next_dagrun for example_xcom_args to None
[2022-04-01 23:56:42,429] {logging_mixin.py:104} INFO - [2022-04-01 23:56:42,429] {dag.py:2305} INFO - Setting next_dagrun for example_xcom_args_with_operators to None
[2022-04-01 23:56:42,491] {scheduler_job.py:190} INFO - Processing /home/airflow/sandbox/lib/python3.8/site-packages/airflow/example_dags/example_xcomargs.py took 0.257 seconds
[2022-04-01 23:57:16,172] {scheduler_job.py:182} INFO - Started process (PID=6856) to work on /home/airflow/sandbox/lib/python3.8/site-packages/airflow/example_dags/example_xcomargs.py
[2022-04-01 23:57:16,173] {scheduler_job.py:633} INFO - Processing file /home/airflow/sandbox/lib/python3.8/site-packages/airflow/example_dags/example_xcomargs.py for tasks to queue
[2022-04-01 23:57:16,173] {logging_mixin.py:104} INFO - [2022-04-01 23:57:16,173] {dagbag.py:487} INFO - Filling up the DagBag from /home/airflow/sandbox/lib/python3.8/site-packages/airflow/example_dags/example_xcomargs.py
[2022-04-01 23:57:16,189] {scheduler_job.py:643} INFO - DAG(s) dict_keys(['example_xcom_args', 'example_xcom_args_with_operators']) retrieved from /home/airflow/sandbox/lib/python3.8/site-packages/airflow/example_dags/example_xcomargs.py
[2022-04-01 23:57:16,382] {logging_mixin.py:104} INFO - [2022-04-01 23:57:16,382] {dag.py:1832} INFO - Sync 2 DAGs
[2022-04-01 23:57:16,387] {logging_mixin.py:104} INFO - [2022-04-01 23:57:16,386] {dag.py:2305} INFO - Setting next_dagrun for example_xcom_args to None
[2022-04-01 23:57:16,387] {logging_mixin.py:104} INFO - [2022-04-01 23:57:16,387] {dag.py:2305} INFO - Setting next_dagrun for example_xcom_args_with_operators to None
[2022-04-01 23:57:16,454] {scheduler_job.py:190} INFO - Processing /home/airflow/sandbox/lib/python3.8/site-packages/airflow/example_dags/example_xcomargs.py took 0.284 seconds
[2022-04-01 23:57:50,048] {scheduler_job.py:182} INFO - Started process (PID=6888) to work on /home/airflow/sandbox/lib/python3.8/site-packages/airflow/example_dags/example_xcomargs.py
[2022-04-01 23:57:50,048] {scheduler_job.py:633} INFO - Processing file /home/airflow/sandbox/lib/python3.8/site-packages/airflow/example_dags/example_xcomargs.py for tasks to queue
[2022-04-01 23:57:50,049] {logging_mixin.py:104} INFO - [2022-04-01 23:57:50,049] {dagbag.py:487} INFO - Filling up the DagBag from /home/airflow/sandbox/lib/python3.8/site-packages/airflow/example_dags/example_xcomargs.py
[2022-04-01 23:57:50,064] {scheduler_job.py:643} INFO - DAG(s) dict_keys(['example_xcom_args', 'example_xcom_args_with_operators']) retrieved from /home/airflow/sandbox/lib/python3.8/site-packages/airflow/example_dags/example_xcomargs.py
[2022-04-01 23:57:50,264] {logging_mixin.py:104} INFO - [2022-04-01 23:57:50,263] {dag.py:1832} INFO - Sync 2 DAGs
[2022-04-01 23:57:50,270] {logging_mixin.py:104} INFO - [2022-04-01 23:57:50,270] {dag.py:2305} INFO - Setting next_dagrun for example_xcom_args to None
[2022-04-01 23:57:50,270] {logging_mixin.py:104} INFO - [2022-04-01 23:57:50,270] {dag.py:2305} INFO - Setting next_dagrun for example_xcom_args_with_operators to None
[2022-04-01 23:57:50,308] {scheduler_job.py:190} INFO - Processing /home/airflow/sandbox/lib/python3.8/site-packages/airflow/example_dags/example_xcomargs.py took 0.262 seconds
[2022-04-01 23:58:25,030] {scheduler_job.py:182} INFO - Started process (PID=6921) to work on /home/airflow/sandbox/lib/python3.8/site-packages/airflow/example_dags/example_xcomargs.py
[2022-04-01 23:58:25,031] {scheduler_job.py:633} INFO - Processing file /home/airflow/sandbox/lib/python3.8/site-packages/airflow/example_dags/example_xcomargs.py for tasks to queue
[2022-04-01 23:58:25,031] {logging_mixin.py:104} INFO - [2022-04-01 23:58:25,031] {dagbag.py:487} INFO - Filling up the DagBag from /home/airflow/sandbox/lib/python3.8/site-packages/airflow/example_dags/example_xcomargs.py
[2022-04-01 23:58:25,046] {scheduler_job.py:643} INFO - DAG(s) dict_keys(['example_xcom_args', 'example_xcom_args_with_operators']) retrieved from /home/airflow/sandbox/lib/python3.8/site-packages/airflow/example_dags/example_xcomargs.py
[2022-04-01 23:58:25,233] {logging_mixin.py:104} INFO - [2022-04-01 23:58:25,232] {dag.py:1832} INFO - Sync 2 DAGs
[2022-04-01 23:58:25,240] {logging_mixin.py:104} INFO - [2022-04-01 23:58:25,240] {dag.py:2305} INFO - Setting next_dagrun for example_xcom_args to None
[2022-04-01 23:58:25,240] {logging_mixin.py:104} INFO - [2022-04-01 23:58:25,240] {dag.py:2305} INFO - Setting next_dagrun for example_xcom_args_with_operators to None
[2022-04-01 23:58:25,316] {scheduler_job.py:190} INFO - Processing /home/airflow/sandbox/lib/python3.8/site-packages/airflow/example_dags/example_xcomargs.py took 0.289 seconds
[2022-04-01 23:58:57,334] {scheduler_job.py:182} INFO - Started process (PID=6991) to work on /home/airflow/sandbox/lib/python3.8/site-packages/airflow/example_dags/example_xcomargs.py
[2022-04-01 23:58:57,335] {scheduler_job.py:633} INFO - Processing file /home/airflow/sandbox/lib/python3.8/site-packages/airflow/example_dags/example_xcomargs.py for tasks to queue
[2022-04-01 23:58:57,335] {logging_mixin.py:104} INFO - [2022-04-01 23:58:57,335] {dagbag.py:487} INFO - Filling up the DagBag from /home/airflow/sandbox/lib/python3.8/site-packages/airflow/example_dags/example_xcomargs.py
[2022-04-01 23:58:57,349] {scheduler_job.py:643} INFO - DAG(s) dict_keys(['example_xcom_args', 'example_xcom_args_with_operators']) retrieved from /home/airflow/sandbox/lib/python3.8/site-packages/airflow/example_dags/example_xcomargs.py
[2022-04-01 23:58:57,531] {logging_mixin.py:104} INFO - [2022-04-01 23:58:57,531] {dag.py:1832} INFO - Sync 2 DAGs
[2022-04-01 23:58:57,537] {logging_mixin.py:104} INFO - [2022-04-01 23:58:57,537] {dag.py:2305} INFO - Setting next_dagrun for example_xcom_args to None
[2022-04-01 23:58:57,537] {logging_mixin.py:104} INFO - [2022-04-01 23:58:57,537] {dag.py:2305} INFO - Setting next_dagrun for example_xcom_args_with_operators to None
[2022-04-01 23:58:57,601] {scheduler_job.py:190} INFO - Processing /home/airflow/sandbox/lib/python3.8/site-packages/airflow/example_dags/example_xcomargs.py took 0.269 seconds
[2022-04-01 23:59:30,565] {scheduler_job.py:182} INFO - Started process (PID=7066) to work on /home/airflow/sandbox/lib/python3.8/site-packages/airflow/example_dags/example_xcomargs.py
[2022-04-01 23:59:30,566] {scheduler_job.py:633} INFO - Processing file /home/airflow/sandbox/lib/python3.8/site-packages/airflow/example_dags/example_xcomargs.py for tasks to queue
[2022-04-01 23:59:30,566] {logging_mixin.py:104} INFO - [2022-04-01 23:59:30,566] {dagbag.py:487} INFO - Filling up the DagBag from /home/airflow/sandbox/lib/python3.8/site-packages/airflow/example_dags/example_xcomargs.py
[2022-04-01 23:59:30,577] {scheduler_job.py:643} INFO - DAG(s) dict_keys(['example_xcom_args', 'example_xcom_args_with_operators']) retrieved from /home/airflow/sandbox/lib/python3.8/site-packages/airflow/example_dags/example_xcomargs.py
[2022-04-01 23:59:30,747] {logging_mixin.py:104} INFO - [2022-04-01 23:59:30,747] {dag.py:1832} INFO - Sync 2 DAGs
[2022-04-01 23:59:30,754] {logging_mixin.py:104} INFO - [2022-04-01 23:59:30,753] {dag.py:2305} INFO - Setting next_dagrun for example_xcom_args to None
[2022-04-01 23:59:30,754] {logging_mixin.py:104} INFO - [2022-04-01 23:59:30,754] {dag.py:2305} INFO - Setting next_dagrun for example_xcom_args_with_operators to None
[2022-04-01 23:59:30,829] {scheduler_job.py:190} INFO - Processing /home/airflow/sandbox/lib/python3.8/site-packages/airflow/example_dags/example_xcomargs.py took 0.266 seconds
