[2022-04-01 23:28:40,866] {scheduler_job.py:182} INFO - Started process (PID=4453) to work on /home/airflow/sandbox/lib/python3.8/site-packages/airflow/example_dags/example_python_operator.py
[2022-04-01 23:28:40,867] {scheduler_job.py:633} INFO - Processing file /home/airflow/sandbox/lib/python3.8/site-packages/airflow/example_dags/example_python_operator.py for tasks to queue
[2022-04-01 23:28:40,867] {logging_mixin.py:104} INFO - [2022-04-01 23:28:40,867] {dagbag.py:487} INFO - Filling up the DagBag from /home/airflow/sandbox/lib/python3.8/site-packages/airflow/example_dags/example_python_operator.py
[2022-04-01 23:28:40,877] {scheduler_job.py:643} INFO - DAG(s) dict_keys(['example_python_operator']) retrieved from /home/airflow/sandbox/lib/python3.8/site-packages/airflow/example_dags/example_python_operator.py
[2022-04-01 23:28:40,887] {logging_mixin.py:104} INFO - [2022-04-01 23:28:40,887] {dag.py:1832} INFO - Sync 1 DAGs
[2022-04-01 23:28:40,896] {logging_mixin.py:104} INFO - [2022-04-01 23:28:40,896] {dag.py:2305} INFO - Setting next_dagrun for example_python_operator to None
[2022-04-01 23:28:40,927] {scheduler_job.py:190} INFO - Processing /home/airflow/sandbox/lib/python3.8/site-packages/airflow/example_dags/example_python_operator.py took 0.063 seconds
[2022-04-01 23:29:13,483] {scheduler_job.py:182} INFO - Started process (PID=4623) to work on /home/airflow/sandbox/lib/python3.8/site-packages/airflow/example_dags/example_python_operator.py
[2022-04-01 23:29:13,484] {scheduler_job.py:633} INFO - Processing file /home/airflow/sandbox/lib/python3.8/site-packages/airflow/example_dags/example_python_operator.py for tasks to queue
[2022-04-01 23:29:13,484] {logging_mixin.py:104} INFO - [2022-04-01 23:29:13,484] {dagbag.py:487} INFO - Filling up the DagBag from /home/airflow/sandbox/lib/python3.8/site-packages/airflow/example_dags/example_python_operator.py
[2022-04-01 23:29:13,493] {scheduler_job.py:643} INFO - DAG(s) dict_keys(['example_python_operator']) retrieved from /home/airflow/sandbox/lib/python3.8/site-packages/airflow/example_dags/example_python_operator.py
[2022-04-01 23:29:13,502] {logging_mixin.py:104} INFO - [2022-04-01 23:29:13,502] {dag.py:1832} INFO - Sync 1 DAGs
[2022-04-01 23:29:13,517] {logging_mixin.py:104} INFO - [2022-04-01 23:29:13,516] {dag.py:2305} INFO - Setting next_dagrun for example_python_operator to None
[2022-04-01 23:29:13,599] {scheduler_job.py:190} INFO - Processing /home/airflow/sandbox/lib/python3.8/site-packages/airflow/example_dags/example_python_operator.py took 0.118 seconds
[2022-04-01 23:29:45,878] {scheduler_job.py:182} INFO - Started process (PID=4709) to work on /home/airflow/sandbox/lib/python3.8/site-packages/airflow/example_dags/example_python_operator.py
[2022-04-01 23:29:45,878] {scheduler_job.py:633} INFO - Processing file /home/airflow/sandbox/lib/python3.8/site-packages/airflow/example_dags/example_python_operator.py for tasks to queue
[2022-04-01 23:29:45,879] {logging_mixin.py:104} INFO - [2022-04-01 23:29:45,879] {dagbag.py:487} INFO - Filling up the DagBag from /home/airflow/sandbox/lib/python3.8/site-packages/airflow/example_dags/example_python_operator.py
[2022-04-01 23:29:45,887] {scheduler_job.py:643} INFO - DAG(s) dict_keys(['example_python_operator']) retrieved from /home/airflow/sandbox/lib/python3.8/site-packages/airflow/example_dags/example_python_operator.py
[2022-04-01 23:29:45,896] {logging_mixin.py:104} INFO - [2022-04-01 23:29:45,896] {dag.py:1832} INFO - Sync 1 DAGs
[2022-04-01 23:29:45,903] {logging_mixin.py:104} INFO - [2022-04-01 23:29:45,903] {dag.py:2305} INFO - Setting next_dagrun for example_python_operator to None
[2022-04-01 23:29:45,935] {scheduler_job.py:190} INFO - Processing /home/airflow/sandbox/lib/python3.8/site-packages/airflow/example_dags/example_python_operator.py took 0.059 seconds
[2022-04-01 23:30:18,631] {scheduler_job.py:182} INFO - Started process (PID=4853) to work on /home/airflow/sandbox/lib/python3.8/site-packages/airflow/example_dags/example_python_operator.py
[2022-04-01 23:30:18,632] {scheduler_job.py:633} INFO - Processing file /home/airflow/sandbox/lib/python3.8/site-packages/airflow/example_dags/example_python_operator.py for tasks to queue
[2022-04-01 23:30:18,632] {logging_mixin.py:104} INFO - [2022-04-01 23:30:18,632] {dagbag.py:487} INFO - Filling up the DagBag from /home/airflow/sandbox/lib/python3.8/site-packages/airflow/example_dags/example_python_operator.py
[2022-04-01 23:30:18,640] {scheduler_job.py:643} INFO - DAG(s) dict_keys(['example_python_operator']) retrieved from /home/airflow/sandbox/lib/python3.8/site-packages/airflow/example_dags/example_python_operator.py
[2022-04-01 23:30:18,649] {logging_mixin.py:104} INFO - [2022-04-01 23:30:18,649] {dag.py:1832} INFO - Sync 1 DAGs
[2022-04-01 23:30:18,655] {logging_mixin.py:104} INFO - [2022-04-01 23:30:18,655] {dag.py:2305} INFO - Setting next_dagrun for example_python_operator to None
[2022-04-01 23:30:18,700] {scheduler_job.py:190} INFO - Processing /home/airflow/sandbox/lib/python3.8/site-packages/airflow/example_dags/example_python_operator.py took 0.072 seconds
[2022-04-01 23:30:51,781] {scheduler_job.py:182} INFO - Started process (PID=4885) to work on /home/airflow/sandbox/lib/python3.8/site-packages/airflow/example_dags/example_python_operator.py
[2022-04-01 23:30:51,782] {scheduler_job.py:633} INFO - Processing file /home/airflow/sandbox/lib/python3.8/site-packages/airflow/example_dags/example_python_operator.py for tasks to queue
[2022-04-01 23:30:51,783] {logging_mixin.py:104} INFO - [2022-04-01 23:30:51,783] {dagbag.py:487} INFO - Filling up the DagBag from /home/airflow/sandbox/lib/python3.8/site-packages/airflow/example_dags/example_python_operator.py
[2022-04-01 23:30:51,795] {scheduler_job.py:643} INFO - DAG(s) dict_keys(['example_python_operator']) retrieved from /home/airflow/sandbox/lib/python3.8/site-packages/airflow/example_dags/example_python_operator.py
[2022-04-01 23:30:51,807] {logging_mixin.py:104} INFO - [2022-04-01 23:30:51,807] {dag.py:1832} INFO - Sync 1 DAGs
[2022-04-01 23:30:51,814] {logging_mixin.py:104} INFO - [2022-04-01 23:30:51,814] {dag.py:2305} INFO - Setting next_dagrun for example_python_operator to None
[2022-04-01 23:30:51,887] {scheduler_job.py:190} INFO - Processing /home/airflow/sandbox/lib/python3.8/site-packages/airflow/example_dags/example_python_operator.py took 0.108 seconds
[2022-04-01 23:56:55,073] {scheduler_job.py:182} INFO - Started process (PID=6836) to work on /home/airflow/sandbox/lib/python3.8/site-packages/airflow/example_dags/example_python_operator.py
[2022-04-01 23:56:55,074] {scheduler_job.py:633} INFO - Processing file /home/airflow/sandbox/lib/python3.8/site-packages/airflow/example_dags/example_python_operator.py for tasks to queue
[2022-04-01 23:56:55,074] {logging_mixin.py:104} INFO - [2022-04-01 23:56:55,074] {dagbag.py:487} INFO - Filling up the DagBag from /home/airflow/sandbox/lib/python3.8/site-packages/airflow/example_dags/example_python_operator.py
[2022-04-01 23:56:55,083] {scheduler_job.py:643} INFO - DAG(s) dict_keys(['example_python_operator']) retrieved from /home/airflow/sandbox/lib/python3.8/site-packages/airflow/example_dags/example_python_operator.py
[2022-04-01 23:56:55,095] {logging_mixin.py:104} INFO - [2022-04-01 23:56:55,095] {dag.py:1832} INFO - Sync 1 DAGs
[2022-04-01 23:56:55,104] {logging_mixin.py:104} INFO - [2022-04-01 23:56:55,104] {dag.py:2305} INFO - Setting next_dagrun for example_python_operator to None
[2022-04-01 23:56:55,131] {scheduler_job.py:190} INFO - Processing /home/airflow/sandbox/lib/python3.8/site-packages/airflow/example_dags/example_python_operator.py took 0.060 seconds
[2022-04-01 23:57:28,870] {scheduler_job.py:182} INFO - Started process (PID=6868) to work on /home/airflow/sandbox/lib/python3.8/site-packages/airflow/example_dags/example_python_operator.py
[2022-04-01 23:57:28,870] {scheduler_job.py:633} INFO - Processing file /home/airflow/sandbox/lib/python3.8/site-packages/airflow/example_dags/example_python_operator.py for tasks to queue
[2022-04-01 23:57:28,871] {logging_mixin.py:104} INFO - [2022-04-01 23:57:28,871] {dagbag.py:487} INFO - Filling up the DagBag from /home/airflow/sandbox/lib/python3.8/site-packages/airflow/example_dags/example_python_operator.py
[2022-04-01 23:57:28,883] {scheduler_job.py:643} INFO - DAG(s) dict_keys(['example_python_operator']) retrieved from /home/airflow/sandbox/lib/python3.8/site-packages/airflow/example_dags/example_python_operator.py
[2022-04-01 23:57:28,892] {logging_mixin.py:104} INFO - [2022-04-01 23:57:28,892] {dag.py:1832} INFO - Sync 1 DAGs
[2022-04-01 23:57:28,903] {logging_mixin.py:104} INFO - [2022-04-01 23:57:28,903] {dag.py:2305} INFO - Setting next_dagrun for example_python_operator to None
[2022-04-01 23:57:28,967] {scheduler_job.py:190} INFO - Processing /home/airflow/sandbox/lib/python3.8/site-packages/airflow/example_dags/example_python_operator.py took 0.099 seconds
[2022-04-01 23:58:03,164] {scheduler_job.py:182} INFO - Started process (PID=6900) to work on /home/airflow/sandbox/lib/python3.8/site-packages/airflow/example_dags/example_python_operator.py
[2022-04-01 23:58:03,165] {scheduler_job.py:633} INFO - Processing file /home/airflow/sandbox/lib/python3.8/site-packages/airflow/example_dags/example_python_operator.py for tasks to queue
[2022-04-01 23:58:03,166] {logging_mixin.py:104} INFO - [2022-04-01 23:58:03,166] {dagbag.py:487} INFO - Filling up the DagBag from /home/airflow/sandbox/lib/python3.8/site-packages/airflow/example_dags/example_python_operator.py
[2022-04-01 23:58:03,173] {scheduler_job.py:643} INFO - DAG(s) dict_keys(['example_python_operator']) retrieved from /home/airflow/sandbox/lib/python3.8/site-packages/airflow/example_dags/example_python_operator.py
[2022-04-01 23:58:03,182] {logging_mixin.py:104} INFO - [2022-04-01 23:58:03,182] {dag.py:1832} INFO - Sync 1 DAGs
[2022-04-01 23:58:03,190] {logging_mixin.py:104} INFO - [2022-04-01 23:58:03,190] {dag.py:2305} INFO - Setting next_dagrun for example_python_operator to None
[2022-04-01 23:58:03,266] {scheduler_job.py:190} INFO - Processing /home/airflow/sandbox/lib/python3.8/site-packages/airflow/example_dags/example_python_operator.py took 0.105 seconds
[2022-04-01 23:58:37,001] {scheduler_job.py:182} INFO - Started process (PID=6945) to work on /home/airflow/sandbox/lib/python3.8/site-packages/airflow/example_dags/example_python_operator.py
[2022-04-01 23:58:37,002] {scheduler_job.py:633} INFO - Processing file /home/airflow/sandbox/lib/python3.8/site-packages/airflow/example_dags/example_python_operator.py for tasks to queue
[2022-04-01 23:58:37,002] {logging_mixin.py:104} INFO - [2022-04-01 23:58:37,002] {dagbag.py:487} INFO - Filling up the DagBag from /home/airflow/sandbox/lib/python3.8/site-packages/airflow/example_dags/example_python_operator.py
[2022-04-01 23:58:37,011] {scheduler_job.py:643} INFO - DAG(s) dict_keys(['example_python_operator']) retrieved from /home/airflow/sandbox/lib/python3.8/site-packages/airflow/example_dags/example_python_operator.py
[2022-04-01 23:58:37,025] {logging_mixin.py:104} INFO - [2022-04-01 23:58:37,025] {dag.py:1832} INFO - Sync 1 DAGs
[2022-04-01 23:58:37,036] {logging_mixin.py:104} INFO - [2022-04-01 23:58:37,036] {dag.py:2305} INFO - Setting next_dagrun for example_python_operator to None
[2022-04-01 23:58:37,075] {scheduler_job.py:190} INFO - Processing /home/airflow/sandbox/lib/python3.8/site-packages/airflow/example_dags/example_python_operator.py took 0.076 seconds
[2022-04-01 23:59:09,522] {scheduler_job.py:182} INFO - Started process (PID=7006) to work on /home/airflow/sandbox/lib/python3.8/site-packages/airflow/example_dags/example_python_operator.py
[2022-04-01 23:59:09,523] {scheduler_job.py:633} INFO - Processing file /home/airflow/sandbox/lib/python3.8/site-packages/airflow/example_dags/example_python_operator.py for tasks to queue
[2022-04-01 23:59:09,523] {logging_mixin.py:104} INFO - [2022-04-01 23:59:09,523] {dagbag.py:487} INFO - Filling up the DagBag from /home/airflow/sandbox/lib/python3.8/site-packages/airflow/example_dags/example_python_operator.py
[2022-04-01 23:59:09,530] {scheduler_job.py:643} INFO - DAG(s) dict_keys(['example_python_operator']) retrieved from /home/airflow/sandbox/lib/python3.8/site-packages/airflow/example_dags/example_python_operator.py
[2022-04-01 23:59:09,540] {logging_mixin.py:104} INFO - [2022-04-01 23:59:09,540] {dag.py:1832} INFO - Sync 1 DAGs
[2022-04-01 23:59:09,546] {logging_mixin.py:104} INFO - [2022-04-01 23:59:09,546] {dag.py:2305} INFO - Setting next_dagrun for example_python_operator to None
[2022-04-01 23:59:09,619] {scheduler_job.py:190} INFO - Processing /home/airflow/sandbox/lib/python3.8/site-packages/airflow/example_dags/example_python_operator.py took 0.099 seconds
[2022-04-01 23:59:45,303] {scheduler_job.py:182} INFO - Started process (PID=7128) to work on /home/airflow/sandbox/lib/python3.8/site-packages/airflow/example_dags/example_python_operator.py
[2022-04-01 23:59:45,304] {scheduler_job.py:633} INFO - Processing file /home/airflow/sandbox/lib/python3.8/site-packages/airflow/example_dags/example_python_operator.py for tasks to queue
[2022-04-01 23:59:45,305] {logging_mixin.py:104} INFO - [2022-04-01 23:59:45,305] {dagbag.py:487} INFO - Filling up the DagBag from /home/airflow/sandbox/lib/python3.8/site-packages/airflow/example_dags/example_python_operator.py
[2022-04-01 23:59:45,314] {scheduler_job.py:643} INFO - DAG(s) dict_keys(['example_python_operator']) retrieved from /home/airflow/sandbox/lib/python3.8/site-packages/airflow/example_dags/example_python_operator.py
[2022-04-01 23:59:45,325] {logging_mixin.py:104} INFO - [2022-04-01 23:59:45,325] {dag.py:1832} INFO - Sync 1 DAGs
[2022-04-01 23:59:45,334] {logging_mixin.py:104} INFO - [2022-04-01 23:59:45,334] {dag.py:2305} INFO - Setting next_dagrun for example_python_operator to None
[2022-04-01 23:59:45,392] {scheduler_job.py:190} INFO - Processing /home/airflow/sandbox/lib/python3.8/site-packages/airflow/example_dags/example_python_operator.py took 0.092 seconds
