[2022-04-01 23:28:43,149] {scheduler_job.py:182} INFO - Started process (PID=4455) to work on /home/airflow/sandbox/lib/python3.8/site-packages/airflow/example_dags/example_subdag_operator.py
[2022-04-01 23:28:43,150] {scheduler_job.py:633} INFO - Processing file /home/airflow/sandbox/lib/python3.8/site-packages/airflow/example_dags/example_subdag_operator.py for tasks to queue
[2022-04-01 23:28:43,150] {logging_mixin.py:104} INFO - [2022-04-01 23:28:43,150] {dagbag.py:487} INFO - Filling up the DagBag from /home/airflow/sandbox/lib/python3.8/site-packages/airflow/example_dags/example_subdag_operator.py
[2022-04-01 23:28:43,168] {scheduler_job.py:643} INFO - DAG(s) dict_keys(['example_subdag_operator.section-1', 'example_subdag_operator.section-2', 'example_subdag_operator']) retrieved from /home/airflow/sandbox/lib/python3.8/site-packages/airflow/example_dags/example_subdag_operator.py
[2022-04-01 23:28:43,176] {logging_mixin.py:104} INFO - [2022-04-01 23:28:43,176] {dag.py:1832} INFO - Sync 3 DAGs
[2022-04-01 23:28:43,183] {logging_mixin.py:104} INFO - [2022-04-01 23:28:43,183] {dag.py:2305} INFO - Setting next_dagrun for example_subdag_operator to 2022-03-30 00:00:00+00:00
[2022-04-01 23:28:43,184] {logging_mixin.py:104} INFO - [2022-04-01 23:28:43,184] {dag.py:2305} INFO - Setting next_dagrun for example_subdag_operator.section-1 to None
[2022-04-01 23:28:43,184] {logging_mixin.py:104} INFO - [2022-04-01 23:28:43,184] {dag.py:2305} INFO - Setting next_dagrun for example_subdag_operator.section-2 to None
[2022-04-01 23:28:43,211] {logging_mixin.py:104} INFO - [2022-04-01 23:28:43,211] {dag.py:1832} INFO - Sync 2 DAGs
[2022-04-01 23:28:43,217] {logging_mixin.py:104} INFO - [2022-04-01 23:28:43,217] {dag.py:2305} INFO - Setting next_dagrun for example_subdag_operator.section-1 to None
[2022-04-01 23:28:43,217] {logging_mixin.py:104} INFO - [2022-04-01 23:28:43,217] {dag.py:2305} INFO - Setting next_dagrun for example_subdag_operator.section-2 to None
[2022-04-01 23:28:43,258] {scheduler_job.py:190} INFO - Processing /home/airflow/sandbox/lib/python3.8/site-packages/airflow/example_dags/example_subdag_operator.py took 0.111 seconds
[2022-04-01 23:29:15,837] {scheduler_job.py:182} INFO - Started process (PID=4625) to work on /home/airflow/sandbox/lib/python3.8/site-packages/airflow/example_dags/example_subdag_operator.py
[2022-04-01 23:29:15,838] {scheduler_job.py:633} INFO - Processing file /home/airflow/sandbox/lib/python3.8/site-packages/airflow/example_dags/example_subdag_operator.py for tasks to queue
[2022-04-01 23:29:15,838] {logging_mixin.py:104} INFO - [2022-04-01 23:29:15,838] {dagbag.py:487} INFO - Filling up the DagBag from /home/airflow/sandbox/lib/python3.8/site-packages/airflow/example_dags/example_subdag_operator.py
[2022-04-01 23:29:15,854] {scheduler_job.py:643} INFO - DAG(s) dict_keys(['example_subdag_operator.section-1', 'example_subdag_operator.section-2', 'example_subdag_operator']) retrieved from /home/airflow/sandbox/lib/python3.8/site-packages/airflow/example_dags/example_subdag_operator.py
[2022-04-01 23:29:15,862] {logging_mixin.py:104} INFO - [2022-04-01 23:29:15,862] {dag.py:1832} INFO - Sync 3 DAGs
[2022-04-01 23:29:15,869] {logging_mixin.py:104} INFO - [2022-04-01 23:29:15,868] {dag.py:2305} INFO - Setting next_dagrun for example_subdag_operator to 2022-03-30 00:00:00+00:00
[2022-04-01 23:29:15,869] {logging_mixin.py:104} INFO - [2022-04-01 23:29:15,869] {dag.py:2305} INFO - Setting next_dagrun for example_subdag_operator.section-1 to None
[2022-04-01 23:29:15,869] {logging_mixin.py:104} INFO - [2022-04-01 23:29:15,869] {dag.py:2305} INFO - Setting next_dagrun for example_subdag_operator.section-2 to None
[2022-04-01 23:29:15,899] {logging_mixin.py:104} INFO - [2022-04-01 23:29:15,898] {dag.py:1832} INFO - Sync 2 DAGs
[2022-04-01 23:29:15,904] {logging_mixin.py:104} INFO - [2022-04-01 23:29:15,903] {dag.py:2305} INFO - Setting next_dagrun for example_subdag_operator.section-1 to None
[2022-04-01 23:29:15,904] {logging_mixin.py:104} INFO - [2022-04-01 23:29:15,904] {dag.py:2305} INFO - Setting next_dagrun for example_subdag_operator.section-2 to None
[2022-04-01 23:29:15,932] {scheduler_job.py:190} INFO - Processing /home/airflow/sandbox/lib/python3.8/site-packages/airflow/example_dags/example_subdag_operator.py took 0.098 seconds
[2022-04-01 23:29:48,129] {scheduler_job.py:182} INFO - Started process (PID=4723) to work on /home/airflow/sandbox/lib/python3.8/site-packages/airflow/example_dags/example_subdag_operator.py
[2022-04-01 23:29:48,130] {scheduler_job.py:633} INFO - Processing file /home/airflow/sandbox/lib/python3.8/site-packages/airflow/example_dags/example_subdag_operator.py for tasks to queue
[2022-04-01 23:29:48,130] {logging_mixin.py:104} INFO - [2022-04-01 23:29:48,130] {dagbag.py:487} INFO - Filling up the DagBag from /home/airflow/sandbox/lib/python3.8/site-packages/airflow/example_dags/example_subdag_operator.py
[2022-04-01 23:29:48,143] {scheduler_job.py:643} INFO - DAG(s) dict_keys(['example_subdag_operator.section-1', 'example_subdag_operator.section-2', 'example_subdag_operator']) retrieved from /home/airflow/sandbox/lib/python3.8/site-packages/airflow/example_dags/example_subdag_operator.py
[2022-04-01 23:29:48,149] {logging_mixin.py:104} INFO - [2022-04-01 23:29:48,149] {dag.py:1832} INFO - Sync 3 DAGs
[2022-04-01 23:29:48,156] {logging_mixin.py:104} INFO - [2022-04-01 23:29:48,156] {dag.py:2305} INFO - Setting next_dagrun for example_subdag_operator to 2022-03-30 00:00:00+00:00
[2022-04-01 23:29:48,156] {logging_mixin.py:104} INFO - [2022-04-01 23:29:48,156] {dag.py:2305} INFO - Setting next_dagrun for example_subdag_operator.section-1 to None
[2022-04-01 23:29:48,156] {logging_mixin.py:104} INFO - [2022-04-01 23:29:48,156] {dag.py:2305} INFO - Setting next_dagrun for example_subdag_operator.section-2 to None
[2022-04-01 23:29:48,188] {logging_mixin.py:104} INFO - [2022-04-01 23:29:48,188] {dag.py:1832} INFO - Sync 2 DAGs
[2022-04-01 23:29:48,191] {logging_mixin.py:104} INFO - [2022-04-01 23:29:48,191] {dag.py:2305} INFO - Setting next_dagrun for example_subdag_operator.section-1 to None
[2022-04-01 23:29:48,192] {logging_mixin.py:104} INFO - [2022-04-01 23:29:48,191] {dag.py:2305} INFO - Setting next_dagrun for example_subdag_operator.section-2 to None
[2022-04-01 23:29:48,238] {scheduler_job.py:190} INFO - Processing /home/airflow/sandbox/lib/python3.8/site-packages/airflow/example_dags/example_subdag_operator.py took 0.111 seconds
[2022-04-01 23:30:20,381] {scheduler_job.py:182} INFO - Started process (PID=4855) to work on /home/airflow/sandbox/lib/python3.8/site-packages/airflow/example_dags/example_subdag_operator.py
[2022-04-01 23:30:20,383] {scheduler_job.py:633} INFO - Processing file /home/airflow/sandbox/lib/python3.8/site-packages/airflow/example_dags/example_subdag_operator.py for tasks to queue
[2022-04-01 23:30:20,384] {logging_mixin.py:104} INFO - [2022-04-01 23:30:20,384] {dagbag.py:487} INFO - Filling up the DagBag from /home/airflow/sandbox/lib/python3.8/site-packages/airflow/example_dags/example_subdag_operator.py
[2022-04-01 23:30:20,403] {scheduler_job.py:643} INFO - DAG(s) dict_keys(['example_subdag_operator.section-1', 'example_subdag_operator.section-2', 'example_subdag_operator']) retrieved from /home/airflow/sandbox/lib/python3.8/site-packages/airflow/example_dags/example_subdag_operator.py
[2022-04-01 23:30:20,418] {logging_mixin.py:104} INFO - [2022-04-01 23:30:20,418] {dag.py:1832} INFO - Sync 3 DAGs
[2022-04-01 23:30:20,429] {logging_mixin.py:104} INFO - [2022-04-01 23:30:20,429] {dag.py:2305} INFO - Setting next_dagrun for example_subdag_operator to 2022-03-30 00:00:00+00:00
[2022-04-01 23:30:20,430] {logging_mixin.py:104} INFO - [2022-04-01 23:30:20,430] {dag.py:2305} INFO - Setting next_dagrun for example_subdag_operator.section-1 to None
[2022-04-01 23:30:20,430] {logging_mixin.py:104} INFO - [2022-04-01 23:30:20,430] {dag.py:2305} INFO - Setting next_dagrun for example_subdag_operator.section-2 to None
[2022-04-01 23:30:20,529] {logging_mixin.py:104} INFO - [2022-04-01 23:30:20,529] {dag.py:1832} INFO - Sync 2 DAGs
[2022-04-01 23:30:20,536] {logging_mixin.py:104} INFO - [2022-04-01 23:30:20,536] {dag.py:2305} INFO - Setting next_dagrun for example_subdag_operator.section-1 to None
[2022-04-01 23:30:20,536] {logging_mixin.py:104} INFO - [2022-04-01 23:30:20,536] {dag.py:2305} INFO - Setting next_dagrun for example_subdag_operator.section-2 to None
[2022-04-01 23:30:20,585] {scheduler_job.py:190} INFO - Processing /home/airflow/sandbox/lib/python3.8/site-packages/airflow/example_dags/example_subdag_operator.py took 0.207 seconds
[2022-04-01 23:30:53,358] {scheduler_job.py:182} INFO - Started process (PID=4887) to work on /home/airflow/sandbox/lib/python3.8/site-packages/airflow/example_dags/example_subdag_operator.py
[2022-04-01 23:30:53,358] {scheduler_job.py:633} INFO - Processing file /home/airflow/sandbox/lib/python3.8/site-packages/airflow/example_dags/example_subdag_operator.py for tasks to queue
[2022-04-01 23:30:53,359] {logging_mixin.py:104} INFO - [2022-04-01 23:30:53,359] {dagbag.py:487} INFO - Filling up the DagBag from /home/airflow/sandbox/lib/python3.8/site-packages/airflow/example_dags/example_subdag_operator.py
[2022-04-01 23:30:53,379] {scheduler_job.py:643} INFO - DAG(s) dict_keys(['example_subdag_operator.section-1', 'example_subdag_operator.section-2', 'example_subdag_operator']) retrieved from /home/airflow/sandbox/lib/python3.8/site-packages/airflow/example_dags/example_subdag_operator.py
[2022-04-01 23:30:53,390] {logging_mixin.py:104} INFO - [2022-04-01 23:30:53,389] {dag.py:1832} INFO - Sync 3 DAGs
[2022-04-01 23:30:53,398] {logging_mixin.py:104} INFO - [2022-04-01 23:30:53,398] {dag.py:2305} INFO - Setting next_dagrun for example_subdag_operator to 2022-03-30 00:00:00+00:00
[2022-04-01 23:30:53,399] {logging_mixin.py:104} INFO - [2022-04-01 23:30:53,399] {dag.py:2305} INFO - Setting next_dagrun for example_subdag_operator.section-1 to None
[2022-04-01 23:30:53,399] {logging_mixin.py:104} INFO - [2022-04-01 23:30:53,399] {dag.py:2305} INFO - Setting next_dagrun for example_subdag_operator.section-2 to None
[2022-04-01 23:30:53,498] {logging_mixin.py:104} INFO - [2022-04-01 23:30:53,498] {dag.py:1832} INFO - Sync 2 DAGs
[2022-04-01 23:30:53,512] {logging_mixin.py:104} INFO - [2022-04-01 23:30:53,512] {dag.py:2305} INFO - Setting next_dagrun for example_subdag_operator.section-1 to None
[2022-04-01 23:30:53,512] {logging_mixin.py:104} INFO - [2022-04-01 23:30:53,512] {dag.py:2305} INFO - Setting next_dagrun for example_subdag_operator.section-2 to None
[2022-04-01 23:30:53,549] {scheduler_job.py:190} INFO - Processing /home/airflow/sandbox/lib/python3.8/site-packages/airflow/example_dags/example_subdag_operator.py took 0.194 seconds
[2022-04-01 23:56:57,331] {scheduler_job.py:182} INFO - Started process (PID=6838) to work on /home/airflow/sandbox/lib/python3.8/site-packages/airflow/example_dags/example_subdag_operator.py
[2022-04-01 23:56:57,332] {scheduler_job.py:633} INFO - Processing file /home/airflow/sandbox/lib/python3.8/site-packages/airflow/example_dags/example_subdag_operator.py for tasks to queue
[2022-04-01 23:56:57,333] {logging_mixin.py:104} INFO - [2022-04-01 23:56:57,333] {dagbag.py:487} INFO - Filling up the DagBag from /home/airflow/sandbox/lib/python3.8/site-packages/airflow/example_dags/example_subdag_operator.py
[2022-04-01 23:56:57,351] {scheduler_job.py:643} INFO - DAG(s) dict_keys(['example_subdag_operator.section-1', 'example_subdag_operator.section-2', 'example_subdag_operator']) retrieved from /home/airflow/sandbox/lib/python3.8/site-packages/airflow/example_dags/example_subdag_operator.py
[2022-04-01 23:56:57,361] {logging_mixin.py:104} INFO - [2022-04-01 23:56:57,361] {dag.py:1832} INFO - Sync 3 DAGs
[2022-04-01 23:56:57,370] {logging_mixin.py:104} INFO - [2022-04-01 23:56:57,370] {dag.py:2305} INFO - Setting next_dagrun for example_subdag_operator to 2022-03-30 00:00:00+00:00
[2022-04-01 23:56:57,371] {logging_mixin.py:104} INFO - [2022-04-01 23:56:57,371] {dag.py:2305} INFO - Setting next_dagrun for example_subdag_operator.section-1 to None
[2022-04-01 23:56:57,371] {logging_mixin.py:104} INFO - [2022-04-01 23:56:57,371] {dag.py:2305} INFO - Setting next_dagrun for example_subdag_operator.section-2 to None
[2022-04-01 23:56:57,400] {logging_mixin.py:104} INFO - [2022-04-01 23:56:57,400] {dag.py:1832} INFO - Sync 2 DAGs
[2022-04-01 23:56:57,407] {logging_mixin.py:104} INFO - [2022-04-01 23:56:57,407] {dag.py:2305} INFO - Setting next_dagrun for example_subdag_operator.section-1 to None
[2022-04-01 23:56:57,407] {logging_mixin.py:104} INFO - [2022-04-01 23:56:57,407] {dag.py:2305} INFO - Setting next_dagrun for example_subdag_operator.section-2 to None
[2022-04-01 23:56:57,443] {scheduler_job.py:190} INFO - Processing /home/airflow/sandbox/lib/python3.8/site-packages/airflow/example_dags/example_subdag_operator.py took 0.117 seconds
[2022-04-01 23:57:30,522] {scheduler_job.py:182} INFO - Started process (PID=6870) to work on /home/airflow/sandbox/lib/python3.8/site-packages/airflow/example_dags/example_subdag_operator.py
[2022-04-01 23:57:30,522] {scheduler_job.py:633} INFO - Processing file /home/airflow/sandbox/lib/python3.8/site-packages/airflow/example_dags/example_subdag_operator.py for tasks to queue
[2022-04-01 23:57:30,523] {logging_mixin.py:104} INFO - [2022-04-01 23:57:30,523] {dagbag.py:487} INFO - Filling up the DagBag from /home/airflow/sandbox/lib/python3.8/site-packages/airflow/example_dags/example_subdag_operator.py
[2022-04-01 23:57:30,537] {scheduler_job.py:643} INFO - DAG(s) dict_keys(['example_subdag_operator.section-1', 'example_subdag_operator.section-2', 'example_subdag_operator']) retrieved from /home/airflow/sandbox/lib/python3.8/site-packages/airflow/example_dags/example_subdag_operator.py
[2022-04-01 23:57:30,545] {logging_mixin.py:104} INFO - [2022-04-01 23:57:30,544] {dag.py:1832} INFO - Sync 3 DAGs
[2022-04-01 23:57:30,551] {logging_mixin.py:104} INFO - [2022-04-01 23:57:30,551] {dag.py:2305} INFO - Setting next_dagrun for example_subdag_operator to 2022-03-30 00:00:00+00:00
[2022-04-01 23:57:30,552] {logging_mixin.py:104} INFO - [2022-04-01 23:57:30,552] {dag.py:2305} INFO - Setting next_dagrun for example_subdag_operator.section-1 to None
[2022-04-01 23:57:30,552] {logging_mixin.py:104} INFO - [2022-04-01 23:57:30,552] {dag.py:2305} INFO - Setting next_dagrun for example_subdag_operator.section-2 to None
[2022-04-01 23:57:30,607] {logging_mixin.py:104} INFO - [2022-04-01 23:57:30,607] {dag.py:1832} INFO - Sync 2 DAGs
[2022-04-01 23:57:30,613] {logging_mixin.py:104} INFO - [2022-04-01 23:57:30,613] {dag.py:2305} INFO - Setting next_dagrun for example_subdag_operator.section-1 to None
[2022-04-01 23:57:30,613] {logging_mixin.py:104} INFO - [2022-04-01 23:57:30,613] {dag.py:2305} INFO - Setting next_dagrun for example_subdag_operator.section-2 to None
[2022-04-01 23:57:30,641] {scheduler_job.py:190} INFO - Processing /home/airflow/sandbox/lib/python3.8/site-packages/airflow/example_dags/example_subdag_operator.py took 0.121 seconds
[2022-04-01 23:58:04,592] {scheduler_job.py:182} INFO - Started process (PID=6902) to work on /home/airflow/sandbox/lib/python3.8/site-packages/airflow/example_dags/example_subdag_operator.py
[2022-04-01 23:58:04,593] {scheduler_job.py:633} INFO - Processing file /home/airflow/sandbox/lib/python3.8/site-packages/airflow/example_dags/example_subdag_operator.py for tasks to queue
[2022-04-01 23:58:04,593] {logging_mixin.py:104} INFO - [2022-04-01 23:58:04,593] {dagbag.py:487} INFO - Filling up the DagBag from /home/airflow/sandbox/lib/python3.8/site-packages/airflow/example_dags/example_subdag_operator.py
[2022-04-01 23:58:04,609] {scheduler_job.py:643} INFO - DAG(s) dict_keys(['example_subdag_operator.section-1', 'example_subdag_operator.section-2', 'example_subdag_operator']) retrieved from /home/airflow/sandbox/lib/python3.8/site-packages/airflow/example_dags/example_subdag_operator.py
[2022-04-01 23:58:04,617] {logging_mixin.py:104} INFO - [2022-04-01 23:58:04,617] {dag.py:1832} INFO - Sync 3 DAGs
[2022-04-01 23:58:04,623] {logging_mixin.py:104} INFO - [2022-04-01 23:58:04,623] {dag.py:2305} INFO - Setting next_dagrun for example_subdag_operator to 2022-03-30 00:00:00+00:00
[2022-04-01 23:58:04,624] {logging_mixin.py:104} INFO - [2022-04-01 23:58:04,624] {dag.py:2305} INFO - Setting next_dagrun for example_subdag_operator.section-1 to None
[2022-04-01 23:58:04,624] {logging_mixin.py:104} INFO - [2022-04-01 23:58:04,624] {dag.py:2305} INFO - Setting next_dagrun for example_subdag_operator.section-2 to None
[2022-04-01 23:58:04,683] {logging_mixin.py:104} INFO - [2022-04-01 23:58:04,683] {dag.py:1832} INFO - Sync 2 DAGs
[2022-04-01 23:58:04,687] {logging_mixin.py:104} INFO - [2022-04-01 23:58:04,687] {dag.py:2305} INFO - Setting next_dagrun for example_subdag_operator.section-1 to None
[2022-04-01 23:58:04,687] {logging_mixin.py:104} INFO - [2022-04-01 23:58:04,687] {dag.py:2305} INFO - Setting next_dagrun for example_subdag_operator.section-2 to None
[2022-04-01 23:58:04,716] {scheduler_job.py:190} INFO - Processing /home/airflow/sandbox/lib/python3.8/site-packages/airflow/example_dags/example_subdag_operator.py took 0.126 seconds
[2022-04-01 23:58:39,287] {scheduler_job.py:182} INFO - Started process (PID=6959) to work on /home/airflow/sandbox/lib/python3.8/site-packages/airflow/example_dags/example_subdag_operator.py
[2022-04-01 23:58:39,287] {scheduler_job.py:633} INFO - Processing file /home/airflow/sandbox/lib/python3.8/site-packages/airflow/example_dags/example_subdag_operator.py for tasks to queue
[2022-04-01 23:58:39,288] {logging_mixin.py:104} INFO - [2022-04-01 23:58:39,288] {dagbag.py:487} INFO - Filling up the DagBag from /home/airflow/sandbox/lib/python3.8/site-packages/airflow/example_dags/example_subdag_operator.py
[2022-04-01 23:58:39,303] {scheduler_job.py:643} INFO - DAG(s) dict_keys(['example_subdag_operator.section-1', 'example_subdag_operator.section-2', 'example_subdag_operator']) retrieved from /home/airflow/sandbox/lib/python3.8/site-packages/airflow/example_dags/example_subdag_operator.py
[2022-04-01 23:58:39,311] {logging_mixin.py:104} INFO - [2022-04-01 23:58:39,311] {dag.py:1832} INFO - Sync 3 DAGs
[2022-04-01 23:58:39,320] {logging_mixin.py:104} INFO - [2022-04-01 23:58:39,320] {dag.py:2305} INFO - Setting next_dagrun for example_subdag_operator to 2022-03-30 00:00:00+00:00
[2022-04-01 23:58:39,321] {logging_mixin.py:104} INFO - [2022-04-01 23:58:39,321] {dag.py:2305} INFO - Setting next_dagrun for example_subdag_operator.section-1 to None
[2022-04-01 23:58:39,321] {logging_mixin.py:104} INFO - [2022-04-01 23:58:39,321] {dag.py:2305} INFO - Setting next_dagrun for example_subdag_operator.section-2 to None
[2022-04-01 23:58:39,348] {logging_mixin.py:104} INFO - [2022-04-01 23:58:39,347] {dag.py:1832} INFO - Sync 2 DAGs
[2022-04-01 23:58:39,352] {logging_mixin.py:104} INFO - [2022-04-01 23:58:39,352] {dag.py:2305} INFO - Setting next_dagrun for example_subdag_operator.section-1 to None
[2022-04-01 23:58:39,353] {logging_mixin.py:104} INFO - [2022-04-01 23:58:39,352] {dag.py:2305} INFO - Setting next_dagrun for example_subdag_operator.section-2 to None
[2022-04-01 23:58:39,383] {scheduler_job.py:190} INFO - Processing /home/airflow/sandbox/lib/python3.8/site-packages/airflow/example_dags/example_subdag_operator.py took 0.098 seconds
[2022-04-01 23:59:12,907] {scheduler_job.py:182} INFO - Started process (PID=7009) to work on /home/airflow/sandbox/lib/python3.8/site-packages/airflow/example_dags/example_subdag_operator.py
[2022-04-01 23:59:12,908] {scheduler_job.py:633} INFO - Processing file /home/airflow/sandbox/lib/python3.8/site-packages/airflow/example_dags/example_subdag_operator.py for tasks to queue
[2022-04-01 23:59:12,908] {logging_mixin.py:104} INFO - [2022-04-01 23:59:12,908] {dagbag.py:487} INFO - Filling up the DagBag from /home/airflow/sandbox/lib/python3.8/site-packages/airflow/example_dags/example_subdag_operator.py
[2022-04-01 23:59:12,927] {scheduler_job.py:643} INFO - DAG(s) dict_keys(['example_subdag_operator.section-1', 'example_subdag_operator.section-2', 'example_subdag_operator']) retrieved from /home/airflow/sandbox/lib/python3.8/site-packages/airflow/example_dags/example_subdag_operator.py
[2022-04-01 23:59:12,936] {logging_mixin.py:104} INFO - [2022-04-01 23:59:12,936] {dag.py:1832} INFO - Sync 3 DAGs
[2022-04-01 23:59:12,944] {logging_mixin.py:104} INFO - [2022-04-01 23:59:12,944] {dag.py:2305} INFO - Setting next_dagrun for example_subdag_operator to 2022-03-30 00:00:00+00:00
[2022-04-01 23:59:12,945] {logging_mixin.py:104} INFO - [2022-04-01 23:59:12,945] {dag.py:2305} INFO - Setting next_dagrun for example_subdag_operator.section-1 to None
[2022-04-01 23:59:12,945] {logging_mixin.py:104} INFO - [2022-04-01 23:59:12,945] {dag.py:2305} INFO - Setting next_dagrun for example_subdag_operator.section-2 to None
[2022-04-01 23:59:13,008] {logging_mixin.py:104} INFO - [2022-04-01 23:59:13,008] {dag.py:1832} INFO - Sync 2 DAGs
[2022-04-01 23:59:13,013] {logging_mixin.py:104} INFO - [2022-04-01 23:59:13,013] {dag.py:2305} INFO - Setting next_dagrun for example_subdag_operator.section-1 to None
[2022-04-01 23:59:13,013] {logging_mixin.py:104} INFO - [2022-04-01 23:59:13,013] {dag.py:2305} INFO - Setting next_dagrun for example_subdag_operator.section-2 to None
[2022-04-01 23:59:13,041] {scheduler_job.py:190} INFO - Processing /home/airflow/sandbox/lib/python3.8/site-packages/airflow/example_dags/example_subdag_operator.py took 0.136 seconds
[2022-04-01 23:59:48,208] {scheduler_job.py:182} INFO - Started process (PID=7134) to work on /home/airflow/sandbox/lib/python3.8/site-packages/airflow/example_dags/example_subdag_operator.py
[2022-04-01 23:59:48,209] {scheduler_job.py:633} INFO - Processing file /home/airflow/sandbox/lib/python3.8/site-packages/airflow/example_dags/example_subdag_operator.py for tasks to queue
[2022-04-01 23:59:48,209] {logging_mixin.py:104} INFO - [2022-04-01 23:59:48,209] {dagbag.py:487} INFO - Filling up the DagBag from /home/airflow/sandbox/lib/python3.8/site-packages/airflow/example_dags/example_subdag_operator.py
[2022-04-01 23:59:48,223] {scheduler_job.py:643} INFO - DAG(s) dict_keys(['example_subdag_operator.section-1', 'example_subdag_operator.section-2', 'example_subdag_operator']) retrieved from /home/airflow/sandbox/lib/python3.8/site-packages/airflow/example_dags/example_subdag_operator.py
[2022-04-01 23:59:48,230] {logging_mixin.py:104} INFO - [2022-04-01 23:59:48,230] {dag.py:1832} INFO - Sync 3 DAGs
[2022-04-01 23:59:48,237] {logging_mixin.py:104} INFO - [2022-04-01 23:59:48,237] {dag.py:2305} INFO - Setting next_dagrun for example_subdag_operator to 2022-03-30 00:00:00+00:00
[2022-04-01 23:59:48,237] {logging_mixin.py:104} INFO - [2022-04-01 23:59:48,237] {dag.py:2305} INFO - Setting next_dagrun for example_subdag_operator.section-1 to None
[2022-04-01 23:59:48,238] {logging_mixin.py:104} INFO - [2022-04-01 23:59:48,238] {dag.py:2305} INFO - Setting next_dagrun for example_subdag_operator.section-2 to None
[2022-04-01 23:59:48,304] {logging_mixin.py:104} INFO - [2022-04-01 23:59:48,303] {dag.py:1832} INFO - Sync 2 DAGs
[2022-04-01 23:59:48,307] {logging_mixin.py:104} INFO - [2022-04-01 23:59:48,307] {dag.py:2305} INFO - Setting next_dagrun for example_subdag_operator.section-1 to None
[2022-04-01 23:59:48,307] {logging_mixin.py:104} INFO - [2022-04-01 23:59:48,307] {dag.py:2305} INFO - Setting next_dagrun for example_subdag_operator.section-2 to None
[2022-04-01 23:59:48,336] {scheduler_job.py:190} INFO - Processing /home/airflow/sandbox/lib/python3.8/site-packages/airflow/example_dags/example_subdag_operator.py took 0.130 seconds
