[2022-04-01 23:28:42,020] {scheduler_job.py:182} INFO - Started process (PID=4454) to work on /home/airflow/sandbox/lib/python3.8/site-packages/airflow/example_dags/example_branch_operator.py
[2022-04-01 23:28:42,020] {scheduler_job.py:633} INFO - Processing file /home/airflow/sandbox/lib/python3.8/site-packages/airflow/example_dags/example_branch_operator.py for tasks to queue
[2022-04-01 23:28:42,021] {logging_mixin.py:104} INFO - [2022-04-01 23:28:42,021] {dagbag.py:487} INFO - Filling up the DagBag from /home/airflow/sandbox/lib/python3.8/site-packages/airflow/example_dags/example_branch_operator.py
[2022-04-01 23:28:42,031] {scheduler_job.py:643} INFO - DAG(s) dict_keys(['example_branch_operator']) retrieved from /home/airflow/sandbox/lib/python3.8/site-packages/airflow/example_dags/example_branch_operator.py
[2022-04-01 23:28:42,043] {logging_mixin.py:104} INFO - [2022-04-01 23:28:42,043] {dag.py:1832} INFO - Sync 1 DAGs
[2022-04-01 23:28:42,052] {logging_mixin.py:104} INFO - [2022-04-01 23:28:42,052] {dag.py:2305} INFO - Setting next_dagrun for example_branch_operator to 2022-03-30 00:00:00+00:00
[2022-04-01 23:28:42,081] {scheduler_job.py:190} INFO - Processing /home/airflow/sandbox/lib/python3.8/site-packages/airflow/example_dags/example_branch_operator.py took 0.064 seconds
[2022-04-01 23:29:14,710] {scheduler_job.py:182} INFO - Started process (PID=4624) to work on /home/airflow/sandbox/lib/python3.8/site-packages/airflow/example_dags/example_branch_operator.py
[2022-04-01 23:29:14,711] {scheduler_job.py:633} INFO - Processing file /home/airflow/sandbox/lib/python3.8/site-packages/airflow/example_dags/example_branch_operator.py for tasks to queue
[2022-04-01 23:29:14,711] {logging_mixin.py:104} INFO - [2022-04-01 23:29:14,711] {dagbag.py:487} INFO - Filling up the DagBag from /home/airflow/sandbox/lib/python3.8/site-packages/airflow/example_dags/example_branch_operator.py
[2022-04-01 23:29:14,719] {scheduler_job.py:643} INFO - DAG(s) dict_keys(['example_branch_operator']) retrieved from /home/airflow/sandbox/lib/python3.8/site-packages/airflow/example_dags/example_branch_operator.py
[2022-04-01 23:29:14,730] {logging_mixin.py:104} INFO - [2022-04-01 23:29:14,730] {dag.py:1832} INFO - Sync 1 DAGs
[2022-04-01 23:29:14,739] {logging_mixin.py:104} INFO - [2022-04-01 23:29:14,739] {dag.py:2305} INFO - Setting next_dagrun for example_branch_operator to 2022-03-30 00:00:00+00:00
[2022-04-01 23:29:14,768] {scheduler_job.py:190} INFO - Processing /home/airflow/sandbox/lib/python3.8/site-packages/airflow/example_dags/example_branch_operator.py took 0.060 seconds
[2022-04-01 23:29:47,004] {scheduler_job.py:182} INFO - Started process (PID=4719) to work on /home/airflow/sandbox/lib/python3.8/site-packages/airflow/example_dags/example_branch_operator.py
[2022-04-01 23:29:47,005] {scheduler_job.py:633} INFO - Processing file /home/airflow/sandbox/lib/python3.8/site-packages/airflow/example_dags/example_branch_operator.py for tasks to queue
[2022-04-01 23:29:47,005] {logging_mixin.py:104} INFO - [2022-04-01 23:29:47,005] {dagbag.py:487} INFO - Filling up the DagBag from /home/airflow/sandbox/lib/python3.8/site-packages/airflow/example_dags/example_branch_operator.py
[2022-04-01 23:29:47,014] {scheduler_job.py:643} INFO - DAG(s) dict_keys(['example_branch_operator']) retrieved from /home/airflow/sandbox/lib/python3.8/site-packages/airflow/example_dags/example_branch_operator.py
[2022-04-01 23:29:47,024] {logging_mixin.py:104} INFO - [2022-04-01 23:29:47,024] {dag.py:1832} INFO - Sync 1 DAGs
[2022-04-01 23:29:47,034] {logging_mixin.py:104} INFO - [2022-04-01 23:29:47,034] {dag.py:2305} INFO - Setting next_dagrun for example_branch_operator to 2022-03-30 00:00:00+00:00
[2022-04-01 23:29:47,063] {scheduler_job.py:190} INFO - Processing /home/airflow/sandbox/lib/python3.8/site-packages/airflow/example_dags/example_branch_operator.py took 0.061 seconds
[2022-04-01 23:30:19,758] {scheduler_job.py:182} INFO - Started process (PID=4854) to work on /home/airflow/sandbox/lib/python3.8/site-packages/airflow/example_dags/example_branch_operator.py
[2022-04-01 23:30:19,759] {scheduler_job.py:633} INFO - Processing file /home/airflow/sandbox/lib/python3.8/site-packages/airflow/example_dags/example_branch_operator.py for tasks to queue
[2022-04-01 23:30:19,759] {logging_mixin.py:104} INFO - [2022-04-01 23:30:19,759] {dagbag.py:487} INFO - Filling up the DagBag from /home/airflow/sandbox/lib/python3.8/site-packages/airflow/example_dags/example_branch_operator.py
[2022-04-01 23:30:19,771] {scheduler_job.py:643} INFO - DAG(s) dict_keys(['example_branch_operator']) retrieved from /home/airflow/sandbox/lib/python3.8/site-packages/airflow/example_dags/example_branch_operator.py
[2022-04-01 23:30:19,785] {logging_mixin.py:104} INFO - [2022-04-01 23:30:19,785] {dag.py:1832} INFO - Sync 1 DAGs
[2022-04-01 23:30:19,795] {logging_mixin.py:104} INFO - [2022-04-01 23:30:19,795] {dag.py:2305} INFO - Setting next_dagrun for example_branch_operator to 2022-03-30 00:00:00+00:00
[2022-04-01 23:30:19,932] {scheduler_job.py:190} INFO - Processing /home/airflow/sandbox/lib/python3.8/site-packages/airflow/example_dags/example_branch_operator.py took 0.175 seconds
[2022-04-01 23:30:52,221] {scheduler_job.py:182} INFO - Started process (PID=4886) to work on /home/airflow/sandbox/lib/python3.8/site-packages/airflow/example_dags/example_branch_operator.py
[2022-04-01 23:30:52,222] {scheduler_job.py:633} INFO - Processing file /home/airflow/sandbox/lib/python3.8/site-packages/airflow/example_dags/example_branch_operator.py for tasks to queue
[2022-04-01 23:30:52,222] {logging_mixin.py:104} INFO - [2022-04-01 23:30:52,222] {dagbag.py:487} INFO - Filling up the DagBag from /home/airflow/sandbox/lib/python3.8/site-packages/airflow/example_dags/example_branch_operator.py
[2022-04-01 23:30:52,230] {scheduler_job.py:643} INFO - DAG(s) dict_keys(['example_branch_operator']) retrieved from /home/airflow/sandbox/lib/python3.8/site-packages/airflow/example_dags/example_branch_operator.py
[2022-04-01 23:30:52,241] {logging_mixin.py:104} INFO - [2022-04-01 23:30:52,241] {dag.py:1832} INFO - Sync 1 DAGs
[2022-04-01 23:30:52,253] {logging_mixin.py:104} INFO - [2022-04-01 23:30:52,252] {dag.py:2305} INFO - Setting next_dagrun for example_branch_operator to 2022-03-30 00:00:00+00:00
[2022-04-01 23:30:52,286] {scheduler_job.py:190} INFO - Processing /home/airflow/sandbox/lib/python3.8/site-packages/airflow/example_dags/example_branch_operator.py took 0.068 seconds
[2022-04-01 23:56:56,202] {scheduler_job.py:182} INFO - Started process (PID=6837) to work on /home/airflow/sandbox/lib/python3.8/site-packages/airflow/example_dags/example_branch_operator.py
[2022-04-01 23:56:56,204] {scheduler_job.py:633} INFO - Processing file /home/airflow/sandbox/lib/python3.8/site-packages/airflow/example_dags/example_branch_operator.py for tasks to queue
[2022-04-01 23:56:56,204] {logging_mixin.py:104} INFO - [2022-04-01 23:56:56,204] {dagbag.py:487} INFO - Filling up the DagBag from /home/airflow/sandbox/lib/python3.8/site-packages/airflow/example_dags/example_branch_operator.py
[2022-04-01 23:56:56,215] {scheduler_job.py:643} INFO - DAG(s) dict_keys(['example_branch_operator']) retrieved from /home/airflow/sandbox/lib/python3.8/site-packages/airflow/example_dags/example_branch_operator.py
[2022-04-01 23:56:56,225] {logging_mixin.py:104} INFO - [2022-04-01 23:56:56,225] {dag.py:1832} INFO - Sync 1 DAGs
[2022-04-01 23:56:56,234] {logging_mixin.py:104} INFO - [2022-04-01 23:56:56,234] {dag.py:2305} INFO - Setting next_dagrun for example_branch_operator to 2022-03-30 00:00:00+00:00
[2022-04-01 23:56:56,291] {scheduler_job.py:190} INFO - Processing /home/airflow/sandbox/lib/python3.8/site-packages/airflow/example_dags/example_branch_operator.py took 0.091 seconds
[2022-04-01 23:57:29,363] {scheduler_job.py:182} INFO - Started process (PID=6869) to work on /home/airflow/sandbox/lib/python3.8/site-packages/airflow/example_dags/example_branch_operator.py
[2022-04-01 23:57:29,364] {scheduler_job.py:633} INFO - Processing file /home/airflow/sandbox/lib/python3.8/site-packages/airflow/example_dags/example_branch_operator.py for tasks to queue
[2022-04-01 23:57:29,364] {logging_mixin.py:104} INFO - [2022-04-01 23:57:29,364] {dagbag.py:487} INFO - Filling up the DagBag from /home/airflow/sandbox/lib/python3.8/site-packages/airflow/example_dags/example_branch_operator.py
[2022-04-01 23:57:29,377] {scheduler_job.py:643} INFO - DAG(s) dict_keys(['example_branch_operator']) retrieved from /home/airflow/sandbox/lib/python3.8/site-packages/airflow/example_dags/example_branch_operator.py
[2022-04-01 23:57:29,389] {logging_mixin.py:104} INFO - [2022-04-01 23:57:29,389] {dag.py:1832} INFO - Sync 1 DAGs
[2022-04-01 23:57:29,401] {logging_mixin.py:104} INFO - [2022-04-01 23:57:29,401] {dag.py:2305} INFO - Setting next_dagrun for example_branch_operator to 2022-03-30 00:00:00+00:00
[2022-04-01 23:57:29,457] {scheduler_job.py:190} INFO - Processing /home/airflow/sandbox/lib/python3.8/site-packages/airflow/example_dags/example_branch_operator.py took 0.095 seconds
[2022-04-01 23:58:03,459] {scheduler_job.py:182} INFO - Started process (PID=6901) to work on /home/airflow/sandbox/lib/python3.8/site-packages/airflow/example_dags/example_branch_operator.py
[2022-04-01 23:58:03,460] {scheduler_job.py:633} INFO - Processing file /home/airflow/sandbox/lib/python3.8/site-packages/airflow/example_dags/example_branch_operator.py for tasks to queue
[2022-04-01 23:58:03,461] {logging_mixin.py:104} INFO - [2022-04-01 23:58:03,460] {dagbag.py:487} INFO - Filling up the DagBag from /home/airflow/sandbox/lib/python3.8/site-packages/airflow/example_dags/example_branch_operator.py
[2022-04-01 23:58:03,470] {scheduler_job.py:643} INFO - DAG(s) dict_keys(['example_branch_operator']) retrieved from /home/airflow/sandbox/lib/python3.8/site-packages/airflow/example_dags/example_branch_operator.py
[2022-04-01 23:58:03,482] {logging_mixin.py:104} INFO - [2022-04-01 23:58:03,482] {dag.py:1832} INFO - Sync 1 DAGs
[2022-04-01 23:58:03,492] {logging_mixin.py:104} INFO - [2022-04-01 23:58:03,492] {dag.py:2305} INFO - Setting next_dagrun for example_branch_operator to 2022-03-30 00:00:00+00:00
[2022-04-01 23:58:03,551] {scheduler_job.py:190} INFO - Processing /home/airflow/sandbox/lib/python3.8/site-packages/airflow/example_dags/example_branch_operator.py took 0.094 seconds
[2022-04-01 23:58:38,158] {scheduler_job.py:182} INFO - Started process (PID=6958) to work on /home/airflow/sandbox/lib/python3.8/site-packages/airflow/example_dags/example_branch_operator.py
[2022-04-01 23:58:38,159] {scheduler_job.py:633} INFO - Processing file /home/airflow/sandbox/lib/python3.8/site-packages/airflow/example_dags/example_branch_operator.py for tasks to queue
[2022-04-01 23:58:38,160] {logging_mixin.py:104} INFO - [2022-04-01 23:58:38,159] {dagbag.py:487} INFO - Filling up the DagBag from /home/airflow/sandbox/lib/python3.8/site-packages/airflow/example_dags/example_branch_operator.py
[2022-04-01 23:58:38,171] {scheduler_job.py:643} INFO - DAG(s) dict_keys(['example_branch_operator']) retrieved from /home/airflow/sandbox/lib/python3.8/site-packages/airflow/example_dags/example_branch_operator.py
[2022-04-01 23:58:38,182] {logging_mixin.py:104} INFO - [2022-04-01 23:58:38,182] {dag.py:1832} INFO - Sync 1 DAGs
[2022-04-01 23:58:38,192] {logging_mixin.py:104} INFO - [2022-04-01 23:58:38,192] {dag.py:2305} INFO - Setting next_dagrun for example_branch_operator to 2022-03-30 00:00:00+00:00
[2022-04-01 23:58:38,219] {scheduler_job.py:190} INFO - Processing /home/airflow/sandbox/lib/python3.8/site-packages/airflow/example_dags/example_branch_operator.py took 0.062 seconds
[2022-04-01 23:59:10,648] {scheduler_job.py:182} INFO - Started process (PID=7007) to work on /home/airflow/sandbox/lib/python3.8/site-packages/airflow/example_dags/example_branch_operator.py
[2022-04-01 23:59:10,650] {scheduler_job.py:633} INFO - Processing file /home/airflow/sandbox/lib/python3.8/site-packages/airflow/example_dags/example_branch_operator.py for tasks to queue
[2022-04-01 23:59:10,650] {logging_mixin.py:104} INFO - [2022-04-01 23:59:10,650] {dagbag.py:487} INFO - Filling up the DagBag from /home/airflow/sandbox/lib/python3.8/site-packages/airflow/example_dags/example_branch_operator.py
[2022-04-01 23:59:10,660] {scheduler_job.py:643} INFO - DAG(s) dict_keys(['example_branch_operator']) retrieved from /home/airflow/sandbox/lib/python3.8/site-packages/airflow/example_dags/example_branch_operator.py
[2022-04-01 23:59:10,670] {logging_mixin.py:104} INFO - [2022-04-01 23:59:10,670] {dag.py:1832} INFO - Sync 1 DAGs
[2022-04-01 23:59:10,680] {logging_mixin.py:104} INFO - [2022-04-01 23:59:10,680] {dag.py:2305} INFO - Setting next_dagrun for example_branch_operator to 2022-03-30 00:00:00+00:00
[2022-04-01 23:59:10,707] {scheduler_job.py:190} INFO - Processing /home/airflow/sandbox/lib/python3.8/site-packages/airflow/example_dags/example_branch_operator.py took 0.061 seconds
[2022-04-01 23:59:46,976] {scheduler_job.py:182} INFO - Started process (PID=7133) to work on /home/airflow/sandbox/lib/python3.8/site-packages/airflow/example_dags/example_branch_operator.py
[2022-04-01 23:59:46,978] {scheduler_job.py:633} INFO - Processing file /home/airflow/sandbox/lib/python3.8/site-packages/airflow/example_dags/example_branch_operator.py for tasks to queue
[2022-04-01 23:59:46,978] {logging_mixin.py:104} INFO - [2022-04-01 23:59:46,978] {dagbag.py:487} INFO - Filling up the DagBag from /home/airflow/sandbox/lib/python3.8/site-packages/airflow/example_dags/example_branch_operator.py
[2022-04-01 23:59:46,988] {scheduler_job.py:643} INFO - DAG(s) dict_keys(['example_branch_operator']) retrieved from /home/airflow/sandbox/lib/python3.8/site-packages/airflow/example_dags/example_branch_operator.py
[2022-04-01 23:59:46,999] {logging_mixin.py:104} INFO - [2022-04-01 23:59:46,999] {dag.py:1832} INFO - Sync 1 DAGs
[2022-04-01 23:59:47,010] {logging_mixin.py:104} INFO - [2022-04-01 23:59:47,010] {dag.py:2305} INFO - Setting next_dagrun for example_branch_operator to 2022-03-30 00:00:00+00:00
[2022-04-01 23:59:47,077] {scheduler_job.py:190} INFO - Processing /home/airflow/sandbox/lib/python3.8/site-packages/airflow/example_dags/example_branch_operator.py took 0.103 seconds
