[2022-04-01 23:28:51,392] {scheduler_job.py:182} INFO - Started process (PID=4501) to work on /home/airflow/sandbox/lib/python3.8/site-packages/airflow/example_dags/example_branch_python_dop_operator_3.py
[2022-04-01 23:28:51,393] {scheduler_job.py:633} INFO - Processing file /home/airflow/sandbox/lib/python3.8/site-packages/airflow/example_dags/example_branch_python_dop_operator_3.py for tasks to queue
[2022-04-01 23:28:51,393] {logging_mixin.py:104} INFO - [2022-04-01 23:28:51,393] {dagbag.py:487} INFO - Filling up the DagBag from /home/airflow/sandbox/lib/python3.8/site-packages/airflow/example_dags/example_branch_python_dop_operator_3.py
[2022-04-01 23:28:51,402] {scheduler_job.py:643} INFO - DAG(s) dict_keys(['example_branch_dop_operator_v3']) retrieved from /home/airflow/sandbox/lib/python3.8/site-packages/airflow/example_dags/example_branch_python_dop_operator_3.py
[2022-04-01 23:28:51,410] {logging_mixin.py:104} INFO - [2022-04-01 23:28:51,410] {dag.py:1832} INFO - Sync 1 DAGs
[2022-04-01 23:28:51,424] {logging_mixin.py:104} INFO - [2022-04-01 23:28:51,424] {dag.py:2305} INFO - Setting next_dagrun for example_branch_dop_operator_v3 to 2022-03-30 00:00:00+00:00
[2022-04-01 23:28:51,453] {scheduler_job.py:190} INFO - Processing /home/airflow/sandbox/lib/python3.8/site-packages/airflow/example_dags/example_branch_python_dop_operator_3.py took 0.063 seconds
[2022-04-01 23:29:23,911] {scheduler_job.py:182} INFO - Started process (PID=4633) to work on /home/airflow/sandbox/lib/python3.8/site-packages/airflow/example_dags/example_branch_python_dop_operator_3.py
[2022-04-01 23:29:23,913] {scheduler_job.py:633} INFO - Processing file /home/airflow/sandbox/lib/python3.8/site-packages/airflow/example_dags/example_branch_python_dop_operator_3.py for tasks to queue
[2022-04-01 23:29:23,913] {logging_mixin.py:104} INFO - [2022-04-01 23:29:23,913] {dagbag.py:487} INFO - Filling up the DagBag from /home/airflow/sandbox/lib/python3.8/site-packages/airflow/example_dags/example_branch_python_dop_operator_3.py
[2022-04-01 23:29:23,921] {scheduler_job.py:643} INFO - DAG(s) dict_keys(['example_branch_dop_operator_v3']) retrieved from /home/airflow/sandbox/lib/python3.8/site-packages/airflow/example_dags/example_branch_python_dop_operator_3.py
[2022-04-01 23:29:23,930] {logging_mixin.py:104} INFO - [2022-04-01 23:29:23,930] {dag.py:1832} INFO - Sync 1 DAGs
[2022-04-01 23:29:23,941] {logging_mixin.py:104} INFO - [2022-04-01 23:29:23,941] {dag.py:2305} INFO - Setting next_dagrun for example_branch_dop_operator_v3 to 2022-03-30 00:00:00+00:00
[2022-04-01 23:29:23,979] {scheduler_job.py:190} INFO - Processing /home/airflow/sandbox/lib/python3.8/site-packages/airflow/example_dags/example_branch_python_dop_operator_3.py took 0.070 seconds
[2022-04-01 23:29:56,632] {scheduler_job.py:182} INFO - Started process (PID=4756) to work on /home/airflow/sandbox/lib/python3.8/site-packages/airflow/example_dags/example_branch_python_dop_operator_3.py
[2022-04-01 23:29:56,632] {scheduler_job.py:633} INFO - Processing file /home/airflow/sandbox/lib/python3.8/site-packages/airflow/example_dags/example_branch_python_dop_operator_3.py for tasks to queue
[2022-04-01 23:29:56,633] {logging_mixin.py:104} INFO - [2022-04-01 23:29:56,633] {dagbag.py:487} INFO - Filling up the DagBag from /home/airflow/sandbox/lib/python3.8/site-packages/airflow/example_dags/example_branch_python_dop_operator_3.py
[2022-04-01 23:29:56,641] {scheduler_job.py:643} INFO - DAG(s) dict_keys(['example_branch_dop_operator_v3']) retrieved from /home/airflow/sandbox/lib/python3.8/site-packages/airflow/example_dags/example_branch_python_dop_operator_3.py
[2022-04-01 23:29:56,650] {logging_mixin.py:104} INFO - [2022-04-01 23:29:56,649] {dag.py:1832} INFO - Sync 1 DAGs
[2022-04-01 23:29:56,660] {logging_mixin.py:104} INFO - [2022-04-01 23:29:56,660] {dag.py:2305} INFO - Setting next_dagrun for example_branch_dop_operator_v3 to 2022-03-30 00:00:00+00:00
[2022-04-01 23:29:56,692] {scheduler_job.py:190} INFO - Processing /home/airflow/sandbox/lib/python3.8/site-packages/airflow/example_dags/example_branch_python_dop_operator_3.py took 0.063 seconds
[2022-04-01 23:30:30,287] {scheduler_job.py:182} INFO - Started process (PID=4864) to work on /home/airflow/sandbox/lib/python3.8/site-packages/airflow/example_dags/example_branch_python_dop_operator_3.py
[2022-04-01 23:30:30,288] {scheduler_job.py:633} INFO - Processing file /home/airflow/sandbox/lib/python3.8/site-packages/airflow/example_dags/example_branch_python_dop_operator_3.py for tasks to queue
[2022-04-01 23:30:30,288] {logging_mixin.py:104} INFO - [2022-04-01 23:30:30,288] {dagbag.py:487} INFO - Filling up the DagBag from /home/airflow/sandbox/lib/python3.8/site-packages/airflow/example_dags/example_branch_python_dop_operator_3.py
[2022-04-01 23:30:30,299] {scheduler_job.py:643} INFO - DAG(s) dict_keys(['example_branch_dop_operator_v3']) retrieved from /home/airflow/sandbox/lib/python3.8/site-packages/airflow/example_dags/example_branch_python_dop_operator_3.py
[2022-04-01 23:30:30,311] {logging_mixin.py:104} INFO - [2022-04-01 23:30:30,311] {dag.py:1832} INFO - Sync 1 DAGs
[2022-04-01 23:30:30,323] {logging_mixin.py:104} INFO - [2022-04-01 23:30:30,323] {dag.py:2305} INFO - Setting next_dagrun for example_branch_dop_operator_v3 to 2022-03-30 00:00:00+00:00
[2022-04-01 23:30:30,372] {scheduler_job.py:190} INFO - Processing /home/airflow/sandbox/lib/python3.8/site-packages/airflow/example_dags/example_branch_python_dop_operator_3.py took 0.089 seconds
[2022-04-01 23:57:05,752] {scheduler_job.py:182} INFO - Started process (PID=6846) to work on /home/airflow/sandbox/lib/python3.8/site-packages/airflow/example_dags/example_branch_python_dop_operator_3.py
[2022-04-01 23:57:05,754] {scheduler_job.py:633} INFO - Processing file /home/airflow/sandbox/lib/python3.8/site-packages/airflow/example_dags/example_branch_python_dop_operator_3.py for tasks to queue
[2022-04-01 23:57:05,755] {logging_mixin.py:104} INFO - [2022-04-01 23:57:05,755] {dagbag.py:487} INFO - Filling up the DagBag from /home/airflow/sandbox/lib/python3.8/site-packages/airflow/example_dags/example_branch_python_dop_operator_3.py
[2022-04-01 23:57:05,764] {scheduler_job.py:643} INFO - DAG(s) dict_keys(['example_branch_dop_operator_v3']) retrieved from /home/airflow/sandbox/lib/python3.8/site-packages/airflow/example_dags/example_branch_python_dop_operator_3.py
[2022-04-01 23:57:05,777] {logging_mixin.py:104} INFO - [2022-04-01 23:57:05,777] {dag.py:1832} INFO - Sync 1 DAGs
[2022-04-01 23:57:05,790] {logging_mixin.py:104} INFO - [2022-04-01 23:57:05,790] {dag.py:2305} INFO - Setting next_dagrun for example_branch_dop_operator_v3 to 2022-03-30 00:00:00+00:00
[2022-04-01 23:57:05,858] {scheduler_job.py:190} INFO - Processing /home/airflow/sandbox/lib/python3.8/site-packages/airflow/example_dags/example_branch_python_dop_operator_3.py took 0.108 seconds
[2022-04-01 23:57:42,016] {scheduler_job.py:182} INFO - Started process (PID=6880) to work on /home/airflow/sandbox/lib/python3.8/site-packages/airflow/example_dags/example_branch_python_dop_operator_3.py
[2022-04-01 23:57:42,017] {scheduler_job.py:633} INFO - Processing file /home/airflow/sandbox/lib/python3.8/site-packages/airflow/example_dags/example_branch_python_dop_operator_3.py for tasks to queue
[2022-04-01 23:57:42,017] {logging_mixin.py:104} INFO - [2022-04-01 23:57:42,017] {dagbag.py:487} INFO - Filling up the DagBag from /home/airflow/sandbox/lib/python3.8/site-packages/airflow/example_dags/example_branch_python_dop_operator_3.py
[2022-04-01 23:57:42,026] {scheduler_job.py:643} INFO - DAG(s) dict_keys(['example_branch_dop_operator_v3']) retrieved from /home/airflow/sandbox/lib/python3.8/site-packages/airflow/example_dags/example_branch_python_dop_operator_3.py
[2022-04-01 23:57:42,036] {logging_mixin.py:104} INFO - [2022-04-01 23:57:42,036] {dag.py:1832} INFO - Sync 1 DAGs
[2022-04-01 23:57:42,047] {logging_mixin.py:104} INFO - [2022-04-01 23:57:42,047] {dag.py:2305} INFO - Setting next_dagrun for example_branch_dop_operator_v3 to 2022-03-30 00:00:00+00:00
[2022-04-01 23:57:42,075] {scheduler_job.py:190} INFO - Processing /home/airflow/sandbox/lib/python3.8/site-packages/airflow/example_dags/example_branch_python_dop_operator_3.py took 0.061 seconds
[2022-04-01 23:58:18,594] {scheduler_job.py:182} INFO - Started process (PID=6915) to work on /home/airflow/sandbox/lib/python3.8/site-packages/airflow/example_dags/example_branch_python_dop_operator_3.py
[2022-04-01 23:58:18,595] {scheduler_job.py:633} INFO - Processing file /home/airflow/sandbox/lib/python3.8/site-packages/airflow/example_dags/example_branch_python_dop_operator_3.py for tasks to queue
[2022-04-01 23:58:18,595] {logging_mixin.py:104} INFO - [2022-04-01 23:58:18,595] {dagbag.py:487} INFO - Filling up the DagBag from /home/airflow/sandbox/lib/python3.8/site-packages/airflow/example_dags/example_branch_python_dop_operator_3.py
[2022-04-01 23:58:18,603] {scheduler_job.py:643} INFO - DAG(s) dict_keys(['example_branch_dop_operator_v3']) retrieved from /home/airflow/sandbox/lib/python3.8/site-packages/airflow/example_dags/example_branch_python_dop_operator_3.py
[2022-04-01 23:58:18,613] {logging_mixin.py:104} INFO - [2022-04-01 23:58:18,612] {dag.py:1832} INFO - Sync 1 DAGs
[2022-04-01 23:58:18,624] {logging_mixin.py:104} INFO - [2022-04-01 23:58:18,624] {dag.py:2305} INFO - Setting next_dagrun for example_branch_dop_operator_v3 to 2022-03-30 00:00:00+00:00
[2022-04-01 23:58:18,684] {scheduler_job.py:190} INFO - Processing /home/airflow/sandbox/lib/python3.8/site-packages/airflow/example_dags/example_branch_python_dop_operator_3.py took 0.092 seconds
[2022-04-01 23:58:51,211] {scheduler_job.py:182} INFO - Started process (PID=6974) to work on /home/airflow/sandbox/lib/python3.8/site-packages/airflow/example_dags/example_branch_python_dop_operator_3.py
[2022-04-01 23:58:51,212] {scheduler_job.py:633} INFO - Processing file /home/airflow/sandbox/lib/python3.8/site-packages/airflow/example_dags/example_branch_python_dop_operator_3.py for tasks to queue
[2022-04-01 23:58:51,212] {logging_mixin.py:104} INFO - [2022-04-01 23:58:51,212] {dagbag.py:487} INFO - Filling up the DagBag from /home/airflow/sandbox/lib/python3.8/site-packages/airflow/example_dags/example_branch_python_dop_operator_3.py
[2022-04-01 23:58:51,220] {scheduler_job.py:643} INFO - DAG(s) dict_keys(['example_branch_dop_operator_v3']) retrieved from /home/airflow/sandbox/lib/python3.8/site-packages/airflow/example_dags/example_branch_python_dop_operator_3.py
[2022-04-01 23:58:51,231] {logging_mixin.py:104} INFO - [2022-04-01 23:58:51,231] {dag.py:1832} INFO - Sync 1 DAGs
[2022-04-01 23:58:51,243] {logging_mixin.py:104} INFO - [2022-04-01 23:58:51,243] {dag.py:2305} INFO - Setting next_dagrun for example_branch_dop_operator_v3 to 2022-03-30 00:00:00+00:00
[2022-04-01 23:58:51,273] {scheduler_job.py:190} INFO - Processing /home/airflow/sandbox/lib/python3.8/site-packages/airflow/example_dags/example_branch_python_dop_operator_3.py took 0.065 seconds
[2022-04-01 23:59:24,250] {scheduler_job.py:182} INFO - Started process (PID=7039) to work on /home/airflow/sandbox/lib/python3.8/site-packages/airflow/example_dags/example_branch_python_dop_operator_3.py
[2022-04-01 23:59:24,251] {scheduler_job.py:633} INFO - Processing file /home/airflow/sandbox/lib/python3.8/site-packages/airflow/example_dags/example_branch_python_dop_operator_3.py for tasks to queue
[2022-04-01 23:59:24,251] {logging_mixin.py:104} INFO - [2022-04-01 23:59:24,251] {dagbag.py:487} INFO - Filling up the DagBag from /home/airflow/sandbox/lib/python3.8/site-packages/airflow/example_dags/example_branch_python_dop_operator_3.py
[2022-04-01 23:59:24,259] {scheduler_job.py:643} INFO - DAG(s) dict_keys(['example_branch_dop_operator_v3']) retrieved from /home/airflow/sandbox/lib/python3.8/site-packages/airflow/example_dags/example_branch_python_dop_operator_3.py
[2022-04-01 23:59:24,267] {logging_mixin.py:104} INFO - [2022-04-01 23:59:24,267] {dag.py:1832} INFO - Sync 1 DAGs
[2022-04-01 23:59:24,278] {logging_mixin.py:104} INFO - [2022-04-01 23:59:24,278] {dag.py:2305} INFO - Setting next_dagrun for example_branch_dop_operator_v3 to 2022-03-30 00:00:00+00:00
[2022-04-01 23:59:24,307] {scheduler_job.py:190} INFO - Processing /home/airflow/sandbox/lib/python3.8/site-packages/airflow/example_dags/example_branch_python_dop_operator_3.py took 0.059 seconds
