[2022-04-01 23:28:48,811] {scheduler_job.py:182} INFO - Started process (PID=4495) to work on /home/airflow/sandbox/lib/python3.8/site-packages/airflow/example_dags/example_xcom.py
[2022-04-01 23:28:48,812] {scheduler_job.py:633} INFO - Processing file /home/airflow/sandbox/lib/python3.8/site-packages/airflow/example_dags/example_xcom.py for tasks to queue
[2022-04-01 23:28:48,812] {logging_mixin.py:104} INFO - [2022-04-01 23:28:48,812] {dagbag.py:487} INFO - Filling up the DagBag from /home/airflow/sandbox/lib/python3.8/site-packages/airflow/example_dags/example_xcom.py
[2022-04-01 23:28:48,820] {scheduler_job.py:643} INFO - DAG(s) dict_keys(['example_xcom']) retrieved from /home/airflow/sandbox/lib/python3.8/site-packages/airflow/example_dags/example_xcom.py
[2022-04-01 23:28:48,830] {logging_mixin.py:104} INFO - [2022-04-01 23:28:48,830] {dag.py:1832} INFO - Sync 1 DAGs
[2022-04-01 23:28:48,838] {logging_mixin.py:104} INFO - [2022-04-01 23:28:48,838] {dag.py:2305} INFO - Setting next_dagrun for example_xcom to 2022-03-30 00:00:00+00:00
[2022-04-01 23:28:48,906] {scheduler_job.py:190} INFO - Processing /home/airflow/sandbox/lib/python3.8/site-packages/airflow/example_dags/example_xcom.py took 0.097 seconds
[2022-04-01 23:29:20,713] {scheduler_job.py:182} INFO - Started process (PID=4630) to work on /home/airflow/sandbox/lib/python3.8/site-packages/airflow/example_dags/example_xcom.py
[2022-04-01 23:29:20,713] {scheduler_job.py:633} INFO - Processing file /home/airflow/sandbox/lib/python3.8/site-packages/airflow/example_dags/example_xcom.py for tasks to queue
[2022-04-01 23:29:20,714] {logging_mixin.py:104} INFO - [2022-04-01 23:29:20,714] {dagbag.py:487} INFO - Filling up the DagBag from /home/airflow/sandbox/lib/python3.8/site-packages/airflow/example_dags/example_xcom.py
[2022-04-01 23:29:20,721] {scheduler_job.py:643} INFO - DAG(s) dict_keys(['example_xcom']) retrieved from /home/airflow/sandbox/lib/python3.8/site-packages/airflow/example_dags/example_xcom.py
[2022-04-01 23:29:20,731] {logging_mixin.py:104} INFO - [2022-04-01 23:29:20,731] {dag.py:1832} INFO - Sync 1 DAGs
[2022-04-01 23:29:20,738] {logging_mixin.py:104} INFO - [2022-04-01 23:29:20,738] {dag.py:2305} INFO - Setting next_dagrun for example_xcom to 2022-03-30 00:00:00+00:00
[2022-04-01 23:29:20,811] {scheduler_job.py:190} INFO - Processing /home/airflow/sandbox/lib/python3.8/site-packages/airflow/example_dags/example_xcom.py took 0.100 seconds
[2022-04-01 23:29:53,651] {scheduler_job.py:182} INFO - Started process (PID=4753) to work on /home/airflow/sandbox/lib/python3.8/site-packages/airflow/example_dags/example_xcom.py
[2022-04-01 23:29:53,651] {scheduler_job.py:633} INFO - Processing file /home/airflow/sandbox/lib/python3.8/site-packages/airflow/example_dags/example_xcom.py for tasks to queue
[2022-04-01 23:29:53,652] {logging_mixin.py:104} INFO - [2022-04-01 23:29:53,652] {dagbag.py:487} INFO - Filling up the DagBag from /home/airflow/sandbox/lib/python3.8/site-packages/airflow/example_dags/example_xcom.py
[2022-04-01 23:29:53,658] {scheduler_job.py:643} INFO - DAG(s) dict_keys(['example_xcom']) retrieved from /home/airflow/sandbox/lib/python3.8/site-packages/airflow/example_dags/example_xcom.py
[2022-04-01 23:29:53,666] {logging_mixin.py:104} INFO - [2022-04-01 23:29:53,666] {dag.py:1832} INFO - Sync 1 DAGs
[2022-04-01 23:29:53,673] {logging_mixin.py:104} INFO - [2022-04-01 23:29:53,673] {dag.py:2305} INFO - Setting next_dagrun for example_xcom to 2022-03-30 00:00:00+00:00
[2022-04-01 23:29:53,733] {scheduler_job.py:190} INFO - Processing /home/airflow/sandbox/lib/python3.8/site-packages/airflow/example_dags/example_xcom.py took 0.085 seconds
[2022-04-01 23:30:25,746] {scheduler_job.py:182} INFO - Started process (PID=4860) to work on /home/airflow/sandbox/lib/python3.8/site-packages/airflow/example_dags/example_xcom.py
[2022-04-01 23:30:25,747] {scheduler_job.py:633} INFO - Processing file /home/airflow/sandbox/lib/python3.8/site-packages/airflow/example_dags/example_xcom.py for tasks to queue
[2022-04-01 23:30:25,748] {logging_mixin.py:104} INFO - [2022-04-01 23:30:25,748] {dagbag.py:487} INFO - Filling up the DagBag from /home/airflow/sandbox/lib/python3.8/site-packages/airflow/example_dags/example_xcom.py
[2022-04-01 23:30:25,758] {scheduler_job.py:643} INFO - DAG(s) dict_keys(['example_xcom']) retrieved from /home/airflow/sandbox/lib/python3.8/site-packages/airflow/example_dags/example_xcom.py
[2022-04-01 23:30:25,768] {logging_mixin.py:104} INFO - [2022-04-01 23:30:25,768] {dag.py:1832} INFO - Sync 1 DAGs
[2022-04-01 23:30:25,776] {logging_mixin.py:104} INFO - [2022-04-01 23:30:25,776] {dag.py:2305} INFO - Setting next_dagrun for example_xcom to 2022-03-30 00:00:00+00:00
[2022-04-01 23:30:25,810] {scheduler_job.py:190} INFO - Processing /home/airflow/sandbox/lib/python3.8/site-packages/airflow/example_dags/example_xcom.py took 0.066 seconds
[2022-04-01 23:30:59,643] {scheduler_job.py:182} INFO - Started process (PID=4892) to work on /home/airflow/sandbox/lib/python3.8/site-packages/airflow/example_dags/example_xcom.py
[2022-04-01 23:30:59,644] {scheduler_job.py:633} INFO - Processing file /home/airflow/sandbox/lib/python3.8/site-packages/airflow/example_dags/example_xcom.py for tasks to queue
[2022-04-01 23:30:59,644] {logging_mixin.py:104} INFO - [2022-04-01 23:30:59,644] {dagbag.py:487} INFO - Filling up the DagBag from /home/airflow/sandbox/lib/python3.8/site-packages/airflow/example_dags/example_xcom.py
[2022-04-01 23:30:59,652] {scheduler_job.py:643} INFO - DAG(s) dict_keys(['example_xcom']) retrieved from /home/airflow/sandbox/lib/python3.8/site-packages/airflow/example_dags/example_xcom.py
[2022-04-01 23:30:59,661] {logging_mixin.py:104} INFO - [2022-04-01 23:30:59,661] {dag.py:1832} INFO - Sync 1 DAGs
[2022-04-01 23:30:59,668] {logging_mixin.py:104} INFO - [2022-04-01 23:30:59,668] {dag.py:2305} INFO - Setting next_dagrun for example_xcom to 2022-03-30 00:00:00+00:00
[2022-04-01 23:30:59,714] {scheduler_job.py:190} INFO - Processing /home/airflow/sandbox/lib/python3.8/site-packages/airflow/example_dags/example_xcom.py took 0.073 seconds
[2022-04-01 23:57:02,780] {scheduler_job.py:182} INFO - Started process (PID=6843) to work on /home/airflow/sandbox/lib/python3.8/site-packages/airflow/example_dags/example_xcom.py
[2022-04-01 23:57:02,782] {scheduler_job.py:633} INFO - Processing file /home/airflow/sandbox/lib/python3.8/site-packages/airflow/example_dags/example_xcom.py for tasks to queue
[2022-04-01 23:57:02,782] {logging_mixin.py:104} INFO - [2022-04-01 23:57:02,782] {dagbag.py:487} INFO - Filling up the DagBag from /home/airflow/sandbox/lib/python3.8/site-packages/airflow/example_dags/example_xcom.py
[2022-04-01 23:57:02,793] {scheduler_job.py:643} INFO - DAG(s) dict_keys(['example_xcom']) retrieved from /home/airflow/sandbox/lib/python3.8/site-packages/airflow/example_dags/example_xcom.py
[2022-04-01 23:57:02,804] {logging_mixin.py:104} INFO - [2022-04-01 23:57:02,804] {dag.py:1832} INFO - Sync 1 DAGs
[2022-04-01 23:57:02,815] {logging_mixin.py:104} INFO - [2022-04-01 23:57:02,815] {dag.py:2305} INFO - Setting next_dagrun for example_xcom to 2022-03-30 00:00:00+00:00
[2022-04-01 23:57:02,918] {scheduler_job.py:190} INFO - Processing /home/airflow/sandbox/lib/python3.8/site-packages/airflow/example_dags/example_xcom.py took 0.140 seconds
[2022-04-01 23:57:36,766] {scheduler_job.py:182} INFO - Started process (PID=6875) to work on /home/airflow/sandbox/lib/python3.8/site-packages/airflow/example_dags/example_xcom.py
[2022-04-01 23:57:36,767] {scheduler_job.py:633} INFO - Processing file /home/airflow/sandbox/lib/python3.8/site-packages/airflow/example_dags/example_xcom.py for tasks to queue
[2022-04-01 23:57:36,767] {logging_mixin.py:104} INFO - [2022-04-01 23:57:36,767] {dagbag.py:487} INFO - Filling up the DagBag from /home/airflow/sandbox/lib/python3.8/site-packages/airflow/example_dags/example_xcom.py
[2022-04-01 23:57:36,776] {scheduler_job.py:643} INFO - DAG(s) dict_keys(['example_xcom']) retrieved from /home/airflow/sandbox/lib/python3.8/site-packages/airflow/example_dags/example_xcom.py
[2022-04-01 23:57:36,784] {logging_mixin.py:104} INFO - [2022-04-01 23:57:36,784] {dag.py:1832} INFO - Sync 1 DAGs
[2022-04-01 23:57:36,792] {logging_mixin.py:104} INFO - [2022-04-01 23:57:36,792] {dag.py:2305} INFO - Setting next_dagrun for example_xcom to 2022-03-30 00:00:00+00:00
[2022-04-01 23:57:36,842] {scheduler_job.py:190} INFO - Processing /home/airflow/sandbox/lib/python3.8/site-packages/airflow/example_dags/example_xcom.py took 0.078 seconds
[2022-04-01 23:58:13,475] {scheduler_job.py:182} INFO - Started process (PID=6909) to work on /home/airflow/sandbox/lib/python3.8/site-packages/airflow/example_dags/example_xcom.py
[2022-04-01 23:58:13,477] {scheduler_job.py:633} INFO - Processing file /home/airflow/sandbox/lib/python3.8/site-packages/airflow/example_dags/example_xcom.py for tasks to queue
[2022-04-01 23:58:13,477] {logging_mixin.py:104} INFO - [2022-04-01 23:58:13,477] {dagbag.py:487} INFO - Filling up the DagBag from /home/airflow/sandbox/lib/python3.8/site-packages/airflow/example_dags/example_xcom.py
[2022-04-01 23:58:13,484] {scheduler_job.py:643} INFO - DAG(s) dict_keys(['example_xcom']) retrieved from /home/airflow/sandbox/lib/python3.8/site-packages/airflow/example_dags/example_xcom.py
[2022-04-01 23:58:13,493] {logging_mixin.py:104} INFO - [2022-04-01 23:58:13,492] {dag.py:1832} INFO - Sync 1 DAGs
[2022-04-01 23:58:13,499] {logging_mixin.py:104} INFO - [2022-04-01 23:58:13,499] {dag.py:2305} INFO - Setting next_dagrun for example_xcom to 2022-03-30 00:00:00+00:00
[2022-04-01 23:58:13,565] {scheduler_job.py:190} INFO - Processing /home/airflow/sandbox/lib/python3.8/site-packages/airflow/example_dags/example_xcom.py took 0.091 seconds
[2022-04-01 23:58:47,028] {scheduler_job.py:182} INFO - Started process (PID=6969) to work on /home/airflow/sandbox/lib/python3.8/site-packages/airflow/example_dags/example_xcom.py
[2022-04-01 23:58:47,029] {scheduler_job.py:633} INFO - Processing file /home/airflow/sandbox/lib/python3.8/site-packages/airflow/example_dags/example_xcom.py for tasks to queue
[2022-04-01 23:58:47,029] {logging_mixin.py:104} INFO - [2022-04-01 23:58:47,029] {dagbag.py:487} INFO - Filling up the DagBag from /home/airflow/sandbox/lib/python3.8/site-packages/airflow/example_dags/example_xcom.py
[2022-04-01 23:58:47,036] {scheduler_job.py:643} INFO - DAG(s) dict_keys(['example_xcom']) retrieved from /home/airflow/sandbox/lib/python3.8/site-packages/airflow/example_dags/example_xcom.py
[2022-04-01 23:58:47,046] {logging_mixin.py:104} INFO - [2022-04-01 23:58:47,046] {dag.py:1832} INFO - Sync 1 DAGs
[2022-04-01 23:58:47,053] {logging_mixin.py:104} INFO - [2022-04-01 23:58:47,053] {dag.py:2305} INFO - Setting next_dagrun for example_xcom to 2022-03-30 00:00:00+00:00
[2022-04-01 23:58:47,127] {scheduler_job.py:190} INFO - Processing /home/airflow/sandbox/lib/python3.8/site-packages/airflow/example_dags/example_xcom.py took 0.101 seconds
[2022-04-01 23:59:21,377] {scheduler_job.py:182} INFO - Started process (PID=7036) to work on /home/airflow/sandbox/lib/python3.8/site-packages/airflow/example_dags/example_xcom.py
[2022-04-01 23:59:21,379] {scheduler_job.py:633} INFO - Processing file /home/airflow/sandbox/lib/python3.8/site-packages/airflow/example_dags/example_xcom.py for tasks to queue
[2022-04-01 23:59:21,380] {logging_mixin.py:104} INFO - [2022-04-01 23:59:21,379] {dagbag.py:487} INFO - Filling up the DagBag from /home/airflow/sandbox/lib/python3.8/site-packages/airflow/example_dags/example_xcom.py
[2022-04-01 23:59:21,387] {scheduler_job.py:643} INFO - DAG(s) dict_keys(['example_xcom']) retrieved from /home/airflow/sandbox/lib/python3.8/site-packages/airflow/example_dags/example_xcom.py
[2022-04-01 23:59:21,396] {logging_mixin.py:104} INFO - [2022-04-01 23:59:21,396] {dag.py:1832} INFO - Sync 1 DAGs
[2022-04-01 23:59:21,403] {logging_mixin.py:104} INFO - [2022-04-01 23:59:21,403] {dag.py:2305} INFO - Setting next_dagrun for example_xcom to 2022-03-30 00:00:00+00:00
[2022-04-01 23:59:21,432] {scheduler_job.py:190} INFO - Processing /home/airflow/sandbox/lib/python3.8/site-packages/airflow/example_dags/example_xcom.py took 0.056 seconds
