[2022-04-01 23:28:23,224] {scheduler_job.py:182} INFO - Started process (PID=4336) to work on /home/airflow/sandbox/lib/python3.8/site-packages/airflow/example_dags/example_short_circuit_operator.py
[2022-04-01 23:28:23,224] {scheduler_job.py:633} INFO - Processing file /home/airflow/sandbox/lib/python3.8/site-packages/airflow/example_dags/example_short_circuit_operator.py for tasks to queue
[2022-04-01 23:28:23,225] {logging_mixin.py:104} INFO - [2022-04-01 23:28:23,225] {dagbag.py:487} INFO - Filling up the DagBag from /home/airflow/sandbox/lib/python3.8/site-packages/airflow/example_dags/example_short_circuit_operator.py
[2022-04-01 23:28:23,235] {scheduler_job.py:643} INFO - DAG(s) dict_keys(['example_short_circuit_operator']) retrieved from /home/airflow/sandbox/lib/python3.8/site-packages/airflow/example_dags/example_short_circuit_operator.py
[2022-04-01 23:28:23,250] {logging_mixin.py:104} INFO - [2022-04-01 23:28:23,249] {dag.py:1832} INFO - Sync 1 DAGs
[2022-04-01 23:28:23,256] {logging_mixin.py:104} INFO - [2022-04-01 23:28:23,256] {dag.py:2305} INFO - Setting next_dagrun for example_short_circuit_operator to 2022-03-30 00:00:00+00:00
[2022-04-01 23:28:23,286] {scheduler_job.py:190} INFO - Processing /home/airflow/sandbox/lib/python3.8/site-packages/airflow/example_dags/example_short_circuit_operator.py took 0.064 seconds
[2022-04-01 23:28:56,142] {scheduler_job.py:182} INFO - Started process (PID=4531) to work on /home/airflow/sandbox/lib/python3.8/site-packages/airflow/example_dags/example_short_circuit_operator.py
[2022-04-01 23:28:56,142] {scheduler_job.py:633} INFO - Processing file /home/airflow/sandbox/lib/python3.8/site-packages/airflow/example_dags/example_short_circuit_operator.py for tasks to queue
[2022-04-01 23:28:56,143] {logging_mixin.py:104} INFO - [2022-04-01 23:28:56,143] {dagbag.py:487} INFO - Filling up the DagBag from /home/airflow/sandbox/lib/python3.8/site-packages/airflow/example_dags/example_short_circuit_operator.py
[2022-04-01 23:28:56,151] {scheduler_job.py:643} INFO - DAG(s) dict_keys(['example_short_circuit_operator']) retrieved from /home/airflow/sandbox/lib/python3.8/site-packages/airflow/example_dags/example_short_circuit_operator.py
[2022-04-01 23:28:56,160] {logging_mixin.py:104} INFO - [2022-04-01 23:28:56,160] {dag.py:1832} INFO - Sync 1 DAGs
[2022-04-01 23:28:56,168] {logging_mixin.py:104} INFO - [2022-04-01 23:28:56,168] {dag.py:2305} INFO - Setting next_dagrun for example_short_circuit_operator to 2022-03-30 00:00:00+00:00
[2022-04-01 23:28:56,259] {scheduler_job.py:190} INFO - Processing /home/airflow/sandbox/lib/python3.8/site-packages/airflow/example_dags/example_short_circuit_operator.py took 0.120 seconds
[2022-04-01 23:29:27,912] {scheduler_job.py:182} INFO - Started process (PID=4637) to work on /home/airflow/sandbox/lib/python3.8/site-packages/airflow/example_dags/example_short_circuit_operator.py
[2022-04-01 23:29:27,913] {scheduler_job.py:633} INFO - Processing file /home/airflow/sandbox/lib/python3.8/site-packages/airflow/example_dags/example_short_circuit_operator.py for tasks to queue
[2022-04-01 23:29:27,913] {logging_mixin.py:104} INFO - [2022-04-01 23:29:27,913] {dagbag.py:487} INFO - Filling up the DagBag from /home/airflow/sandbox/lib/python3.8/site-packages/airflow/example_dags/example_short_circuit_operator.py
[2022-04-01 23:29:27,921] {scheduler_job.py:643} INFO - DAG(s) dict_keys(['example_short_circuit_operator']) retrieved from /home/airflow/sandbox/lib/python3.8/site-packages/airflow/example_dags/example_short_circuit_operator.py
[2022-04-01 23:29:27,931] {logging_mixin.py:104} INFO - [2022-04-01 23:29:27,930] {dag.py:1832} INFO - Sync 1 DAGs
[2022-04-01 23:29:27,937] {logging_mixin.py:104} INFO - [2022-04-01 23:29:27,937] {dag.py:2305} INFO - Setting next_dagrun for example_short_circuit_operator to 2022-03-30 00:00:00+00:00
[2022-04-01 23:29:27,963] {scheduler_job.py:190} INFO - Processing /home/airflow/sandbox/lib/python3.8/site-packages/airflow/example_dags/example_short_circuit_operator.py took 0.053 seconds
[2022-04-01 23:30:00,557] {scheduler_job.py:182} INFO - Started process (PID=4785) to work on /home/airflow/sandbox/lib/python3.8/site-packages/airflow/example_dags/example_short_circuit_operator.py
[2022-04-01 23:30:00,557] {scheduler_job.py:633} INFO - Processing file /home/airflow/sandbox/lib/python3.8/site-packages/airflow/example_dags/example_short_circuit_operator.py for tasks to queue
[2022-04-01 23:30:00,558] {logging_mixin.py:104} INFO - [2022-04-01 23:30:00,558] {dagbag.py:487} INFO - Filling up the DagBag from /home/airflow/sandbox/lib/python3.8/site-packages/airflow/example_dags/example_short_circuit_operator.py
[2022-04-01 23:30:00,565] {scheduler_job.py:643} INFO - DAG(s) dict_keys(['example_short_circuit_operator']) retrieved from /home/airflow/sandbox/lib/python3.8/site-packages/airflow/example_dags/example_short_circuit_operator.py
[2022-04-01 23:30:00,576] {logging_mixin.py:104} INFO - [2022-04-01 23:30:00,575] {dag.py:1832} INFO - Sync 1 DAGs
[2022-04-01 23:30:00,582] {logging_mixin.py:104} INFO - [2022-04-01 23:30:00,582] {dag.py:2305} INFO - Setting next_dagrun for example_short_circuit_operator to 2022-03-30 00:00:00+00:00
[2022-04-01 23:30:00,611] {scheduler_job.py:190} INFO - Processing /home/airflow/sandbox/lib/python3.8/site-packages/airflow/example_dags/example_short_circuit_operator.py took 0.056 seconds
[2022-04-01 23:30:32,273] {scheduler_job.py:182} INFO - Started process (PID=4866) to work on /home/airflow/sandbox/lib/python3.8/site-packages/airflow/example_dags/example_short_circuit_operator.py
[2022-04-01 23:30:32,273] {scheduler_job.py:633} INFO - Processing file /home/airflow/sandbox/lib/python3.8/site-packages/airflow/example_dags/example_short_circuit_operator.py for tasks to queue
[2022-04-01 23:30:32,274] {logging_mixin.py:104} INFO - [2022-04-01 23:30:32,274] {dagbag.py:487} INFO - Filling up the DagBag from /home/airflow/sandbox/lib/python3.8/site-packages/airflow/example_dags/example_short_circuit_operator.py
[2022-04-01 23:30:32,281] {scheduler_job.py:643} INFO - DAG(s) dict_keys(['example_short_circuit_operator']) retrieved from /home/airflow/sandbox/lib/python3.8/site-packages/airflow/example_dags/example_short_circuit_operator.py
[2022-04-01 23:30:32,291] {logging_mixin.py:104} INFO - [2022-04-01 23:30:32,290] {dag.py:1832} INFO - Sync 1 DAGs
[2022-04-01 23:30:32,297] {logging_mixin.py:104} INFO - [2022-04-01 23:30:32,297] {dag.py:2305} INFO - Setting next_dagrun for example_short_circuit_operator to 2022-03-30 00:00:00+00:00
[2022-04-01 23:30:32,345] {scheduler_job.py:190} INFO - Processing /home/airflow/sandbox/lib/python3.8/site-packages/airflow/example_dags/example_short_circuit_operator.py took 0.074 seconds
[2022-04-01 23:56:37,128] {scheduler_job.py:182} INFO - Started process (PID=6819) to work on /home/airflow/sandbox/lib/python3.8/site-packages/airflow/example_dags/example_short_circuit_operator.py
[2022-04-01 23:56:37,129] {scheduler_job.py:633} INFO - Processing file /home/airflow/sandbox/lib/python3.8/site-packages/airflow/example_dags/example_short_circuit_operator.py for tasks to queue
[2022-04-01 23:56:37,129] {logging_mixin.py:104} INFO - [2022-04-01 23:56:37,129] {dagbag.py:487} INFO - Filling up the DagBag from /home/airflow/sandbox/lib/python3.8/site-packages/airflow/example_dags/example_short_circuit_operator.py
[2022-04-01 23:56:37,138] {scheduler_job.py:643} INFO - DAG(s) dict_keys(['example_short_circuit_operator']) retrieved from /home/airflow/sandbox/lib/python3.8/site-packages/airflow/example_dags/example_short_circuit_operator.py
[2022-04-01 23:56:37,151] {logging_mixin.py:104} INFO - [2022-04-01 23:56:37,150] {dag.py:1832} INFO - Sync 1 DAGs
[2022-04-01 23:56:37,159] {logging_mixin.py:104} INFO - [2022-04-01 23:56:37,159] {dag.py:2305} INFO - Setting next_dagrun for example_short_circuit_operator to 2022-03-30 00:00:00+00:00
[2022-04-01 23:56:37,216] {scheduler_job.py:190} INFO - Processing /home/airflow/sandbox/lib/python3.8/site-packages/airflow/example_dags/example_short_circuit_operator.py took 0.090 seconds
[2022-04-01 23:57:11,241] {scheduler_job.py:182} INFO - Started process (PID=6851) to work on /home/airflow/sandbox/lib/python3.8/site-packages/airflow/example_dags/example_short_circuit_operator.py
[2022-04-01 23:57:11,242] {scheduler_job.py:633} INFO - Processing file /home/airflow/sandbox/lib/python3.8/site-packages/airflow/example_dags/example_short_circuit_operator.py for tasks to queue
[2022-04-01 23:57:11,242] {logging_mixin.py:104} INFO - [2022-04-01 23:57:11,242] {dagbag.py:487} INFO - Filling up the DagBag from /home/airflow/sandbox/lib/python3.8/site-packages/airflow/example_dags/example_short_circuit_operator.py
[2022-04-01 23:57:11,251] {scheduler_job.py:643} INFO - DAG(s) dict_keys(['example_short_circuit_operator']) retrieved from /home/airflow/sandbox/lib/python3.8/site-packages/airflow/example_dags/example_short_circuit_operator.py
[2022-04-01 23:57:11,264] {logging_mixin.py:104} INFO - [2022-04-01 23:57:11,263] {dag.py:1832} INFO - Sync 1 DAGs
[2022-04-01 23:57:11,271] {logging_mixin.py:104} INFO - [2022-04-01 23:57:11,271] {dag.py:2305} INFO - Setting next_dagrun for example_short_circuit_operator to 2022-03-30 00:00:00+00:00
[2022-04-01 23:57:11,332] {scheduler_job.py:190} INFO - Processing /home/airflow/sandbox/lib/python3.8/site-packages/airflow/example_dags/example_short_circuit_operator.py took 0.093 seconds
[2022-04-01 23:57:44,789] {scheduler_job.py:182} INFO - Started process (PID=6883) to work on /home/airflow/sandbox/lib/python3.8/site-packages/airflow/example_dags/example_short_circuit_operator.py
[2022-04-01 23:57:44,790] {scheduler_job.py:633} INFO - Processing file /home/airflow/sandbox/lib/python3.8/site-packages/airflow/example_dags/example_short_circuit_operator.py for tasks to queue
[2022-04-01 23:57:44,791] {logging_mixin.py:104} INFO - [2022-04-01 23:57:44,791] {dagbag.py:487} INFO - Filling up the DagBag from /home/airflow/sandbox/lib/python3.8/site-packages/airflow/example_dags/example_short_circuit_operator.py
[2022-04-01 23:57:44,800] {scheduler_job.py:643} INFO - DAG(s) dict_keys(['example_short_circuit_operator']) retrieved from /home/airflow/sandbox/lib/python3.8/site-packages/airflow/example_dags/example_short_circuit_operator.py
[2022-04-01 23:57:44,810] {logging_mixin.py:104} INFO - [2022-04-01 23:57:44,810] {dag.py:1832} INFO - Sync 1 DAGs
[2022-04-01 23:57:44,817] {logging_mixin.py:104} INFO - [2022-04-01 23:57:44,817] {dag.py:2305} INFO - Setting next_dagrun for example_short_circuit_operator to 2022-03-30 00:00:00+00:00
[2022-04-01 23:57:44,887] {scheduler_job.py:190} INFO - Processing /home/airflow/sandbox/lib/python3.8/site-packages/airflow/example_dags/example_short_circuit_operator.py took 0.101 seconds
[2022-04-01 23:58:16,348] {scheduler_job.py:182} INFO - Started process (PID=6912) to work on /home/airflow/sandbox/lib/python3.8/site-packages/airflow/example_dags/example_short_circuit_operator.py
[2022-04-01 23:58:16,349] {scheduler_job.py:633} INFO - Processing file /home/airflow/sandbox/lib/python3.8/site-packages/airflow/example_dags/example_short_circuit_operator.py for tasks to queue
[2022-04-01 23:58:16,349] {logging_mixin.py:104} INFO - [2022-04-01 23:58:16,349] {dagbag.py:487} INFO - Filling up the DagBag from /home/airflow/sandbox/lib/python3.8/site-packages/airflow/example_dags/example_short_circuit_operator.py
[2022-04-01 23:58:16,356] {scheduler_job.py:643} INFO - DAG(s) dict_keys(['example_short_circuit_operator']) retrieved from /home/airflow/sandbox/lib/python3.8/site-packages/airflow/example_dags/example_short_circuit_operator.py
[2022-04-01 23:58:16,365] {logging_mixin.py:104} INFO - [2022-04-01 23:58:16,365] {dag.py:1832} INFO - Sync 1 DAGs
[2022-04-01 23:58:16,372] {logging_mixin.py:104} INFO - [2022-04-01 23:58:16,371] {dag.py:2305} INFO - Setting next_dagrun for example_short_circuit_operator to 2022-03-30 00:00:00+00:00
[2022-04-01 23:58:16,441] {scheduler_job.py:190} INFO - Processing /home/airflow/sandbox/lib/python3.8/site-packages/airflow/example_dags/example_short_circuit_operator.py took 0.095 seconds
[2022-04-01 23:58:48,687] {scheduler_job.py:182} INFO - Started process (PID=6971) to work on /home/airflow/sandbox/lib/python3.8/site-packages/airflow/example_dags/example_short_circuit_operator.py
[2022-04-01 23:58:48,688] {scheduler_job.py:633} INFO - Processing file /home/airflow/sandbox/lib/python3.8/site-packages/airflow/example_dags/example_short_circuit_operator.py for tasks to queue
[2022-04-01 23:58:48,688] {logging_mixin.py:104} INFO - [2022-04-01 23:58:48,688] {dagbag.py:487} INFO - Filling up the DagBag from /home/airflow/sandbox/lib/python3.8/site-packages/airflow/example_dags/example_short_circuit_operator.py
[2022-04-01 23:58:48,697] {scheduler_job.py:643} INFO - DAG(s) dict_keys(['example_short_circuit_operator']) retrieved from /home/airflow/sandbox/lib/python3.8/site-packages/airflow/example_dags/example_short_circuit_operator.py
[2022-04-01 23:58:48,706] {logging_mixin.py:104} INFO - [2022-04-01 23:58:48,706] {dag.py:1832} INFO - Sync 1 DAGs
[2022-04-01 23:58:48,714] {logging_mixin.py:104} INFO - [2022-04-01 23:58:48,714] {dag.py:2305} INFO - Setting next_dagrun for example_short_circuit_operator to 2022-03-30 00:00:00+00:00
[2022-04-01 23:58:48,746] {scheduler_job.py:190} INFO - Processing /home/airflow/sandbox/lib/python3.8/site-packages/airflow/example_dags/example_short_circuit_operator.py took 0.063 seconds
[2022-04-01 23:59:20,253] {scheduler_job.py:182} INFO - Started process (PID=7032) to work on /home/airflow/sandbox/lib/python3.8/site-packages/airflow/example_dags/example_short_circuit_operator.py
[2022-04-01 23:59:20,253] {scheduler_job.py:633} INFO - Processing file /home/airflow/sandbox/lib/python3.8/site-packages/airflow/example_dags/example_short_circuit_operator.py for tasks to queue
[2022-04-01 23:59:20,254] {logging_mixin.py:104} INFO - [2022-04-01 23:59:20,254] {dagbag.py:487} INFO - Filling up the DagBag from /home/airflow/sandbox/lib/python3.8/site-packages/airflow/example_dags/example_short_circuit_operator.py
[2022-04-01 23:59:20,261] {scheduler_job.py:643} INFO - DAG(s) dict_keys(['example_short_circuit_operator']) retrieved from /home/airflow/sandbox/lib/python3.8/site-packages/airflow/example_dags/example_short_circuit_operator.py
[2022-04-01 23:59:20,270] {logging_mixin.py:104} INFO - [2022-04-01 23:59:20,270] {dag.py:1832} INFO - Sync 1 DAGs
[2022-04-01 23:59:20,277] {logging_mixin.py:104} INFO - [2022-04-01 23:59:20,277] {dag.py:2305} INFO - Setting next_dagrun for example_short_circuit_operator to 2022-03-30 00:00:00+00:00
[2022-04-01 23:59:20,305] {scheduler_job.py:190} INFO - Processing /home/airflow/sandbox/lib/python3.8/site-packages/airflow/example_dags/example_short_circuit_operator.py took 0.054 seconds
[2022-04-01 23:59:54,719] {scheduler_job.py:182} INFO - Started process (PID=7139) to work on /home/airflow/sandbox/lib/python3.8/site-packages/airflow/example_dags/example_short_circuit_operator.py
[2022-04-01 23:59:54,721] {scheduler_job.py:633} INFO - Processing file /home/airflow/sandbox/lib/python3.8/site-packages/airflow/example_dags/example_short_circuit_operator.py for tasks to queue
[2022-04-01 23:59:54,721] {logging_mixin.py:104} INFO - [2022-04-01 23:59:54,721] {dagbag.py:487} INFO - Filling up the DagBag from /home/airflow/sandbox/lib/python3.8/site-packages/airflow/example_dags/example_short_circuit_operator.py
[2022-04-01 23:59:54,729] {scheduler_job.py:643} INFO - DAG(s) dict_keys(['example_short_circuit_operator']) retrieved from /home/airflow/sandbox/lib/python3.8/site-packages/airflow/example_dags/example_short_circuit_operator.py
[2022-04-01 23:59:54,740] {logging_mixin.py:104} INFO - [2022-04-01 23:59:54,740] {dag.py:1832} INFO - Sync 1 DAGs
[2022-04-01 23:59:54,753] {logging_mixin.py:104} INFO - [2022-04-01 23:59:54,753] {dag.py:2305} INFO - Setting next_dagrun for example_short_circuit_operator to 2022-03-30 00:00:00+00:00
[2022-04-01 23:59:54,832] {scheduler_job.py:190} INFO - Processing /home/airflow/sandbox/lib/python3.8/site-packages/airflow/example_dags/example_short_circuit_operator.py took 0.115 seconds
