[2022-04-01 23:28:45,737] {scheduler_job.py:182} INFO - Started process (PID=4470) to work on /home/airflow/sandbox/lib/python3.8/site-packages/airflow/example_dags/example_trigger_target_dag.py
[2022-04-01 23:28:45,739] {scheduler_job.py:633} INFO - Processing file /home/airflow/sandbox/lib/python3.8/site-packages/airflow/example_dags/example_trigger_target_dag.py for tasks to queue
[2022-04-01 23:28:45,739] {logging_mixin.py:104} INFO - [2022-04-01 23:28:45,739] {dagbag.py:487} INFO - Filling up the DagBag from /home/airflow/sandbox/lib/python3.8/site-packages/airflow/example_dags/example_trigger_target_dag.py
[2022-04-01 23:28:45,748] {scheduler_job.py:643} INFO - DAG(s) dict_keys(['example_trigger_target_dag']) retrieved from /home/airflow/sandbox/lib/python3.8/site-packages/airflow/example_dags/example_trigger_target_dag.py
[2022-04-01 23:28:45,758] {logging_mixin.py:104} INFO - [2022-04-01 23:28:45,758] {dag.py:1832} INFO - Sync 1 DAGs
[2022-04-01 23:28:45,765] {logging_mixin.py:104} INFO - [2022-04-01 23:28:45,764] {dag.py:2305} INFO - Setting next_dagrun for example_trigger_target_dag to None
[2022-04-01 23:28:45,816] {scheduler_job.py:190} INFO - Processing /home/airflow/sandbox/lib/python3.8/site-packages/airflow/example_dags/example_trigger_target_dag.py took 0.083 seconds
[2022-04-01 23:29:17,482] {scheduler_job.py:182} INFO - Started process (PID=4627) to work on /home/airflow/sandbox/lib/python3.8/site-packages/airflow/example_dags/example_trigger_target_dag.py
[2022-04-01 23:29:17,482] {scheduler_job.py:633} INFO - Processing file /home/airflow/sandbox/lib/python3.8/site-packages/airflow/example_dags/example_trigger_target_dag.py for tasks to queue
[2022-04-01 23:29:17,483] {logging_mixin.py:104} INFO - [2022-04-01 23:29:17,483] {dagbag.py:487} INFO - Filling up the DagBag from /home/airflow/sandbox/lib/python3.8/site-packages/airflow/example_dags/example_trigger_target_dag.py
[2022-04-01 23:29:17,492] {scheduler_job.py:643} INFO - DAG(s) dict_keys(['example_trigger_target_dag']) retrieved from /home/airflow/sandbox/lib/python3.8/site-packages/airflow/example_dags/example_trigger_target_dag.py
[2022-04-01 23:29:17,501] {logging_mixin.py:104} INFO - [2022-04-01 23:29:17,501] {dag.py:1832} INFO - Sync 1 DAGs
[2022-04-01 23:29:17,508] {logging_mixin.py:104} INFO - [2022-04-01 23:29:17,508] {dag.py:2305} INFO - Setting next_dagrun for example_trigger_target_dag to None
[2022-04-01 23:29:17,535] {scheduler_job.py:190} INFO - Processing /home/airflow/sandbox/lib/python3.8/site-packages/airflow/example_dags/example_trigger_target_dag.py took 0.055 seconds
[2022-04-01 23:29:50,239] {scheduler_job.py:182} INFO - Started process (PID=4734) to work on /home/airflow/sandbox/lib/python3.8/site-packages/airflow/example_dags/example_trigger_target_dag.py
[2022-04-01 23:29:50,239] {scheduler_job.py:633} INFO - Processing file /home/airflow/sandbox/lib/python3.8/site-packages/airflow/example_dags/example_trigger_target_dag.py for tasks to queue
[2022-04-01 23:29:50,240] {logging_mixin.py:104} INFO - [2022-04-01 23:29:50,240] {dagbag.py:487} INFO - Filling up the DagBag from /home/airflow/sandbox/lib/python3.8/site-packages/airflow/example_dags/example_trigger_target_dag.py
[2022-04-01 23:29:50,248] {scheduler_job.py:643} INFO - DAG(s) dict_keys(['example_trigger_target_dag']) retrieved from /home/airflow/sandbox/lib/python3.8/site-packages/airflow/example_dags/example_trigger_target_dag.py
[2022-04-01 23:29:50,259] {logging_mixin.py:104} INFO - [2022-04-01 23:29:50,259] {dag.py:1832} INFO - Sync 1 DAGs
[2022-04-01 23:29:50,266] {logging_mixin.py:104} INFO - [2022-04-01 23:29:50,266] {dag.py:2305} INFO - Setting next_dagrun for example_trigger_target_dag to None
[2022-04-01 23:29:50,366] {scheduler_job.py:190} INFO - Processing /home/airflow/sandbox/lib/python3.8/site-packages/airflow/example_dags/example_trigger_target_dag.py took 0.129 seconds
[2022-04-01 23:30:23,092] {scheduler_job.py:182} INFO - Started process (PID=4857) to work on /home/airflow/sandbox/lib/python3.8/site-packages/airflow/example_dags/example_trigger_target_dag.py
[2022-04-01 23:30:23,092] {scheduler_job.py:633} INFO - Processing file /home/airflow/sandbox/lib/python3.8/site-packages/airflow/example_dags/example_trigger_target_dag.py for tasks to queue
[2022-04-01 23:30:23,093] {logging_mixin.py:104} INFO - [2022-04-01 23:30:23,093] {dagbag.py:487} INFO - Filling up the DagBag from /home/airflow/sandbox/lib/python3.8/site-packages/airflow/example_dags/example_trigger_target_dag.py
[2022-04-01 23:30:23,105] {scheduler_job.py:643} INFO - DAG(s) dict_keys(['example_trigger_target_dag']) retrieved from /home/airflow/sandbox/lib/python3.8/site-packages/airflow/example_dags/example_trigger_target_dag.py
[2022-04-01 23:30:23,113] {logging_mixin.py:104} INFO - [2022-04-01 23:30:23,113] {dag.py:1832} INFO - Sync 1 DAGs
[2022-04-01 23:30:23,121] {logging_mixin.py:104} INFO - [2022-04-01 23:30:23,120] {dag.py:2305} INFO - Setting next_dagrun for example_trigger_target_dag to None
[2022-04-01 23:30:23,187] {scheduler_job.py:190} INFO - Processing /home/airflow/sandbox/lib/python3.8/site-packages/airflow/example_dags/example_trigger_target_dag.py took 0.097 seconds
[2022-04-01 23:30:55,918] {scheduler_job.py:182} INFO - Started process (PID=4889) to work on /home/airflow/sandbox/lib/python3.8/site-packages/airflow/example_dags/example_trigger_target_dag.py
[2022-04-01 23:30:55,919] {scheduler_job.py:633} INFO - Processing file /home/airflow/sandbox/lib/python3.8/site-packages/airflow/example_dags/example_trigger_target_dag.py for tasks to queue
[2022-04-01 23:30:55,920] {logging_mixin.py:104} INFO - [2022-04-01 23:30:55,919] {dagbag.py:487} INFO - Filling up the DagBag from /home/airflow/sandbox/lib/python3.8/site-packages/airflow/example_dags/example_trigger_target_dag.py
[2022-04-01 23:30:55,929] {scheduler_job.py:643} INFO - DAG(s) dict_keys(['example_trigger_target_dag']) retrieved from /home/airflow/sandbox/lib/python3.8/site-packages/airflow/example_dags/example_trigger_target_dag.py
[2022-04-01 23:30:55,939] {logging_mixin.py:104} INFO - [2022-04-01 23:30:55,939] {dag.py:1832} INFO - Sync 1 DAGs
[2022-04-01 23:30:55,947] {logging_mixin.py:104} INFO - [2022-04-01 23:30:55,947] {dag.py:2305} INFO - Setting next_dagrun for example_trigger_target_dag to None
[2022-04-01 23:30:56,042] {scheduler_job.py:190} INFO - Processing /home/airflow/sandbox/lib/python3.8/site-packages/airflow/example_dags/example_trigger_target_dag.py took 0.126 seconds
[2022-04-01 23:56:59,319] {scheduler_job.py:182} INFO - Started process (PID=6840) to work on /home/airflow/sandbox/lib/python3.8/site-packages/airflow/example_dags/example_trigger_target_dag.py
[2022-04-01 23:56:59,319] {scheduler_job.py:633} INFO - Processing file /home/airflow/sandbox/lib/python3.8/site-packages/airflow/example_dags/example_trigger_target_dag.py for tasks to queue
[2022-04-01 23:56:59,320] {logging_mixin.py:104} INFO - [2022-04-01 23:56:59,320] {dagbag.py:487} INFO - Filling up the DagBag from /home/airflow/sandbox/lib/python3.8/site-packages/airflow/example_dags/example_trigger_target_dag.py
[2022-04-01 23:56:59,330] {scheduler_job.py:643} INFO - DAG(s) dict_keys(['example_trigger_target_dag']) retrieved from /home/airflow/sandbox/lib/python3.8/site-packages/airflow/example_dags/example_trigger_target_dag.py
[2022-04-01 23:56:59,340] {logging_mixin.py:104} INFO - [2022-04-01 23:56:59,340] {dag.py:1832} INFO - Sync 1 DAGs
[2022-04-01 23:56:59,348] {logging_mixin.py:104} INFO - [2022-04-01 23:56:59,348] {dag.py:2305} INFO - Setting next_dagrun for example_trigger_target_dag to None
[2022-04-01 23:56:59,420] {scheduler_job.py:190} INFO - Processing /home/airflow/sandbox/lib/python3.8/site-packages/airflow/example_dags/example_trigger_target_dag.py took 0.105 seconds
[2022-04-01 23:57:33,095] {scheduler_job.py:182} INFO - Started process (PID=6872) to work on /home/airflow/sandbox/lib/python3.8/site-packages/airflow/example_dags/example_trigger_target_dag.py
[2022-04-01 23:57:33,096] {scheduler_job.py:633} INFO - Processing file /home/airflow/sandbox/lib/python3.8/site-packages/airflow/example_dags/example_trigger_target_dag.py for tasks to queue
[2022-04-01 23:57:33,096] {logging_mixin.py:104} INFO - [2022-04-01 23:57:33,096] {dagbag.py:487} INFO - Filling up the DagBag from /home/airflow/sandbox/lib/python3.8/site-packages/airflow/example_dags/example_trigger_target_dag.py
[2022-04-01 23:57:33,105] {scheduler_job.py:643} INFO - DAG(s) dict_keys(['example_trigger_target_dag']) retrieved from /home/airflow/sandbox/lib/python3.8/site-packages/airflow/example_dags/example_trigger_target_dag.py
[2022-04-01 23:57:33,115] {logging_mixin.py:104} INFO - [2022-04-01 23:57:33,115] {dag.py:1832} INFO - Sync 1 DAGs
[2022-04-01 23:57:33,123] {logging_mixin.py:104} INFO - [2022-04-01 23:57:33,123] {dag.py:2305} INFO - Setting next_dagrun for example_trigger_target_dag to None
[2022-04-01 23:57:33,179] {scheduler_job.py:190} INFO - Processing /home/airflow/sandbox/lib/python3.8/site-packages/airflow/example_dags/example_trigger_target_dag.py took 0.085 seconds
[2022-04-01 23:58:07,194] {scheduler_job.py:182} INFO - Started process (PID=6904) to work on /home/airflow/sandbox/lib/python3.8/site-packages/airflow/example_dags/example_trigger_target_dag.py
[2022-04-01 23:58:07,195] {scheduler_job.py:633} INFO - Processing file /home/airflow/sandbox/lib/python3.8/site-packages/airflow/example_dags/example_trigger_target_dag.py for tasks to queue
[2022-04-01 23:58:07,195] {logging_mixin.py:104} INFO - [2022-04-01 23:58:07,195] {dagbag.py:487} INFO - Filling up the DagBag from /home/airflow/sandbox/lib/python3.8/site-packages/airflow/example_dags/example_trigger_target_dag.py
[2022-04-01 23:58:07,203] {scheduler_job.py:643} INFO - DAG(s) dict_keys(['example_trigger_target_dag']) retrieved from /home/airflow/sandbox/lib/python3.8/site-packages/airflow/example_dags/example_trigger_target_dag.py
[2022-04-01 23:58:07,214] {logging_mixin.py:104} INFO - [2022-04-01 23:58:07,214] {dag.py:1832} INFO - Sync 1 DAGs
[2022-04-01 23:58:07,221] {logging_mixin.py:104} INFO - [2022-04-01 23:58:07,220] {dag.py:2305} INFO - Setting next_dagrun for example_trigger_target_dag to None
[2022-04-01 23:58:07,295] {scheduler_job.py:190} INFO - Processing /home/airflow/sandbox/lib/python3.8/site-packages/airflow/example_dags/example_trigger_target_dag.py took 0.104 seconds
[2022-04-01 23:58:42,158] {scheduler_job.py:182} INFO - Started process (PID=6963) to work on /home/airflow/sandbox/lib/python3.8/site-packages/airflow/example_dags/example_trigger_target_dag.py
[2022-04-01 23:58:42,159] {scheduler_job.py:633} INFO - Processing file /home/airflow/sandbox/lib/python3.8/site-packages/airflow/example_dags/example_trigger_target_dag.py for tasks to queue
[2022-04-01 23:58:42,159] {logging_mixin.py:104} INFO - [2022-04-01 23:58:42,159] {dagbag.py:487} INFO - Filling up the DagBag from /home/airflow/sandbox/lib/python3.8/site-packages/airflow/example_dags/example_trigger_target_dag.py
[2022-04-01 23:58:42,169] {scheduler_job.py:643} INFO - DAG(s) dict_keys(['example_trigger_target_dag']) retrieved from /home/airflow/sandbox/lib/python3.8/site-packages/airflow/example_dags/example_trigger_target_dag.py
[2022-04-01 23:58:42,181] {logging_mixin.py:104} INFO - [2022-04-01 23:58:42,181] {dag.py:1832} INFO - Sync 1 DAGs
[2022-04-01 23:58:42,188] {logging_mixin.py:104} INFO - [2022-04-01 23:58:42,188] {dag.py:2305} INFO - Setting next_dagrun for example_trigger_target_dag to None
[2022-04-01 23:58:42,224] {scheduler_job.py:190} INFO - Processing /home/airflow/sandbox/lib/python3.8/site-packages/airflow/example_dags/example_trigger_target_dag.py took 0.069 seconds
[2022-04-01 23:59:14,883] {scheduler_job.py:182} INFO - Started process (PID=7011) to work on /home/airflow/sandbox/lib/python3.8/site-packages/airflow/example_dags/example_trigger_target_dag.py
[2022-04-01 23:59:14,884] {scheduler_job.py:633} INFO - Processing file /home/airflow/sandbox/lib/python3.8/site-packages/airflow/example_dags/example_trigger_target_dag.py for tasks to queue
[2022-04-01 23:59:14,885] {logging_mixin.py:104} INFO - [2022-04-01 23:59:14,885] {dagbag.py:487} INFO - Filling up the DagBag from /home/airflow/sandbox/lib/python3.8/site-packages/airflow/example_dags/example_trigger_target_dag.py
[2022-04-01 23:59:14,893] {scheduler_job.py:643} INFO - DAG(s) dict_keys(['example_trigger_target_dag']) retrieved from /home/airflow/sandbox/lib/python3.8/site-packages/airflow/example_dags/example_trigger_target_dag.py
[2022-04-01 23:59:14,904] {logging_mixin.py:104} INFO - [2022-04-01 23:59:14,904] {dag.py:1832} INFO - Sync 1 DAGs
[2022-04-01 23:59:14,913] {logging_mixin.py:104} INFO - [2022-04-01 23:59:14,913] {dag.py:2305} INFO - Setting next_dagrun for example_trigger_target_dag to None
[2022-04-01 23:59:14,975] {scheduler_job.py:190} INFO - Processing /home/airflow/sandbox/lib/python3.8/site-packages/airflow/example_dags/example_trigger_target_dag.py took 0.094 seconds
[2022-04-01 23:59:50,792] {scheduler_job.py:182} INFO - Started process (PID=7136) to work on /home/airflow/sandbox/lib/python3.8/site-packages/airflow/example_dags/example_trigger_target_dag.py
[2022-04-01 23:59:50,793] {scheduler_job.py:633} INFO - Processing file /home/airflow/sandbox/lib/python3.8/site-packages/airflow/example_dags/example_trigger_target_dag.py for tasks to queue
[2022-04-01 23:59:50,793] {logging_mixin.py:104} INFO - [2022-04-01 23:59:50,793] {dagbag.py:487} INFO - Filling up the DagBag from /home/airflow/sandbox/lib/python3.8/site-packages/airflow/example_dags/example_trigger_target_dag.py
[2022-04-01 23:59:50,802] {scheduler_job.py:643} INFO - DAG(s) dict_keys(['example_trigger_target_dag']) retrieved from /home/airflow/sandbox/lib/python3.8/site-packages/airflow/example_dags/example_trigger_target_dag.py
[2022-04-01 23:59:50,811] {logging_mixin.py:104} INFO - [2022-04-01 23:59:50,811] {dag.py:1832} INFO - Sync 1 DAGs
[2022-04-01 23:59:50,819] {logging_mixin.py:104} INFO - [2022-04-01 23:59:50,819] {dag.py:2305} INFO - Setting next_dagrun for example_trigger_target_dag to None
[2022-04-01 23:59:50,894] {scheduler_job.py:190} INFO - Processing /home/airflow/sandbox/lib/python3.8/site-packages/airflow/example_dags/example_trigger_target_dag.py took 0.103 seconds
