[2022-04-01 23:28:37,989] {scheduler_job.py:182} INFO - Started process (PID=4447) to work on /home/airflow/sandbox/lib/python3.8/site-packages/airflow/example_dags/example_skip_dag.py
[2022-04-01 23:28:37,991] {scheduler_job.py:633} INFO - Processing file /home/airflow/sandbox/lib/python3.8/site-packages/airflow/example_dags/example_skip_dag.py for tasks to queue
[2022-04-01 23:28:37,991] {logging_mixin.py:104} INFO - [2022-04-01 23:28:37,991] {dagbag.py:487} INFO - Filling up the DagBag from /home/airflow/sandbox/lib/python3.8/site-packages/airflow/example_dags/example_skip_dag.py
[2022-04-01 23:28:37,997] {scheduler_job.py:643} INFO - DAG(s) dict_keys(['example_skip_dag']) retrieved from /home/airflow/sandbox/lib/python3.8/site-packages/airflow/example_dags/example_skip_dag.py
[2022-04-01 23:28:38,007] {logging_mixin.py:104} INFO - [2022-04-01 23:28:38,007] {dag.py:1832} INFO - Sync 1 DAGs
[2022-04-01 23:28:38,013] {logging_mixin.py:104} INFO - [2022-04-01 23:28:38,013] {dag.py:2305} INFO - Setting next_dagrun for example_skip_dag to 2022-03-30 00:00:00+00:00
[2022-04-01 23:28:38,042] {scheduler_job.py:190} INFO - Processing /home/airflow/sandbox/lib/python3.8/site-packages/airflow/example_dags/example_skip_dag.py took 0.055 seconds
[2022-04-01 23:29:10,634] {scheduler_job.py:182} INFO - Started process (PID=4605) to work on /home/airflow/sandbox/lib/python3.8/site-packages/airflow/example_dags/example_skip_dag.py
[2022-04-01 23:29:10,635] {scheduler_job.py:633} INFO - Processing file /home/airflow/sandbox/lib/python3.8/site-packages/airflow/example_dags/example_skip_dag.py for tasks to queue
[2022-04-01 23:29:10,635] {logging_mixin.py:104} INFO - [2022-04-01 23:29:10,635] {dagbag.py:487} INFO - Filling up the DagBag from /home/airflow/sandbox/lib/python3.8/site-packages/airflow/example_dags/example_skip_dag.py
[2022-04-01 23:29:10,642] {scheduler_job.py:643} INFO - DAG(s) dict_keys(['example_skip_dag']) retrieved from /home/airflow/sandbox/lib/python3.8/site-packages/airflow/example_dags/example_skip_dag.py
[2022-04-01 23:29:10,652] {logging_mixin.py:104} INFO - [2022-04-01 23:29:10,652] {dag.py:1832} INFO - Sync 1 DAGs
[2022-04-01 23:29:10,658] {logging_mixin.py:104} INFO - [2022-04-01 23:29:10,658] {dag.py:2305} INFO - Setting next_dagrun for example_skip_dag to 2022-03-30 00:00:00+00:00
[2022-04-01 23:29:10,728] {scheduler_job.py:190} INFO - Processing /home/airflow/sandbox/lib/python3.8/site-packages/airflow/example_dags/example_skip_dag.py took 0.096 seconds
[2022-04-01 23:29:43,090] {scheduler_job.py:182} INFO - Started process (PID=4703) to work on /home/airflow/sandbox/lib/python3.8/site-packages/airflow/example_dags/example_skip_dag.py
[2022-04-01 23:29:43,090] {scheduler_job.py:633} INFO - Processing file /home/airflow/sandbox/lib/python3.8/site-packages/airflow/example_dags/example_skip_dag.py for tasks to queue
[2022-04-01 23:29:43,091] {logging_mixin.py:104} INFO - [2022-04-01 23:29:43,090] {dagbag.py:487} INFO - Filling up the DagBag from /home/airflow/sandbox/lib/python3.8/site-packages/airflow/example_dags/example_skip_dag.py
[2022-04-01 23:29:43,097] {scheduler_job.py:643} INFO - DAG(s) dict_keys(['example_skip_dag']) retrieved from /home/airflow/sandbox/lib/python3.8/site-packages/airflow/example_dags/example_skip_dag.py
[2022-04-01 23:29:43,105] {logging_mixin.py:104} INFO - [2022-04-01 23:29:43,105] {dag.py:1832} INFO - Sync 1 DAGs
[2022-04-01 23:29:43,112] {logging_mixin.py:104} INFO - [2022-04-01 23:29:43,112] {dag.py:2305} INFO - Setting next_dagrun for example_skip_dag to 2022-03-30 00:00:00+00:00
[2022-04-01 23:29:43,143] {scheduler_job.py:190} INFO - Processing /home/airflow/sandbox/lib/python3.8/site-packages/airflow/example_dags/example_skip_dag.py took 0.056 seconds
[2022-04-01 23:30:15,128] {scheduler_job.py:182} INFO - Started process (PID=4826) to work on /home/airflow/sandbox/lib/python3.8/site-packages/airflow/example_dags/example_skip_dag.py
[2022-04-01 23:30:15,129] {scheduler_job.py:633} INFO - Processing file /home/airflow/sandbox/lib/python3.8/site-packages/airflow/example_dags/example_skip_dag.py for tasks to queue
[2022-04-01 23:30:15,130] {logging_mixin.py:104} INFO - [2022-04-01 23:30:15,130] {dagbag.py:487} INFO - Filling up the DagBag from /home/airflow/sandbox/lib/python3.8/site-packages/airflow/example_dags/example_skip_dag.py
[2022-04-01 23:30:15,137] {scheduler_job.py:643} INFO - DAG(s) dict_keys(['example_skip_dag']) retrieved from /home/airflow/sandbox/lib/python3.8/site-packages/airflow/example_dags/example_skip_dag.py
[2022-04-01 23:30:15,145] {logging_mixin.py:104} INFO - [2022-04-01 23:30:15,145] {dag.py:1832} INFO - Sync 1 DAGs
[2022-04-01 23:30:15,152] {logging_mixin.py:104} INFO - [2022-04-01 23:30:15,152] {dag.py:2305} INFO - Setting next_dagrun for example_skip_dag to 2022-03-30 00:00:00+00:00
[2022-04-01 23:30:15,247] {scheduler_job.py:190} INFO - Processing /home/airflow/sandbox/lib/python3.8/site-packages/airflow/example_dags/example_skip_dag.py took 0.121 seconds
[2022-04-01 23:30:48,904] {scheduler_job.py:182} INFO - Started process (PID=4882) to work on /home/airflow/sandbox/lib/python3.8/site-packages/airflow/example_dags/example_skip_dag.py
[2022-04-01 23:30:48,905] {scheduler_job.py:633} INFO - Processing file /home/airflow/sandbox/lib/python3.8/site-packages/airflow/example_dags/example_skip_dag.py for tasks to queue
[2022-04-01 23:30:48,906] {logging_mixin.py:104} INFO - [2022-04-01 23:30:48,906] {dagbag.py:487} INFO - Filling up the DagBag from /home/airflow/sandbox/lib/python3.8/site-packages/airflow/example_dags/example_skip_dag.py
[2022-04-01 23:30:48,915] {scheduler_job.py:643} INFO - DAG(s) dict_keys(['example_skip_dag']) retrieved from /home/airflow/sandbox/lib/python3.8/site-packages/airflow/example_dags/example_skip_dag.py
[2022-04-01 23:30:48,931] {logging_mixin.py:104} INFO - [2022-04-01 23:30:48,931] {dag.py:1832} INFO - Sync 1 DAGs
[2022-04-01 23:30:48,943] {logging_mixin.py:104} INFO - [2022-04-01 23:30:48,943] {dag.py:2305} INFO - Setting next_dagrun for example_skip_dag to 2022-03-30 00:00:00+00:00
[2022-04-01 23:30:48,975] {scheduler_job.py:190} INFO - Processing /home/airflow/sandbox/lib/python3.8/site-packages/airflow/example_dags/example_skip_dag.py took 0.075 seconds
[2022-04-01 23:56:52,277] {scheduler_job.py:182} INFO - Started process (PID=6833) to work on /home/airflow/sandbox/lib/python3.8/site-packages/airflow/example_dags/example_skip_dag.py
[2022-04-01 23:56:52,278] {scheduler_job.py:633} INFO - Processing file /home/airflow/sandbox/lib/python3.8/site-packages/airflow/example_dags/example_skip_dag.py for tasks to queue
[2022-04-01 23:56:52,278] {logging_mixin.py:104} INFO - [2022-04-01 23:56:52,278] {dagbag.py:487} INFO - Filling up the DagBag from /home/airflow/sandbox/lib/python3.8/site-packages/airflow/example_dags/example_skip_dag.py
[2022-04-01 23:56:52,285] {scheduler_job.py:643} INFO - DAG(s) dict_keys(['example_skip_dag']) retrieved from /home/airflow/sandbox/lib/python3.8/site-packages/airflow/example_dags/example_skip_dag.py
[2022-04-01 23:56:52,297] {logging_mixin.py:104} INFO - [2022-04-01 23:56:52,296] {dag.py:1832} INFO - Sync 1 DAGs
[2022-04-01 23:56:52,304] {logging_mixin.py:104} INFO - [2022-04-01 23:56:52,304] {dag.py:2305} INFO - Setting next_dagrun for example_skip_dag to 2022-03-30 00:00:00+00:00
[2022-04-01 23:56:52,377] {scheduler_job.py:190} INFO - Processing /home/airflow/sandbox/lib/python3.8/site-packages/airflow/example_dags/example_skip_dag.py took 0.102 seconds
[2022-04-01 23:57:25,367] {scheduler_job.py:182} INFO - Started process (PID=6865) to work on /home/airflow/sandbox/lib/python3.8/site-packages/airflow/example_dags/example_skip_dag.py
[2022-04-01 23:57:25,368] {scheduler_job.py:633} INFO - Processing file /home/airflow/sandbox/lib/python3.8/site-packages/airflow/example_dags/example_skip_dag.py for tasks to queue
[2022-04-01 23:57:25,368] {logging_mixin.py:104} INFO - [2022-04-01 23:57:25,368] {dagbag.py:487} INFO - Filling up the DagBag from /home/airflow/sandbox/lib/python3.8/site-packages/airflow/example_dags/example_skip_dag.py
[2022-04-01 23:57:25,375] {scheduler_job.py:643} INFO - DAG(s) dict_keys(['example_skip_dag']) retrieved from /home/airflow/sandbox/lib/python3.8/site-packages/airflow/example_dags/example_skip_dag.py
[2022-04-01 23:57:25,385] {logging_mixin.py:104} INFO - [2022-04-01 23:57:25,385] {dag.py:1832} INFO - Sync 1 DAGs
[2022-04-01 23:57:25,392] {logging_mixin.py:104} INFO - [2022-04-01 23:57:25,391] {dag.py:2305} INFO - Setting next_dagrun for example_skip_dag to 2022-03-30 00:00:00+00:00
[2022-04-01 23:57:25,419] {scheduler_job.py:190} INFO - Processing /home/airflow/sandbox/lib/python3.8/site-packages/airflow/example_dags/example_skip_dag.py took 0.055 seconds
[2022-04-01 23:58:00,359] {scheduler_job.py:182} INFO - Started process (PID=6897) to work on /home/airflow/sandbox/lib/python3.8/site-packages/airflow/example_dags/example_skip_dag.py
[2022-04-01 23:58:00,360] {scheduler_job.py:633} INFO - Processing file /home/airflow/sandbox/lib/python3.8/site-packages/airflow/example_dags/example_skip_dag.py for tasks to queue
[2022-04-01 23:58:00,360] {logging_mixin.py:104} INFO - [2022-04-01 23:58:00,360] {dagbag.py:487} INFO - Filling up the DagBag from /home/airflow/sandbox/lib/python3.8/site-packages/airflow/example_dags/example_skip_dag.py
[2022-04-01 23:58:00,367] {scheduler_job.py:643} INFO - DAG(s) dict_keys(['example_skip_dag']) retrieved from /home/airflow/sandbox/lib/python3.8/site-packages/airflow/example_dags/example_skip_dag.py
[2022-04-01 23:58:00,377] {logging_mixin.py:104} INFO - [2022-04-01 23:58:00,377] {dag.py:1832} INFO - Sync 1 DAGs
[2022-04-01 23:58:00,383] {logging_mixin.py:104} INFO - [2022-04-01 23:58:00,383] {dag.py:2305} INFO - Setting next_dagrun for example_skip_dag to 2022-03-30 00:00:00+00:00
[2022-04-01 23:58:00,411] {scheduler_job.py:190} INFO - Processing /home/airflow/sandbox/lib/python3.8/site-packages/airflow/example_dags/example_skip_dag.py took 0.053 seconds
[2022-04-01 23:58:33,721] {scheduler_job.py:182} INFO - Started process (PID=6942) to work on /home/airflow/sandbox/lib/python3.8/site-packages/airflow/example_dags/example_skip_dag.py
[2022-04-01 23:58:33,722] {scheduler_job.py:633} INFO - Processing file /home/airflow/sandbox/lib/python3.8/site-packages/airflow/example_dags/example_skip_dag.py for tasks to queue
[2022-04-01 23:58:33,723] {logging_mixin.py:104} INFO - [2022-04-01 23:58:33,722] {dagbag.py:487} INFO - Filling up the DagBag from /home/airflow/sandbox/lib/python3.8/site-packages/airflow/example_dags/example_skip_dag.py
[2022-04-01 23:58:33,730] {scheduler_job.py:643} INFO - DAG(s) dict_keys(['example_skip_dag']) retrieved from /home/airflow/sandbox/lib/python3.8/site-packages/airflow/example_dags/example_skip_dag.py
[2022-04-01 23:58:33,741] {logging_mixin.py:104} INFO - [2022-04-01 23:58:33,741] {dag.py:1832} INFO - Sync 1 DAGs
[2022-04-01 23:58:33,750] {logging_mixin.py:104} INFO - [2022-04-01 23:58:33,749] {dag.py:2305} INFO - Setting next_dagrun for example_skip_dag to 2022-03-30 00:00:00+00:00
[2022-04-01 23:58:33,816] {scheduler_job.py:190} INFO - Processing /home/airflow/sandbox/lib/python3.8/site-packages/airflow/example_dags/example_skip_dag.py took 0.097 seconds
[2022-04-01 23:59:06,343] {scheduler_job.py:182} INFO - Started process (PID=7003) to work on /home/airflow/sandbox/lib/python3.8/site-packages/airflow/example_dags/example_skip_dag.py
[2022-04-01 23:59:06,344] {scheduler_job.py:633} INFO - Processing file /home/airflow/sandbox/lib/python3.8/site-packages/airflow/example_dags/example_skip_dag.py for tasks to queue
[2022-04-01 23:59:06,344] {logging_mixin.py:104} INFO - [2022-04-01 23:59:06,344] {dagbag.py:487} INFO - Filling up the DagBag from /home/airflow/sandbox/lib/python3.8/site-packages/airflow/example_dags/example_skip_dag.py
[2022-04-01 23:59:06,351] {scheduler_job.py:643} INFO - DAG(s) dict_keys(['example_skip_dag']) retrieved from /home/airflow/sandbox/lib/python3.8/site-packages/airflow/example_dags/example_skip_dag.py
[2022-04-01 23:59:06,361] {logging_mixin.py:104} INFO - [2022-04-01 23:59:06,361] {dag.py:1832} INFO - Sync 1 DAGs
[2022-04-01 23:59:06,373] {logging_mixin.py:104} INFO - [2022-04-01 23:59:06,373] {dag.py:2305} INFO - Setting next_dagrun for example_skip_dag to 2022-03-30 00:00:00+00:00
[2022-04-01 23:59:06,405] {scheduler_job.py:190} INFO - Processing /home/airflow/sandbox/lib/python3.8/site-packages/airflow/example_dags/example_skip_dag.py took 0.064 seconds
[2022-04-01 23:59:41,720] {scheduler_job.py:182} INFO - Started process (PID=7116) to work on /home/airflow/sandbox/lib/python3.8/site-packages/airflow/example_dags/example_skip_dag.py
[2022-04-01 23:59:41,720] {scheduler_job.py:633} INFO - Processing file /home/airflow/sandbox/lib/python3.8/site-packages/airflow/example_dags/example_skip_dag.py for tasks to queue
[2022-04-01 23:59:41,721] {logging_mixin.py:104} INFO - [2022-04-01 23:59:41,721] {dagbag.py:487} INFO - Filling up the DagBag from /home/airflow/sandbox/lib/python3.8/site-packages/airflow/example_dags/example_skip_dag.py
[2022-04-01 23:59:41,727] {scheduler_job.py:643} INFO - DAG(s) dict_keys(['example_skip_dag']) retrieved from /home/airflow/sandbox/lib/python3.8/site-packages/airflow/example_dags/example_skip_dag.py
[2022-04-01 23:59:41,737] {logging_mixin.py:104} INFO - [2022-04-01 23:59:41,737] {dag.py:1832} INFO - Sync 1 DAGs
[2022-04-01 23:59:41,743] {logging_mixin.py:104} INFO - [2022-04-01 23:59:41,743] {dag.py:2305} INFO - Setting next_dagrun for example_skip_dag to 2022-03-30 00:00:00+00:00
[2022-04-01 23:59:41,825] {scheduler_job.py:190} INFO - Processing /home/airflow/sandbox/lib/python3.8/site-packages/airflow/example_dags/example_skip_dag.py took 0.107 seconds
