[2022-04-01 23:28:36,863] {scheduler_job.py:182} INFO - Started process (PID=4437) to work on /home/airflow/sandbox/lib/python3.8/site-packages/airflow/example_dags/example_task_group.py
[2022-04-01 23:28:36,864] {scheduler_job.py:633} INFO - Processing file /home/airflow/sandbox/lib/python3.8/site-packages/airflow/example_dags/example_task_group.py for tasks to queue
[2022-04-01 23:28:36,864] {logging_mixin.py:104} INFO - [2022-04-01 23:28:36,864] {dagbag.py:487} INFO - Filling up the DagBag from /home/airflow/sandbox/lib/python3.8/site-packages/airflow/example_dags/example_task_group.py
[2022-04-01 23:28:36,872] {scheduler_job.py:643} INFO - DAG(s) dict_keys(['example_task_group']) retrieved from /home/airflow/sandbox/lib/python3.8/site-packages/airflow/example_dags/example_task_group.py
[2022-04-01 23:28:36,884] {logging_mixin.py:104} INFO - [2022-04-01 23:28:36,884] {dag.py:1832} INFO - Sync 1 DAGs
[2022-04-01 23:28:36,891] {logging_mixin.py:104} INFO - [2022-04-01 23:28:36,891] {dag.py:2305} INFO - Setting next_dagrun for example_task_group to 2022-03-30 00:00:00+00:00
[2022-04-01 23:28:36,950] {scheduler_job.py:190} INFO - Processing /home/airflow/sandbox/lib/python3.8/site-packages/airflow/example_dags/example_task_group.py took 0.089 seconds
[2022-04-01 23:29:09,404] {scheduler_job.py:182} INFO - Started process (PID=4592) to work on /home/airflow/sandbox/lib/python3.8/site-packages/airflow/example_dags/example_task_group.py
[2022-04-01 23:29:09,405] {scheduler_job.py:633} INFO - Processing file /home/airflow/sandbox/lib/python3.8/site-packages/airflow/example_dags/example_task_group.py for tasks to queue
[2022-04-01 23:29:09,405] {logging_mixin.py:104} INFO - [2022-04-01 23:29:09,405] {dagbag.py:487} INFO - Filling up the DagBag from /home/airflow/sandbox/lib/python3.8/site-packages/airflow/example_dags/example_task_group.py
[2022-04-01 23:29:09,420] {scheduler_job.py:643} INFO - DAG(s) dict_keys(['example_task_group']) retrieved from /home/airflow/sandbox/lib/python3.8/site-packages/airflow/example_dags/example_task_group.py
[2022-04-01 23:29:09,436] {logging_mixin.py:104} INFO - [2022-04-01 23:29:09,436] {dag.py:1832} INFO - Sync 1 DAGs
[2022-04-01 23:29:09,444] {logging_mixin.py:104} INFO - [2022-04-01 23:29:09,444] {dag.py:2305} INFO - Setting next_dagrun for example_task_group to 2022-03-30 00:00:00+00:00
[2022-04-01 23:29:09,504] {scheduler_job.py:190} INFO - Processing /home/airflow/sandbox/lib/python3.8/site-packages/airflow/example_dags/example_task_group.py took 0.102 seconds
[2022-04-01 23:29:41,960] {scheduler_job.py:182} INFO - Started process (PID=4693) to work on /home/airflow/sandbox/lib/python3.8/site-packages/airflow/example_dags/example_task_group.py
[2022-04-01 23:29:41,961] {scheduler_job.py:633} INFO - Processing file /home/airflow/sandbox/lib/python3.8/site-packages/airflow/example_dags/example_task_group.py for tasks to queue
[2022-04-01 23:29:41,961] {logging_mixin.py:104} INFO - [2022-04-01 23:29:41,961] {dagbag.py:487} INFO - Filling up the DagBag from /home/airflow/sandbox/lib/python3.8/site-packages/airflow/example_dags/example_task_group.py
[2022-04-01 23:29:41,970] {scheduler_job.py:643} INFO - DAG(s) dict_keys(['example_task_group']) retrieved from /home/airflow/sandbox/lib/python3.8/site-packages/airflow/example_dags/example_task_group.py
[2022-04-01 23:29:41,979] {logging_mixin.py:104} INFO - [2022-04-01 23:29:41,979] {dag.py:1832} INFO - Sync 1 DAGs
[2022-04-01 23:29:41,985] {logging_mixin.py:104} INFO - [2022-04-01 23:29:41,985] {dag.py:2305} INFO - Setting next_dagrun for example_task_group to 2022-03-30 00:00:00+00:00
[2022-04-01 23:29:42,022] {scheduler_job.py:190} INFO - Processing /home/airflow/sandbox/lib/python3.8/site-packages/airflow/example_dags/example_task_group.py took 0.064 seconds
[2022-04-01 23:30:14,609] {scheduler_job.py:182} INFO - Started process (PID=4825) to work on /home/airflow/sandbox/lib/python3.8/site-packages/airflow/example_dags/example_task_group.py
[2022-04-01 23:30:14,610] {scheduler_job.py:633} INFO - Processing file /home/airflow/sandbox/lib/python3.8/site-packages/airflow/example_dags/example_task_group.py for tasks to queue
[2022-04-01 23:30:14,610] {logging_mixin.py:104} INFO - [2022-04-01 23:30:14,610] {dagbag.py:487} INFO - Filling up the DagBag from /home/airflow/sandbox/lib/python3.8/site-packages/airflow/example_dags/example_task_group.py
[2022-04-01 23:30:14,618] {scheduler_job.py:643} INFO - DAG(s) dict_keys(['example_task_group']) retrieved from /home/airflow/sandbox/lib/python3.8/site-packages/airflow/example_dags/example_task_group.py
[2022-04-01 23:30:14,627] {logging_mixin.py:104} INFO - [2022-04-01 23:30:14,627] {dag.py:1832} INFO - Sync 1 DAGs
[2022-04-01 23:30:14,633] {logging_mixin.py:104} INFO - [2022-04-01 23:30:14,633] {dag.py:2305} INFO - Setting next_dagrun for example_task_group to 2022-03-30 00:00:00+00:00
[2022-04-01 23:30:14,695] {scheduler_job.py:190} INFO - Processing /home/airflow/sandbox/lib/python3.8/site-packages/airflow/example_dags/example_task_group.py took 0.088 seconds
[2022-04-01 23:30:47,777] {scheduler_job.py:182} INFO - Started process (PID=4880) to work on /home/airflow/sandbox/lib/python3.8/site-packages/airflow/example_dags/example_task_group.py
[2022-04-01 23:30:47,778] {scheduler_job.py:633} INFO - Processing file /home/airflow/sandbox/lib/python3.8/site-packages/airflow/example_dags/example_task_group.py for tasks to queue
[2022-04-01 23:30:47,778] {logging_mixin.py:104} INFO - [2022-04-01 23:30:47,778] {dagbag.py:487} INFO - Filling up the DagBag from /home/airflow/sandbox/lib/python3.8/site-packages/airflow/example_dags/example_task_group.py
[2022-04-01 23:30:47,791] {scheduler_job.py:643} INFO - DAG(s) dict_keys(['example_task_group']) retrieved from /home/airflow/sandbox/lib/python3.8/site-packages/airflow/example_dags/example_task_group.py
[2022-04-01 23:30:47,802] {logging_mixin.py:104} INFO - [2022-04-01 23:30:47,802] {dag.py:1832} INFO - Sync 1 DAGs
[2022-04-01 23:30:47,810] {logging_mixin.py:104} INFO - [2022-04-01 23:30:47,810] {dag.py:2305} INFO - Setting next_dagrun for example_task_group to 2022-03-30 00:00:00+00:00
[2022-04-01 23:30:47,842] {scheduler_job.py:190} INFO - Processing /home/airflow/sandbox/lib/python3.8/site-packages/airflow/example_dags/example_task_group.py took 0.067 seconds
[2022-04-01 23:56:51,045] {scheduler_job.py:182} INFO - Started process (PID=6832) to work on /home/airflow/sandbox/lib/python3.8/site-packages/airflow/example_dags/example_task_group.py
[2022-04-01 23:56:51,046] {scheduler_job.py:633} INFO - Processing file /home/airflow/sandbox/lib/python3.8/site-packages/airflow/example_dags/example_task_group.py for tasks to queue
[2022-04-01 23:56:51,047] {logging_mixin.py:104} INFO - [2022-04-01 23:56:51,047] {dagbag.py:487} INFO - Filling up the DagBag from /home/airflow/sandbox/lib/python3.8/site-packages/airflow/example_dags/example_task_group.py
[2022-04-01 23:56:51,067] {scheduler_job.py:643} INFO - DAG(s) dict_keys(['example_task_group']) retrieved from /home/airflow/sandbox/lib/python3.8/site-packages/airflow/example_dags/example_task_group.py
[2022-04-01 23:56:51,079] {logging_mixin.py:104} INFO - [2022-04-01 23:56:51,079] {dag.py:1832} INFO - Sync 1 DAGs
[2022-04-01 23:56:51,090] {logging_mixin.py:104} INFO - [2022-04-01 23:56:51,090] {dag.py:2305} INFO - Setting next_dagrun for example_task_group to 2022-03-30 00:00:00+00:00
[2022-04-01 23:56:51,202] {scheduler_job.py:190} INFO - Processing /home/airflow/sandbox/lib/python3.8/site-packages/airflow/example_dags/example_task_group.py took 0.161 seconds
[2022-04-01 23:57:24,205] {scheduler_job.py:182} INFO - Started process (PID=6864) to work on /home/airflow/sandbox/lib/python3.8/site-packages/airflow/example_dags/example_task_group.py
[2022-04-01 23:57:24,206] {scheduler_job.py:633} INFO - Processing file /home/airflow/sandbox/lib/python3.8/site-packages/airflow/example_dags/example_task_group.py for tasks to queue
[2022-04-01 23:57:24,206] {logging_mixin.py:104} INFO - [2022-04-01 23:57:24,206] {dagbag.py:487} INFO - Filling up the DagBag from /home/airflow/sandbox/lib/python3.8/site-packages/airflow/example_dags/example_task_group.py
[2022-04-01 23:57:24,218] {scheduler_job.py:643} INFO - DAG(s) dict_keys(['example_task_group']) retrieved from /home/airflow/sandbox/lib/python3.8/site-packages/airflow/example_dags/example_task_group.py
[2022-04-01 23:57:24,228] {logging_mixin.py:104} INFO - [2022-04-01 23:57:24,228] {dag.py:1832} INFO - Sync 1 DAGs
[2022-04-01 23:57:24,238] {logging_mixin.py:104} INFO - [2022-04-01 23:57:24,238] {dag.py:2305} INFO - Setting next_dagrun for example_task_group to 2022-03-30 00:00:00+00:00
[2022-04-01 23:57:24,268] {scheduler_job.py:190} INFO - Processing /home/airflow/sandbox/lib/python3.8/site-packages/airflow/example_dags/example_task_group.py took 0.065 seconds
[2022-04-01 23:57:59,133] {scheduler_job.py:182} INFO - Started process (PID=6896) to work on /home/airflow/sandbox/lib/python3.8/site-packages/airflow/example_dags/example_task_group.py
[2022-04-01 23:57:59,134] {scheduler_job.py:633} INFO - Processing file /home/airflow/sandbox/lib/python3.8/site-packages/airflow/example_dags/example_task_group.py for tasks to queue
[2022-04-01 23:57:59,134] {logging_mixin.py:104} INFO - [2022-04-01 23:57:59,134] {dagbag.py:487} INFO - Filling up the DagBag from /home/airflow/sandbox/lib/python3.8/site-packages/airflow/example_dags/example_task_group.py
[2022-04-01 23:57:59,142] {scheduler_job.py:643} INFO - DAG(s) dict_keys(['example_task_group']) retrieved from /home/airflow/sandbox/lib/python3.8/site-packages/airflow/example_dags/example_task_group.py
[2022-04-01 23:57:59,152] {logging_mixin.py:104} INFO - [2022-04-01 23:57:59,152] {dag.py:1832} INFO - Sync 1 DAGs
[2022-04-01 23:57:59,159] {logging_mixin.py:104} INFO - [2022-04-01 23:57:59,159] {dag.py:2305} INFO - Setting next_dagrun for example_task_group to 2022-03-30 00:00:00+00:00
[2022-04-01 23:57:59,229] {scheduler_job.py:190} INFO - Processing /home/airflow/sandbox/lib/python3.8/site-packages/airflow/example_dags/example_task_group.py took 0.099 seconds
[2022-04-01 23:58:33,001] {scheduler_job.py:182} INFO - Started process (PID=6938) to work on /home/airflow/sandbox/lib/python3.8/site-packages/airflow/example_dags/example_task_group.py
[2022-04-01 23:58:33,003] {scheduler_job.py:633} INFO - Processing file /home/airflow/sandbox/lib/python3.8/site-packages/airflow/example_dags/example_task_group.py for tasks to queue
[2022-04-01 23:58:33,003] {logging_mixin.py:104} INFO - [2022-04-01 23:58:33,003] {dagbag.py:487} INFO - Filling up the DagBag from /home/airflow/sandbox/lib/python3.8/site-packages/airflow/example_dags/example_task_group.py
[2022-04-01 23:58:33,010] {scheduler_job.py:643} INFO - DAG(s) dict_keys(['example_task_group']) retrieved from /home/airflow/sandbox/lib/python3.8/site-packages/airflow/example_dags/example_task_group.py
[2022-04-01 23:58:33,021] {logging_mixin.py:104} INFO - [2022-04-01 23:58:33,021] {dag.py:1832} INFO - Sync 1 DAGs
[2022-04-01 23:58:33,027] {logging_mixin.py:104} INFO - [2022-04-01 23:58:33,027] {dag.py:2305} INFO - Setting next_dagrun for example_task_group to 2022-03-30 00:00:00+00:00
[2022-04-01 23:58:33,081] {scheduler_job.py:190} INFO - Processing /home/airflow/sandbox/lib/python3.8/site-packages/airflow/example_dags/example_task_group.py took 0.083 seconds
[2022-04-01 23:59:05,216] {scheduler_job.py:182} INFO - Started process (PID=7002) to work on /home/airflow/sandbox/lib/python3.8/site-packages/airflow/example_dags/example_task_group.py
[2022-04-01 23:59:05,217] {scheduler_job.py:633} INFO - Processing file /home/airflow/sandbox/lib/python3.8/site-packages/airflow/example_dags/example_task_group.py for tasks to queue
[2022-04-01 23:59:05,218] {logging_mixin.py:104} INFO - [2022-04-01 23:59:05,218] {dagbag.py:487} INFO - Filling up the DagBag from /home/airflow/sandbox/lib/python3.8/site-packages/airflow/example_dags/example_task_group.py
[2022-04-01 23:59:05,227] {scheduler_job.py:643} INFO - DAG(s) dict_keys(['example_task_group']) retrieved from /home/airflow/sandbox/lib/python3.8/site-packages/airflow/example_dags/example_task_group.py
[2022-04-01 23:59:05,238] {logging_mixin.py:104} INFO - [2022-04-01 23:59:05,238] {dag.py:1832} INFO - Sync 1 DAGs
[2022-04-01 23:59:05,245] {logging_mixin.py:104} INFO - [2022-04-01 23:59:05,245] {dag.py:2305} INFO - Setting next_dagrun for example_task_group to 2022-03-30 00:00:00+00:00
[2022-04-01 23:59:05,272] {scheduler_job.py:190} INFO - Processing /home/airflow/sandbox/lib/python3.8/site-packages/airflow/example_dags/example_task_group.py took 0.058 seconds
[2022-04-01 23:59:39,814] {scheduler_job.py:182} INFO - Started process (PID=7112) to work on /home/airflow/sandbox/lib/python3.8/site-packages/airflow/example_dags/example_task_group.py
[2022-04-01 23:59:39,823] {scheduler_job.py:633} INFO - Processing file /home/airflow/sandbox/lib/python3.8/site-packages/airflow/example_dags/example_task_group.py for tasks to queue
[2022-04-01 23:59:39,833] {logging_mixin.py:104} INFO - [2022-04-01 23:59:39,832] {dagbag.py:487} INFO - Filling up the DagBag from /home/airflow/sandbox/lib/python3.8/site-packages/airflow/example_dags/example_task_group.py
[2022-04-01 23:59:39,890] {scheduler_job.py:643} INFO - DAG(s) dict_keys(['example_task_group']) retrieved from /home/airflow/sandbox/lib/python3.8/site-packages/airflow/example_dags/example_task_group.py
[2022-04-01 23:59:39,946] {logging_mixin.py:104} INFO - [2022-04-01 23:59:39,946] {dag.py:1832} INFO - Sync 1 DAGs
[2022-04-01 23:59:39,995] {logging_mixin.py:104} INFO - [2022-04-01 23:59:39,995] {dag.py:2305} INFO - Setting next_dagrun for example_task_group to 2022-03-30 00:00:00+00:00
[2022-04-01 23:59:40,558] {scheduler_job.py:190} INFO - Processing /home/airflow/sandbox/lib/python3.8/site-packages/airflow/example_dags/example_task_group.py took 0.757 seconds
