[2022-04-01 23:28:50,495] {scheduler_job.py:182} INFO - Started process (PID=4500) to work on /home/airflow/sandbox/lib/python3.8/site-packages/airflow/example_dags/example_complex.py
[2022-04-01 23:28:50,496] {scheduler_job.py:633} INFO - Processing file /home/airflow/sandbox/lib/python3.8/site-packages/airflow/example_dags/example_complex.py for tasks to queue
[2022-04-01 23:28:50,496] {logging_mixin.py:104} INFO - [2022-04-01 23:28:50,496] {dagbag.py:487} INFO - Filling up the DagBag from /home/airflow/sandbox/lib/python3.8/site-packages/airflow/example_dags/example_complex.py
[2022-04-01 23:28:50,509] {scheduler_job.py:643} INFO - DAG(s) dict_keys(['example_complex']) retrieved from /home/airflow/sandbox/lib/python3.8/site-packages/airflow/example_dags/example_complex.py
[2022-04-01 23:28:50,521] {logging_mixin.py:104} INFO - [2022-04-01 23:28:50,521] {dag.py:1832} INFO - Sync 1 DAGs
[2022-04-01 23:28:50,529] {logging_mixin.py:104} INFO - [2022-04-01 23:28:50,529] {dag.py:2305} INFO - Setting next_dagrun for example_complex to None
[2022-04-01 23:28:50,591] {scheduler_job.py:190} INFO - Processing /home/airflow/sandbox/lib/python3.8/site-packages/airflow/example_dags/example_complex.py took 0.098 seconds
[2022-04-01 23:29:22,662] {scheduler_job.py:182} INFO - Started process (PID=4632) to work on /home/airflow/sandbox/lib/python3.8/site-packages/airflow/example_dags/example_complex.py
[2022-04-01 23:29:22,663] {scheduler_job.py:633} INFO - Processing file /home/airflow/sandbox/lib/python3.8/site-packages/airflow/example_dags/example_complex.py for tasks to queue
[2022-04-01 23:29:22,664] {logging_mixin.py:104} INFO - [2022-04-01 23:29:22,664] {dagbag.py:487} INFO - Filling up the DagBag from /home/airflow/sandbox/lib/python3.8/site-packages/airflow/example_dags/example_complex.py
[2022-04-01 23:29:22,680] {scheduler_job.py:643} INFO - DAG(s) dict_keys(['example_complex']) retrieved from /home/airflow/sandbox/lib/python3.8/site-packages/airflow/example_dags/example_complex.py
[2022-04-01 23:29:22,697] {logging_mixin.py:104} INFO - [2022-04-01 23:29:22,697] {dag.py:1832} INFO - Sync 1 DAGs
[2022-04-01 23:29:22,712] {logging_mixin.py:104} INFO - [2022-04-01 23:29:22,712] {dag.py:2305} INFO - Setting next_dagrun for example_complex to None
[2022-04-01 23:29:22,763] {scheduler_job.py:190} INFO - Processing /home/airflow/sandbox/lib/python3.8/site-packages/airflow/example_dags/example_complex.py took 0.105 seconds
[2022-04-01 23:29:55,407] {scheduler_job.py:182} INFO - Started process (PID=4755) to work on /home/airflow/sandbox/lib/python3.8/site-packages/airflow/example_dags/example_complex.py
[2022-04-01 23:29:55,407] {scheduler_job.py:633} INFO - Processing file /home/airflow/sandbox/lib/python3.8/site-packages/airflow/example_dags/example_complex.py for tasks to queue
[2022-04-01 23:29:55,408] {logging_mixin.py:104} INFO - [2022-04-01 23:29:55,408] {dagbag.py:487} INFO - Filling up the DagBag from /home/airflow/sandbox/lib/python3.8/site-packages/airflow/example_dags/example_complex.py
[2022-04-01 23:29:55,420] {scheduler_job.py:643} INFO - DAG(s) dict_keys(['example_complex']) retrieved from /home/airflow/sandbox/lib/python3.8/site-packages/airflow/example_dags/example_complex.py
[2022-04-01 23:29:55,434] {logging_mixin.py:104} INFO - [2022-04-01 23:29:55,434] {dag.py:1832} INFO - Sync 1 DAGs
[2022-04-01 23:29:55,440] {logging_mixin.py:104} INFO - [2022-04-01 23:29:55,440] {dag.py:2305} INFO - Setting next_dagrun for example_complex to None
[2022-04-01 23:29:55,509] {scheduler_job.py:190} INFO - Processing /home/airflow/sandbox/lib/python3.8/site-packages/airflow/example_dags/example_complex.py took 0.105 seconds
[2022-04-01 23:30:28,035] {scheduler_job.py:182} INFO - Started process (PID=4862) to work on /home/airflow/sandbox/lib/python3.8/site-packages/airflow/example_dags/example_complex.py
[2022-04-01 23:30:28,036] {scheduler_job.py:633} INFO - Processing file /home/airflow/sandbox/lib/python3.8/site-packages/airflow/example_dags/example_complex.py for tasks to queue
[2022-04-01 23:30:28,036] {logging_mixin.py:104} INFO - [2022-04-01 23:30:28,036] {dagbag.py:487} INFO - Filling up the DagBag from /home/airflow/sandbox/lib/python3.8/site-packages/airflow/example_dags/example_complex.py
[2022-04-01 23:30:28,048] {scheduler_job.py:643} INFO - DAG(s) dict_keys(['example_complex']) retrieved from /home/airflow/sandbox/lib/python3.8/site-packages/airflow/example_dags/example_complex.py
[2022-04-01 23:30:28,060] {logging_mixin.py:104} INFO - [2022-04-01 23:30:28,060] {dag.py:1832} INFO - Sync 1 DAGs
[2022-04-01 23:30:28,069] {logging_mixin.py:104} INFO - [2022-04-01 23:30:28,069] {dag.py:2305} INFO - Setting next_dagrun for example_complex to None
[2022-04-01 23:30:28,121] {scheduler_job.py:190} INFO - Processing /home/airflow/sandbox/lib/python3.8/site-packages/airflow/example_dags/example_complex.py took 0.087 seconds
[2022-04-01 23:31:01,901] {scheduler_job.py:182} INFO - Started process (PID=4894) to work on /home/airflow/sandbox/lib/python3.8/site-packages/airflow/example_dags/example_complex.py
[2022-04-01 23:31:01,902] {scheduler_job.py:633} INFO - Processing file /home/airflow/sandbox/lib/python3.8/site-packages/airflow/example_dags/example_complex.py for tasks to queue
[2022-04-01 23:31:01,902] {logging_mixin.py:104} INFO - [2022-04-01 23:31:01,902] {dagbag.py:487} INFO - Filling up the DagBag from /home/airflow/sandbox/lib/python3.8/site-packages/airflow/example_dags/example_complex.py
[2022-04-01 23:31:01,919] {scheduler_job.py:643} INFO - DAG(s) dict_keys(['example_complex']) retrieved from /home/airflow/sandbox/lib/python3.8/site-packages/airflow/example_dags/example_complex.py
[2022-04-01 23:31:01,935] {logging_mixin.py:104} INFO - [2022-04-01 23:31:01,935] {dag.py:1832} INFO - Sync 1 DAGs
[2022-04-01 23:31:01,942] {logging_mixin.py:104} INFO - [2022-04-01 23:31:01,942] {dag.py:2305} INFO - Setting next_dagrun for example_complex to None
[2022-04-01 23:31:02,433] {scheduler_job.py:190} INFO - Processing /home/airflow/sandbox/lib/python3.8/site-packages/airflow/example_dags/example_complex.py took 0.535 seconds
[2022-04-01 23:57:04,521] {scheduler_job.py:182} INFO - Started process (PID=6845) to work on /home/airflow/sandbox/lib/python3.8/site-packages/airflow/example_dags/example_complex.py
[2022-04-01 23:57:04,522] {scheduler_job.py:633} INFO - Processing file /home/airflow/sandbox/lib/python3.8/site-packages/airflow/example_dags/example_complex.py for tasks to queue
[2022-04-01 23:57:04,523] {logging_mixin.py:104} INFO - [2022-04-01 23:57:04,523] {dagbag.py:487} INFO - Filling up the DagBag from /home/airflow/sandbox/lib/python3.8/site-packages/airflow/example_dags/example_complex.py
[2022-04-01 23:57:04,535] {scheduler_job.py:643} INFO - DAG(s) dict_keys(['example_complex']) retrieved from /home/airflow/sandbox/lib/python3.8/site-packages/airflow/example_dags/example_complex.py
[2022-04-01 23:57:04,551] {logging_mixin.py:104} INFO - [2022-04-01 23:57:04,551] {dag.py:1832} INFO - Sync 1 DAGs
[2022-04-01 23:57:04,564] {logging_mixin.py:104} INFO - [2022-04-01 23:57:04,564] {dag.py:2305} INFO - Setting next_dagrun for example_complex to None
[2022-04-01 23:57:04,631] {scheduler_job.py:190} INFO - Processing /home/airflow/sandbox/lib/python3.8/site-packages/airflow/example_dags/example_complex.py took 0.114 seconds
[2022-04-01 23:57:40,787] {scheduler_job.py:182} INFO - Started process (PID=6879) to work on /home/airflow/sandbox/lib/python3.8/site-packages/airflow/example_dags/example_complex.py
[2022-04-01 23:57:40,789] {scheduler_job.py:633} INFO - Processing file /home/airflow/sandbox/lib/python3.8/site-packages/airflow/example_dags/example_complex.py for tasks to queue
[2022-04-01 23:57:40,790] {logging_mixin.py:104} INFO - [2022-04-01 23:57:40,790] {dagbag.py:487} INFO - Filling up the DagBag from /home/airflow/sandbox/lib/python3.8/site-packages/airflow/example_dags/example_complex.py
[2022-04-01 23:57:40,801] {scheduler_job.py:643} INFO - DAG(s) dict_keys(['example_complex']) retrieved from /home/airflow/sandbox/lib/python3.8/site-packages/airflow/example_dags/example_complex.py
[2022-04-01 23:57:40,812] {logging_mixin.py:104} INFO - [2022-04-01 23:57:40,812] {dag.py:1832} INFO - Sync 1 DAGs
[2022-04-01 23:57:40,819] {logging_mixin.py:104} INFO - [2022-04-01 23:57:40,819] {dag.py:2305} INFO - Setting next_dagrun for example_complex to None
[2022-04-01 23:57:40,893] {scheduler_job.py:190} INFO - Processing /home/airflow/sandbox/lib/python3.8/site-packages/airflow/example_dags/example_complex.py took 0.107 seconds
[2022-04-01 23:58:17,506] {scheduler_job.py:182} INFO - Started process (PID=6914) to work on /home/airflow/sandbox/lib/python3.8/site-packages/airflow/example_dags/example_complex.py
[2022-04-01 23:58:17,507] {scheduler_job.py:633} INFO - Processing file /home/airflow/sandbox/lib/python3.8/site-packages/airflow/example_dags/example_complex.py for tasks to queue
[2022-04-01 23:58:17,508] {logging_mixin.py:104} INFO - [2022-04-01 23:58:17,508] {dagbag.py:487} INFO - Filling up the DagBag from /home/airflow/sandbox/lib/python3.8/site-packages/airflow/example_dags/example_complex.py
[2022-04-01 23:58:17,521] {scheduler_job.py:643} INFO - DAG(s) dict_keys(['example_complex']) retrieved from /home/airflow/sandbox/lib/python3.8/site-packages/airflow/example_dags/example_complex.py
[2022-04-01 23:58:17,535] {logging_mixin.py:104} INFO - [2022-04-01 23:58:17,535] {dag.py:1832} INFO - Sync 1 DAGs
[2022-04-01 23:58:17,543] {logging_mixin.py:104} INFO - [2022-04-01 23:58:17,542] {dag.py:2305} INFO - Setting next_dagrun for example_complex to None
[2022-04-01 23:58:17,615] {scheduler_job.py:190} INFO - Processing /home/airflow/sandbox/lib/python3.8/site-packages/airflow/example_dags/example_complex.py took 0.111 seconds
[2022-04-01 23:58:49,985] {scheduler_job.py:182} INFO - Started process (PID=6973) to work on /home/airflow/sandbox/lib/python3.8/site-packages/airflow/example_dags/example_complex.py
[2022-04-01 23:58:49,985] {scheduler_job.py:633} INFO - Processing file /home/airflow/sandbox/lib/python3.8/site-packages/airflow/example_dags/example_complex.py for tasks to queue
[2022-04-01 23:58:49,986] {logging_mixin.py:104} INFO - [2022-04-01 23:58:49,986] {dagbag.py:487} INFO - Filling up the DagBag from /home/airflow/sandbox/lib/python3.8/site-packages/airflow/example_dags/example_complex.py
[2022-04-01 23:58:49,999] {scheduler_job.py:643} INFO - DAG(s) dict_keys(['example_complex']) retrieved from /home/airflow/sandbox/lib/python3.8/site-packages/airflow/example_dags/example_complex.py
[2022-04-01 23:58:50,014] {logging_mixin.py:104} INFO - [2022-04-01 23:58:50,014] {dag.py:1832} INFO - Sync 1 DAGs
[2022-04-01 23:58:50,022] {logging_mixin.py:104} INFO - [2022-04-01 23:58:50,022] {dag.py:2305} INFO - Setting next_dagrun for example_complex to None
[2022-04-01 23:58:50,085] {scheduler_job.py:190} INFO - Processing /home/airflow/sandbox/lib/python3.8/site-packages/airflow/example_dags/example_complex.py took 0.103 seconds
[2022-04-01 23:59:23,635] {scheduler_job.py:182} INFO - Started process (PID=7038) to work on /home/airflow/sandbox/lib/python3.8/site-packages/airflow/example_dags/example_complex.py
[2022-04-01 23:59:23,636] {scheduler_job.py:633} INFO - Processing file /home/airflow/sandbox/lib/python3.8/site-packages/airflow/example_dags/example_complex.py for tasks to queue
[2022-04-01 23:59:23,637] {logging_mixin.py:104} INFO - [2022-04-01 23:59:23,637] {dagbag.py:487} INFO - Filling up the DagBag from /home/airflow/sandbox/lib/python3.8/site-packages/airflow/example_dags/example_complex.py
[2022-04-01 23:59:23,648] {scheduler_job.py:643} INFO - DAG(s) dict_keys(['example_complex']) retrieved from /home/airflow/sandbox/lib/python3.8/site-packages/airflow/example_dags/example_complex.py
[2022-04-01 23:59:23,660] {logging_mixin.py:104} INFO - [2022-04-01 23:59:23,660] {dag.py:1832} INFO - Sync 1 DAGs
[2022-04-01 23:59:23,666] {logging_mixin.py:104} INFO - [2022-04-01 23:59:23,665] {dag.py:2305} INFO - Setting next_dagrun for example_complex to None
[2022-04-01 23:59:23,725] {scheduler_job.py:190} INFO - Processing /home/airflow/sandbox/lib/python3.8/site-packages/airflow/example_dags/example_complex.py took 0.092 seconds
