[2022-04-01 23:28:20,324] {scheduler_job.py:182} INFO - Started process (PID=4315) to work on /home/airflow/sandbox/lib/python3.8/site-packages/airflow/example_dags/example_external_task_marker_dag.py
[2022-04-01 23:28:20,327] {scheduler_job.py:633} INFO - Processing file /home/airflow/sandbox/lib/python3.8/site-packages/airflow/example_dags/example_external_task_marker_dag.py for tasks to queue
[2022-04-01 23:28:20,328] {logging_mixin.py:104} INFO - [2022-04-01 23:28:20,328] {dagbag.py:487} INFO - Filling up the DagBag from /home/airflow/sandbox/lib/python3.8/site-packages/airflow/example_dags/example_external_task_marker_dag.py
[2022-04-01 23:28:20,353] {scheduler_job.py:643} INFO - DAG(s) dict_keys(['example_external_task_marker_parent', 'example_external_task_marker_child']) retrieved from /home/airflow/sandbox/lib/python3.8/site-packages/airflow/example_dags/example_external_task_marker_dag.py
[2022-04-01 23:28:20,708] {logging_mixin.py:104} INFO - [2022-04-01 23:28:20,708] {dag.py:1832} INFO - Sync 2 DAGs
[2022-04-01 23:28:20,720] {logging_mixin.py:104} INFO - [2022-04-01 23:28:20,720] {dag.py:2305} INFO - Setting next_dagrun for example_external_task_marker_child to None
[2022-04-01 23:28:20,721] {logging_mixin.py:104} INFO - [2022-04-01 23:28:20,721] {dag.py:2305} INFO - Setting next_dagrun for example_external_task_marker_parent to None
[2022-04-01 23:28:20,779] {scheduler_job.py:190} INFO - Processing /home/airflow/sandbox/lib/python3.8/site-packages/airflow/example_dags/example_external_task_marker_dag.py took 0.465 seconds
[2022-04-01 23:28:53,669] {scheduler_job.py:182} INFO - Started process (PID=4515) to work on /home/airflow/sandbox/lib/python3.8/site-packages/airflow/example_dags/example_external_task_marker_dag.py
[2022-04-01 23:28:53,669] {scheduler_job.py:633} INFO - Processing file /home/airflow/sandbox/lib/python3.8/site-packages/airflow/example_dags/example_external_task_marker_dag.py for tasks to queue
[2022-04-01 23:28:53,670] {logging_mixin.py:104} INFO - [2022-04-01 23:28:53,670] {dagbag.py:487} INFO - Filling up the DagBag from /home/airflow/sandbox/lib/python3.8/site-packages/airflow/example_dags/example_external_task_marker_dag.py
[2022-04-01 23:28:53,677] {scheduler_job.py:643} INFO - DAG(s) dict_keys(['example_external_task_marker_parent', 'example_external_task_marker_child']) retrieved from /home/airflow/sandbox/lib/python3.8/site-packages/airflow/example_dags/example_external_task_marker_dag.py
[2022-04-01 23:28:53,688] {logging_mixin.py:104} INFO - [2022-04-01 23:28:53,688] {dag.py:1832} INFO - Sync 2 DAGs
[2022-04-01 23:28:53,694] {logging_mixin.py:104} INFO - [2022-04-01 23:28:53,694] {dag.py:2305} INFO - Setting next_dagrun for example_external_task_marker_child to None
[2022-04-01 23:28:53,695] {logging_mixin.py:104} INFO - [2022-04-01 23:28:53,695] {dag.py:2305} INFO - Setting next_dagrun for example_external_task_marker_parent to None
[2022-04-01 23:28:53,723] {scheduler_job.py:190} INFO - Processing /home/airflow/sandbox/lib/python3.8/site-packages/airflow/example_dags/example_external_task_marker_dag.py took 0.057 seconds
[2022-04-01 23:29:25,037] {scheduler_job.py:182} INFO - Started process (PID=4634) to work on /home/airflow/sandbox/lib/python3.8/site-packages/airflow/example_dags/example_external_task_marker_dag.py
[2022-04-01 23:29:25,040] {scheduler_job.py:633} INFO - Processing file /home/airflow/sandbox/lib/python3.8/site-packages/airflow/example_dags/example_external_task_marker_dag.py for tasks to queue
[2022-04-01 23:29:25,041] {logging_mixin.py:104} INFO - [2022-04-01 23:29:25,040] {dagbag.py:487} INFO - Filling up the DagBag from /home/airflow/sandbox/lib/python3.8/site-packages/airflow/example_dags/example_external_task_marker_dag.py
[2022-04-01 23:29:25,047] {scheduler_job.py:643} INFO - DAG(s) dict_keys(['example_external_task_marker_parent', 'example_external_task_marker_child']) retrieved from /home/airflow/sandbox/lib/python3.8/site-packages/airflow/example_dags/example_external_task_marker_dag.py
[2022-04-01 23:29:25,061] {logging_mixin.py:104} INFO - [2022-04-01 23:29:25,060] {dag.py:1832} INFO - Sync 2 DAGs
[2022-04-01 23:29:25,067] {logging_mixin.py:104} INFO - [2022-04-01 23:29:25,067] {dag.py:2305} INFO - Setting next_dagrun for example_external_task_marker_child to None
[2022-04-01 23:29:25,068] {logging_mixin.py:104} INFO - [2022-04-01 23:29:25,068] {dag.py:2305} INFO - Setting next_dagrun for example_external_task_marker_parent to None
[2022-04-01 23:29:25,097] {scheduler_job.py:190} INFO - Processing /home/airflow/sandbox/lib/python3.8/site-packages/airflow/example_dags/example_external_task_marker_dag.py took 0.062 seconds
[2022-04-01 23:29:57,757] {scheduler_job.py:182} INFO - Started process (PID=4757) to work on /home/airflow/sandbox/lib/python3.8/site-packages/airflow/example_dags/example_external_task_marker_dag.py
[2022-04-01 23:29:57,758] {scheduler_job.py:633} INFO - Processing file /home/airflow/sandbox/lib/python3.8/site-packages/airflow/example_dags/example_external_task_marker_dag.py for tasks to queue
[2022-04-01 23:29:57,759] {logging_mixin.py:104} INFO - [2022-04-01 23:29:57,759] {dagbag.py:487} INFO - Filling up the DagBag from /home/airflow/sandbox/lib/python3.8/site-packages/airflow/example_dags/example_external_task_marker_dag.py
[2022-04-01 23:29:57,767] {scheduler_job.py:643} INFO - DAG(s) dict_keys(['example_external_task_marker_parent', 'example_external_task_marker_child']) retrieved from /home/airflow/sandbox/lib/python3.8/site-packages/airflow/example_dags/example_external_task_marker_dag.py
[2022-04-01 23:29:57,778] {logging_mixin.py:104} INFO - [2022-04-01 23:29:57,778] {dag.py:1832} INFO - Sync 2 DAGs
[2022-04-01 23:29:57,787] {logging_mixin.py:104} INFO - [2022-04-01 23:29:57,787] {dag.py:2305} INFO - Setting next_dagrun for example_external_task_marker_child to None
[2022-04-01 23:29:57,787] {logging_mixin.py:104} INFO - [2022-04-01 23:29:57,787] {dag.py:2305} INFO - Setting next_dagrun for example_external_task_marker_parent to None
[2022-04-01 23:29:57,814] {scheduler_job.py:190} INFO - Processing /home/airflow/sandbox/lib/python3.8/site-packages/airflow/example_dags/example_external_task_marker_dag.py took 0.059 seconds
[2022-04-01 23:30:29,157] {scheduler_job.py:182} INFO - Started process (PID=4863) to work on /home/airflow/sandbox/lib/python3.8/site-packages/airflow/example_dags/example_external_task_marker_dag.py
[2022-04-01 23:30:29,158] {scheduler_job.py:633} INFO - Processing file /home/airflow/sandbox/lib/python3.8/site-packages/airflow/example_dags/example_external_task_marker_dag.py for tasks to queue
[2022-04-01 23:30:29,158] {logging_mixin.py:104} INFO - [2022-04-01 23:30:29,158] {dagbag.py:487} INFO - Filling up the DagBag from /home/airflow/sandbox/lib/python3.8/site-packages/airflow/example_dags/example_external_task_marker_dag.py
[2022-04-01 23:30:29,168] {scheduler_job.py:643} INFO - DAG(s) dict_keys(['example_external_task_marker_parent', 'example_external_task_marker_child']) retrieved from /home/airflow/sandbox/lib/python3.8/site-packages/airflow/example_dags/example_external_task_marker_dag.py
[2022-04-01 23:30:29,180] {logging_mixin.py:104} INFO - [2022-04-01 23:30:29,180] {dag.py:1832} INFO - Sync 2 DAGs
[2022-04-01 23:30:29,188] {logging_mixin.py:104} INFO - [2022-04-01 23:30:29,188] {dag.py:2305} INFO - Setting next_dagrun for example_external_task_marker_child to None
[2022-04-01 23:30:29,189] {logging_mixin.py:104} INFO - [2022-04-01 23:30:29,189] {dag.py:2305} INFO - Setting next_dagrun for example_external_task_marker_parent to None
[2022-04-01 23:30:29,246] {scheduler_job.py:190} INFO - Processing /home/airflow/sandbox/lib/python3.8/site-packages/airflow/example_dags/example_external_task_marker_dag.py took 0.091 seconds
[2022-04-01 23:56:34,561] {scheduler_job.py:182} INFO - Started process (PID=6808) to work on /home/airflow/sandbox/lib/python3.8/site-packages/airflow/example_dags/example_external_task_marker_dag.py
[2022-04-01 23:56:34,562] {scheduler_job.py:633} INFO - Processing file /home/airflow/sandbox/lib/python3.8/site-packages/airflow/example_dags/example_external_task_marker_dag.py for tasks to queue
[2022-04-01 23:56:34,563] {logging_mixin.py:104} INFO - [2022-04-01 23:56:34,562] {dagbag.py:487} INFO - Filling up the DagBag from /home/airflow/sandbox/lib/python3.8/site-packages/airflow/example_dags/example_external_task_marker_dag.py
[2022-04-01 23:56:34,574] {scheduler_job.py:643} INFO - DAG(s) dict_keys(['example_external_task_marker_parent', 'example_external_task_marker_child']) retrieved from /home/airflow/sandbox/lib/python3.8/site-packages/airflow/example_dags/example_external_task_marker_dag.py
[2022-04-01 23:56:34,589] {logging_mixin.py:104} INFO - [2022-04-01 23:56:34,589] {dag.py:1832} INFO - Sync 2 DAGs
[2022-04-01 23:56:34,597] {logging_mixin.py:104} INFO - [2022-04-01 23:56:34,597] {dag.py:2305} INFO - Setting next_dagrun for example_external_task_marker_child to None
[2022-04-01 23:56:34,598] {logging_mixin.py:104} INFO - [2022-04-01 23:56:34,598] {dag.py:2305} INFO - Setting next_dagrun for example_external_task_marker_parent to None
[2022-04-01 23:56:34,662] {scheduler_job.py:190} INFO - Processing /home/airflow/sandbox/lib/python3.8/site-packages/airflow/example_dags/example_external_task_marker_dag.py took 0.103 seconds
[2022-04-01 23:57:08,520] {scheduler_job.py:182} INFO - Started process (PID=6849) to work on /home/airflow/sandbox/lib/python3.8/site-packages/airflow/example_dags/example_external_task_marker_dag.py
[2022-04-01 23:57:08,521] {scheduler_job.py:633} INFO - Processing file /home/airflow/sandbox/lib/python3.8/site-packages/airflow/example_dags/example_external_task_marker_dag.py for tasks to queue
[2022-04-01 23:57:08,521] {logging_mixin.py:104} INFO - [2022-04-01 23:57:08,521] {dagbag.py:487} INFO - Filling up the DagBag from /home/airflow/sandbox/lib/python3.8/site-packages/airflow/example_dags/example_external_task_marker_dag.py
[2022-04-01 23:57:08,530] {scheduler_job.py:643} INFO - DAG(s) dict_keys(['example_external_task_marker_parent', 'example_external_task_marker_child']) retrieved from /home/airflow/sandbox/lib/python3.8/site-packages/airflow/example_dags/example_external_task_marker_dag.py
[2022-04-01 23:57:08,717] {logging_mixin.py:104} INFO - [2022-04-01 23:57:08,717] {dag.py:1832} INFO - Sync 2 DAGs
[2022-04-01 23:57:08,723] {logging_mixin.py:104} INFO - [2022-04-01 23:57:08,723] {dag.py:2305} INFO - Setting next_dagrun for example_external_task_marker_child to None
[2022-04-01 23:57:08,723] {logging_mixin.py:104} INFO - [2022-04-01 23:57:08,723] {dag.py:2305} INFO - Setting next_dagrun for example_external_task_marker_parent to None
[2022-04-01 23:57:08,792] {scheduler_job.py:190} INFO - Processing /home/airflow/sandbox/lib/python3.8/site-packages/airflow/example_dags/example_external_task_marker_dag.py took 0.275 seconds
[2022-04-01 23:57:39,632] {scheduler_job.py:182} INFO - Started process (PID=6878) to work on /home/airflow/sandbox/lib/python3.8/site-packages/airflow/example_dags/example_external_task_marker_dag.py
[2022-04-01 23:57:39,633] {scheduler_job.py:633} INFO - Processing file /home/airflow/sandbox/lib/python3.8/site-packages/airflow/example_dags/example_external_task_marker_dag.py for tasks to queue
[2022-04-01 23:57:39,633] {logging_mixin.py:104} INFO - [2022-04-01 23:57:39,633] {dagbag.py:487} INFO - Filling up the DagBag from /home/airflow/sandbox/lib/python3.8/site-packages/airflow/example_dags/example_external_task_marker_dag.py
[2022-04-01 23:57:39,640] {scheduler_job.py:643} INFO - DAG(s) dict_keys(['example_external_task_marker_parent', 'example_external_task_marker_child']) retrieved from /home/airflow/sandbox/lib/python3.8/site-packages/airflow/example_dags/example_external_task_marker_dag.py
[2022-04-01 23:57:39,650] {logging_mixin.py:104} INFO - [2022-04-01 23:57:39,650] {dag.py:1832} INFO - Sync 2 DAGs
[2022-04-01 23:57:39,657] {logging_mixin.py:104} INFO - [2022-04-01 23:57:39,657] {dag.py:2305} INFO - Setting next_dagrun for example_external_task_marker_child to None
[2022-04-01 23:57:39,658] {logging_mixin.py:104} INFO - [2022-04-01 23:57:39,658] {dag.py:2305} INFO - Setting next_dagrun for example_external_task_marker_parent to None
[2022-04-01 23:57:39,724] {scheduler_job.py:190} INFO - Processing /home/airflow/sandbox/lib/python3.8/site-packages/airflow/example_dags/example_external_task_marker_dag.py took 0.095 seconds
[2022-04-01 23:58:10,991] {scheduler_job.py:182} INFO - Started process (PID=6907) to work on /home/airflow/sandbox/lib/python3.8/site-packages/airflow/example_dags/example_external_task_marker_dag.py
[2022-04-01 23:58:10,992] {scheduler_job.py:633} INFO - Processing file /home/airflow/sandbox/lib/python3.8/site-packages/airflow/example_dags/example_external_task_marker_dag.py for tasks to queue
[2022-04-01 23:58:10,993] {logging_mixin.py:104} INFO - [2022-04-01 23:58:10,993] {dagbag.py:487} INFO - Filling up the DagBag from /home/airflow/sandbox/lib/python3.8/site-packages/airflow/example_dags/example_external_task_marker_dag.py
[2022-04-01 23:58:11,000] {scheduler_job.py:643} INFO - DAG(s) dict_keys(['example_external_task_marker_parent', 'example_external_task_marker_child']) retrieved from /home/airflow/sandbox/lib/python3.8/site-packages/airflow/example_dags/example_external_task_marker_dag.py
[2022-04-01 23:58:11,176] {logging_mixin.py:104} INFO - [2022-04-01 23:58:11,176] {dag.py:1832} INFO - Sync 2 DAGs
[2022-04-01 23:58:11,181] {logging_mixin.py:104} INFO - [2022-04-01 23:58:11,181] {dag.py:2305} INFO - Setting next_dagrun for example_external_task_marker_child to None
[2022-04-01 23:58:11,181] {logging_mixin.py:104} INFO - [2022-04-01 23:58:11,181] {dag.py:2305} INFO - Setting next_dagrun for example_external_task_marker_parent to None
[2022-04-01 23:58:11,211] {scheduler_job.py:190} INFO - Processing /home/airflow/sandbox/lib/python3.8/site-packages/airflow/example_dags/example_external_task_marker_dag.py took 0.222 seconds
[2022-04-01 23:58:44,664] {scheduler_job.py:182} INFO - Started process (PID=6967) to work on /home/airflow/sandbox/lib/python3.8/site-packages/airflow/example_dags/example_external_task_marker_dag.py
[2022-04-01 23:58:44,664] {scheduler_job.py:633} INFO - Processing file /home/airflow/sandbox/lib/python3.8/site-packages/airflow/example_dags/example_external_task_marker_dag.py for tasks to queue
[2022-04-01 23:58:44,665] {logging_mixin.py:104} INFO - [2022-04-01 23:58:44,665] {dagbag.py:487} INFO - Filling up the DagBag from /home/airflow/sandbox/lib/python3.8/site-packages/airflow/example_dags/example_external_task_marker_dag.py
[2022-04-01 23:58:44,673] {scheduler_job.py:643} INFO - DAG(s) dict_keys(['example_external_task_marker_parent', 'example_external_task_marker_child']) retrieved from /home/airflow/sandbox/lib/python3.8/site-packages/airflow/example_dags/example_external_task_marker_dag.py
[2022-04-01 23:58:44,689] {logging_mixin.py:104} INFO - [2022-04-01 23:58:44,689] {dag.py:1832} INFO - Sync 2 DAGs
[2022-04-01 23:58:44,698] {logging_mixin.py:104} INFO - [2022-04-01 23:58:44,698] {dag.py:2305} INFO - Setting next_dagrun for example_external_task_marker_child to None
[2022-04-01 23:58:44,699] {logging_mixin.py:104} INFO - [2022-04-01 23:58:44,699] {dag.py:2305} INFO - Setting next_dagrun for example_external_task_marker_parent to None
[2022-04-01 23:58:44,762] {scheduler_job.py:190} INFO - Processing /home/airflow/sandbox/lib/python3.8/site-packages/airflow/example_dags/example_external_task_marker_dag.py took 0.101 seconds
[2022-04-01 23:59:16,016] {scheduler_job.py:182} INFO - Started process (PID=7012) to work on /home/airflow/sandbox/lib/python3.8/site-packages/airflow/example_dags/example_external_task_marker_dag.py
[2022-04-01 23:59:16,019] {scheduler_job.py:633} INFO - Processing file /home/airflow/sandbox/lib/python3.8/site-packages/airflow/example_dags/example_external_task_marker_dag.py for tasks to queue
[2022-04-01 23:59:16,019] {logging_mixin.py:104} INFO - [2022-04-01 23:59:16,019] {dagbag.py:487} INFO - Filling up the DagBag from /home/airflow/sandbox/lib/python3.8/site-packages/airflow/example_dags/example_external_task_marker_dag.py
[2022-04-01 23:59:16,028] {scheduler_job.py:643} INFO - DAG(s) dict_keys(['example_external_task_marker_parent', 'example_external_task_marker_child']) retrieved from /home/airflow/sandbox/lib/python3.8/site-packages/airflow/example_dags/example_external_task_marker_dag.py
[2022-04-01 23:59:16,042] {logging_mixin.py:104} INFO - [2022-04-01 23:59:16,042] {dag.py:1832} INFO - Sync 2 DAGs
[2022-04-01 23:59:16,049] {logging_mixin.py:104} INFO - [2022-04-01 23:59:16,049] {dag.py:2305} INFO - Setting next_dagrun for example_external_task_marker_child to None
[2022-04-01 23:59:16,050] {logging_mixin.py:104} INFO - [2022-04-01 23:59:16,050] {dag.py:2305} INFO - Setting next_dagrun for example_external_task_marker_parent to None
[2022-04-01 23:59:16,089] {scheduler_job.py:190} INFO - Processing /home/airflow/sandbox/lib/python3.8/site-packages/airflow/example_dags/example_external_task_marker_dag.py took 0.077 seconds
[2022-04-01 23:59:52,050] {scheduler_job.py:182} INFO - Started process (PID=7137) to work on /home/airflow/sandbox/lib/python3.8/site-packages/airflow/example_dags/example_external_task_marker_dag.py
[2022-04-01 23:59:52,051] {scheduler_job.py:633} INFO - Processing file /home/airflow/sandbox/lib/python3.8/site-packages/airflow/example_dags/example_external_task_marker_dag.py for tasks to queue
[2022-04-01 23:59:52,051] {logging_mixin.py:104} INFO - [2022-04-01 23:59:52,051] {dagbag.py:487} INFO - Filling up the DagBag from /home/airflow/sandbox/lib/python3.8/site-packages/airflow/example_dags/example_external_task_marker_dag.py
[2022-04-01 23:59:52,060] {scheduler_job.py:643} INFO - DAG(s) dict_keys(['example_external_task_marker_parent', 'example_external_task_marker_child']) retrieved from /home/airflow/sandbox/lib/python3.8/site-packages/airflow/example_dags/example_external_task_marker_dag.py
[2022-04-01 23:59:52,241] {logging_mixin.py:104} INFO - [2022-04-01 23:59:52,240] {dag.py:1832} INFO - Sync 2 DAGs
[2022-04-01 23:59:52,246] {logging_mixin.py:104} INFO - [2022-04-01 23:59:52,246] {dag.py:2305} INFO - Setting next_dagrun for example_external_task_marker_child to None
[2022-04-01 23:59:52,247] {logging_mixin.py:104} INFO - [2022-04-01 23:59:52,247] {dag.py:2305} INFO - Setting next_dagrun for example_external_task_marker_parent to None
[2022-04-01 23:59:52,308] {scheduler_job.py:190} INFO - Processing /home/airflow/sandbox/lib/python3.8/site-packages/airflow/example_dags/example_external_task_marker_dag.py took 0.260 seconds
