[2022-04-01 23:28:44,389] {scheduler_job.py:182} INFO - Started process (PID=4465) to work on /home/airflow/sandbox/lib/python3.8/site-packages/airflow/example_dags/tutorial_taskflow_api_etl.py
[2022-04-01 23:28:44,390] {scheduler_job.py:633} INFO - Processing file /home/airflow/sandbox/lib/python3.8/site-packages/airflow/example_dags/tutorial_taskflow_api_etl.py for tasks to queue
[2022-04-01 23:28:44,390] {logging_mixin.py:104} INFO - [2022-04-01 23:28:44,390] {dagbag.py:487} INFO - Filling up the DagBag from /home/airflow/sandbox/lib/python3.8/site-packages/airflow/example_dags/tutorial_taskflow_api_etl.py
[2022-04-01 23:28:44,408] {scheduler_job.py:643} INFO - DAG(s) dict_keys(['tutorial_taskflow_api_etl']) retrieved from /home/airflow/sandbox/lib/python3.8/site-packages/airflow/example_dags/tutorial_taskflow_api_etl.py
[2022-04-01 23:28:44,614] {logging_mixin.py:104} INFO - [2022-04-01 23:28:44,614] {dag.py:1832} INFO - Sync 1 DAGs
[2022-04-01 23:28:44,623] {logging_mixin.py:104} INFO - [2022-04-01 23:28:44,623] {dag.py:2305} INFO - Setting next_dagrun for tutorial_taskflow_api_etl to None
[2022-04-01 23:28:44,678] {scheduler_job.py:190} INFO - Processing /home/airflow/sandbox/lib/python3.8/site-packages/airflow/example_dags/tutorial_taskflow_api_etl.py took 0.294 seconds
[2022-04-01 23:29:17,063] {scheduler_job.py:182} INFO - Started process (PID=4626) to work on /home/airflow/sandbox/lib/python3.8/site-packages/airflow/example_dags/tutorial_taskflow_api_etl.py
[2022-04-01 23:29:17,064] {scheduler_job.py:633} INFO - Processing file /home/airflow/sandbox/lib/python3.8/site-packages/airflow/example_dags/tutorial_taskflow_api_etl.py for tasks to queue
[2022-04-01 23:29:17,064] {logging_mixin.py:104} INFO - [2022-04-01 23:29:17,064] {dagbag.py:487} INFO - Filling up the DagBag from /home/airflow/sandbox/lib/python3.8/site-packages/airflow/example_dags/tutorial_taskflow_api_etl.py
[2022-04-01 23:29:17,075] {scheduler_job.py:643} INFO - DAG(s) dict_keys(['tutorial_taskflow_api_etl']) retrieved from /home/airflow/sandbox/lib/python3.8/site-packages/airflow/example_dags/tutorial_taskflow_api_etl.py
[2022-04-01 23:29:17,250] {logging_mixin.py:104} INFO - [2022-04-01 23:29:17,250] {dag.py:1832} INFO - Sync 1 DAGs
[2022-04-01 23:29:17,259] {logging_mixin.py:104} INFO - [2022-04-01 23:29:17,259] {dag.py:2305} INFO - Setting next_dagrun for tutorial_taskflow_api_etl to None
[2022-04-01 23:29:17,314] {scheduler_job.py:190} INFO - Processing /home/airflow/sandbox/lib/python3.8/site-packages/airflow/example_dags/tutorial_taskflow_api_etl.py took 0.253 seconds
[2022-04-01 23:29:48,756] {scheduler_job.py:182} INFO - Started process (PID=4724) to work on /home/airflow/sandbox/lib/python3.8/site-packages/airflow/example_dags/tutorial_taskflow_api_etl.py
[2022-04-01 23:29:48,757] {scheduler_job.py:633} INFO - Processing file /home/airflow/sandbox/lib/python3.8/site-packages/airflow/example_dags/tutorial_taskflow_api_etl.py for tasks to queue
[2022-04-01 23:29:48,757] {logging_mixin.py:104} INFO - [2022-04-01 23:29:48,757] {dagbag.py:487} INFO - Filling up the DagBag from /home/airflow/sandbox/lib/python3.8/site-packages/airflow/example_dags/tutorial_taskflow_api_etl.py
[2022-04-01 23:29:48,767] {scheduler_job.py:643} INFO - DAG(s) dict_keys(['tutorial_taskflow_api_etl']) retrieved from /home/airflow/sandbox/lib/python3.8/site-packages/airflow/example_dags/tutorial_taskflow_api_etl.py
[2022-04-01 23:29:48,951] {logging_mixin.py:104} INFO - [2022-04-01 23:29:48,951] {dag.py:1832} INFO - Sync 1 DAGs
[2022-04-01 23:29:48,957] {logging_mixin.py:104} INFO - [2022-04-01 23:29:48,957] {dag.py:2305} INFO - Setting next_dagrun for tutorial_taskflow_api_etl to None
[2022-04-01 23:29:49,111] {scheduler_job.py:190} INFO - Processing /home/airflow/sandbox/lib/python3.8/site-packages/airflow/example_dags/tutorial_taskflow_api_etl.py took 0.357 seconds
[2022-04-01 23:30:21,640] {scheduler_job.py:182} INFO - Started process (PID=4856) to work on /home/airflow/sandbox/lib/python3.8/site-packages/airflow/example_dags/tutorial_taskflow_api_etl.py
[2022-04-01 23:30:21,641] {scheduler_job.py:633} INFO - Processing file /home/airflow/sandbox/lib/python3.8/site-packages/airflow/example_dags/tutorial_taskflow_api_etl.py for tasks to queue
[2022-04-01 23:30:21,641] {logging_mixin.py:104} INFO - [2022-04-01 23:30:21,641] {dagbag.py:487} INFO - Filling up the DagBag from /home/airflow/sandbox/lib/python3.8/site-packages/airflow/example_dags/tutorial_taskflow_api_etl.py
[2022-04-01 23:30:21,654] {scheduler_job.py:643} INFO - DAG(s) dict_keys(['tutorial_taskflow_api_etl']) retrieved from /home/airflow/sandbox/lib/python3.8/site-packages/airflow/example_dags/tutorial_taskflow_api_etl.py
[2022-04-01 23:30:21,859] {logging_mixin.py:104} INFO - [2022-04-01 23:30:21,859] {dag.py:1832} INFO - Sync 1 DAGs
[2022-04-01 23:30:21,868] {logging_mixin.py:104} INFO - [2022-04-01 23:30:21,868] {dag.py:2305} INFO - Setting next_dagrun for tutorial_taskflow_api_etl to None
[2022-04-01 23:30:21,970] {scheduler_job.py:190} INFO - Processing /home/airflow/sandbox/lib/python3.8/site-packages/airflow/example_dags/tutorial_taskflow_api_etl.py took 0.332 seconds
[2022-04-01 23:30:54,587] {scheduler_job.py:182} INFO - Started process (PID=4888) to work on /home/airflow/sandbox/lib/python3.8/site-packages/airflow/example_dags/tutorial_taskflow_api_etl.py
[2022-04-01 23:30:54,587] {scheduler_job.py:633} INFO - Processing file /home/airflow/sandbox/lib/python3.8/site-packages/airflow/example_dags/tutorial_taskflow_api_etl.py for tasks to queue
[2022-04-01 23:30:54,588] {logging_mixin.py:104} INFO - [2022-04-01 23:30:54,588] {dagbag.py:487} INFO - Filling up the DagBag from /home/airflow/sandbox/lib/python3.8/site-packages/airflow/example_dags/tutorial_taskflow_api_etl.py
[2022-04-01 23:30:54,597] {scheduler_job.py:643} INFO - DAG(s) dict_keys(['tutorial_taskflow_api_etl']) retrieved from /home/airflow/sandbox/lib/python3.8/site-packages/airflow/example_dags/tutorial_taskflow_api_etl.py
[2022-04-01 23:30:54,769] {logging_mixin.py:104} INFO - [2022-04-01 23:30:54,769] {dag.py:1832} INFO - Sync 1 DAGs
[2022-04-01 23:30:54,778] {logging_mixin.py:104} INFO - [2022-04-01 23:30:54,778] {dag.py:2305} INFO - Setting next_dagrun for tutorial_taskflow_api_etl to None
[2022-04-01 23:30:54,875] {scheduler_job.py:190} INFO - Processing /home/airflow/sandbox/lib/python3.8/site-packages/airflow/example_dags/tutorial_taskflow_api_etl.py took 0.290 seconds
[2022-04-01 23:56:57,947] {scheduler_job.py:182} INFO - Started process (PID=6839) to work on /home/airflow/sandbox/lib/python3.8/site-packages/airflow/example_dags/tutorial_taskflow_api_etl.py
[2022-04-01 23:56:57,948] {scheduler_job.py:633} INFO - Processing file /home/airflow/sandbox/lib/python3.8/site-packages/airflow/example_dags/tutorial_taskflow_api_etl.py for tasks to queue
[2022-04-01 23:56:57,948] {logging_mixin.py:104} INFO - [2022-04-01 23:56:57,948] {dagbag.py:487} INFO - Filling up the DagBag from /home/airflow/sandbox/lib/python3.8/site-packages/airflow/example_dags/tutorial_taskflow_api_etl.py
[2022-04-01 23:56:57,962] {scheduler_job.py:643} INFO - DAG(s) dict_keys(['tutorial_taskflow_api_etl']) retrieved from /home/airflow/sandbox/lib/python3.8/site-packages/airflow/example_dags/tutorial_taskflow_api_etl.py
[2022-04-01 23:56:58,158] {logging_mixin.py:104} INFO - [2022-04-01 23:56:58,158] {dag.py:1832} INFO - Sync 1 DAGs
[2022-04-01 23:56:58,164] {logging_mixin.py:104} INFO - [2022-04-01 23:56:58,164] {dag.py:2305} INFO - Setting next_dagrun for tutorial_taskflow_api_etl to None
[2022-04-01 23:56:58,237] {scheduler_job.py:190} INFO - Processing /home/airflow/sandbox/lib/python3.8/site-packages/airflow/example_dags/tutorial_taskflow_api_etl.py took 0.293 seconds
[2022-04-01 23:57:31,746] {scheduler_job.py:182} INFO - Started process (PID=6871) to work on /home/airflow/sandbox/lib/python3.8/site-packages/airflow/example_dags/tutorial_taskflow_api_etl.py
[2022-04-01 23:57:31,747] {scheduler_job.py:633} INFO - Processing file /home/airflow/sandbox/lib/python3.8/site-packages/airflow/example_dags/tutorial_taskflow_api_etl.py for tasks to queue
[2022-04-01 23:57:31,747] {logging_mixin.py:104} INFO - [2022-04-01 23:57:31,747] {dagbag.py:487} INFO - Filling up the DagBag from /home/airflow/sandbox/lib/python3.8/site-packages/airflow/example_dags/tutorial_taskflow_api_etl.py
[2022-04-01 23:57:31,759] {scheduler_job.py:643} INFO - DAG(s) dict_keys(['tutorial_taskflow_api_etl']) retrieved from /home/airflow/sandbox/lib/python3.8/site-packages/airflow/example_dags/tutorial_taskflow_api_etl.py
[2022-04-01 23:57:31,962] {logging_mixin.py:104} INFO - [2022-04-01 23:57:31,962] {dag.py:1832} INFO - Sync 1 DAGs
[2022-04-01 23:57:31,967] {logging_mixin.py:104} INFO - [2022-04-01 23:57:31,967] {dag.py:2305} INFO - Setting next_dagrun for tutorial_taskflow_api_etl to None
[2022-04-01 23:57:32,034] {scheduler_job.py:190} INFO - Processing /home/airflow/sandbox/lib/python3.8/site-packages/airflow/example_dags/tutorial_taskflow_api_etl.py took 0.290 seconds
[2022-04-01 23:58:05,827] {scheduler_job.py:182} INFO - Started process (PID=6903) to work on /home/airflow/sandbox/lib/python3.8/site-packages/airflow/example_dags/tutorial_taskflow_api_etl.py
[2022-04-01 23:58:05,828] {scheduler_job.py:633} INFO - Processing file /home/airflow/sandbox/lib/python3.8/site-packages/airflow/example_dags/tutorial_taskflow_api_etl.py for tasks to queue
[2022-04-01 23:58:05,829] {logging_mixin.py:104} INFO - [2022-04-01 23:58:05,829] {dagbag.py:487} INFO - Filling up the DagBag from /home/airflow/sandbox/lib/python3.8/site-packages/airflow/example_dags/tutorial_taskflow_api_etl.py
[2022-04-01 23:58:05,838] {scheduler_job.py:643} INFO - DAG(s) dict_keys(['tutorial_taskflow_api_etl']) retrieved from /home/airflow/sandbox/lib/python3.8/site-packages/airflow/example_dags/tutorial_taskflow_api_etl.py
[2022-04-01 23:58:05,999] {logging_mixin.py:104} INFO - [2022-04-01 23:58:05,999] {dag.py:1832} INFO - Sync 1 DAGs
[2022-04-01 23:58:06,004] {logging_mixin.py:104} INFO - [2022-04-01 23:58:06,004] {dag.py:2305} INFO - Setting next_dagrun for tutorial_taskflow_api_etl to None
[2022-04-01 23:58:06,062] {scheduler_job.py:190} INFO - Processing /home/airflow/sandbox/lib/python3.8/site-packages/airflow/example_dags/tutorial_taskflow_api_etl.py took 0.237 seconds
[2022-04-01 23:58:41,651] {scheduler_job.py:182} INFO - Started process (PID=6962) to work on /home/airflow/sandbox/lib/python3.8/site-packages/airflow/example_dags/tutorial_taskflow_api_etl.py
[2022-04-01 23:58:41,652] {scheduler_job.py:633} INFO - Processing file /home/airflow/sandbox/lib/python3.8/site-packages/airflow/example_dags/tutorial_taskflow_api_etl.py for tasks to queue
[2022-04-01 23:58:41,653] {logging_mixin.py:104} INFO - [2022-04-01 23:58:41,653] {dagbag.py:487} INFO - Filling up the DagBag from /home/airflow/sandbox/lib/python3.8/site-packages/airflow/example_dags/tutorial_taskflow_api_etl.py
[2022-04-01 23:58:41,665] {scheduler_job.py:643} INFO - DAG(s) dict_keys(['tutorial_taskflow_api_etl']) retrieved from /home/airflow/sandbox/lib/python3.8/site-packages/airflow/example_dags/tutorial_taskflow_api_etl.py
[2022-04-01 23:58:41,858] {logging_mixin.py:104} INFO - [2022-04-01 23:58:41,858] {dag.py:1832} INFO - Sync 1 DAGs
[2022-04-01 23:58:41,865] {logging_mixin.py:104} INFO - [2022-04-01 23:58:41,865] {dag.py:2305} INFO - Setting next_dagrun for tutorial_taskflow_api_etl to None
[2022-04-01 23:58:41,921] {scheduler_job.py:190} INFO - Processing /home/airflow/sandbox/lib/python3.8/site-packages/airflow/example_dags/tutorial_taskflow_api_etl.py took 0.273 seconds
[2022-04-01 23:59:13,520] {scheduler_job.py:182} INFO - Started process (PID=7010) to work on /home/airflow/sandbox/lib/python3.8/site-packages/airflow/example_dags/tutorial_taskflow_api_etl.py
[2022-04-01 23:59:13,521] {scheduler_job.py:633} INFO - Processing file /home/airflow/sandbox/lib/python3.8/site-packages/airflow/example_dags/tutorial_taskflow_api_etl.py for tasks to queue
[2022-04-01 23:59:13,521] {logging_mixin.py:104} INFO - [2022-04-01 23:59:13,521] {dagbag.py:487} INFO - Filling up the DagBag from /home/airflow/sandbox/lib/python3.8/site-packages/airflow/example_dags/tutorial_taskflow_api_etl.py
[2022-04-01 23:59:13,531] {scheduler_job.py:643} INFO - DAG(s) dict_keys(['tutorial_taskflow_api_etl']) retrieved from /home/airflow/sandbox/lib/python3.8/site-packages/airflow/example_dags/tutorial_taskflow_api_etl.py
[2022-04-01 23:59:13,709] {logging_mixin.py:104} INFO - [2022-04-01 23:59:13,709] {dag.py:1832} INFO - Sync 1 DAGs
[2022-04-01 23:59:13,714] {logging_mixin.py:104} INFO - [2022-04-01 23:59:13,714] {dag.py:2305} INFO - Setting next_dagrun for tutorial_taskflow_api_etl to None
[2022-04-01 23:59:13,786] {scheduler_job.py:190} INFO - Processing /home/airflow/sandbox/lib/python3.8/site-packages/airflow/example_dags/tutorial_taskflow_api_etl.py took 0.268 seconds
[2022-04-01 23:59:49,435] {scheduler_job.py:182} INFO - Started process (PID=7135) to work on /home/airflow/sandbox/lib/python3.8/site-packages/airflow/example_dags/tutorial_taskflow_api_etl.py
[2022-04-01 23:59:49,436] {scheduler_job.py:633} INFO - Processing file /home/airflow/sandbox/lib/python3.8/site-packages/airflow/example_dags/tutorial_taskflow_api_etl.py for tasks to queue
[2022-04-01 23:59:49,437] {logging_mixin.py:104} INFO - [2022-04-01 23:59:49,436] {dagbag.py:487} INFO - Filling up the DagBag from /home/airflow/sandbox/lib/python3.8/site-packages/airflow/example_dags/tutorial_taskflow_api_etl.py
[2022-04-01 23:59:49,446] {scheduler_job.py:643} INFO - DAG(s) dict_keys(['tutorial_taskflow_api_etl']) retrieved from /home/airflow/sandbox/lib/python3.8/site-packages/airflow/example_dags/tutorial_taskflow_api_etl.py
[2022-04-01 23:59:49,618] {logging_mixin.py:104} INFO - [2022-04-01 23:59:49,618] {dag.py:1832} INFO - Sync 1 DAGs
[2022-04-01 23:59:49,623] {logging_mixin.py:104} INFO - [2022-04-01 23:59:49,623] {dag.py:2305} INFO - Setting next_dagrun for tutorial_taskflow_api_etl to None
[2022-04-01 23:59:49,695] {scheduler_job.py:190} INFO - Processing /home/airflow/sandbox/lib/python3.8/site-packages/airflow/example_dags/tutorial_taskflow_api_etl.py took 0.262 seconds
