[2022-04-01 23:28:32,835] {scheduler_job.py:182} INFO - Started process (PID=4433) to work on /home/airflow/sandbox/lib/python3.8/site-packages/airflow/example_dags/tutorial_taskflow_api_etl_virtualenv.py
[2022-04-01 23:28:32,836] {scheduler_job.py:633} INFO - Processing file /home/airflow/sandbox/lib/python3.8/site-packages/airflow/example_dags/tutorial_taskflow_api_etl_virtualenv.py for tasks to queue
[2022-04-01 23:28:32,836] {logging_mixin.py:104} INFO - [2022-04-01 23:28:32,836] {dagbag.py:487} INFO - Filling up the DagBag from /home/airflow/sandbox/lib/python3.8/site-packages/airflow/example_dags/tutorial_taskflow_api_etl_virtualenv.py
[2022-04-01 23:28:32,857] {scheduler_job.py:643} INFO - DAG(s) dict_keys(['tutorial_taskflow_api_etl_virtualenv']) retrieved from /home/airflow/sandbox/lib/python3.8/site-packages/airflow/example_dags/tutorial_taskflow_api_etl_virtualenv.py
[2022-04-01 23:28:33,072] {logging_mixin.py:104} INFO - [2022-04-01 23:28:33,072] {dag.py:1832} INFO - Sync 1 DAGs
[2022-04-01 23:28:33,081] {logging_mixin.py:104} INFO - [2022-04-01 23:28:33,081] {dag.py:2305} INFO - Setting next_dagrun for tutorial_taskflow_api_etl_virtualenv to None
[2022-04-01 23:28:33,168] {scheduler_job.py:190} INFO - Processing /home/airflow/sandbox/lib/python3.8/site-packages/airflow/example_dags/tutorial_taskflow_api_etl_virtualenv.py took 0.335 seconds
[2022-04-01 23:29:05,370] {scheduler_job.py:182} INFO - Started process (PID=4577) to work on /home/airflow/sandbox/lib/python3.8/site-packages/airflow/example_dags/tutorial_taskflow_api_etl_virtualenv.py
[2022-04-01 23:29:05,371] {scheduler_job.py:633} INFO - Processing file /home/airflow/sandbox/lib/python3.8/site-packages/airflow/example_dags/tutorial_taskflow_api_etl_virtualenv.py for tasks to queue
[2022-04-01 23:29:05,371] {logging_mixin.py:104} INFO - [2022-04-01 23:29:05,371] {dagbag.py:487} INFO - Filling up the DagBag from /home/airflow/sandbox/lib/python3.8/site-packages/airflow/example_dags/tutorial_taskflow_api_etl_virtualenv.py
[2022-04-01 23:29:05,381] {scheduler_job.py:643} INFO - DAG(s) dict_keys(['tutorial_taskflow_api_etl_virtualenv']) retrieved from /home/airflow/sandbox/lib/python3.8/site-packages/airflow/example_dags/tutorial_taskflow_api_etl_virtualenv.py
[2022-04-01 23:29:05,571] {logging_mixin.py:104} INFO - [2022-04-01 23:29:05,571] {dag.py:1832} INFO - Sync 1 DAGs
[2022-04-01 23:29:05,580] {logging_mixin.py:104} INFO - [2022-04-01 23:29:05,580] {dag.py:2305} INFO - Setting next_dagrun for tutorial_taskflow_api_etl_virtualenv to None
[2022-04-01 23:29:05,665] {scheduler_job.py:190} INFO - Processing /home/airflow/sandbox/lib/python3.8/site-packages/airflow/example_dags/tutorial_taskflow_api_etl_virtualenv.py took 0.297 seconds
[2022-04-01 23:29:37,079] {scheduler_job.py:182} INFO - Started process (PID=4665) to work on /home/airflow/sandbox/lib/python3.8/site-packages/airflow/example_dags/tutorial_taskflow_api_etl_virtualenv.py
[2022-04-01 23:29:37,079] {scheduler_job.py:633} INFO - Processing file /home/airflow/sandbox/lib/python3.8/site-packages/airflow/example_dags/tutorial_taskflow_api_etl_virtualenv.py for tasks to queue
[2022-04-01 23:29:37,080] {logging_mixin.py:104} INFO - [2022-04-01 23:29:37,080] {dagbag.py:487} INFO - Filling up the DagBag from /home/airflow/sandbox/lib/python3.8/site-packages/airflow/example_dags/tutorial_taskflow_api_etl_virtualenv.py
[2022-04-01 23:29:37,088] {scheduler_job.py:643} INFO - DAG(s) dict_keys(['tutorial_taskflow_api_etl_virtualenv']) retrieved from /home/airflow/sandbox/lib/python3.8/site-packages/airflow/example_dags/tutorial_taskflow_api_etl_virtualenv.py
[2022-04-01 23:29:37,254] {logging_mixin.py:104} INFO - [2022-04-01 23:29:37,254] {dag.py:1832} INFO - Sync 1 DAGs
[2022-04-01 23:29:37,259] {logging_mixin.py:104} INFO - [2022-04-01 23:29:37,259] {dag.py:2305} INFO - Setting next_dagrun for tutorial_taskflow_api_etl_virtualenv to None
[2022-04-01 23:29:37,368] {scheduler_job.py:190} INFO - Processing /home/airflow/sandbox/lib/python3.8/site-packages/airflow/example_dags/tutorial_taskflow_api_etl_virtualenv.py took 0.291 seconds
[2022-04-01 23:30:09,711] {scheduler_job.py:182} INFO - Started process (PID=4819) to work on /home/airflow/sandbox/lib/python3.8/site-packages/airflow/example_dags/tutorial_taskflow_api_etl_virtualenv.py
[2022-04-01 23:30:09,712] {scheduler_job.py:633} INFO - Processing file /home/airflow/sandbox/lib/python3.8/site-packages/airflow/example_dags/tutorial_taskflow_api_etl_virtualenv.py for tasks to queue
[2022-04-01 23:30:09,712] {logging_mixin.py:104} INFO - [2022-04-01 23:30:09,712] {dagbag.py:487} INFO - Filling up the DagBag from /home/airflow/sandbox/lib/python3.8/site-packages/airflow/example_dags/tutorial_taskflow_api_etl_virtualenv.py
[2022-04-01 23:30:09,721] {scheduler_job.py:643} INFO - DAG(s) dict_keys(['tutorial_taskflow_api_etl_virtualenv']) retrieved from /home/airflow/sandbox/lib/python3.8/site-packages/airflow/example_dags/tutorial_taskflow_api_etl_virtualenv.py
[2022-04-01 23:30:09,890] {logging_mixin.py:104} INFO - [2022-04-01 23:30:09,890] {dag.py:1832} INFO - Sync 1 DAGs
[2022-04-01 23:30:09,895] {logging_mixin.py:104} INFO - [2022-04-01 23:30:09,894] {dag.py:2305} INFO - Setting next_dagrun for tutorial_taskflow_api_etl_virtualenv to None
[2022-04-01 23:30:09,925] {scheduler_job.py:190} INFO - Processing /home/airflow/sandbox/lib/python3.8/site-packages/airflow/example_dags/tutorial_taskflow_api_etl_virtualenv.py took 0.216 seconds
[2022-04-01 23:30:42,714] {scheduler_job.py:182} INFO - Started process (PID=4876) to work on /home/airflow/sandbox/lib/python3.8/site-packages/airflow/example_dags/tutorial_taskflow_api_etl_virtualenv.py
[2022-04-01 23:30:42,715] {scheduler_job.py:633} INFO - Processing file /home/airflow/sandbox/lib/python3.8/site-packages/airflow/example_dags/tutorial_taskflow_api_etl_virtualenv.py for tasks to queue
[2022-04-01 23:30:42,715] {logging_mixin.py:104} INFO - [2022-04-01 23:30:42,715] {dagbag.py:487} INFO - Filling up the DagBag from /home/airflow/sandbox/lib/python3.8/site-packages/airflow/example_dags/tutorial_taskflow_api_etl_virtualenv.py
[2022-04-01 23:30:42,728] {scheduler_job.py:643} INFO - DAG(s) dict_keys(['tutorial_taskflow_api_etl_virtualenv']) retrieved from /home/airflow/sandbox/lib/python3.8/site-packages/airflow/example_dags/tutorial_taskflow_api_etl_virtualenv.py
[2022-04-01 23:30:42,943] {logging_mixin.py:104} INFO - [2022-04-01 23:30:42,943] {dag.py:1832} INFO - Sync 1 DAGs
[2022-04-01 23:30:42,948] {logging_mixin.py:104} INFO - [2022-04-01 23:30:42,948] {dag.py:2305} INFO - Setting next_dagrun for tutorial_taskflow_api_etl_virtualenv to None
[2022-04-01 23:30:43,040] {scheduler_job.py:190} INFO - Processing /home/airflow/sandbox/lib/python3.8/site-packages/airflow/example_dags/tutorial_taskflow_api_etl_virtualenv.py took 0.329 seconds
[2022-04-01 23:56:46,138] {scheduler_job.py:182} INFO - Started process (PID=6828) to work on /home/airflow/sandbox/lib/python3.8/site-packages/airflow/example_dags/tutorial_taskflow_api_etl_virtualenv.py
[2022-04-01 23:56:46,139] {scheduler_job.py:633} INFO - Processing file /home/airflow/sandbox/lib/python3.8/site-packages/airflow/example_dags/tutorial_taskflow_api_etl_virtualenv.py for tasks to queue
[2022-04-01 23:56:46,141] {logging_mixin.py:104} INFO - [2022-04-01 23:56:46,141] {dagbag.py:487} INFO - Filling up the DagBag from /home/airflow/sandbox/lib/python3.8/site-packages/airflow/example_dags/tutorial_taskflow_api_etl_virtualenv.py
[2022-04-01 23:56:46,158] {scheduler_job.py:643} INFO - DAG(s) dict_keys(['tutorial_taskflow_api_etl_virtualenv']) retrieved from /home/airflow/sandbox/lib/python3.8/site-packages/airflow/example_dags/tutorial_taskflow_api_etl_virtualenv.py
[2022-04-01 23:56:46,381] {logging_mixin.py:104} INFO - [2022-04-01 23:56:46,381] {dag.py:1832} INFO - Sync 1 DAGs
[2022-04-01 23:56:46,388] {logging_mixin.py:104} INFO - [2022-04-01 23:56:46,388] {dag.py:2305} INFO - Setting next_dagrun for tutorial_taskflow_api_etl_virtualenv to None
[2022-04-01 23:56:46,462] {scheduler_job.py:190} INFO - Processing /home/airflow/sandbox/lib/python3.8/site-packages/airflow/example_dags/tutorial_taskflow_api_etl_virtualenv.py took 0.327 seconds
[2022-04-01 23:57:20,204] {scheduler_job.py:182} INFO - Started process (PID=6860) to work on /home/airflow/sandbox/lib/python3.8/site-packages/airflow/example_dags/tutorial_taskflow_api_etl_virtualenv.py
[2022-04-01 23:57:20,204] {scheduler_job.py:633} INFO - Processing file /home/airflow/sandbox/lib/python3.8/site-packages/airflow/example_dags/tutorial_taskflow_api_etl_virtualenv.py for tasks to queue
[2022-04-01 23:57:20,205] {logging_mixin.py:104} INFO - [2022-04-01 23:57:20,205] {dagbag.py:487} INFO - Filling up the DagBag from /home/airflow/sandbox/lib/python3.8/site-packages/airflow/example_dags/tutorial_taskflow_api_etl_virtualenv.py
[2022-04-01 23:57:20,217] {scheduler_job.py:643} INFO - DAG(s) dict_keys(['tutorial_taskflow_api_etl_virtualenv']) retrieved from /home/airflow/sandbox/lib/python3.8/site-packages/airflow/example_dags/tutorial_taskflow_api_etl_virtualenv.py
[2022-04-01 23:57:20,400] {logging_mixin.py:104} INFO - [2022-04-01 23:57:20,400] {dag.py:1832} INFO - Sync 1 DAGs
[2022-04-01 23:57:20,405] {logging_mixin.py:104} INFO - [2022-04-01 23:57:20,405] {dag.py:2305} INFO - Setting next_dagrun for tutorial_taskflow_api_etl_virtualenv to None
[2022-04-01 23:57:20,438] {scheduler_job.py:190} INFO - Processing /home/airflow/sandbox/lib/python3.8/site-packages/airflow/example_dags/tutorial_taskflow_api_etl_virtualenv.py took 0.236 seconds
[2022-04-01 23:57:54,912] {scheduler_job.py:182} INFO - Started process (PID=6892) to work on /home/airflow/sandbox/lib/python3.8/site-packages/airflow/example_dags/tutorial_taskflow_api_etl_virtualenv.py
[2022-04-01 23:57:54,913] {scheduler_job.py:633} INFO - Processing file /home/airflow/sandbox/lib/python3.8/site-packages/airflow/example_dags/tutorial_taskflow_api_etl_virtualenv.py for tasks to queue
[2022-04-01 23:57:54,913] {logging_mixin.py:104} INFO - [2022-04-01 23:57:54,913] {dagbag.py:487} INFO - Filling up the DagBag from /home/airflow/sandbox/lib/python3.8/site-packages/airflow/example_dags/tutorial_taskflow_api_etl_virtualenv.py
[2022-04-01 23:57:54,924] {scheduler_job.py:643} INFO - DAG(s) dict_keys(['tutorial_taskflow_api_etl_virtualenv']) retrieved from /home/airflow/sandbox/lib/python3.8/site-packages/airflow/example_dags/tutorial_taskflow_api_etl_virtualenv.py
[2022-04-01 23:57:55,095] {logging_mixin.py:104} INFO - [2022-04-01 23:57:55,095] {dag.py:1832} INFO - Sync 1 DAGs
[2022-04-01 23:57:55,101] {logging_mixin.py:104} INFO - [2022-04-01 23:57:55,101] {dag.py:2305} INFO - Setting next_dagrun for tutorial_taskflow_api_etl_virtualenv to None
[2022-04-01 23:57:55,158] {scheduler_job.py:190} INFO - Processing /home/airflow/sandbox/lib/python3.8/site-packages/airflow/example_dags/tutorial_taskflow_api_etl_virtualenv.py took 0.249 seconds
[2022-04-01 23:58:28,967] {scheduler_job.py:182} INFO - Started process (PID=6925) to work on /home/airflow/sandbox/lib/python3.8/site-packages/airflow/example_dags/tutorial_taskflow_api_etl_virtualenv.py
[2022-04-01 23:58:28,968] {scheduler_job.py:633} INFO - Processing file /home/airflow/sandbox/lib/python3.8/site-packages/airflow/example_dags/tutorial_taskflow_api_etl_virtualenv.py for tasks to queue
[2022-04-01 23:58:28,969] {logging_mixin.py:104} INFO - [2022-04-01 23:58:28,969] {dagbag.py:487} INFO - Filling up the DagBag from /home/airflow/sandbox/lib/python3.8/site-packages/airflow/example_dags/tutorial_taskflow_api_etl_virtualenv.py
[2022-04-01 23:58:28,977] {scheduler_job.py:643} INFO - DAG(s) dict_keys(['tutorial_taskflow_api_etl_virtualenv']) retrieved from /home/airflow/sandbox/lib/python3.8/site-packages/airflow/example_dags/tutorial_taskflow_api_etl_virtualenv.py
[2022-04-01 23:58:29,153] {logging_mixin.py:104} INFO - [2022-04-01 23:58:29,153] {dag.py:1832} INFO - Sync 1 DAGs
[2022-04-01 23:58:29,158] {logging_mixin.py:104} INFO - [2022-04-01 23:58:29,158] {dag.py:2305} INFO - Setting next_dagrun for tutorial_taskflow_api_etl_virtualenv to None
[2022-04-01 23:58:29,225] {scheduler_job.py:190} INFO - Processing /home/airflow/sandbox/lib/python3.8/site-packages/airflow/example_dags/tutorial_taskflow_api_etl_virtualenv.py took 0.260 seconds
[2022-04-01 23:59:01,363] {scheduler_job.py:182} INFO - Started process (PID=6998) to work on /home/airflow/sandbox/lib/python3.8/site-packages/airflow/example_dags/tutorial_taskflow_api_etl_virtualenv.py
[2022-04-01 23:59:01,364] {scheduler_job.py:633} INFO - Processing file /home/airflow/sandbox/lib/python3.8/site-packages/airflow/example_dags/tutorial_taskflow_api_etl_virtualenv.py for tasks to queue
[2022-04-01 23:59:01,364] {logging_mixin.py:104} INFO - [2022-04-01 23:59:01,364] {dagbag.py:487} INFO - Filling up the DagBag from /home/airflow/sandbox/lib/python3.8/site-packages/airflow/example_dags/tutorial_taskflow_api_etl_virtualenv.py
[2022-04-01 23:59:01,380] {scheduler_job.py:643} INFO - DAG(s) dict_keys(['tutorial_taskflow_api_etl_virtualenv']) retrieved from /home/airflow/sandbox/lib/python3.8/site-packages/airflow/example_dags/tutorial_taskflow_api_etl_virtualenv.py
[2022-04-01 23:59:01,611] {logging_mixin.py:104} INFO - [2022-04-01 23:59:01,611] {dag.py:1832} INFO - Sync 1 DAGs
[2022-04-01 23:59:01,616] {logging_mixin.py:104} INFO - [2022-04-01 23:59:01,616] {dag.py:2305} INFO - Setting next_dagrun for tutorial_taskflow_api_etl_virtualenv to None
[2022-04-01 23:59:01,696] {scheduler_job.py:190} INFO - Processing /home/airflow/sandbox/lib/python3.8/site-packages/airflow/example_dags/tutorial_taskflow_api_etl_virtualenv.py took 0.335 seconds
[2022-04-01 23:59:34,565] {scheduler_job.py:182} INFO - Started process (PID=7085) to work on /home/airflow/sandbox/lib/python3.8/site-packages/airflow/example_dags/tutorial_taskflow_api_etl_virtualenv.py
[2022-04-01 23:59:34,565] {scheduler_job.py:633} INFO - Processing file /home/airflow/sandbox/lib/python3.8/site-packages/airflow/example_dags/tutorial_taskflow_api_etl_virtualenv.py for tasks to queue
[2022-04-01 23:59:34,566] {logging_mixin.py:104} INFO - [2022-04-01 23:59:34,566] {dagbag.py:487} INFO - Filling up the DagBag from /home/airflow/sandbox/lib/python3.8/site-packages/airflow/example_dags/tutorial_taskflow_api_etl_virtualenv.py
[2022-04-01 23:59:34,578] {scheduler_job.py:643} INFO - DAG(s) dict_keys(['tutorial_taskflow_api_etl_virtualenv']) retrieved from /home/airflow/sandbox/lib/python3.8/site-packages/airflow/example_dags/tutorial_taskflow_api_etl_virtualenv.py
[2022-04-01 23:59:34,749] {logging_mixin.py:104} INFO - [2022-04-01 23:59:34,749] {dag.py:1832} INFO - Sync 1 DAGs
[2022-04-01 23:59:34,754] {logging_mixin.py:104} INFO - [2022-04-01 23:59:34,754] {dag.py:2305} INFO - Setting next_dagrun for tutorial_taskflow_api_etl_virtualenv to None
[2022-04-01 23:59:34,831] {scheduler_job.py:190} INFO - Processing /home/airflow/sandbox/lib/python3.8/site-packages/airflow/example_dags/tutorial_taskflow_api_etl_virtualenv.py took 0.268 seconds
