[2022-04-01 23:28:35,268] {scheduler_job.py:182} INFO - Started process (PID=4435) to work on /home/airflow/sandbox/lib/python3.8/site-packages/airflow/example_dags/tutorial_etl_dag.py
[2022-04-01 23:28:35,269] {scheduler_job.py:633} INFO - Processing file /home/airflow/sandbox/lib/python3.8/site-packages/airflow/example_dags/tutorial_etl_dag.py for tasks to queue
[2022-04-01 23:28:35,269] {logging_mixin.py:104} INFO - [2022-04-01 23:28:35,269] {dagbag.py:487} INFO - Filling up the DagBag from /home/airflow/sandbox/lib/python3.8/site-packages/airflow/example_dags/tutorial_etl_dag.py
[2022-04-01 23:28:35,279] {scheduler_job.py:643} INFO - DAG(s) dict_keys(['tutorial_etl_dag']) retrieved from /home/airflow/sandbox/lib/python3.8/site-packages/airflow/example_dags/tutorial_etl_dag.py
[2022-04-01 23:28:35,289] {logging_mixin.py:104} INFO - [2022-04-01 23:28:35,289] {dag.py:1832} INFO - Sync 1 DAGs
[2022-04-01 23:28:35,296] {logging_mixin.py:104} INFO - [2022-04-01 23:28:35,296] {dag.py:2305} INFO - Setting next_dagrun for tutorial_etl_dag to None
[2022-04-01 23:28:35,402] {scheduler_job.py:190} INFO - Processing /home/airflow/sandbox/lib/python3.8/site-packages/airflow/example_dags/tutorial_etl_dag.py took 0.136 seconds
[2022-04-01 23:29:07,123] {scheduler_job.py:182} INFO - Started process (PID=4579) to work on /home/airflow/sandbox/lib/python3.8/site-packages/airflow/example_dags/tutorial_etl_dag.py
[2022-04-01 23:29:07,124] {scheduler_job.py:633} INFO - Processing file /home/airflow/sandbox/lib/python3.8/site-packages/airflow/example_dags/tutorial_etl_dag.py for tasks to queue
[2022-04-01 23:29:07,124] {logging_mixin.py:104} INFO - [2022-04-01 23:29:07,124] {dagbag.py:487} INFO - Filling up the DagBag from /home/airflow/sandbox/lib/python3.8/site-packages/airflow/example_dags/tutorial_etl_dag.py
[2022-04-01 23:29:07,132] {scheduler_job.py:643} INFO - DAG(s) dict_keys(['tutorial_etl_dag']) retrieved from /home/airflow/sandbox/lib/python3.8/site-packages/airflow/example_dags/tutorial_etl_dag.py
[2022-04-01 23:29:07,141] {logging_mixin.py:104} INFO - [2022-04-01 23:29:07,141] {dag.py:1832} INFO - Sync 1 DAGs
[2022-04-01 23:29:07,148] {logging_mixin.py:104} INFO - [2022-04-01 23:29:07,148] {dag.py:2305} INFO - Setting next_dagrun for tutorial_etl_dag to None
[2022-04-01 23:29:07,176] {scheduler_job.py:190} INFO - Processing /home/airflow/sandbox/lib/python3.8/site-packages/airflow/example_dags/tutorial_etl_dag.py took 0.055 seconds
[2022-04-01 23:29:39,595] {scheduler_job.py:182} INFO - Started process (PID=4690) to work on /home/airflow/sandbox/lib/python3.8/site-packages/airflow/example_dags/tutorial_etl_dag.py
[2022-04-01 23:29:39,597] {scheduler_job.py:633} INFO - Processing file /home/airflow/sandbox/lib/python3.8/site-packages/airflow/example_dags/tutorial_etl_dag.py for tasks to queue
[2022-04-01 23:29:39,598] {logging_mixin.py:104} INFO - [2022-04-01 23:29:39,598] {dagbag.py:487} INFO - Filling up the DagBag from /home/airflow/sandbox/lib/python3.8/site-packages/airflow/example_dags/tutorial_etl_dag.py
[2022-04-01 23:29:39,608] {scheduler_job.py:643} INFO - DAG(s) dict_keys(['tutorial_etl_dag']) retrieved from /home/airflow/sandbox/lib/python3.8/site-packages/airflow/example_dags/tutorial_etl_dag.py
[2022-04-01 23:29:39,618] {logging_mixin.py:104} INFO - [2022-04-01 23:29:39,618] {dag.py:1832} INFO - Sync 1 DAGs
[2022-04-01 23:29:39,634] {logging_mixin.py:104} INFO - [2022-04-01 23:29:39,634] {dag.py:2305} INFO - Setting next_dagrun for tutorial_etl_dag to None
[2022-04-01 23:29:39,687] {scheduler_job.py:190} INFO - Processing /home/airflow/sandbox/lib/python3.8/site-packages/airflow/example_dags/tutorial_etl_dag.py took 0.094 seconds
[2022-04-01 23:30:12,353] {scheduler_job.py:182} INFO - Started process (PID=4823) to work on /home/airflow/sandbox/lib/python3.8/site-packages/airflow/example_dags/tutorial_etl_dag.py
[2022-04-01 23:30:12,354] {scheduler_job.py:633} INFO - Processing file /home/airflow/sandbox/lib/python3.8/site-packages/airflow/example_dags/tutorial_etl_dag.py for tasks to queue
[2022-04-01 23:30:12,354] {logging_mixin.py:104} INFO - [2022-04-01 23:30:12,354] {dagbag.py:487} INFO - Filling up the DagBag from /home/airflow/sandbox/lib/python3.8/site-packages/airflow/example_dags/tutorial_etl_dag.py
[2022-04-01 23:30:12,361] {scheduler_job.py:643} INFO - DAG(s) dict_keys(['tutorial_etl_dag']) retrieved from /home/airflow/sandbox/lib/python3.8/site-packages/airflow/example_dags/tutorial_etl_dag.py
[2022-04-01 23:30:12,370] {logging_mixin.py:104} INFO - [2022-04-01 23:30:12,370] {dag.py:1832} INFO - Sync 1 DAGs
[2022-04-01 23:30:12,376] {logging_mixin.py:104} INFO - [2022-04-01 23:30:12,376] {dag.py:2305} INFO - Setting next_dagrun for tutorial_etl_dag to None
[2022-04-01 23:30:12,413] {scheduler_job.py:190} INFO - Processing /home/airflow/sandbox/lib/python3.8/site-packages/airflow/example_dags/tutorial_etl_dag.py took 0.061 seconds
[2022-04-01 23:30:45,390] {scheduler_job.py:182} INFO - Started process (PID=4878) to work on /home/airflow/sandbox/lib/python3.8/site-packages/airflow/example_dags/tutorial_etl_dag.py
[2022-04-01 23:30:45,391] {scheduler_job.py:633} INFO - Processing file /home/airflow/sandbox/lib/python3.8/site-packages/airflow/example_dags/tutorial_etl_dag.py for tasks to queue
[2022-04-01 23:30:45,391] {logging_mixin.py:104} INFO - [2022-04-01 23:30:45,391] {dagbag.py:487} INFO - Filling up the DagBag from /home/airflow/sandbox/lib/python3.8/site-packages/airflow/example_dags/tutorial_etl_dag.py
[2022-04-01 23:30:45,406] {scheduler_job.py:643} INFO - DAG(s) dict_keys(['tutorial_etl_dag']) retrieved from /home/airflow/sandbox/lib/python3.8/site-packages/airflow/example_dags/tutorial_etl_dag.py
[2022-04-01 23:30:45,417] {logging_mixin.py:104} INFO - [2022-04-01 23:30:45,416] {dag.py:1832} INFO - Sync 1 DAGs
[2022-04-01 23:30:45,426] {logging_mixin.py:104} INFO - [2022-04-01 23:30:45,426] {dag.py:2305} INFO - Setting next_dagrun for tutorial_etl_dag to None
[2022-04-01 23:30:45,491] {scheduler_job.py:190} INFO - Processing /home/airflow/sandbox/lib/python3.8/site-packages/airflow/example_dags/tutorial_etl_dag.py took 0.105 seconds
[2022-04-01 23:56:48,785] {scheduler_job.py:182} INFO - Started process (PID=6830) to work on /home/airflow/sandbox/lib/python3.8/site-packages/airflow/example_dags/tutorial_etl_dag.py
[2022-04-01 23:56:48,785] {scheduler_job.py:633} INFO - Processing file /home/airflow/sandbox/lib/python3.8/site-packages/airflow/example_dags/tutorial_etl_dag.py for tasks to queue
[2022-04-01 23:56:48,786] {logging_mixin.py:104} INFO - [2022-04-01 23:56:48,786] {dagbag.py:487} INFO - Filling up the DagBag from /home/airflow/sandbox/lib/python3.8/site-packages/airflow/example_dags/tutorial_etl_dag.py
[2022-04-01 23:56:48,793] {scheduler_job.py:643} INFO - DAG(s) dict_keys(['tutorial_etl_dag']) retrieved from /home/airflow/sandbox/lib/python3.8/site-packages/airflow/example_dags/tutorial_etl_dag.py
[2022-04-01 23:56:48,806] {logging_mixin.py:104} INFO - [2022-04-01 23:56:48,806] {dag.py:1832} INFO - Sync 1 DAGs
[2022-04-01 23:56:48,821] {logging_mixin.py:104} INFO - [2022-04-01 23:56:48,821] {dag.py:2305} INFO - Setting next_dagrun for tutorial_etl_dag to None
[2022-04-01 23:56:48,878] {scheduler_job.py:190} INFO - Processing /home/airflow/sandbox/lib/python3.8/site-packages/airflow/example_dags/tutorial_etl_dag.py took 0.095 seconds
[2022-04-01 23:57:22,708] {scheduler_job.py:182} INFO - Started process (PID=6862) to work on /home/airflow/sandbox/lib/python3.8/site-packages/airflow/example_dags/tutorial_etl_dag.py
[2022-04-01 23:57:22,708] {scheduler_job.py:633} INFO - Processing file /home/airflow/sandbox/lib/python3.8/site-packages/airflow/example_dags/tutorial_etl_dag.py for tasks to queue
[2022-04-01 23:57:22,709] {logging_mixin.py:104} INFO - [2022-04-01 23:57:22,709] {dagbag.py:487} INFO - Filling up the DagBag from /home/airflow/sandbox/lib/python3.8/site-packages/airflow/example_dags/tutorial_etl_dag.py
[2022-04-01 23:57:22,719] {scheduler_job.py:643} INFO - DAG(s) dict_keys(['tutorial_etl_dag']) retrieved from /home/airflow/sandbox/lib/python3.8/site-packages/airflow/example_dags/tutorial_etl_dag.py
[2022-04-01 23:57:22,728] {logging_mixin.py:104} INFO - [2022-04-01 23:57:22,728] {dag.py:1832} INFO - Sync 1 DAGs
[2022-04-01 23:57:22,736] {logging_mixin.py:104} INFO - [2022-04-01 23:57:22,736] {dag.py:2305} INFO - Setting next_dagrun for tutorial_etl_dag to None
[2022-04-01 23:57:22,814] {scheduler_job.py:190} INFO - Processing /home/airflow/sandbox/lib/python3.8/site-packages/airflow/example_dags/tutorial_etl_dag.py took 0.108 seconds
[2022-04-01 23:57:56,676] {scheduler_job.py:182} INFO - Started process (PID=6894) to work on /home/airflow/sandbox/lib/python3.8/site-packages/airflow/example_dags/tutorial_etl_dag.py
[2022-04-01 23:57:56,677] {scheduler_job.py:633} INFO - Processing file /home/airflow/sandbox/lib/python3.8/site-packages/airflow/example_dags/tutorial_etl_dag.py for tasks to queue
[2022-04-01 23:57:56,678] {logging_mixin.py:104} INFO - [2022-04-01 23:57:56,678] {dagbag.py:487} INFO - Filling up the DagBag from /home/airflow/sandbox/lib/python3.8/site-packages/airflow/example_dags/tutorial_etl_dag.py
[2022-04-01 23:57:56,685] {scheduler_job.py:643} INFO - DAG(s) dict_keys(['tutorial_etl_dag']) retrieved from /home/airflow/sandbox/lib/python3.8/site-packages/airflow/example_dags/tutorial_etl_dag.py
[2022-04-01 23:57:56,693] {logging_mixin.py:104} INFO - [2022-04-01 23:57:56,693] {dag.py:1832} INFO - Sync 1 DAGs
[2022-04-01 23:57:56,701] {logging_mixin.py:104} INFO - [2022-04-01 23:57:56,701] {dag.py:2305} INFO - Setting next_dagrun for tutorial_etl_dag to None
[2022-04-01 23:57:56,773] {scheduler_job.py:190} INFO - Processing /home/airflow/sandbox/lib/python3.8/site-packages/airflow/example_dags/tutorial_etl_dag.py took 0.099 seconds
[2022-04-01 23:58:31,439] {scheduler_job.py:182} INFO - Started process (PID=6927) to work on /home/airflow/sandbox/lib/python3.8/site-packages/airflow/example_dags/tutorial_etl_dag.py
[2022-04-01 23:58:31,440] {scheduler_job.py:633} INFO - Processing file /home/airflow/sandbox/lib/python3.8/site-packages/airflow/example_dags/tutorial_etl_dag.py for tasks to queue
[2022-04-01 23:58:31,440] {logging_mixin.py:104} INFO - [2022-04-01 23:58:31,440] {dagbag.py:487} INFO - Filling up the DagBag from /home/airflow/sandbox/lib/python3.8/site-packages/airflow/example_dags/tutorial_etl_dag.py
[2022-04-01 23:58:31,447] {scheduler_job.py:643} INFO - DAG(s) dict_keys(['tutorial_etl_dag']) retrieved from /home/airflow/sandbox/lib/python3.8/site-packages/airflow/example_dags/tutorial_etl_dag.py
[2022-04-01 23:58:31,460] {logging_mixin.py:104} INFO - [2022-04-01 23:58:31,460] {dag.py:1832} INFO - Sync 1 DAGs
[2022-04-01 23:58:31,468] {logging_mixin.py:104} INFO - [2022-04-01 23:58:31,468] {dag.py:2305} INFO - Setting next_dagrun for tutorial_etl_dag to None
[2022-04-01 23:58:31,532] {scheduler_job.py:190} INFO - Processing /home/airflow/sandbox/lib/python3.8/site-packages/airflow/example_dags/tutorial_etl_dag.py took 0.095 seconds
[2022-04-01 23:59:03,101] {scheduler_job.py:182} INFO - Started process (PID=7000) to work on /home/airflow/sandbox/lib/python3.8/site-packages/airflow/example_dags/tutorial_etl_dag.py
[2022-04-01 23:59:03,102] {scheduler_job.py:633} INFO - Processing file /home/airflow/sandbox/lib/python3.8/site-packages/airflow/example_dags/tutorial_etl_dag.py for tasks to queue
[2022-04-01 23:59:03,103] {logging_mixin.py:104} INFO - [2022-04-01 23:59:03,103] {dagbag.py:487} INFO - Filling up the DagBag from /home/airflow/sandbox/lib/python3.8/site-packages/airflow/example_dags/tutorial_etl_dag.py
[2022-04-01 23:59:03,112] {scheduler_job.py:643} INFO - DAG(s) dict_keys(['tutorial_etl_dag']) retrieved from /home/airflow/sandbox/lib/python3.8/site-packages/airflow/example_dags/tutorial_etl_dag.py
[2022-04-01 23:59:03,122] {logging_mixin.py:104} INFO - [2022-04-01 23:59:03,122] {dag.py:1832} INFO - Sync 1 DAGs
[2022-04-01 23:59:03,130] {logging_mixin.py:104} INFO - [2022-04-01 23:59:03,130] {dag.py:2305} INFO - Setting next_dagrun for tutorial_etl_dag to None
[2022-04-01 23:59:03,199] {scheduler_job.py:190} INFO - Processing /home/airflow/sandbox/lib/python3.8/site-packages/airflow/example_dags/tutorial_etl_dag.py took 0.101 seconds
[2022-04-01 23:59:37,156] {scheduler_job.py:182} INFO - Started process (PID=7087) to work on /home/airflow/sandbox/lib/python3.8/site-packages/airflow/example_dags/tutorial_etl_dag.py
[2022-04-01 23:59:37,157] {scheduler_job.py:633} INFO - Processing file /home/airflow/sandbox/lib/python3.8/site-packages/airflow/example_dags/tutorial_etl_dag.py for tasks to queue
[2022-04-01 23:59:37,157] {logging_mixin.py:104} INFO - [2022-04-01 23:59:37,157] {dagbag.py:487} INFO - Filling up the DagBag from /home/airflow/sandbox/lib/python3.8/site-packages/airflow/example_dags/tutorial_etl_dag.py
[2022-04-01 23:59:37,164] {scheduler_job.py:643} INFO - DAG(s) dict_keys(['tutorial_etl_dag']) retrieved from /home/airflow/sandbox/lib/python3.8/site-packages/airflow/example_dags/tutorial_etl_dag.py
[2022-04-01 23:59:37,173] {logging_mixin.py:104} INFO - [2022-04-01 23:59:37,173] {dag.py:1832} INFO - Sync 1 DAGs
[2022-04-01 23:59:37,179] {logging_mixin.py:104} INFO - [2022-04-01 23:59:37,179] {dag.py:2305} INFO - Setting next_dagrun for tutorial_etl_dag to None
[2022-04-01 23:59:37,206] {scheduler_job.py:190} INFO - Processing /home/airflow/sandbox/lib/python3.8/site-packages/airflow/example_dags/tutorial_etl_dag.py took 0.053 seconds
