[2022-04-01 23:56:32,609] {scheduler_job.py:182} INFO - Started process (PID=6783) to work on /home/airflow/airflow/dags/user_processing.py
[2022-04-01 23:56:32,611] {scheduler_job.py:633} INFO - Processing file /home/airflow/airflow/dags/user_processing.py for tasks to queue
[2022-04-01 23:56:32,613] {logging_mixin.py:104} INFO - [2022-04-01 23:56:32,613] {dagbag.py:487} INFO - Filling up the DagBag from /home/airflow/airflow/dags/user_processing.py
[2022-04-01 23:56:32,635] {logging_mixin.py:104} WARNING - /home/airflow/sandbox/lib/python3.8/site-packages/airflow/providers/sqlite/operators/sqlite.py:25 DeprecationWarning: This decorator is deprecated.

In previous versions, all subclasses of BaseOperator must use apply_default decorator for the`default_args` feature to work properly.

In current version, it is optional. The decorator is applied automatically using the metaclass.
[2022-04-01 23:56:32,648] {scheduler_job.py:643} INFO - DAG(s) dict_keys(['user_processing']) retrieved from /home/airflow/airflow/dags/user_processing.py
[2022-04-01 23:56:33,381] {logging_mixin.py:104} INFO - [2022-04-01 23:56:33,381] {dag.py:1832} INFO - Sync 1 DAGs
[2022-04-01 23:56:33,386] {logging_mixin.py:104} INFO - [2022-04-01 23:56:33,385] {dag.py:1851} INFO - Creating ORM DAG for user_processing
[2022-04-01 23:56:33,390] {logging_mixin.py:104} INFO - [2022-04-01 23:56:33,390] {dag.py:2305} INFO - Setting next_dagrun for user_processing to 2022-03-31 00:00:00+00:00
[2022-04-01 23:56:33,428] {scheduler_job.py:190} INFO - Processing /home/airflow/airflow/dags/user_processing.py took 0.832 seconds
[2022-04-01 23:57:08,111] {scheduler_job.py:182} INFO - Started process (PID=6848) to work on /home/airflow/airflow/dags/user_processing.py
[2022-04-01 23:57:08,111] {scheduler_job.py:633} INFO - Processing file /home/airflow/airflow/dags/user_processing.py for tasks to queue
[2022-04-01 23:57:08,112] {logging_mixin.py:104} INFO - [2022-04-01 23:57:08,112] {dagbag.py:487} INFO - Filling up the DagBag from /home/airflow/airflow/dags/user_processing.py
[2022-04-01 23:57:08,123] {logging_mixin.py:104} WARNING - /home/airflow/sandbox/lib/python3.8/site-packages/airflow/providers/sqlite/operators/sqlite.py:25 DeprecationWarning: This decorator is deprecated.

In previous versions, all subclasses of BaseOperator must use apply_default decorator for the`default_args` feature to work properly.

In current version, it is optional. The decorator is applied automatically using the metaclass.
[2022-04-01 23:57:08,127] {scheduler_job.py:643} INFO - DAG(s) dict_keys(['user_processing']) retrieved from /home/airflow/airflow/dags/user_processing.py
[2022-04-01 23:57:08,139] {logging_mixin.py:104} INFO - [2022-04-01 23:57:08,139] {dag.py:1832} INFO - Sync 1 DAGs
[2022-04-01 23:57:08,148] {logging_mixin.py:104} INFO - [2022-04-01 23:57:08,148] {dag.py:2305} INFO - Setting next_dagrun for user_processing to 2022-03-31 00:00:00+00:00
[2022-04-01 23:57:08,209] {scheduler_job.py:190} INFO - Processing /home/airflow/airflow/dags/user_processing.py took 0.101 seconds
[2022-04-01 23:57:39,015] {scheduler_job.py:182} INFO - Started process (PID=6877) to work on /home/airflow/airflow/dags/user_processing.py
[2022-04-01 23:57:39,016] {scheduler_job.py:633} INFO - Processing file /home/airflow/airflow/dags/user_processing.py for tasks to queue
[2022-04-01 23:57:39,017] {logging_mixin.py:104} INFO - [2022-04-01 23:57:39,017] {dagbag.py:487} INFO - Filling up the DagBag from /home/airflow/airflow/dags/user_processing.py
[2022-04-01 23:57:39,025] {logging_mixin.py:104} WARNING - /home/airflow/sandbox/lib/python3.8/site-packages/airflow/providers/sqlite/operators/sqlite.py:25 DeprecationWarning: This decorator is deprecated.

In previous versions, all subclasses of BaseOperator must use apply_default decorator for the`default_args` feature to work properly.

In current version, it is optional. The decorator is applied automatically using the metaclass.
[2022-04-01 23:57:39,031] {scheduler_job.py:643} INFO - DAG(s) dict_keys(['user_processing']) retrieved from /home/airflow/airflow/dags/user_processing.py
[2022-04-01 23:57:39,042] {logging_mixin.py:104} INFO - [2022-04-01 23:57:39,042] {dag.py:1832} INFO - Sync 1 DAGs
[2022-04-01 23:57:39,053] {logging_mixin.py:104} INFO - [2022-04-01 23:57:39,053] {dag.py:2305} INFO - Setting next_dagrun for user_processing to 2022-03-31 00:00:00+00:00
[2022-04-01 23:57:39,117] {scheduler_job.py:190} INFO - Processing /home/airflow/airflow/dags/user_processing.py took 0.104 seconds
[2022-04-01 23:58:09,767] {scheduler_job.py:182} INFO - Started process (PID=6906) to work on /home/airflow/airflow/dags/user_processing.py
[2022-04-01 23:58:09,767] {scheduler_job.py:633} INFO - Processing file /home/airflow/airflow/dags/user_processing.py for tasks to queue
[2022-04-01 23:58:09,768] {logging_mixin.py:104} INFO - [2022-04-01 23:58:09,768] {dagbag.py:487} INFO - Filling up the DagBag from /home/airflow/airflow/dags/user_processing.py
[2022-04-01 23:58:09,775] {logging_mixin.py:104} WARNING - /home/airflow/sandbox/lib/python3.8/site-packages/airflow/providers/sqlite/operators/sqlite.py:25 DeprecationWarning: This decorator is deprecated.

In previous versions, all subclasses of BaseOperator must use apply_default decorator for the`default_args` feature to work properly.

In current version, it is optional. The decorator is applied automatically using the metaclass.
[2022-04-01 23:58:09,781] {scheduler_job.py:643} INFO - DAG(s) dict_keys(['user_processing']) retrieved from /home/airflow/airflow/dags/user_processing.py
[2022-04-01 23:58:09,789] {logging_mixin.py:104} INFO - [2022-04-01 23:58:09,789] {dag.py:1832} INFO - Sync 1 DAGs
[2022-04-01 23:58:09,799] {logging_mixin.py:104} INFO - [2022-04-01 23:58:09,799] {dag.py:2305} INFO - Setting next_dagrun for user_processing to 2022-03-31 00:00:00+00:00
[2022-04-01 23:58:09,860] {scheduler_job.py:190} INFO - Processing /home/airflow/airflow/dags/user_processing.py took 0.097 seconds
[2022-04-01 23:58:40,423] {scheduler_job.py:182} INFO - Started process (PID=6960) to work on /home/airflow/airflow/dags/user_processing.py
[2022-04-01 23:58:40,425] {scheduler_job.py:633} INFO - Processing file /home/airflow/airflow/dags/user_processing.py for tasks to queue
[2022-04-01 23:58:40,426] {logging_mixin.py:104} INFO - [2022-04-01 23:58:40,426] {dagbag.py:487} INFO - Filling up the DagBag from /home/airflow/airflow/dags/user_processing.py
[2022-04-01 23:58:40,435] {logging_mixin.py:104} WARNING - /home/airflow/sandbox/lib/python3.8/site-packages/airflow/providers/sqlite/operators/sqlite.py:25 DeprecationWarning: This decorator is deprecated.

In previous versions, all subclasses of BaseOperator must use apply_default decorator for the`default_args` feature to work properly.

In current version, it is optional. The decorator is applied automatically using the metaclass.
[2022-04-01 23:58:40,441] {scheduler_job.py:643} INFO - DAG(s) dict_keys(['user_processing']) retrieved from /home/airflow/airflow/dags/user_processing.py
[2022-04-01 23:58:40,452] {logging_mixin.py:104} INFO - [2022-04-01 23:58:40,452] {dag.py:1832} INFO - Sync 1 DAGs
[2022-04-01 23:58:40,467] {logging_mixin.py:104} INFO - [2022-04-01 23:58:40,467] {dag.py:2305} INFO - Setting next_dagrun for user_processing to 2022-03-31 00:00:00+00:00
[2022-04-01 23:58:40,530] {scheduler_job.py:190} INFO - Processing /home/airflow/airflow/dags/user_processing.py took 0.111 seconds
[2022-04-01 23:59:11,780] {scheduler_job.py:182} INFO - Started process (PID=7008) to work on /home/airflow/airflow/dags/user_processing.py
[2022-04-01 23:59:11,781] {scheduler_job.py:633} INFO - Processing file /home/airflow/airflow/dags/user_processing.py for tasks to queue
[2022-04-01 23:59:11,781] {logging_mixin.py:104} INFO - [2022-04-01 23:59:11,781] {dagbag.py:487} INFO - Filling up the DagBag from /home/airflow/airflow/dags/user_processing.py
[2022-04-01 23:59:11,790] {logging_mixin.py:104} WARNING - /home/airflow/sandbox/lib/python3.8/site-packages/airflow/providers/sqlite/operators/sqlite.py:25 DeprecationWarning: This decorator is deprecated.

In previous versions, all subclasses of BaseOperator must use apply_default decorator for the`default_args` feature to work properly.

In current version, it is optional. The decorator is applied automatically using the metaclass.
[2022-04-01 23:59:11,795] {scheduler_job.py:643} INFO - DAG(s) dict_keys(['user_processing']) retrieved from /home/airflow/airflow/dags/user_processing.py
[2022-04-01 23:59:11,804] {logging_mixin.py:104} INFO - [2022-04-01 23:59:11,804] {dag.py:1832} INFO - Sync 1 DAGs
[2022-04-01 23:59:11,814] {logging_mixin.py:104} INFO - [2022-04-01 23:59:11,814] {dag.py:2305} INFO - Setting next_dagrun for user_processing to 2022-03-31 00:00:00+00:00
[2022-04-01 23:59:11,865] {scheduler_job.py:190} INFO - Processing /home/airflow/airflow/dags/user_processing.py took 0.087 seconds
[2022-04-01 23:59:45,722] {scheduler_job.py:182} INFO - Started process (PID=7132) to work on /home/airflow/airflow/dags/user_processing.py
[2022-04-01 23:59:45,722] {scheduler_job.py:633} INFO - Processing file /home/airflow/airflow/dags/user_processing.py for tasks to queue
[2022-04-01 23:59:45,723] {logging_mixin.py:104} INFO - [2022-04-01 23:59:45,723] {dagbag.py:487} INFO - Filling up the DagBag from /home/airflow/airflow/dags/user_processing.py
[2022-04-01 23:59:45,731] {logging_mixin.py:104} WARNING - /home/airflow/sandbox/lib/python3.8/site-packages/airflow/providers/sqlite/operators/sqlite.py:25 DeprecationWarning: This decorator is deprecated.

In previous versions, all subclasses of BaseOperator must use apply_default decorator for the`default_args` feature to work properly.

In current version, it is optional. The decorator is applied automatically using the metaclass.
[2022-04-01 23:59:45,737] {scheduler_job.py:643} INFO - DAG(s) dict_keys(['user_processing']) retrieved from /home/airflow/airflow/dags/user_processing.py
[2022-04-01 23:59:45,747] {logging_mixin.py:104} INFO - [2022-04-01 23:59:45,747] {dag.py:1832} INFO - Sync 1 DAGs
[2022-04-01 23:59:45,760] {logging_mixin.py:104} INFO - [2022-04-01 23:59:45,759] {dag.py:2305} INFO - Setting next_dagrun for user_processing to 2022-03-31 00:00:00+00:00
[2022-04-01 23:59:45,826] {scheduler_job.py:190} INFO - Processing /home/airflow/airflow/dags/user_processing.py took 0.107 seconds
