[2022-04-04 00:36:57,252] {taskinstance.py:876} INFO - Dependencies all met for <TaskInstance: parallel_dag.processing_tasks 2022-04-04T00:36:52.254912+00:00 [queued]>
[2022-04-04 00:36:57,260] {taskinstance.py:876} INFO - Dependencies all met for <TaskInstance: parallel_dag.processing_tasks 2022-04-04T00:36:52.254912+00:00 [queued]>
[2022-04-04 00:36:57,260] {taskinstance.py:1067} INFO - 
--------------------------------------------------------------------------------
[2022-04-04 00:36:57,261] {taskinstance.py:1068} INFO - Starting attempt 1 of 1
[2022-04-04 00:36:57,261] {taskinstance.py:1069} INFO - 
--------------------------------------------------------------------------------
[2022-04-04 00:36:57,276] {taskinstance.py:1087} INFO - Executing <Task(SubDagOperator): processing_tasks> on 2022-04-04T00:36:52.254912+00:00
[2022-04-04 00:36:57,278] {standard_task_runner.py:52} INFO - Started process 10444 to run task
[2022-04-04 00:36:57,284] {standard_task_runner.py:76} INFO - Running: ['airflow', 'tasks', 'run', 'parallel_dag', 'processing_tasks', '2022-04-04T00:36:52.254912+00:00', '--job-id', '101', '--pool', 'default_pool', '--raw', '--subdir', 'DAGS_FOLDER/parallel_dag.py', '--cfg-path', '/tmp/tmp0iif16lk', '--error-file', '/tmp/tmp7kg488z2']
[2022-04-04 00:36:57,284] {standard_task_runner.py:77} INFO - Job 101: Subtask processing_tasks
[2022-04-04 00:36:57,347] {logging_mixin.py:104} INFO - Running <TaskInstance: parallel_dag.processing_tasks 2022-04-04T00:36:52.254912+00:00 [running]> on host airflowvm
[2022-04-04 00:36:57,425] {taskinstance.py:1280} INFO - Exporting the following env vars:
AIRFLOW_CTX_DAG_OWNER=airflow
AIRFLOW_CTX_DAG_ID=parallel_dag
AIRFLOW_CTX_TASK_ID=processing_tasks
AIRFLOW_CTX_EXECUTION_DATE=2022-04-04T00:36:52.254912+00:00
AIRFLOW_CTX_DAG_RUN_ID=manual__2022-04-04T00:36:52.254912+00:00
[2022-04-04 00:36:57,455] {subdag.py:155} INFO - Created DagRun: scheduled__2022-04-04T00:36:52.254912+00:00
[2022-04-04 00:37:57,532] {base.py:243} INFO - Success criteria met. Exiting.
[2022-04-04 00:37:57,541] {subdag.py:169} INFO - Execution finished. State is success
[2022-04-04 00:37:57,572] {taskinstance.py:1184} INFO - Marking task as SUCCESS. dag_id=parallel_dag, task_id=processing_tasks, execution_date=20220404T003652, start_date=20220404T003657, end_date=20220404T003757
[2022-04-04 00:37:57,619] {taskinstance.py:1245} INFO - 1 downstream tasks scheduled from follow-on schedule check
[2022-04-04 00:37:57,629] {local_task_job.py:151} INFO - Task exited with return code 0
