[2022-04-04 01:16:56,329] {taskinstance.py:876} INFO - Dependencies all met for <TaskInstance: parallel_subdag.task_1 2022-04-04T01:15:18.029592+00:00 [queued]>
[2022-04-04 01:16:56,350] {taskinstance.py:876} INFO - Dependencies all met for <TaskInstance: parallel_subdag.task_1 2022-04-04T01:15:18.029592+00:00 [queued]>
[2022-04-04 01:16:56,350] {taskinstance.py:1067} INFO - 
--------------------------------------------------------------------------------
[2022-04-04 01:16:56,350] {taskinstance.py:1068} INFO - Starting attempt 1 of 1
[2022-04-04 01:16:56,351] {taskinstance.py:1069} INFO - 
--------------------------------------------------------------------------------
[2022-04-04 01:16:56,385] {taskinstance.py:1087} INFO - Executing <Task(BashOperator): task_1> on 2022-04-04T01:15:18.029592+00:00
[2022-04-04 01:16:56,387] {standard_task_runner.py:52} INFO - Started process 18813 to run task
[2022-04-04 01:16:56,394] {standard_task_runner.py:76} INFO - Running: ['airflow', 'tasks', 'run', 'parallel_subdag', 'task_1', '2022-04-04T01:15:18.029592+00:00', '--job-id', '110', '--pool', 'default_pool', '--raw', '--subdir', 'DAGS_FOLDER/parallel_subdag.py', '--cfg-path', '/tmp/tmpaqc6v6pq', '--error-file', '/tmp/tmps00iki69']
[2022-04-04 01:16:56,405] {standard_task_runner.py:77} INFO - Job 110: Subtask task_1
[2022-04-04 01:16:56,553] {logging_mixin.py:104} INFO - Running <TaskInstance: parallel_subdag.task_1 2022-04-04T01:15:18.029592+00:00 [running]> on host airflowvm
[2022-04-04 01:16:56,801] {taskinstance.py:1280} INFO - Exporting the following env vars:
AIRFLOW_CTX_DAG_OWNER=airflow
AIRFLOW_CTX_DAG_ID=parallel_subdag
AIRFLOW_CTX_TASK_ID=task_1
AIRFLOW_CTX_EXECUTION_DATE=2022-04-04T01:15:18.029592+00:00
AIRFLOW_CTX_DAG_RUN_ID=manual__2022-04-04T01:15:18.029592+00:00
[2022-04-04 01:16:56,803] {subprocess.py:52} INFO - Tmp dir root location: 
 /tmp
[2022-04-04 01:16:56,805] {subprocess.py:63} INFO - Running command: ['bash', '-c', 'sleep 3']
[2022-04-04 01:16:56,828] {subprocess.py:75} INFO - Output:
[2022-04-04 01:16:59,867] {subprocess.py:83} INFO - Command exited with return code 0
[2022-04-04 01:16:59,938] {taskinstance.py:1184} INFO - Marking task as SUCCESS. dag_id=parallel_subdag, task_id=task_1, execution_date=20220404T011518, start_date=20220404T011656, end_date=20220404T011659
[2022-04-04 01:17:00,049] {taskinstance.py:1245} INFO - 1 downstream tasks scheduled from follow-on schedule check
[2022-04-04 01:17:00,071] {local_task_job.py:151} INFO - Task exited with return code 0
