[2022-04-03 19:17:08,790] {taskinstance.py:876} INFO - Dependencies all met for <TaskInstance: parallel_dag.task_2 2022-04-02T00:00:00+00:00 [queued]>
[2022-04-03 19:17:08,795] {taskinstance.py:876} INFO - Dependencies all met for <TaskInstance: parallel_dag.task_2 2022-04-02T00:00:00+00:00 [queued]>
[2022-04-03 19:17:08,795] {taskinstance.py:1067} INFO - 
--------------------------------------------------------------------------------
[2022-04-03 19:17:08,795] {taskinstance.py:1068} INFO - Starting attempt 1 of 1
[2022-04-03 19:17:08,795] {taskinstance.py:1069} INFO - 
--------------------------------------------------------------------------------
[2022-04-03 19:17:08,826] {taskinstance.py:1087} INFO - Executing <Task(BashOperator): task_2> on 2022-04-02T00:00:00+00:00
[2022-04-03 19:17:08,827] {standard_task_runner.py:52} INFO - Started process 28450 to run task
[2022-04-03 19:17:08,832] {standard_task_runner.py:76} INFO - Running: ['airflow', 'tasks', 'run', 'parallel_dag', 'task_2', '2022-04-02T00:00:00+00:00', '--job-id', '11', '--pool', 'default_pool', '--raw', '--subdir', 'DAGS_FOLDER/parallel_dag.py', '--cfg-path', '/tmp/tmp17gu02fy', '--error-file', '/tmp/tmpkott6brr']
[2022-04-03 19:17:08,833] {standard_task_runner.py:77} INFO - Job 11: Subtask task_2
[2022-04-03 19:17:08,960] {logging_mixin.py:104} INFO - Running <TaskInstance: parallel_dag.task_2 2022-04-02T00:00:00+00:00 [running]> on host airflowvm
[2022-04-03 19:17:09,036] {taskinstance.py:1280} INFO - Exporting the following env vars:
AIRFLOW_CTX_DAG_OWNER=airflow
AIRFLOW_CTX_DAG_ID=parallel_dag
AIRFLOW_CTX_TASK_ID=task_2
AIRFLOW_CTX_EXECUTION_DATE=2022-04-02T00:00:00+00:00
AIRFLOW_CTX_DAG_RUN_ID=scheduled__2022-04-02T00:00:00+00:00
[2022-04-03 19:17:09,036] {subprocess.py:52} INFO - Tmp dir root location: 
 /tmp
[2022-04-03 19:17:09,037] {subprocess.py:63} INFO - Running command: ['bash', '-c', 'sleep 3']
[2022-04-03 19:17:09,040] {subprocess.py:75} INFO - Output:
[2022-04-03 19:17:12,043] {subprocess.py:83} INFO - Command exited with return code 0
[2022-04-03 19:17:12,119] {taskinstance.py:1184} INFO - Marking task as SUCCESS. dag_id=parallel_dag, task_id=task_2, execution_date=20220402T000000, start_date=20220403T191708, end_date=20220403T191712
[2022-04-03 19:17:12,153] {taskinstance.py:1245} INFO - 0 downstream tasks scheduled from follow-on schedule check
[2022-04-03 19:17:12,161] {local_task_job.py:151} INFO - Task exited with return code 0
[2022-04-03 19:47:43,231] {taskinstance.py:876} INFO - Dependencies all met for <TaskInstance: parallel_dag.task_2 2022-04-02T00:00:00+00:00 [queued]>
[2022-04-03 19:47:43,250] {taskinstance.py:876} INFO - Dependencies all met for <TaskInstance: parallel_dag.task_2 2022-04-02T00:00:00+00:00 [queued]>
[2022-04-03 19:47:43,250] {taskinstance.py:1067} INFO - 
--------------------------------------------------------------------------------
[2022-04-03 19:47:43,250] {taskinstance.py:1068} INFO - Starting attempt 1 of 1
[2022-04-03 19:47:43,250] {taskinstance.py:1069} INFO - 
--------------------------------------------------------------------------------
[2022-04-03 19:47:43,269] {taskinstance.py:1087} INFO - Executing <Task(BashOperator): task_2> on 2022-04-02T00:00:00+00:00
[2022-04-03 19:47:43,271] {standard_task_runner.py:52} INFO - Started process 36880 to run task
[2022-04-03 19:47:43,286] {standard_task_runner.py:76} INFO - Running: ['airflow', 'tasks', 'run', 'parallel_dag', 'task_2', '2022-04-02T00:00:00+00:00', '--job-id', '3', '--pool', 'default_pool', '--raw', '--subdir', 'DAGS_FOLDER/parallel_dag.py', '--cfg-path', '/tmp/tmpno_wiezx', '--error-file', '/tmp/tmpavtcnxfy']
[2022-04-03 19:47:43,293] {standard_task_runner.py:77} INFO - Job 3: Subtask task_2
[2022-04-03 19:47:43,419] {logging_mixin.py:104} INFO - Running <TaskInstance: parallel_dag.task_2 2022-04-02T00:00:00+00:00 [running]> on host airflowvm
[2022-04-03 19:47:43,581] {taskinstance.py:1280} INFO - Exporting the following env vars:
AIRFLOW_CTX_DAG_OWNER=airflow
AIRFLOW_CTX_DAG_ID=parallel_dag
AIRFLOW_CTX_TASK_ID=task_2
AIRFLOW_CTX_EXECUTION_DATE=2022-04-02T00:00:00+00:00
AIRFLOW_CTX_DAG_RUN_ID=scheduled__2022-04-02T00:00:00+00:00
[2022-04-03 19:47:43,584] {subprocess.py:52} INFO - Tmp dir root location: 
 /tmp
[2022-04-03 19:47:43,586] {subprocess.py:63} INFO - Running command: ['bash', '-c', 'sleep 3']
[2022-04-03 19:47:43,599] {subprocess.py:75} INFO - Output:
[2022-04-03 19:47:46,611] {subprocess.py:83} INFO - Command exited with return code 0
[2022-04-03 19:47:46,681] {taskinstance.py:1184} INFO - Marking task as SUCCESS. dag_id=parallel_dag, task_id=task_2, execution_date=20220402T000000, start_date=20220403T194743, end_date=20220403T194746
[2022-04-03 19:47:46,741] {taskinstance.py:1245} INFO - 0 downstream tasks scheduled from follow-on schedule check
[2022-04-03 19:47:46,751] {local_task_job.py:151} INFO - Task exited with return code 0
