[2022-04-04 01:18:02,598] {taskinstance.py:876} INFO - Dependencies all met for <TaskInstance: parallel_subdag.task_4 2022-04-03T00:00:00+00:00 [queued]>
[2022-04-04 01:18:02,645] {taskinstance.py:876} INFO - Dependencies all met for <TaskInstance: parallel_subdag.task_4 2022-04-03T00:00:00+00:00 [queued]>
[2022-04-04 01:18:02,645] {taskinstance.py:1067} INFO - 
--------------------------------------------------------------------------------
[2022-04-04 01:18:02,646] {taskinstance.py:1068} INFO - Starting attempt 1 of 1
[2022-04-04 01:18:02,646] {taskinstance.py:1069} INFO - 
--------------------------------------------------------------------------------
[2022-04-04 01:18:02,728] {taskinstance.py:1087} INFO - Executing <Task(BashOperator): task_4> on 2022-04-03T00:00:00+00:00
[2022-04-04 01:18:02,732] {standard_task_runner.py:52} INFO - Started process 20284 to run task
[2022-04-04 01:18:02,757] {standard_task_runner.py:76} INFO - Running: ['airflow', 'tasks', 'run', 'parallel_subdag', 'task_4', '2022-04-03T00:00:00+00:00', '--job-id', '122', '--pool', 'default_pool', '--raw', '--subdir', 'DAGS_FOLDER/parallel_subdag.py', '--cfg-path', '/tmp/tmps4oa3n73', '--error-file', '/tmp/tmpdtgy7325']
[2022-04-04 01:18:02,768] {standard_task_runner.py:77} INFO - Job 122: Subtask task_4
[2022-04-04 01:18:02,959] {logging_mixin.py:104} INFO - Running <TaskInstance: parallel_subdag.task_4 2022-04-03T00:00:00+00:00 [running]> on host airflowvm
[2022-04-04 01:18:03,179] {taskinstance.py:1280} INFO - Exporting the following env vars:
AIRFLOW_CTX_DAG_OWNER=airflow
AIRFLOW_CTX_DAG_ID=parallel_subdag
AIRFLOW_CTX_TASK_ID=task_4
AIRFLOW_CTX_EXECUTION_DATE=2022-04-03T00:00:00+00:00
AIRFLOW_CTX_DAG_RUN_ID=scheduled__2022-04-03T00:00:00+00:00
[2022-04-04 01:18:03,182] {subprocess.py:52} INFO - Tmp dir root location: 
 /tmp
[2022-04-04 01:18:03,184] {subprocess.py:63} INFO - Running command: ['bash', '-c', 'sleep 3']
[2022-04-04 01:18:03,199] {subprocess.py:75} INFO - Output:
[2022-04-04 01:18:06,211] {subprocess.py:83} INFO - Command exited with return code 0
[2022-04-04 01:18:06,328] {taskinstance.py:1184} INFO - Marking task as SUCCESS. dag_id=parallel_subdag, task_id=task_4, execution_date=20220403T000000, start_date=20220404T011802, end_date=20220404T011806
[2022-04-04 01:18:06,418] {taskinstance.py:1245} INFO - 0 downstream tasks scheduled from follow-on schedule check
[2022-04-04 01:18:06,443] {local_task_job.py:151} INFO - Task exited with return code 0
