[2022-04-04 01:28:35,822] {taskinstance.py:876} INFO - Dependencies all met for <TaskInstance: parallel_group_dag.processing_tasks.task_3 2022-04-03T00:00:00+00:00 [queued]>
[2022-04-04 01:28:35,877] {taskinstance.py:876} INFO - Dependencies all met for <TaskInstance: parallel_group_dag.processing_tasks.task_3 2022-04-03T00:00:00+00:00 [queued]>
[2022-04-04 01:28:35,877] {taskinstance.py:1067} INFO - 
--------------------------------------------------------------------------------
[2022-04-04 01:28:35,877] {taskinstance.py:1068} INFO - Starting attempt 1 of 1
[2022-04-04 01:28:35,877] {taskinstance.py:1069} INFO - 
--------------------------------------------------------------------------------
[2022-04-04 01:28:35,906] {taskinstance.py:1087} INFO - Executing <Task(BashOperator): processing_tasks.task_3> on 2022-04-03T00:00:00+00:00
[2022-04-04 01:28:35,908] {standard_task_runner.py:52} INFO - Started process 23516 to run task
[2022-04-04 01:28:35,917] {standard_task_runner.py:76} INFO - Running: ['airflow', 'tasks', 'run', 'parallel_group_dag', 'processing_tasks.task_3', '2022-04-03T00:00:00+00:00', '--job-id', '128', '--pool', 'default_pool', '--raw', '--subdir', 'DAGS_FOLDER/parallel_dag_groups.py', '--cfg-path', '/tmp/tmpsft6riy3', '--error-file', '/tmp/tmpha_yt5z6']
[2022-04-04 01:28:35,920] {standard_task_runner.py:77} INFO - Job 128: Subtask processing_tasks.task_3
[2022-04-04 01:28:36,415] {logging_mixin.py:104} INFO - Running <TaskInstance: parallel_group_dag.processing_tasks.task_3 2022-04-03T00:00:00+00:00 [running]> on host airflowvm
[2022-04-04 01:28:36,619] {taskinstance.py:1280} INFO - Exporting the following env vars:
AIRFLOW_CTX_DAG_OWNER=airflow
AIRFLOW_CTX_DAG_ID=parallel_group_dag
AIRFLOW_CTX_TASK_ID=processing_tasks.task_3
AIRFLOW_CTX_EXECUTION_DATE=2022-04-03T00:00:00+00:00
AIRFLOW_CTX_DAG_RUN_ID=scheduled__2022-04-03T00:00:00+00:00
[2022-04-04 01:28:36,620] {subprocess.py:52} INFO - Tmp dir root location: 
 /tmp
[2022-04-04 01:28:36,620] {subprocess.py:63} INFO - Running command: ['bash', '-c', 'sleep 3']
[2022-04-04 01:28:36,624] {subprocess.py:75} INFO - Output:
[2022-04-04 01:28:39,632] {subprocess.py:83} INFO - Command exited with return code 0
[2022-04-04 01:28:39,742] {taskinstance.py:1184} INFO - Marking task as SUCCESS. dag_id=parallel_group_dag, task_id=processing_tasks.task_3, execution_date=20220403T000000, start_date=20220404T012835, end_date=20220404T012839
[2022-04-04 01:28:39,803] {taskinstance.py:1245} INFO - 0 downstream tasks scheduled from follow-on schedule check
[2022-04-04 01:28:39,815] {local_task_job.py:151} INFO - Task exited with return code 0
