[2022-04-04 01:17:00,924] {taskinstance.py:876} INFO - Dependencies all met for <TaskInstance: parallel_subdag.processing_tasks 2022-04-04T01:15:18.029592+00:00 [queued]>
[2022-04-04 01:17:00,950] {taskinstance.py:876} INFO - Dependencies all met for <TaskInstance: parallel_subdag.processing_tasks 2022-04-04T01:15:18.029592+00:00 [queued]>
[2022-04-04 01:17:00,950] {taskinstance.py:1067} INFO - 
--------------------------------------------------------------------------------
[2022-04-04 01:17:00,950] {taskinstance.py:1068} INFO - Starting attempt 1 of 1
[2022-04-04 01:17:00,951] {taskinstance.py:1069} INFO - 
--------------------------------------------------------------------------------
[2022-04-04 01:17:01,038] {taskinstance.py:1087} INFO - Executing <Task(SubDagOperator): processing_tasks> on 2022-04-04T01:15:18.029592+00:00
[2022-04-04 01:17:01,039] {standard_task_runner.py:52} INFO - Started process 19065 to run task
[2022-04-04 01:17:01,050] {standard_task_runner.py:76} INFO - Running: ['airflow', 'tasks', 'run', 'parallel_subdag', 'processing_tasks', '2022-04-04T01:15:18.029592+00:00', '--job-id', '114', '--pool', 'default_pool', '--raw', '--subdir', 'DAGS_FOLDER/parallel_subdag.py', '--cfg-path', '/tmp/tmpiyqr9or1', '--error-file', '/tmp/tmpfk8geu8p']
[2022-04-04 01:17:01,057] {standard_task_runner.py:77} INFO - Job 114: Subtask processing_tasks
[2022-04-04 01:17:01,203] {logging_mixin.py:104} INFO - Running <TaskInstance: parallel_subdag.processing_tasks 2022-04-04T01:15:18.029592+00:00 [running]> on host airflowvm
[2022-04-04 01:17:01,406] {taskinstance.py:1280} INFO - Exporting the following env vars:
AIRFLOW_CTX_DAG_OWNER=airflow
AIRFLOW_CTX_DAG_ID=parallel_subdag
AIRFLOW_CTX_TASK_ID=processing_tasks
AIRFLOW_CTX_EXECUTION_DATE=2022-04-04T01:15:18.029592+00:00
AIRFLOW_CTX_DAG_RUN_ID=manual__2022-04-04T01:15:18.029592+00:00
[2022-04-04 01:17:01,465] {subdag.py:155} INFO - Created DagRun: scheduled__2022-04-04T01:15:18.029592+00:00
[2022-04-04 01:18:01,561] {base.py:243} INFO - Success criteria met. Exiting.
[2022-04-04 01:18:01,570] {subdag.py:169} INFO - Execution finished. State is success
[2022-04-04 01:18:01,607] {taskinstance.py:1184} INFO - Marking task as SUCCESS. dag_id=parallel_subdag, task_id=processing_tasks, execution_date=20220404T011518, start_date=20220404T011700, end_date=20220404T011801
[2022-04-04 01:18:01,688] {taskinstance.py:1245} INFO - 1 downstream tasks scheduled from follow-on schedule check
[2022-04-04 01:18:01,691] {local_task_job.py:151} INFO - Task exited with return code 0
