[2022-04-04 01:16:56,336] {taskinstance.py:876} INFO - Dependencies all met for <TaskInstance: parallel_subdag.task_1 2022-04-04T01:16:36.877783+00:00 [queued]>
[2022-04-04 01:16:56,380] {taskinstance.py:876} INFO - Dependencies all met for <TaskInstance: parallel_subdag.task_1 2022-04-04T01:16:36.877783+00:00 [queued]>
[2022-04-04 01:16:56,380] {taskinstance.py:1067} INFO - 
--------------------------------------------------------------------------------
[2022-04-04 01:16:56,381] {taskinstance.py:1068} INFO - Starting attempt 1 of 1
[2022-04-04 01:16:56,381] {taskinstance.py:1069} INFO - 
--------------------------------------------------------------------------------
[2022-04-04 01:16:56,465] {taskinstance.py:1087} INFO - Executing <Task(BashOperator): task_1> on 2022-04-04T01:16:36.877783+00:00
[2022-04-04 01:16:56,467] {standard_task_runner.py:52} INFO - Started process 18818 to run task
[2022-04-04 01:16:56,475] {standard_task_runner.py:76} INFO - Running: ['airflow', 'tasks', 'run', 'parallel_subdag', 'task_1', '2022-04-04T01:16:36.877783+00:00', '--job-id', '112', '--pool', 'default_pool', '--raw', '--subdir', 'DAGS_FOLDER/parallel_subdag.py', '--cfg-path', '/tmp/tmp6ng0kv0a', '--error-file', '/tmp/tmpc9g5dg26']
[2022-04-04 01:16:56,486] {standard_task_runner.py:77} INFO - Job 112: Subtask task_1
[2022-04-04 01:16:56,613] {logging_mixin.py:104} INFO - Running <TaskInstance: parallel_subdag.task_1 2022-04-04T01:16:36.877783+00:00 [running]> on host airflowvm
[2022-04-04 01:16:56,888] {taskinstance.py:1280} INFO - Exporting the following env vars:
AIRFLOW_CTX_DAG_OWNER=airflow
AIRFLOW_CTX_DAG_ID=parallel_subdag
AIRFLOW_CTX_TASK_ID=task_1
AIRFLOW_CTX_EXECUTION_DATE=2022-04-04T01:16:36.877783+00:00
AIRFLOW_CTX_DAG_RUN_ID=manual__2022-04-04T01:16:36.877783+00:00
[2022-04-04 01:16:56,889] {subprocess.py:52} INFO - Tmp dir root location: 
 /tmp
[2022-04-04 01:16:56,893] {subprocess.py:63} INFO - Running command: ['bash', '-c', 'sleep 3']
[2022-04-04 01:16:56,907] {subprocess.py:75} INFO - Output:
[2022-04-04 01:16:59,924] {subprocess.py:83} INFO - Command exited with return code 0
[2022-04-04 01:17:00,036] {taskinstance.py:1184} INFO - Marking task as SUCCESS. dag_id=parallel_subdag, task_id=task_1, execution_date=20220404T011636, start_date=20220404T011656, end_date=20220404T011700
[2022-04-04 01:17:00,122] {taskinstance.py:1245} INFO - 1 downstream tasks scheduled from follow-on schedule check
[2022-04-04 01:17:00,147] {local_task_job.py:151} INFO - Task exited with return code 0
