[2022-04-03 19:17:17,763] {taskinstance.py:876} INFO - Dependencies all met for <TaskInstance: parallel_dag.task_4 2022-04-02T00:00:00+00:00 [queued]>
[2022-04-03 19:17:17,769] {taskinstance.py:876} INFO - Dependencies all met for <TaskInstance: parallel_dag.task_4 2022-04-02T00:00:00+00:00 [queued]>
[2022-04-03 19:17:17,769] {taskinstance.py:1067} INFO - 
--------------------------------------------------------------------------------
[2022-04-03 19:17:17,769] {taskinstance.py:1068} INFO - Starting attempt 1 of 1
[2022-04-03 19:17:17,769] {taskinstance.py:1069} INFO - 
--------------------------------------------------------------------------------
[2022-04-03 19:17:17,800] {taskinstance.py:1087} INFO - Executing <Task(BashOperator): task_4> on 2022-04-02T00:00:00+00:00
[2022-04-03 19:17:17,801] {standard_task_runner.py:52} INFO - Started process 28549 to run task
[2022-04-03 19:17:17,807] {standard_task_runner.py:76} INFO - Running: ['airflow', 'tasks', 'run', 'parallel_dag', 'task_4', '2022-04-02T00:00:00+00:00', '--job-id', '13', '--pool', 'default_pool', '--raw', '--subdir', 'DAGS_FOLDER/parallel_dag.py', '--cfg-path', '/tmp/tmp817wld8x', '--error-file', '/tmp/tmpzczrfrko']
[2022-04-03 19:17:17,807] {standard_task_runner.py:77} INFO - Job 13: Subtask task_4
[2022-04-03 19:17:17,923] {logging_mixin.py:104} INFO - Running <TaskInstance: parallel_dag.task_4 2022-04-02T00:00:00+00:00 [running]> on host airflowvm
[2022-04-03 19:17:18,001] {taskinstance.py:1280} INFO - Exporting the following env vars:
AIRFLOW_CTX_DAG_OWNER=airflow
AIRFLOW_CTX_DAG_ID=parallel_dag
AIRFLOW_CTX_TASK_ID=task_4
AIRFLOW_CTX_EXECUTION_DATE=2022-04-02T00:00:00+00:00
AIRFLOW_CTX_DAG_RUN_ID=scheduled__2022-04-02T00:00:00+00:00
[2022-04-03 19:17:18,002] {subprocess.py:52} INFO - Tmp dir root location: 
 /tmp
[2022-04-03 19:17:18,002] {subprocess.py:63} INFO - Running command: ['bash', '-c', 'sleep 3']
[2022-04-03 19:17:18,005] {subprocess.py:75} INFO - Output:
[2022-04-03 19:17:21,008] {subprocess.py:83} INFO - Command exited with return code 0
[2022-04-03 19:17:21,075] {taskinstance.py:1184} INFO - Marking task as SUCCESS. dag_id=parallel_dag, task_id=task_4, execution_date=20220402T000000, start_date=20220403T191717, end_date=20220403T191721
[2022-04-03 19:17:21,110] {taskinstance.py:1245} INFO - 0 downstream tasks scheduled from follow-on schedule check
[2022-04-03 19:17:21,136] {local_task_job.py:151} INFO - Task exited with return code 0
[2022-04-03 19:47:47,817] {taskinstance.py:876} INFO - Dependencies all met for <TaskInstance: parallel_dag.task_4 2022-04-02T00:00:00+00:00 [queued]>
[2022-04-03 19:47:47,829] {taskinstance.py:876} INFO - Dependencies all met for <TaskInstance: parallel_dag.task_4 2022-04-02T00:00:00+00:00 [queued]>
[2022-04-03 19:47:47,830] {taskinstance.py:1067} INFO - 
--------------------------------------------------------------------------------
[2022-04-03 19:47:47,830] {taskinstance.py:1068} INFO - Starting attempt 1 of 1
[2022-04-03 19:47:47,830] {taskinstance.py:1069} INFO - 
--------------------------------------------------------------------------------
[2022-04-03 19:47:47,846] {taskinstance.py:1087} INFO - Executing <Task(BashOperator): task_4> on 2022-04-02T00:00:00+00:00
[2022-04-03 19:47:47,847] {standard_task_runner.py:52} INFO - Started process 37073 to run task
[2022-04-03 19:47:47,854] {standard_task_runner.py:76} INFO - Running: ['airflow', 'tasks', 'run', 'parallel_dag', 'task_4', '2022-04-02T00:00:00+00:00', '--job-id', '5', '--pool', 'default_pool', '--raw', '--subdir', 'DAGS_FOLDER/parallel_dag.py', '--cfg-path', '/tmp/tmpl4n23nvq', '--error-file', '/tmp/tmphue5mzug']
[2022-04-03 19:47:47,855] {standard_task_runner.py:77} INFO - Job 5: Subtask task_4
[2022-04-03 19:47:47,924] {logging_mixin.py:104} INFO - Running <TaskInstance: parallel_dag.task_4 2022-04-02T00:00:00+00:00 [running]> on host airflowvm
[2022-04-03 19:47:48,002] {taskinstance.py:1280} INFO - Exporting the following env vars:
AIRFLOW_CTX_DAG_OWNER=airflow
AIRFLOW_CTX_DAG_ID=parallel_dag
AIRFLOW_CTX_TASK_ID=task_4
AIRFLOW_CTX_EXECUTION_DATE=2022-04-02T00:00:00+00:00
AIRFLOW_CTX_DAG_RUN_ID=scheduled__2022-04-02T00:00:00+00:00
[2022-04-03 19:47:48,003] {subprocess.py:52} INFO - Tmp dir root location: 
 /tmp
[2022-04-03 19:47:48,003] {subprocess.py:63} INFO - Running command: ['bash', '-c', 'sleep 3']
[2022-04-03 19:47:48,008] {subprocess.py:75} INFO - Output:
[2022-04-03 19:47:51,012] {subprocess.py:83} INFO - Command exited with return code 0
[2022-04-03 19:47:51,054] {taskinstance.py:1184} INFO - Marking task as SUCCESS. dag_id=parallel_dag, task_id=task_4, execution_date=20220402T000000, start_date=20220403T194747, end_date=20220403T194751
[2022-04-03 19:47:51,095] {taskinstance.py:1245} INFO - 0 downstream tasks scheduled from follow-on schedule check
[2022-04-03 19:47:51,127] {local_task_job.py:151} INFO - Task exited with return code 0
