[2022-04-04 01:28:40,907] {taskinstance.py:876} INFO - Dependencies all met for <TaskInstance: parallel_group_dag.task_4 2022-04-03T00:00:00+00:00 [queued]>
[2022-04-04 01:28:40,920] {taskinstance.py:876} INFO - Dependencies all met for <TaskInstance: parallel_group_dag.task_4 2022-04-03T00:00:00+00:00 [queued]>
[2022-04-04 01:28:40,920] {taskinstance.py:1067} INFO - 
--------------------------------------------------------------------------------
[2022-04-04 01:28:40,920] {taskinstance.py:1068} INFO - Starting attempt 1 of 1
[2022-04-04 01:28:40,920] {taskinstance.py:1069} INFO - 
--------------------------------------------------------------------------------
[2022-04-04 01:28:40,959] {taskinstance.py:1087} INFO - Executing <Task(BashOperator): task_4> on 2022-04-03T00:00:00+00:00
[2022-04-04 01:28:40,964] {standard_task_runner.py:52} INFO - Started process 23719 to run task
[2022-04-04 01:28:40,972] {standard_task_runner.py:76} INFO - Running: ['airflow', 'tasks', 'run', 'parallel_group_dag', 'task_4', '2022-04-03T00:00:00+00:00', '--job-id', '130', '--pool', 'default_pool', '--raw', '--subdir', 'DAGS_FOLDER/parallel_dag_groups.py', '--cfg-path', '/tmp/tmp2_yag5qr', '--error-file', '/tmp/tmpong76cvw']
[2022-04-04 01:28:40,979] {standard_task_runner.py:77} INFO - Job 130: Subtask task_4
[2022-04-04 01:28:41,105] {logging_mixin.py:104} INFO - Running <TaskInstance: parallel_group_dag.task_4 2022-04-03T00:00:00+00:00 [running]> on host airflowvm
[2022-04-04 01:28:41,233] {taskinstance.py:1280} INFO - Exporting the following env vars:
AIRFLOW_CTX_DAG_OWNER=airflow
AIRFLOW_CTX_DAG_ID=parallel_group_dag
AIRFLOW_CTX_TASK_ID=task_4
AIRFLOW_CTX_EXECUTION_DATE=2022-04-03T00:00:00+00:00
AIRFLOW_CTX_DAG_RUN_ID=scheduled__2022-04-03T00:00:00+00:00
[2022-04-04 01:28:41,234] {subprocess.py:52} INFO - Tmp dir root location: 
 /tmp
[2022-04-04 01:28:41,234] {subprocess.py:63} INFO - Running command: ['bash', '-c', 'sleep 3']
[2022-04-04 01:28:41,243] {subprocess.py:75} INFO - Output:
[2022-04-04 01:28:44,258] {subprocess.py:83} INFO - Command exited with return code 0
[2022-04-04 01:28:44,307] {taskinstance.py:1184} INFO - Marking task as SUCCESS. dag_id=parallel_group_dag, task_id=task_4, execution_date=20220403T000000, start_date=20220404T012840, end_date=20220404T012844
[2022-04-04 01:28:44,339] {taskinstance.py:1245} INFO - 0 downstream tasks scheduled from follow-on schedule check
[2022-04-04 01:28:44,359] {local_task_job.py:151} INFO - Task exited with return code 0
