[2022-04-04 01:14:53,638] {taskinstance.py:876} INFO - Dependencies all met for <TaskInstance: parallel_dag.task_2 2022-04-04T01:14:48.285608+00:00 [queued]>
[2022-04-04 01:14:53,660] {taskinstance.py:876} INFO - Dependencies all met for <TaskInstance: parallel_dag.task_2 2022-04-04T01:14:48.285608+00:00 [queued]>
[2022-04-04 01:14:53,660] {taskinstance.py:1067} INFO - 
--------------------------------------------------------------------------------
[2022-04-04 01:14:53,660] {taskinstance.py:1068} INFO - Starting attempt 1 of 1
[2022-04-04 01:14:53,660] {taskinstance.py:1069} INFO - 
--------------------------------------------------------------------------------
[2022-04-04 01:14:53,690] {taskinstance.py:1087} INFO - Executing <Task(BashOperator): task_2> on 2022-04-04T01:14:48.285608+00:00
[2022-04-04 01:14:53,692] {standard_task_runner.py:52} INFO - Started process 17498 to run task
[2022-04-04 01:14:53,699] {standard_task_runner.py:76} INFO - Running: ['airflow', 'tasks', 'run', 'parallel_dag', 'task_2', '2022-04-04T01:14:48.285608+00:00', '--job-id', '107', '--pool', 'default_pool', '--raw', '--subdir', 'DAGS_FOLDER/parallel_dag.py', '--cfg-path', '/tmp/tmpnyh8ztis', '--error-file', '/tmp/tmp4zorumoq']
[2022-04-04 01:14:53,700] {standard_task_runner.py:77} INFO - Job 107: Subtask task_2
[2022-04-04 01:14:53,845] {logging_mixin.py:104} INFO - Running <TaskInstance: parallel_dag.task_2 2022-04-04T01:14:48.285608+00:00 [running]> on host airflowvm
[2022-04-04 01:14:54,023] {taskinstance.py:1280} INFO - Exporting the following env vars:
AIRFLOW_CTX_DAG_OWNER=airflow
AIRFLOW_CTX_DAG_ID=parallel_dag
AIRFLOW_CTX_TASK_ID=task_2
AIRFLOW_CTX_EXECUTION_DATE=2022-04-04T01:14:48.285608+00:00
AIRFLOW_CTX_DAG_RUN_ID=manual__2022-04-04T01:14:48.285608+00:00
[2022-04-04 01:14:54,023] {subprocess.py:52} INFO - Tmp dir root location: 
 /tmp
[2022-04-04 01:14:54,024] {subprocess.py:63} INFO - Running command: ['bash', '-c', 'sleep 3']
[2022-04-04 01:14:54,028] {subprocess.py:75} INFO - Output:
[2022-04-04 01:14:57,038] {subprocess.py:83} INFO - Command exited with return code 0
[2022-04-04 01:14:57,157] {taskinstance.py:1184} INFO - Marking task as SUCCESS. dag_id=parallel_dag, task_id=task_2, execution_date=20220404T011448, start_date=20220404T011453, end_date=20220404T011457
[2022-04-04 01:14:57,241] {taskinstance.py:1245} INFO - 1 downstream tasks scheduled from follow-on schedule check
[2022-04-04 01:14:57,248] {local_task_job.py:151} INFO - Task exited with return code 0
