[2022-04-04 00:23:35,611] {taskinstance.py:876} INFO - Dependencies all met for <TaskInstance: parallel_dag.task_1 2022-04-04T00:23:34.452187+00:00 [queued]>
[2022-04-04 00:23:35,626] {taskinstance.py:876} INFO - Dependencies all met for <TaskInstance: parallel_dag.task_1 2022-04-04T00:23:34.452187+00:00 [queued]>
[2022-04-04 00:23:35,626] {taskinstance.py:1067} INFO - 
--------------------------------------------------------------------------------
[2022-04-04 00:23:35,626] {taskinstance.py:1068} INFO - Starting attempt 1 of 1
[2022-04-04 00:23:35,626] {taskinstance.py:1069} INFO - 
--------------------------------------------------------------------------------
[2022-04-04 00:23:35,641] {taskinstance.py:1087} INFO - Executing <Task(BashOperator): task_1> on 2022-04-04T00:23:34.452187+00:00
[2022-04-04 00:23:35,643] {standard_task_runner.py:52} INFO - Started process 6113 to run task
[2022-04-04 00:23:35,648] {standard_task_runner.py:76} INFO - Running: ['airflow', 'tasks', 'run', 'parallel_dag', 'task_1', '2022-04-04T00:23:34.452187+00:00', '--job-id', '93', '--pool', 'default_pool', '--raw', '--subdir', 'DAGS_FOLDER/parallel_dag.py', '--cfg-path', '/tmp/tmpn1oj48f9', '--error-file', '/tmp/tmpvkyodt_x']
[2022-04-04 00:23:35,648] {standard_task_runner.py:77} INFO - Job 93: Subtask task_1
[2022-04-04 00:23:35,711] {logging_mixin.py:104} INFO - Running <TaskInstance: parallel_dag.task_1 2022-04-04T00:23:34.452187+00:00 [running]> on host airflowvm
[2022-04-04 00:23:35,821] {taskinstance.py:1280} INFO - Exporting the following env vars:
AIRFLOW_CTX_DAG_OWNER=airflow
AIRFLOW_CTX_DAG_ID=parallel_dag
AIRFLOW_CTX_TASK_ID=task_1
AIRFLOW_CTX_EXECUTION_DATE=2022-04-04T00:23:34.452187+00:00
AIRFLOW_CTX_DAG_RUN_ID=manual__2022-04-04T00:23:34.452187+00:00
[2022-04-04 00:23:35,821] {subprocess.py:52} INFO - Tmp dir root location: 
 /tmp
[2022-04-04 00:23:35,823] {subprocess.py:63} INFO - Running command: ['bash', '-c', 'sleep 3']
[2022-04-04 00:23:35,828] {subprocess.py:75} INFO - Output:
[2022-04-04 00:23:38,850] {subprocess.py:83} INFO - Command exited with return code 0
[2022-04-04 00:23:38,908] {taskinstance.py:1184} INFO - Marking task as SUCCESS. dag_id=parallel_dag, task_id=task_1, execution_date=20220404T002334, start_date=20220404T002335, end_date=20220404T002338
[2022-04-04 00:23:38,947] {taskinstance.py:1245} INFO - 0 downstream tasks scheduled from follow-on schedule check
[2022-04-04 00:23:38,955] {local_task_job.py:151} INFO - Task exited with return code 0
