[2022-04-04 00:37:58,277] {taskinstance.py:876} INFO - Dependencies all met for <TaskInstance: parallel_dag.task_4 2022-04-04T00:36:52.254912+00:00 [queued]>
[2022-04-04 00:37:58,290] {taskinstance.py:876} INFO - Dependencies all met for <TaskInstance: parallel_dag.task_4 2022-04-04T00:36:52.254912+00:00 [queued]>
[2022-04-04 00:37:58,290] {taskinstance.py:1067} INFO - 
--------------------------------------------------------------------------------
[2022-04-04 00:37:58,290] {taskinstance.py:1068} INFO - Starting attempt 1 of 1
[2022-04-04 00:37:58,290] {taskinstance.py:1069} INFO - 
--------------------------------------------------------------------------------
[2022-04-04 00:37:58,307] {taskinstance.py:1087} INFO - Executing <Task(BashOperator): task_4> on 2022-04-04T00:36:52.254912+00:00
[2022-04-04 00:37:58,308] {standard_task_runner.py:52} INFO - Started process 11613 to run task
[2022-04-04 00:37:58,313] {standard_task_runner.py:76} INFO - Running: ['airflow', 'tasks', 'run', 'parallel_dag', 'task_4', '2022-04-04T00:36:52.254912+00:00', '--job-id', '104', '--pool', 'default_pool', '--raw', '--subdir', 'DAGS_FOLDER/parallel_dag.py', '--cfg-path', '/tmp/tmp6bn0vobl', '--error-file', '/tmp/tmph7xudbdd']
[2022-04-04 00:37:58,313] {standard_task_runner.py:77} INFO - Job 104: Subtask task_4
[2022-04-04 00:37:58,371] {logging_mixin.py:104} INFO - Running <TaskInstance: parallel_dag.task_4 2022-04-04T00:36:52.254912+00:00 [running]> on host airflowvm
[2022-04-04 00:37:58,447] {taskinstance.py:1280} INFO - Exporting the following env vars:
AIRFLOW_CTX_DAG_OWNER=airflow
AIRFLOW_CTX_DAG_ID=parallel_dag
AIRFLOW_CTX_TASK_ID=task_4
AIRFLOW_CTX_EXECUTION_DATE=2022-04-04T00:36:52.254912+00:00
AIRFLOW_CTX_DAG_RUN_ID=manual__2022-04-04T00:36:52.254912+00:00
[2022-04-04 00:37:58,448] {subprocess.py:52} INFO - Tmp dir root location: 
 /tmp
[2022-04-04 00:37:58,448] {subprocess.py:63} INFO - Running command: ['bash', '-c', 'sleep 3']
[2022-04-04 00:37:58,453] {subprocess.py:75} INFO - Output:
[2022-04-04 00:38:01,458] {subprocess.py:83} INFO - Command exited with return code 0
[2022-04-04 00:38:01,546] {taskinstance.py:1184} INFO - Marking task as SUCCESS. dag_id=parallel_dag, task_id=task_4, execution_date=20220404T003652, start_date=20220404T003758, end_date=20220404T003801
[2022-04-04 00:38:01,582] {taskinstance.py:1245} INFO - 0 downstream tasks scheduled from follow-on schedule check
[2022-04-04 00:38:01,620] {local_task_job.py:151} INFO - Task exited with return code 0
