[2022-04-03 19:17:13,065] {taskinstance.py:876} INFO - Dependencies all met for <TaskInstance: parallel_dag.task_3 2022-04-02T00:00:00+00:00 [queued]>
[2022-04-03 19:17:13,069] {taskinstance.py:876} INFO - Dependencies all met for <TaskInstance: parallel_dag.task_3 2022-04-02T00:00:00+00:00 [queued]>
[2022-04-03 19:17:13,069] {taskinstance.py:1067} INFO - 
--------------------------------------------------------------------------------
[2022-04-03 19:17:13,069] {taskinstance.py:1068} INFO - Starting attempt 1 of 1
[2022-04-03 19:17:13,069] {taskinstance.py:1069} INFO - 
--------------------------------------------------------------------------------
[2022-04-03 19:17:13,110] {taskinstance.py:1087} INFO - Executing <Task(BashOperator): task_3> on 2022-04-02T00:00:00+00:00
[2022-04-03 19:17:13,111] {standard_task_runner.py:52} INFO - Started process 28514 to run task
[2022-04-03 19:17:13,116] {standard_task_runner.py:76} INFO - Running: ['airflow', 'tasks', 'run', 'parallel_dag', 'task_3', '2022-04-02T00:00:00+00:00', '--job-id', '12', '--pool', 'default_pool', '--raw', '--subdir', 'DAGS_FOLDER/parallel_dag.py', '--cfg-path', '/tmp/tmpi05ughh7', '--error-file', '/tmp/tmpxqptvy47']
[2022-04-03 19:17:13,117] {standard_task_runner.py:77} INFO - Job 12: Subtask task_3
[2022-04-03 19:17:13,210] {logging_mixin.py:104} INFO - Running <TaskInstance: parallel_dag.task_3 2022-04-02T00:00:00+00:00 [running]> on host airflowvm
[2022-04-03 19:17:13,288] {taskinstance.py:1280} INFO - Exporting the following env vars:
AIRFLOW_CTX_DAG_OWNER=airflow
AIRFLOW_CTX_DAG_ID=parallel_dag
AIRFLOW_CTX_TASK_ID=task_3
AIRFLOW_CTX_EXECUTION_DATE=2022-04-02T00:00:00+00:00
AIRFLOW_CTX_DAG_RUN_ID=scheduled__2022-04-02T00:00:00+00:00
[2022-04-03 19:17:13,288] {subprocess.py:52} INFO - Tmp dir root location: 
 /tmp
[2022-04-03 19:17:13,288] {subprocess.py:63} INFO - Running command: ['bash', '-c', 'sleep 3']
[2022-04-03 19:17:13,291] {subprocess.py:75} INFO - Output:
[2022-04-03 19:17:16,294] {subprocess.py:83} INFO - Command exited with return code 0
[2022-04-03 19:17:16,363] {taskinstance.py:1184} INFO - Marking task as SUCCESS. dag_id=parallel_dag, task_id=task_3, execution_date=20220402T000000, start_date=20220403T191713, end_date=20220403T191716
[2022-04-03 19:17:16,422] {taskinstance.py:1245} INFO - 1 downstream tasks scheduled from follow-on schedule check
[2022-04-03 19:17:16,461] {local_task_job.py:151} INFO - Task exited with return code 0
[2022-04-03 19:47:43,277] {taskinstance.py:876} INFO - Dependencies all met for <TaskInstance: parallel_dag.task_3 2022-04-02T00:00:00+00:00 [queued]>
[2022-04-03 19:47:43,303] {taskinstance.py:876} INFO - Dependencies all met for <TaskInstance: parallel_dag.task_3 2022-04-02T00:00:00+00:00 [queued]>
[2022-04-03 19:47:43,303] {taskinstance.py:1067} INFO - 
--------------------------------------------------------------------------------
[2022-04-03 19:47:43,303] {taskinstance.py:1068} INFO - Starting attempt 1 of 1
[2022-04-03 19:47:43,303] {taskinstance.py:1069} INFO - 
--------------------------------------------------------------------------------
[2022-04-03 19:47:43,339] {taskinstance.py:1087} INFO - Executing <Task(BashOperator): task_3> on 2022-04-02T00:00:00+00:00
[2022-04-03 19:47:43,341] {standard_task_runner.py:52} INFO - Started process 36888 to run task
[2022-04-03 19:47:43,349] {standard_task_runner.py:76} INFO - Running: ['airflow', 'tasks', 'run', 'parallel_dag', 'task_3', '2022-04-02T00:00:00+00:00', '--job-id', '4', '--pool', 'default_pool', '--raw', '--subdir', 'DAGS_FOLDER/parallel_dag.py', '--cfg-path', '/tmp/tmpg74lnoii', '--error-file', '/tmp/tmpyi0q2x5q']
[2022-04-03 19:47:43,360] {standard_task_runner.py:77} INFO - Job 4: Subtask task_3
[2022-04-03 19:47:43,464] {logging_mixin.py:104} INFO - Running <TaskInstance: parallel_dag.task_3 2022-04-02T00:00:00+00:00 [running]> on host airflowvm
[2022-04-03 19:47:43,593] {taskinstance.py:1280} INFO - Exporting the following env vars:
AIRFLOW_CTX_DAG_OWNER=airflow
AIRFLOW_CTX_DAG_ID=parallel_dag
AIRFLOW_CTX_TASK_ID=task_3
AIRFLOW_CTX_EXECUTION_DATE=2022-04-02T00:00:00+00:00
AIRFLOW_CTX_DAG_RUN_ID=scheduled__2022-04-02T00:00:00+00:00
[2022-04-03 19:47:43,594] {subprocess.py:52} INFO - Tmp dir root location: 
 /tmp
[2022-04-03 19:47:43,594] {subprocess.py:63} INFO - Running command: ['bash', '-c', 'sleep 3']
[2022-04-03 19:47:43,604] {subprocess.py:75} INFO - Output:
[2022-04-03 19:47:46,608] {subprocess.py:83} INFO - Command exited with return code 0
[2022-04-03 19:47:46,700] {taskinstance.py:1184} INFO - Marking task as SUCCESS. dag_id=parallel_dag, task_id=task_3, execution_date=20220402T000000, start_date=20220403T194743, end_date=20220403T194746
[2022-04-03 19:47:46,776] {taskinstance.py:1245} INFO - 1 downstream tasks scheduled from follow-on schedule check
[2022-04-03 19:47:46,781] {local_task_job.py:151} INFO - Task exited with return code 0
