[2022-04-03 20:52:27,354] {taskinstance.py:876} INFO - Dependencies all met for <TaskInstance: parallel_dag.task_2 2022-04-03T20:50:37.648617+00:00 [queued]>
[2022-04-03 20:52:27,377] {taskinstance.py:876} INFO - Dependencies all met for <TaskInstance: parallel_dag.task_2 2022-04-03T20:50:37.648617+00:00 [queued]>
[2022-04-03 20:52:27,377] {taskinstance.py:1067} INFO - 
--------------------------------------------------------------------------------
[2022-04-03 20:52:27,377] {taskinstance.py:1068} INFO - Starting attempt 1 of 1
[2022-04-03 20:52:27,378] {taskinstance.py:1069} INFO - 
--------------------------------------------------------------------------------
[2022-04-03 20:52:27,403] {taskinstance.py:1087} INFO - Executing <Task(BashOperator): task_2> on 2022-04-03T20:50:37.648617+00:00
[2022-04-03 20:52:27,405] {standard_task_runner.py:52} INFO - Started process 6073 to run task
[2022-04-03 20:52:27,413] {standard_task_runner.py:76} INFO - Running: ['airflow', 'tasks', 'run', 'parallel_dag', 'task_2', '2022-04-03T20:50:37.648617+00:00', '--job-id', '45', '--pool', 'default_pool', '--raw', '--subdir', 'DAGS_FOLDER/parallel_dag.py', '--cfg-path', '/tmp/tmpl69bj6vu', '--error-file', '/tmp/tmp1emenjow']
[2022-04-03 20:52:27,422] {standard_task_runner.py:77} INFO - Job 45: Subtask task_2
[2022-04-03 20:52:27,535] {logging_mixin.py:104} INFO - Running <TaskInstance: parallel_dag.task_2 2022-04-03T20:50:37.648617+00:00 [running]> on host airflowvm
[2022-04-03 20:52:27,687] {taskinstance.py:1280} INFO - Exporting the following env vars:
AIRFLOW_CTX_DAG_OWNER=airflow
AIRFLOW_CTX_DAG_ID=parallel_dag
AIRFLOW_CTX_TASK_ID=task_2
AIRFLOW_CTX_EXECUTION_DATE=2022-04-03T20:50:37.648617+00:00
AIRFLOW_CTX_DAG_RUN_ID=manual__2022-04-03T20:50:37.648617+00:00
[2022-04-03 20:52:27,688] {subprocess.py:52} INFO - Tmp dir root location: 
 /tmp
[2022-04-03 20:52:27,688] {subprocess.py:63} INFO - Running command: ['bash', '-c', 'sleep 3']
[2022-04-03 20:52:27,694] {subprocess.py:75} INFO - Output:
[2022-04-03 20:52:30,701] {subprocess.py:83} INFO - Command exited with return code 0
[2022-04-03 20:52:30,848] {taskinstance.py:1184} INFO - Marking task as SUCCESS. dag_id=parallel_dag, task_id=task_2, execution_date=20220403T205037, start_date=20220403T205227, end_date=20220403T205230
[2022-04-03 20:52:30,959] {taskinstance.py:1245} INFO - 0 downstream tasks scheduled from follow-on schedule check
[2022-04-03 20:52:30,976] {local_task_job.py:151} INFO - Task exited with return code 0
