[2022-04-04 00:34:35,898] {taskinstance.py:876} INFO - Dependencies all met for <TaskInstance: parallel_dag.processing_tasks.task_2 2022-04-04T00:34:29.168495+00:00 [queued]>
[2022-04-04 00:34:35,918] {taskinstance.py:876} INFO - Dependencies all met for <TaskInstance: parallel_dag.processing_tasks.task_2 2022-04-04T00:34:29.168495+00:00 [queued]>
[2022-04-04 00:34:35,918] {taskinstance.py:1067} INFO - 
--------------------------------------------------------------------------------
[2022-04-04 00:34:35,918] {taskinstance.py:1068} INFO - Starting attempt 1 of 1
[2022-04-04 00:34:35,918] {taskinstance.py:1069} INFO - 
--------------------------------------------------------------------------------
[2022-04-04 00:34:35,948] {taskinstance.py:1087} INFO - Executing <Task(BashOperator): task_2> on 2022-04-04T00:34:29.168495+00:00
[2022-04-04 00:34:35,951] {standard_task_runner.py:52} INFO - Started process 8740 to run task
[2022-04-04 00:34:36,000] {standard_task_runner.py:76} INFO - Running: ['airflow', 'tasks', 'run', 'parallel_dag.processing_tasks', 'task_2', '2022-04-04T00:34:29.168495+00:00', '--job-id', '97', '--pool', 'default_pool', '--raw', '--subdir', 'DAGS_FOLDER/parallel_dag.py', '--cfg-path', '/tmp/tmp1jb01yft', '--error-file', '/tmp/tmpst1tdwml']
[2022-04-04 00:34:36,003] {standard_task_runner.py:77} INFO - Job 97: Subtask task_2
[2022-04-04 00:34:36,198] {logging_mixin.py:104} INFO - Running <TaskInstance: parallel_dag.processing_tasks.task_2 2022-04-04T00:34:29.168495+00:00 [running]> on host airflowvm
[2022-04-04 00:34:36,400] {taskinstance.py:1280} INFO - Exporting the following env vars:
AIRFLOW_CTX_DAG_OWNER=airflow
AIRFLOW_CTX_DAG_ID=parallel_dag.processing_tasks
AIRFLOW_CTX_TASK_ID=task_2
AIRFLOW_CTX_EXECUTION_DATE=2022-04-04T00:34:29.168495+00:00
AIRFLOW_CTX_DAG_RUN_ID=scheduled__2022-04-04T00:34:29.168495+00:00
[2022-04-04 00:34:36,401] {subprocess.py:52} INFO - Tmp dir root location: 
 /tmp
[2022-04-04 00:34:36,401] {subprocess.py:63} INFO - Running command: ['bash', '-c', 'sleep 3']
[2022-04-04 00:34:36,433] {subprocess.py:75} INFO - Output:
[2022-04-04 00:34:39,440] {subprocess.py:83} INFO - Command exited with return code 0
[2022-04-04 00:34:39,531] {taskinstance.py:1184} INFO - Marking task as SUCCESS. dag_id=parallel_dag.processing_tasks, task_id=task_2, execution_date=20220404T003429, start_date=20220404T003435, end_date=20220404T003439
[2022-04-04 00:34:39,597] {taskinstance.py:1245} INFO - 0 downstream tasks scheduled from follow-on schedule check
[2022-04-04 00:34:39,624] {local_task_job.py:151} INFO - Task exited with return code 0
