[2022-04-04 00:34:35,905] {taskinstance.py:876} INFO - Dependencies all met for <TaskInstance: parallel_dag.processing_tasks.task_3 2022-04-04T00:34:29.168495+00:00 [queued]>
[2022-04-04 00:34:35,926] {taskinstance.py:876} INFO - Dependencies all met for <TaskInstance: parallel_dag.processing_tasks.task_3 2022-04-04T00:34:29.168495+00:00 [queued]>
[2022-04-04 00:34:35,926] {taskinstance.py:1067} INFO - 
--------------------------------------------------------------------------------
[2022-04-04 00:34:35,926] {taskinstance.py:1068} INFO - Starting attempt 1 of 1
[2022-04-04 00:34:35,926] {taskinstance.py:1069} INFO - 
--------------------------------------------------------------------------------
[2022-04-04 00:34:35,975] {taskinstance.py:1087} INFO - Executing <Task(BashOperator): task_3> on 2022-04-04T00:34:29.168495+00:00
[2022-04-04 00:34:35,977] {standard_task_runner.py:52} INFO - Started process 8742 to run task
[2022-04-04 00:34:36,012] {standard_task_runner.py:76} INFO - Running: ['airflow', 'tasks', 'run', 'parallel_dag.processing_tasks', 'task_3', '2022-04-04T00:34:29.168495+00:00', '--job-id', '98', '--pool', 'default_pool', '--raw', '--subdir', 'DAGS_FOLDER/parallel_dag.py', '--cfg-path', '/tmp/tmpf65hpfuz', '--error-file', '/tmp/tmp0xoowiko']
[2022-04-04 00:34:36,025] {standard_task_runner.py:77} INFO - Job 98: Subtask task_3
[2022-04-04 00:34:36,273] {logging_mixin.py:104} INFO - Running <TaskInstance: parallel_dag.processing_tasks.task_3 2022-04-04T00:34:29.168495+00:00 [running]> on host airflowvm
[2022-04-04 00:34:36,453] {taskinstance.py:1280} INFO - Exporting the following env vars:
AIRFLOW_CTX_DAG_OWNER=airflow
AIRFLOW_CTX_DAG_ID=parallel_dag.processing_tasks
AIRFLOW_CTX_TASK_ID=task_3
AIRFLOW_CTX_EXECUTION_DATE=2022-04-04T00:34:29.168495+00:00
AIRFLOW_CTX_DAG_RUN_ID=scheduled__2022-04-04T00:34:29.168495+00:00
[2022-04-04 00:34:36,454] {subprocess.py:52} INFO - Tmp dir root location: 
 /tmp
[2022-04-04 00:34:36,459] {subprocess.py:63} INFO - Running command: ['bash', '-c', 'sleep 3']
[2022-04-04 00:34:36,465] {subprocess.py:75} INFO - Output:
[2022-04-04 00:34:39,470] {subprocess.py:83} INFO - Command exited with return code 0
[2022-04-04 00:34:39,552] {taskinstance.py:1184} INFO - Marking task as SUCCESS. dag_id=parallel_dag.processing_tasks, task_id=task_3, execution_date=20220404T003429, start_date=20220404T003435, end_date=20220404T003439
[2022-04-04 00:34:39,610] {taskinstance.py:1245} INFO - 0 downstream tasks scheduled from follow-on schedule check
[2022-04-04 00:34:39,622] {local_task_job.py:151} INFO - Task exited with return code 0
