[2022-04-03 19:17:04,303] {taskinstance.py:876} INFO - Dependencies all met for <TaskInstance: parallel_dag.task_1 2022-04-02T00:00:00+00:00 [queued]>
[2022-04-03 19:17:04,307] {taskinstance.py:876} INFO - Dependencies all met for <TaskInstance: parallel_dag.task_1 2022-04-02T00:00:00+00:00 [queued]>
[2022-04-03 19:17:04,308] {taskinstance.py:1067} INFO - 
--------------------------------------------------------------------------------
[2022-04-03 19:17:04,308] {taskinstance.py:1068} INFO - Starting attempt 1 of 1
[2022-04-03 19:17:04,308] {taskinstance.py:1069} INFO - 
--------------------------------------------------------------------------------
[2022-04-03 19:17:04,342] {taskinstance.py:1087} INFO - Executing <Task(BashOperator): task_1> on 2022-04-02T00:00:00+00:00
[2022-04-03 19:17:04,343] {standard_task_runner.py:52} INFO - Started process 28402 to run task
[2022-04-03 19:17:04,348] {standard_task_runner.py:76} INFO - Running: ['airflow', 'tasks', 'run', 'parallel_dag', 'task_1', '2022-04-02T00:00:00+00:00', '--job-id', '10', '--pool', 'default_pool', '--raw', '--subdir', 'DAGS_FOLDER/parallel_dag.py', '--cfg-path', '/tmp/tmpu7j5zy1n', '--error-file', '/tmp/tmphfmriy37']
[2022-04-03 19:17:04,348] {standard_task_runner.py:77} INFO - Job 10: Subtask task_1
[2022-04-03 19:17:04,415] {logging_mixin.py:104} INFO - Running <TaskInstance: parallel_dag.task_1 2022-04-02T00:00:00+00:00 [running]> on host airflowvm
[2022-04-03 19:17:04,542] {taskinstance.py:1280} INFO - Exporting the following env vars:
AIRFLOW_CTX_DAG_OWNER=airflow
AIRFLOW_CTX_DAG_ID=parallel_dag
AIRFLOW_CTX_TASK_ID=task_1
AIRFLOW_CTX_EXECUTION_DATE=2022-04-02T00:00:00+00:00
AIRFLOW_CTX_DAG_RUN_ID=scheduled__2022-04-02T00:00:00+00:00
[2022-04-03 19:17:04,543] {subprocess.py:52} INFO - Tmp dir root location: 
 /tmp
[2022-04-03 19:17:04,543] {subprocess.py:63} INFO - Running command: ['bash', '-c', 'sleep 3']
[2022-04-03 19:17:04,552] {subprocess.py:75} INFO - Output:
[2022-04-03 19:17:07,556] {subprocess.py:83} INFO - Command exited with return code 0
[2022-04-03 19:17:07,590] {taskinstance.py:1184} INFO - Marking task as SUCCESS. dag_id=parallel_dag, task_id=task_1, execution_date=20220402T000000, start_date=20220403T191704, end_date=20220403T191707
[2022-04-03 19:17:07,651] {taskinstance.py:1245} INFO - 2 downstream tasks scheduled from follow-on schedule check
[2022-04-03 19:17:07,667] {local_task_job.py:151} INFO - Task exited with return code 0
[2022-04-03 19:47:37,634] {taskinstance.py:876} INFO - Dependencies all met for <TaskInstance: parallel_dag.task_1 2022-04-02T00:00:00+00:00 [queued]>
[2022-04-03 19:47:37,647] {taskinstance.py:876} INFO - Dependencies all met for <TaskInstance: parallel_dag.task_1 2022-04-02T00:00:00+00:00 [queued]>
[2022-04-03 19:47:37,648] {taskinstance.py:1067} INFO - 
--------------------------------------------------------------------------------
[2022-04-03 19:47:37,648] {taskinstance.py:1068} INFO - Starting attempt 1 of 1
[2022-04-03 19:47:37,648] {taskinstance.py:1069} INFO - 
--------------------------------------------------------------------------------
[2022-04-03 19:47:37,666] {taskinstance.py:1087} INFO - Executing <Task(BashOperator): task_1> on 2022-04-02T00:00:00+00:00
[2022-04-03 19:47:37,667] {standard_task_runner.py:52} INFO - Started process 36481 to run task
[2022-04-03 19:47:37,675] {standard_task_runner.py:76} INFO - Running: ['airflow', 'tasks', 'run', 'parallel_dag', 'task_1', '2022-04-02T00:00:00+00:00', '--job-id', '2', '--pool', 'default_pool', '--raw', '--subdir', 'DAGS_FOLDER/parallel_dag.py', '--cfg-path', '/tmp/tmpwvs6r9sn', '--error-file', '/tmp/tmp09w5lh2r']
[2022-04-03 19:47:37,676] {standard_task_runner.py:77} INFO - Job 2: Subtask task_1
[2022-04-03 19:47:37,737] {logging_mixin.py:104} INFO - Running <TaskInstance: parallel_dag.task_1 2022-04-02T00:00:00+00:00 [running]> on host airflowvm
[2022-04-03 19:47:37,829] {taskinstance.py:1280} INFO - Exporting the following env vars:
AIRFLOW_CTX_DAG_OWNER=airflow
AIRFLOW_CTX_DAG_ID=parallel_dag
AIRFLOW_CTX_TASK_ID=task_1
AIRFLOW_CTX_EXECUTION_DATE=2022-04-02T00:00:00+00:00
AIRFLOW_CTX_DAG_RUN_ID=scheduled__2022-04-02T00:00:00+00:00
[2022-04-03 19:47:37,831] {subprocess.py:52} INFO - Tmp dir root location: 
 /tmp
[2022-04-03 19:47:37,832] {subprocess.py:63} INFO - Running command: ['bash', '-c', 'sleep 3']
[2022-04-03 19:47:37,841] {subprocess.py:75} INFO - Output:
[2022-04-03 19:47:40,855] {subprocess.py:83} INFO - Command exited with return code 0
[2022-04-03 19:47:41,032] {taskinstance.py:1184} INFO - Marking task as SUCCESS. dag_id=parallel_dag, task_id=task_1, execution_date=20220402T000000, start_date=20220403T194737, end_date=20220403T194741
[2022-04-03 19:47:41,411] {taskinstance.py:1245} INFO - 2 downstream tasks scheduled from follow-on schedule check
[2022-04-03 19:47:41,429] {local_task_job.py:151} INFO - Task exited with return code 0
