[2022-04-04 00:34:34,223] {taskinstance.py:876} INFO - Dependencies all met for <TaskInstance: parallel_dag.processing_tasks 2022-04-04T00:34:29.168495+00:00 [queued]>
[2022-04-04 00:34:34,235] {taskinstance.py:876} INFO - Dependencies all met for <TaskInstance: parallel_dag.processing_tasks 2022-04-04T00:34:29.168495+00:00 [queued]>
[2022-04-04 00:34:34,235] {taskinstance.py:1067} INFO - 
--------------------------------------------------------------------------------
[2022-04-04 00:34:34,235] {taskinstance.py:1068} INFO - Starting attempt 1 of 1
[2022-04-04 00:34:34,235] {taskinstance.py:1069} INFO - 
--------------------------------------------------------------------------------
[2022-04-04 00:34:34,256] {taskinstance.py:1087} INFO - Executing <Task(SubDagOperator): processing_tasks> on 2022-04-04T00:34:29.168495+00:00
[2022-04-04 00:34:34,257] {standard_task_runner.py:52} INFO - Started process 8695 to run task
[2022-04-04 00:34:34,263] {standard_task_runner.py:76} INFO - Running: ['airflow', 'tasks', 'run', 'parallel_dag', 'processing_tasks', '2022-04-04T00:34:29.168495+00:00', '--job-id', '96', '--pool', 'default_pool', '--raw', '--subdir', 'DAGS_FOLDER/parallel_dag.py', '--cfg-path', '/tmp/tmpopoiif7g', '--error-file', '/tmp/tmper_046vn']
[2022-04-04 00:34:34,264] {standard_task_runner.py:77} INFO - Job 96: Subtask processing_tasks
[2022-04-04 00:34:34,326] {logging_mixin.py:104} INFO - Running <TaskInstance: parallel_dag.processing_tasks 2022-04-04T00:34:29.168495+00:00 [running]> on host airflowvm
[2022-04-04 00:34:34,409] {taskinstance.py:1280} INFO - Exporting the following env vars:
AIRFLOW_CTX_DAG_OWNER=airflow
AIRFLOW_CTX_DAG_ID=parallel_dag
AIRFLOW_CTX_TASK_ID=processing_tasks
AIRFLOW_CTX_EXECUTION_DATE=2022-04-04T00:34:29.168495+00:00
AIRFLOW_CTX_DAG_RUN_ID=manual__2022-04-04T00:34:29.168495+00:00
[2022-04-04 00:34:34,439] {subdag.py:155} INFO - Created DagRun: scheduled__2022-04-04T00:34:29.168495+00:00
[2022-04-04 00:35:34,515] {base.py:243} INFO - Success criteria met. Exiting.
[2022-04-04 00:35:34,524] {subdag.py:169} INFO - Execution finished. State is success
[2022-04-04 00:35:34,534] {taskinstance.py:1184} INFO - Marking task as SUCCESS. dag_id=parallel_dag, task_id=processing_tasks, execution_date=20220404T003429, start_date=20220404T003434, end_date=20220404T003534
[2022-04-04 00:35:34,570] {taskinstance.py:1245} INFO - 1 downstream tasks scheduled from follow-on schedule check
[2022-04-04 00:35:34,588] {local_task_job.py:151} INFO - Task exited with return code 0
