[2022-04-03 20:52:27,540] {taskinstance.py:876} INFO - Dependencies all met for <TaskInstance: parallel_dag.task_3 2022-04-03T20:50:37.648617+00:00 [queued]>
[2022-04-03 20:52:27,574] {taskinstance.py:876} INFO - Dependencies all met for <TaskInstance: parallel_dag.task_3 2022-04-03T20:50:37.648617+00:00 [queued]>
[2022-04-03 20:52:27,574] {taskinstance.py:1067} INFO - 
--------------------------------------------------------------------------------
[2022-04-03 20:52:27,574] {taskinstance.py:1068} INFO - Starting attempt 1 of 1
[2022-04-03 20:52:27,574] {taskinstance.py:1069} INFO - 
--------------------------------------------------------------------------------
[2022-04-03 20:52:27,589] {taskinstance.py:1087} INFO - Executing <Task(BashOperator): task_3> on 2022-04-03T20:50:37.648617+00:00
[2022-04-03 20:52:27,595] {standard_task_runner.py:52} INFO - Started process 6100 to run task
[2022-04-03 20:52:27,605] {standard_task_runner.py:76} INFO - Running: ['airflow', 'tasks', 'run', 'parallel_dag', 'task_3', '2022-04-03T20:50:37.648617+00:00', '--job-id', '46', '--pool', 'default_pool', '--raw', '--subdir', 'DAGS_FOLDER/parallel_dag.py', '--cfg-path', '/tmp/tmpcn_pj8kg', '--error-file', '/tmp/tmp07n878vn']
[2022-04-03 20:52:27,618] {standard_task_runner.py:77} INFO - Job 46: Subtask task_3
[2022-04-03 20:52:27,705] {logging_mixin.py:104} INFO - Running <TaskInstance: parallel_dag.task_3 2022-04-03T20:50:37.648617+00:00 [running]> on host airflowvm
[2022-04-03 20:52:27,788] {taskinstance.py:1280} INFO - Exporting the following env vars:
AIRFLOW_CTX_DAG_OWNER=airflow
AIRFLOW_CTX_DAG_ID=parallel_dag
AIRFLOW_CTX_TASK_ID=task_3
AIRFLOW_CTX_EXECUTION_DATE=2022-04-03T20:50:37.648617+00:00
AIRFLOW_CTX_DAG_RUN_ID=manual__2022-04-03T20:50:37.648617+00:00
[2022-04-03 20:52:27,788] {subprocess.py:52} INFO - Tmp dir root location: 
 /tmp
[2022-04-03 20:52:27,790] {subprocess.py:63} INFO - Running command: ['bash', '-c', 'sleep 3']
[2022-04-03 20:52:27,794] {subprocess.py:75} INFO - Output:
[2022-04-03 20:52:30,800] {subprocess.py:83} INFO - Command exited with return code 0
[2022-04-03 20:52:30,900] {taskinstance.py:1184} INFO - Marking task as SUCCESS. dag_id=parallel_dag, task_id=task_3, execution_date=20220403T205037, start_date=20220403T205227, end_date=20220403T205230
[2022-04-03 20:52:30,985] {taskinstance.py:1245} INFO - 1 downstream tasks scheduled from follow-on schedule check
[2022-04-03 20:52:30,993] {local_task_job.py:151} INFO - Task exited with return code 0
