[2022-04-03 15:52:11,171] {taskinstance.py:876} INFO - Dependencies all met for <TaskInstance: user_processing.extracting_user 2022-04-02T00:00:00+00:00 [queued]>
[2022-04-03 15:52:11,185] {taskinstance.py:876} INFO - Dependencies all met for <TaskInstance: user_processing.extracting_user 2022-04-02T00:00:00+00:00 [queued]>
[2022-04-03 15:52:11,186] {taskinstance.py:1067} INFO - 
--------------------------------------------------------------------------------
[2022-04-03 15:52:11,186] {taskinstance.py:1068} INFO - Starting attempt 1 of 1
[2022-04-03 15:52:11,186] {taskinstance.py:1069} INFO - 
--------------------------------------------------------------------------------
[2022-04-03 15:52:11,213] {taskinstance.py:1087} INFO - Executing <Task(SimpleHttpOperator): extracting_user> on 2022-04-02T00:00:00+00:00
[2022-04-03 15:52:11,215] {standard_task_runner.py:52} INFO - Started process 13106 to run task
[2022-04-03 15:52:11,220] {standard_task_runner.py:76} INFO - Running: ['airflow', 'tasks', 'run', 'user_processing', 'extracting_user', '2022-04-02T00:00:00+00:00', '--job-id', '7', '--pool', 'default_pool', '--raw', '--subdir', 'DAGS_FOLDER/user_processing.py', '--cfg-path', '/tmp/tmprmn275tm', '--error-file', '/tmp/tmprjbu46ex']
[2022-04-03 15:52:11,220] {standard_task_runner.py:77} INFO - Job 7: Subtask extracting_user
[2022-04-03 15:52:11,289] {logging_mixin.py:104} INFO - Running <TaskInstance: user_processing.extracting_user 2022-04-02T00:00:00+00:00 [running]> on host airflowvm
[2022-04-03 15:52:11,375] {taskinstance.py:1280} INFO - Exporting the following env vars:
AIRFLOW_CTX_DAG_OWNER=airflow
AIRFLOW_CTX_DAG_ID=user_processing
AIRFLOW_CTX_TASK_ID=extracting_user
AIRFLOW_CTX_EXECUTION_DATE=2022-04-02T00:00:00+00:00
AIRFLOW_CTX_DAG_RUN_ID=scheduled__2022-04-02T00:00:00+00:00
[2022-04-03 15:52:11,375] {http.py:102} INFO - Calling HTTP method
[2022-04-03 15:52:11,380] {base.py:69} INFO - Using connection to: id: user_api. Host: https://randomuser.me/, Port: None, Schema: , Login: , Password: None, extra: {}
[2022-04-03 15:52:11,381] {http.py:129} INFO - Sending 'GET' to url: https://randomuser.me/api/
[2022-04-03 15:52:11,548] {http.py:106} INFO - {"results":[{"gender":"male","name":{"title":"Mr","first":"سپهر","last":"سهيلي راد"},"location":{"street":{"number":8112,"name":"میدان شمشیری"},"city":"بروجرد","state":"ایلام","country":"Iran","postcode":10343,"coordinates":{"latitude":"30.5904","longitude":"-69.9983"},"timezone":{"offset":"+5:30","description":"Bombay, Calcutta, Madras, New Delhi"}},"email":"sphr.shylyrd@example.com","login":{"uuid":"76bcb330-f97d-4ee5-9f07-d7714993640a","username":"beautifulkoala841","password":"williams","salt":"9KEZ45ve","md5":"b9e5c4ba111f72c2cb478d21b4b6defa","sha1":"5ee2c6c20136d44118d4307d556014ec7e47b152","sha256":"3c944162226af38a82cf212b00a5714022c4ea5f8df89d6604db4abbc39cb929"},"dob":{"date":"1970-05-14T11:56:07.460Z","age":52},"registered":{"date":"2010-09-01T04:14:36.004Z","age":12},"phone":"025-62420620","cell":"0951-320-8452","id":{"name":"","value":null},"picture":{"large":"https://randomuser.me/api/portraits/men/7.jpg","medium":"https://randomuser.me/api/portraits/med/men/7.jpg","thumbnail":"https://randomuser.me/api/portraits/thumb/men/7.jpg"},"nat":"IR"}],"info":{"seed":"0120ec1a447c07be","results":1,"page":1,"version":"1.3"}}
[2022-04-03 15:52:11,578] {taskinstance.py:1184} INFO - Marking task as SUCCESS. dag_id=user_processing, task_id=extracting_user, execution_date=20220402T000000, start_date=20220403T155211, end_date=20220403T155211
[2022-04-03 15:52:11,642] {taskinstance.py:1245} INFO - 1 downstream tasks scheduled from follow-on schedule check
[2022-04-03 15:52:11,647] {local_task_job.py:151} INFO - Task exited with return code 0
